<!DOCTYPE html PUBLIC "-//W3C//DTD XHTML 1.1//EN" "https://www.w3.org/TR/xhtml11/DTD/xhtml11.dtd">
<html xmlns="https://www.w3.org/1999/xhtml">
<head>
<meta http-equiv="content-type" content="text/html; charset=UTF-8"/>
<title>TestNG Report</title>
<style type="text/css">table {margin-bottom:10px;border-collapse:collapse;empty-cells:show}th,td {border:1px solid #009;padding:.25em .5em}th {vertical-align:bottom}td {vertical-align:top}table a {font-weight:bold}.stripe td {background-color: #E6EBF9}.num {text-align:right}.passedodd td {background-color: #3F3}.passedeven td {background-color: #0A0}.skippedodd td {background-color: #DDD}.skippedeven td {background-color: #CCC}.failedodd td,.attn {background-color: #F33}.failedeven td,.stripe .attn {background-color: #D00}.stacktrace {white-space:pre;font-family:monospace}.totop {font-size:85%;text-align:center;border-bottom:2px solid #000}.invisible {display:none}</style>
</head>
<body>
<table>
<tr><th>Test</th><th># Passed</th><th># Skipped</th><th># Retried</th><th># Failed</th><th>Time (ms)</th><th>Included Groups</th><th>Excluded Groups</th></tr>
<tr><th colspan="8">ProvidioTestcases</th></tr>
<tr><td><a href="#t0">Automation</a></td><td class="num">9</td><td class="num">0</td><td class="num">0</td><td class="num attn">29</td><td class="num">2,895,560</td><td></td><td></td></tr>
</table>
<table id='summary'><thead><tr><th>Class</th><th>Method</th><th>Start</th><th>Time (ms)</th></tr></thead><tbody><tr><th colspan="4">ProvidioTestcases</th></tr></tbody><tbody id="t0"><tr><th colspan="4">Automation &#8212; failed (configuration methods)</th></tr><tr class="failedeven"><td rowspan="1">com.GuestUserWith_CreditCard.tc__BundleProductForGuestUser_CC</td><td><a href="#m0">afterMethod</a></td><td rowspan="1">1694775482403</td><td rowspan="1">5239</td></tr><tr class="failedodd"><td rowspan="1">com.GuestUserWith_CreditCard.tc__PdpPagewithGuestuser</td><td><a href="#m1">afterMethod</a></td><td rowspan="1">1694776788909</td><td rowspan="1">5260</td></tr><tr class="failedeven"><td rowspan="1">com.GuestUserWith_CreditCard.tc__SimpleProductsAndBundle_Gc_InCC</td><td><a href="#m2">afterMethod</a></td><td rowspan="1">1694778095811</td><td rowspan="1">5381</td></tr><tr class="failedodd"><td rowspan="1">com.GuestUserWith_GcAndCC.tc__BundleProductForGuestUser_InGcAndCc</td><td><a href="#m3">afterMethod</a></td><td rowspan="1">1694775756002</td><td rowspan="1">5413</td></tr><tr class="failedeven"><td rowspan="1">com.GuestUserWith_GcAndCC.tc__SimpleProducts_Bundle_Gc_InCcAndGc</td><td><a href="#m4">afterMethod</a></td><td rowspan="1">1694777585678</td><td rowspan="1">5283</td></tr><tr class="failedodd"><td rowspan="1">com.GuestUserWith_GiftCard.tc__BundleProductForGuestUser_InGiftCard</td><td><a href="#m5">afterMethod</a></td><td rowspan="1">1694775667962</td><td rowspan="1">5374</td></tr><tr class="failedeven"><td rowspan="1">com.GuestUserWith_GiftCard.tc__ProductSetForGuestUser_InGiftCard</td><td><a href="#m6">afterMethod</a></td><td rowspan="1">1694776874777</td><td rowspan="1">5247</td></tr><tr class="failedodd"><td rowspan="1">com.GuestUserWith_GiftCard.tc__SimpleProductsAndBundle_Gc_InGiftCard</td><td><a href="#m7">afterMethod</a></td><td rowspan="1">1694777486839</td><td rowspan="1">5283</td></tr><tr><th colspan="4">Automation &#8212; failed</th></tr><tr class="failedeven"><td rowspan="1">com.GuestUserWith_CreditCard.tc__BundleProductForGuestUser_CC</td><td><a href="#m8">bundleProduct</a></td><td rowspan="1">1694775350069</td><td rowspan="1">132330</td></tr><tr class="failedodd"><td rowspan="1">com.GuestUserWith_CreditCard.tc__Bundle_GcAndAllPromotions_Guest_InCC</td><td><a href="#m9">bundle_GcAndAllPromotions</a></td><td rowspan="1">1694775763430</td><td rowspan="1">104130</td></tr><tr class="failedeven"><td rowspan="1">com.GuestUserWith_CreditCard.tc__BySearchingProduct_GuestUser_InCC</td><td><a href="#m10">bySearchingProduct</a></td><td rowspan="1">1694776144703</td><td rowspan="1">47337</td></tr><tr class="failedodd"><td rowspan="1">com.GuestUserWith_CreditCard.tc__GuestUser_InCc</td><td><a href="#m11">guestlogin</a></td><td rowspan="1">1694776493825</td><td rowspan="1">60372</td></tr><tr class="failedeven"><td rowspan="1">com.GuestUserWith_CreditCard.tc__PdpPagewithGuestuser</td><td><a href="#m12">PDPpage</a></td><td rowspan="1">1694776775748</td><td rowspan="1">13154</td></tr><tr class="failedodd"><td rowspan="1">com.GuestUserWith_CreditCard.tc__PickUpStore_Guest_CC</td><td><a href="#m13">paypalFromCheckoutPage</a></td><td rowspan="1">1694776882037</td><td rowspan="1">56866</td></tr><tr class="failedeven"><td rowspan="1">com.GuestUserWith_CreditCard.tc__ShippingAndBillingAddressDiffer_Guest_InCc</td><td><a href="#m14">shippingAndBillingAddressDiffer_Guest</a></td><td rowspan="1">1694777246098</td><td rowspan="1">83056</td></tr><tr class="failedodd"><td rowspan="1">com.GuestUserWith_CreditCard.tc__SimpleProductForGuestUser_InCC</td><td><a href="#m15">simpleProduct</a></td><td rowspan="1">1694777849295</td><td rowspan="1">42432</td></tr><tr class="failedeven"><td rowspan="1">com.GuestUserWith_CreditCard.tc__SimpleProductsAndBundle_Gc_InCC</td><td><a href="#m16">simpleProducts_Bundle_Gc</a></td><td rowspan="1">1694778002631</td><td rowspan="1">93180</td></tr><tr class="failedodd"><td rowspan="1">com.GuestUserWith_CreditCard.tc__VariationProductForGuestUser_InCC</td><td><a href="#m17">variationProduct</a></td><td rowspan="1">1694778170402</td><td rowspan="1">60624</td></tr><tr class="failedeven"><td rowspan="1">com.GuestUserWith_CreditCard.tc__simpleProductAndGc_InCC</td><td><a href="#m18">simpleProduct_Gc</a></td><td rowspan="1">1694777592980</td><td rowspan="1">47632</td></tr><tr class="failedodd"><td rowspan="1">com.GuestUserWith_GcAndCC.tc__BundleProductForGuestUser_InGcAndCc</td><td><a href="#m19">bundleProduct</a></td><td rowspan="1">1694775675349</td><td rowspan="1">80648</td></tr><tr class="failedeven"><td rowspan="1">com.GuestUserWith_GcAndCC.tc__Bundle_GcAndAllPromotions_Guest_InGcAndCC</td><td><a href="#m20">bundle_GcAndAllPromotions</a></td><td rowspan="1">1694776040150</td><td rowspan="1">91526</td></tr><tr class="failedodd"><td rowspan="1">com.GuestUserWith_GcAndCC.tc__OrderByGC_CC_GuestUser</td><td><a href="#m21">paypalFromCheckoutPage</a></td><td rowspan="1">1694776414807</td><td rowspan="1">65894</td></tr><tr class="failedeven"><td rowspan="1">com.GuestUserWith_GcAndCC.tc__PickUpStore_Guest_InGcAndCC</td><td><a href="#m22">paypalFromCheckoutPage</a></td><td rowspan="1">1694776706045</td><td rowspan="1">56867</td></tr><tr class="failedodd"><td rowspan="1">com.GuestUserWith_GcAndCC.tc__SimpleProductForGuestUser_InGcAndCC</td><td><a href="#m23">simpleProduct</a></td><td rowspan="1">1694777191760</td><td rowspan="1">41538</td></tr><tr class="failedeven"><td rowspan="1">com.GuestUserWith_GcAndCC.tc__SimpleProducts_Bundle_Gc_InCcAndGc</td><td><a href="#m24">simpleProducts_Bundle_Gc</a></td><td rowspan="1">1694777494157</td><td rowspan="1">91518</td></tr><tr class="failedodd"><td rowspan="1">com.GuestUserWith_GcAndCC.tc__VariationProductForGuestUser_InGcAndCc</td><td><a href="#m25">variationProduct</a></td><td rowspan="1">1694777775781</td><td rowspan="1">60073</td></tr><tr class="failedeven"><td rowspan="1">com.GuestUserWith_GcAndCC.tc__simpleProductAndGc_InCcAndGc</td><td><a href="#m26">simpleProduct_Gc</a></td><td rowspan="1">1694777075962</td><td rowspan="1">48054</td></tr><tr class="failedodd"><td rowspan="1">com.GuestUserWith_GiftCard.tc__BundleProductForGuestUser_InGiftCard</td><td><a href="#m27">bundleProduct</a></td><td rowspan="1">1694775581567</td><td rowspan="1">86393</td></tr><tr class="failedeven"><td rowspan="1">com.GuestUserWith_GiftCard.tc__Bundle_GcAndAllPromotions_Guest_InGiftCard</td><td><a href="#m28">bundle_GcAndAllPromotions</a></td><td rowspan="1">1694775937576</td><td rowspan="1">89703</td></tr><tr class="failedodd"><td rowspan="1">com.GuestUserWith_GiftCard.tc__OrderByGc_GuestUser</td><td><a href="#m29">paymentByGiftCardInGuestUser</a></td><td rowspan="1">1694776273442</td><td rowspan="1">127435</td></tr><tr class="failedeven"><td rowspan="1">com.GuestUserWith_GiftCard.tc__PickUpStore_Guest_InGiftCard</td><td><a href="#m30">paypalFromCheckoutPage</a></td><td rowspan="1">1694776630669</td><td rowspan="1">62783</td></tr><tr class="failedodd"><td rowspan="1">com.GuestUserWith_GiftCard.tc__ProductSetForGuestUser_InGiftCard</td><td><a href="#m31">productSet</a></td><td rowspan="1">1694776823717</td><td rowspan="1">51057</td></tr><tr class="failedeven"><td rowspan="1">com.GuestUserWith_GiftCard.tc__SimpleProductForGuestUser_InGiftCard</td><td><a href="#m32">simpleProduct</a></td><td rowspan="1">1694777136924</td><td rowspan="1">41853</td></tr><tr class="failedodd"><td rowspan="1">com.GuestUserWith_GiftCard.tc__SimpleProductsAndBundle_Gc_InGiftCard</td><td><a href="#m33">simpleProducts_Bundle_Gc</a></td><td rowspan="1">1694777396315</td><td rowspan="1">90523</td></tr><tr class="failedeven"><td rowspan="1">com.GuestUserWith_GiftCard.tc__VariationProductForGuestUser_InGiftCard</td><td><a href="#m34">variationProduct</a></td><td rowspan="1">1694777702824</td><td rowspan="1">59777</td></tr><tr class="failedodd"><td rowspan="1">com.GuestUserWith_GiftCard.tc__simpleProductAndGc_InGiftCard</td><td><a href="#m35">simpleProduct_Gc</a></td><td rowspan="1">1694777015083</td><td rowspan="1">48206</td></tr><tr class="failedeven"><td rowspan="1">com.GuestUserWith_Minicart_Paypal.tc__PaypalFromLoginPageGuestUser</td><td><a href="#m36">PaypalFromLoginPage</a></td><td rowspan="1">1694776567584</td><td rowspan="1">50644</td></tr><tr><th colspan="4">Automation &#8212; passed</th></tr><tr class="passedeven"><td rowspan="1">com.GuestUserWith_Minicart_Paypal.tc__BundleProductForGuestUser_InMC_Paypal</td><td><a href="#m37">bundleProduct</a></td><td rowspan="1">1694775489660</td><td rowspan="1">89842</td></tr><tr class="passedodd"><td rowspan="1">com.GuestUserWith_Minicart_Paypal.tc__Bundle_GcAndAllPromotions_Guest_InMC_Paypal</td><td><a href="#m38">bundle_GcAndAllPromotions</a></td><td rowspan="1">1694775881181</td><td rowspan="1">54370</td></tr><tr class="passedeven"><td rowspan="1">com.GuestUserWith_Minicart_Paypal.tc__PaypalCheckout_MiniCart_GuestUser</td><td><a href="#m39">paypalCheckout_MiniCart</a></td><td rowspan="1">1694776204747</td><td rowspan="1">66675</td></tr><tr class="passedodd"><td rowspan="1">com.GuestUserWith_Minicart_Paypal.tc__PaypalFromPDPpage_GuestUser</td><td><a href="#m40">paypalFromPDPpage</a></td><td rowspan="1">1694776796173</td><td rowspan="1">25514</td></tr><tr class="passedeven"><td rowspan="1">com.GuestUserWith_Minicart_Paypal.tc__PickUpStore_Guest_InMC_Paypal</td><td><a href="#m41">paypalFromCheckoutPage</a></td><td rowspan="1">1694776951696</td><td rowspan="1">61355</td></tr><tr class="passedodd"><td rowspan="1">com.GuestUserWith_Minicart_Paypal.tc__SimpleProductForGuestUser_InMC_Paypal</td><td><a href="#m42">simpleProduct</a></td><td rowspan="1">1694777654743</td><td rowspan="1">46073</td></tr><tr class="passedeven"><td rowspan="1">com.GuestUserWith_Minicart_Paypal.tc__SimpleProductsAndBundle_Gc_InMC_Paypal</td><td><a href="#m43">simpleProducts_Bundle_Gc</a></td><td rowspan="1">1694777905248</td><td rowspan="1">95355</td></tr><tr class="passedodd"><td rowspan="1">com.GuestUserWith_Minicart_Paypal.tc__VariationProductForGuestUser_InMC_Paypal</td><td><a href="#m44">variationProduct</a></td><td rowspan="1">1694778103211</td><td rowspan="1">65168</td></tr><tr class="passedeven"><td rowspan="1">com.GuestUserWith_Minicart_Paypal.tc__simpleProductAndGc_InMC_Paypal</td><td><a href="#m45">simpleProduct_Gc</a></td><td rowspan="1">1694777342103</td><td rowspan="1">52189</td></tr></tbody>
</table>
<h2>Automation</h2><h3 id="m0">com.GuestUserWith_CreditCard.tc__BundleProductForGuestUser_CC#afterMethod</h3><table class="result"><tr class="param"><th>Parameter #1</th></tr><tr class="param stripe"><td>[TestResult name=bundleProduct status=FAILURE method=tc__BundleProductForGuestUser_CC.bundleProduct()[pri:0, instance:com.GuestUserWith_CreditCard.tc__BundleProductForGuestUser_CC@5e5beb8a] output={null}]</td></tr><tr><th>Exception</th></tr><tr><td><div class="stacktrace">org.openqa.selenium.NoSuchElementException: no such element: Unable to locate element: {&quot;method&quot;:&quot;xpath&quot;,&quot;selector&quot;:&quot;//img[@class=&apos;logo&apos;]&quot;}
  (Session info: chrome=117.0.5938.63)
For documentation on this error, please visit: https://www.selenium.dev/documentation/webdriver/troubleshooting/errors#no-such-element-exception
Build info: version: &apos;4.12.0&apos;, revision: &apos;249f2a7d1b*&apos;
System info: os.name: &apos;Windows 10&apos;, os.arch: &apos;amd64&apos;, os.version: &apos;10.0&apos;, java.version: &apos;17.0.2&apos;
Driver info: org.openqa.selenium.chrome.ChromeDriver
Command: [54ac5c93c3f764696d1cd5472e877a1e, findElement {using=xpath, value=//img[@class=&apos;logo&apos;]}]
Capabilities {acceptInsecureCerts: false, browserName: chrome, browserVersion: 117.0.5938.63, chrome: {chromedriverVersion: 117.0.5938.62 (25a7172909a4..., userDataDir: C:\Users\user\AppData\Local...}, fedcm:accounts: true, goog:chromeOptions: {debuggerAddress: localhost:52889}, networkConnectionEnabled: false, pageLoadStrategy: normal, platformName: windows, proxy: Proxy(), se:cdp: ws://localhost:52889/devtoo..., se:cdpVersion: 117.0.5938.63, setWindowRect: true, strictFileInteractability: false, timeouts: {implicit: 0, pageLoad: 300000, script: 30000}, unhandledPromptBehavior: dismiss and notify, webauthn:extension:credBlob: true, webauthn:extension:largeBlob: true, webauthn:extension:minPinLength: true, webauthn:extension:prf: true, webauthn:virtualAuthenticators: true}
Session ID: 54ac5c93c3f764696d1cd5472e877a1e
	at org.openqa.selenium.remote.codec.w3c.W3CHttpResponseCodec.createException(W3CHttpResponseCodec.java:200)
	at org.openqa.selenium.remote.codec.w3c.W3CHttpResponseCodec.decode(W3CHttpResponseCodec.java:133)
	at org.openqa.selenium.remote.codec.w3c.W3CHttpResponseCodec.decode(W3CHttpResponseCodec.java:52)
	at org.openqa.selenium.remote.HttpCommandExecutor.execute(HttpCommandExecutor.java:191)
	at org.openqa.selenium.remote.service.DriverCommandExecutor.invokeExecute(DriverCommandExecutor.java:196)
	at org.openqa.selenium.remote.service.DriverCommandExecutor.execute(DriverCommandExecutor.java:171)
	at org.openqa.selenium.remote.RemoteWebDriver.execute(RemoteWebDriver.java:602)
	at org.openqa.selenium.remote.ElementLocation$ElementFinder$2.findElement(ElementLocation.java:165)
	at org.openqa.selenium.remote.ElementLocation.findElement(ElementLocation.java:59)
	at org.openqa.selenium.remote.RemoteWebDriver.findElement(RemoteWebDriver.java:359)
	at org.openqa.selenium.remote.RemoteWebDriver.findElement(RemoteWebDriver.java:353)
	at org.openqa.selenium.support.pagefactory.DefaultElementLocator.findElement(DefaultElementLocator.java:68)
	at org.openqa.selenium.support.pagefactory.internal.LocatingElementHandler.invoke(LocatingElementHandler.java:38)
	at jdk.proxy2/jdk.proxy2.$Proxy19.click(Unknown Source)
	at com.providio.pageObjects.homePage.clickOnLogo(homePage.java:84)
	at com.providio.testcases.baseClass.afterMethod(baseClass.java:174)
	at java.base/java.util.ArrayList.forEach(ArrayList.java:1511)
... Removed 37 stack frames</div></td></tr></table><p class="totop"><a href="#summary">back to summary</a></p>
<h3 id="m1">com.GuestUserWith_CreditCard.tc__PdpPagewithGuestuser#afterMethod</h3><table class="result"><tr class="param"><th>Parameter #1</th></tr><tr class="param stripe"><td>[TestResult name=PDPpage status=FAILURE method=tc__PdpPagewithGuestuser.PDPpage()[pri:0, instance:com.GuestUserWith_CreditCard.tc__PdpPagewithGuestuser@9b2ce79] output={null}]</td></tr><tr><th>Exception</th></tr><tr><td><div class="stacktrace">org.openqa.selenium.ElementNotInteractableException: element not interactable
  (Session info: chrome=117.0.5938.63)
Build info: version: &apos;4.12.0&apos;, revision: &apos;249f2a7d1b*&apos;
System info: os.name: &apos;Windows 10&apos;, os.arch: &apos;amd64&apos;, os.version: &apos;10.0&apos;, java.version: &apos;17.0.2&apos;
Driver info: org.openqa.selenium.chrome.ChromeDriver
Command: [54ac5c93c3f764696d1cd5472e877a1e, clickElement {id=FE84BF87F4B3209D5716EBA59C8B9E63_element_3417}]
Capabilities {acceptInsecureCerts: false, browserName: chrome, browserVersion: 117.0.5938.63, chrome: {chromedriverVersion: 117.0.5938.62 (25a7172909a4..., userDataDir: C:\Users\user\AppData\Local...}, fedcm:accounts: true, goog:chromeOptions: {debuggerAddress: localhost:52889}, networkConnectionEnabled: false, pageLoadStrategy: normal, platformName: windows, proxy: Proxy(), se:cdp: ws://localhost:52889/devtoo..., se:cdpVersion: 117.0.5938.63, setWindowRect: true, strictFileInteractability: false, timeouts: {implicit: 0, pageLoad: 300000, script: 30000}, unhandledPromptBehavior: dismiss and notify, webauthn:extension:credBlob: true, webauthn:extension:largeBlob: true, webauthn:extension:minPinLength: true, webauthn:extension:prf: true, webauthn:virtualAuthenticators: true}
Element: [[ChromeDriver: chrome on windows (54ac5c93c3f764696d1cd5472e877a1e)] -&gt; xpath: //img[@class=&apos;logo&apos;]]
Session ID: 54ac5c93c3f764696d1cd5472e877a1e
	at org.openqa.selenium.remote.codec.w3c.W3CHttpResponseCodec.createException(W3CHttpResponseCodec.java:200)
	at org.openqa.selenium.remote.codec.w3c.W3CHttpResponseCodec.decode(W3CHttpResponseCodec.java:133)
	at org.openqa.selenium.remote.codec.w3c.W3CHttpResponseCodec.decode(W3CHttpResponseCodec.java:52)
	at org.openqa.selenium.remote.HttpCommandExecutor.execute(HttpCommandExecutor.java:191)
	at org.openqa.selenium.remote.service.DriverCommandExecutor.invokeExecute(DriverCommandExecutor.java:196)
	at org.openqa.selenium.remote.service.DriverCommandExecutor.execute(DriverCommandExecutor.java:171)
	at org.openqa.selenium.remote.RemoteWebDriver.execute(RemoteWebDriver.java:602)
	at org.openqa.selenium.remote.RemoteWebElement.execute(RemoteWebElement.java:224)
	at org.openqa.selenium.remote.RemoteWebElement.click(RemoteWebElement.java:77)
	at org.openqa.selenium.support.pagefactory.internal.LocatingElementHandler.invoke(LocatingElementHandler.java:51)
	at jdk.proxy2/jdk.proxy2.$Proxy19.click(Unknown Source)
	at com.providio.pageObjects.homePage.clickOnLogo(homePage.java:84)
	at com.providio.testcases.baseClass.afterMethod(baseClass.java:174)
	at java.base/java.util.ArrayList.forEach(ArrayList.java:1511)
... Removed 39 stack frames</div></td></tr></table><p class="totop"><a href="#summary">back to summary</a></p>
<h3 id="m2">com.GuestUserWith_CreditCard.tc__SimpleProductsAndBundle_Gc_InCC#afterMethod</h3><table class="result"><tr class="param"><th>Parameter #1</th></tr><tr class="param stripe"><td>[TestResult name=simpleProducts_Bundle_Gc status=FAILURE method=tc__SimpleProductsAndBundle_Gc_InCC.simpleProducts_Bundle_Gc()[pri:0, instance:com.GuestUserWith_CreditCard.tc__SimpleProductsAndBundle_Gc_InCC@27cb3401] output={null}]</td></tr><tr><th>Exception</th></tr><tr><td><div class="stacktrace">org.openqa.selenium.ElementNotInteractableException: element not interactable
  (Session info: chrome=117.0.5938.63)
Build info: version: &apos;4.12.0&apos;, revision: &apos;249f2a7d1b*&apos;
System info: os.name: &apos;Windows 10&apos;, os.arch: &apos;amd64&apos;, os.version: &apos;10.0&apos;, java.version: &apos;17.0.2&apos;
Driver info: org.openqa.selenium.chrome.ChromeDriver
Command: [54ac5c93c3f764696d1cd5472e877a1e, clickElement {id=0B23F82D0D6F1AB2DD03E136BDDC75AF_element_6715}]
Capabilities {acceptInsecureCerts: false, browserName: chrome, browserVersion: 117.0.5938.63, chrome: {chromedriverVersion: 117.0.5938.62 (25a7172909a4..., userDataDir: C:\Users\user\AppData\Local...}, fedcm:accounts: true, goog:chromeOptions: {debuggerAddress: localhost:52889}, networkConnectionEnabled: false, pageLoadStrategy: normal, platformName: windows, proxy: Proxy(), se:cdp: ws://localhost:52889/devtoo..., se:cdpVersion: 117.0.5938.63, setWindowRect: true, strictFileInteractability: false, timeouts: {implicit: 0, pageLoad: 300000, script: 30000}, unhandledPromptBehavior: dismiss and notify, webauthn:extension:credBlob: true, webauthn:extension:largeBlob: true, webauthn:extension:minPinLength: true, webauthn:extension:prf: true, webauthn:virtualAuthenticators: true}
Element: [[ChromeDriver: chrome on windows (54ac5c93c3f764696d1cd5472e877a1e)] -&gt; xpath: //img[@class=&apos;logo&apos;]]
Session ID: 54ac5c93c3f764696d1cd5472e877a1e
	at org.openqa.selenium.remote.codec.w3c.W3CHttpResponseCodec.createException(W3CHttpResponseCodec.java:200)
	at org.openqa.selenium.remote.codec.w3c.W3CHttpResponseCodec.decode(W3CHttpResponseCodec.java:133)
	at org.openqa.selenium.remote.codec.w3c.W3CHttpResponseCodec.decode(W3CHttpResponseCodec.java:52)
	at org.openqa.selenium.remote.HttpCommandExecutor.execute(HttpCommandExecutor.java:191)
	at org.openqa.selenium.remote.service.DriverCommandExecutor.invokeExecute(DriverCommandExecutor.java:196)
	at org.openqa.selenium.remote.service.DriverCommandExecutor.execute(DriverCommandExecutor.java:171)
	at org.openqa.selenium.remote.RemoteWebDriver.execute(RemoteWebDriver.java:602)
	at org.openqa.selenium.remote.RemoteWebElement.execute(RemoteWebElement.java:224)
	at org.openqa.selenium.remote.RemoteWebElement.click(RemoteWebElement.java:77)
	at org.openqa.selenium.support.pagefactory.internal.LocatingElementHandler.invoke(LocatingElementHandler.java:51)
	at jdk.proxy2/jdk.proxy2.$Proxy19.click(Unknown Source)
	at com.providio.pageObjects.homePage.clickOnLogo(homePage.java:84)
	at com.providio.testcases.baseClass.afterMethod(baseClass.java:174)
	at java.base/java.util.ArrayList.forEach(ArrayList.java:1511)
... Removed 39 stack frames</div></td></tr></table><p class="totop"><a href="#summary">back to summary</a></p>
<h3 id="m3">com.GuestUserWith_GcAndCC.tc__BundleProductForGuestUser_InGcAndCc#afterMethod</h3><table class="result"><tr class="param"><th>Parameter #1</th></tr><tr class="param stripe"><td>[TestResult name=bundleProduct status=FAILURE method=tc__BundleProductForGuestUser_InGcAndCc.bundleProduct()[pri:0, instance:com.GuestUserWith_GcAndCC.tc__BundleProductForGuestUser_InGcAndCc@47fc185] output={null}]</td></tr><tr><th>Exception</th></tr><tr><td><div class="stacktrace">org.openqa.selenium.ElementNotInteractableException: element not interactable
  (Session info: chrome=117.0.5938.63)
Build info: version: &apos;4.12.0&apos;, revision: &apos;249f2a7d1b*&apos;
System info: os.name: &apos;Windows 10&apos;, os.arch: &apos;amd64&apos;, os.version: &apos;10.0&apos;, java.version: &apos;17.0.2&apos;
Driver info: org.openqa.selenium.chrome.ChromeDriver
Command: [54ac5c93c3f764696d1cd5472e877a1e, clickElement {id=CE3032CABF29BFF4226E7D3636F1C054_element_901}]
Capabilities {acceptInsecureCerts: false, browserName: chrome, browserVersion: 117.0.5938.63, chrome: {chromedriverVersion: 117.0.5938.62 (25a7172909a4..., userDataDir: C:\Users\user\AppData\Local...}, fedcm:accounts: true, goog:chromeOptions: {debuggerAddress: localhost:52889}, networkConnectionEnabled: false, pageLoadStrategy: normal, platformName: windows, proxy: Proxy(), se:cdp: ws://localhost:52889/devtoo..., se:cdpVersion: 117.0.5938.63, setWindowRect: true, strictFileInteractability: false, timeouts: {implicit: 0, pageLoad: 300000, script: 30000}, unhandledPromptBehavior: dismiss and notify, webauthn:extension:credBlob: true, webauthn:extension:largeBlob: true, webauthn:extension:minPinLength: true, webauthn:extension:prf: true, webauthn:virtualAuthenticators: true}
Element: [[ChromeDriver: chrome on windows (54ac5c93c3f764696d1cd5472e877a1e)] -&gt; xpath: //img[@class=&apos;logo&apos;]]
Session ID: 54ac5c93c3f764696d1cd5472e877a1e
	at org.openqa.selenium.remote.codec.w3c.W3CHttpResponseCodec.createException(W3CHttpResponseCodec.java:200)
	at org.openqa.selenium.remote.codec.w3c.W3CHttpResponseCodec.decode(W3CHttpResponseCodec.java:133)
	at org.openqa.selenium.remote.codec.w3c.W3CHttpResponseCodec.decode(W3CHttpResponseCodec.java:52)
	at org.openqa.selenium.remote.HttpCommandExecutor.execute(HttpCommandExecutor.java:191)
	at org.openqa.selenium.remote.service.DriverCommandExecutor.invokeExecute(DriverCommandExecutor.java:196)
	at org.openqa.selenium.remote.service.DriverCommandExecutor.execute(DriverCommandExecutor.java:171)
	at org.openqa.selenium.remote.RemoteWebDriver.execute(RemoteWebDriver.java:602)
	at org.openqa.selenium.remote.RemoteWebElement.execute(RemoteWebElement.java:224)
	at org.openqa.selenium.remote.RemoteWebElement.click(RemoteWebElement.java:77)
	at org.openqa.selenium.support.pagefactory.internal.LocatingElementHandler.invoke(LocatingElementHandler.java:51)
	at jdk.proxy2/jdk.proxy2.$Proxy19.click(Unknown Source)
	at com.providio.pageObjects.homePage.clickOnLogo(homePage.java:84)
	at com.providio.testcases.baseClass.afterMethod(baseClass.java:174)
	at java.base/java.util.ArrayList.forEach(ArrayList.java:1511)
... Removed 41 stack frames</div></td></tr></table><p class="totop"><a href="#summary">back to summary</a></p>
<h3 id="m4">com.GuestUserWith_GcAndCC.tc__SimpleProducts_Bundle_Gc_InCcAndGc#afterMethod</h3><table class="result"><tr class="param"><th>Parameter #1</th></tr><tr class="param stripe"><td>[TestResult name=simpleProducts_Bundle_Gc status=FAILURE method=tc__SimpleProducts_Bundle_Gc_InCcAndGc.simpleProducts_Bundle_Gc()[pri:0, instance:com.GuestUserWith_GcAndCC.tc__SimpleProducts_Bundle_Gc_InCcAndGc@469e4226] output={null}]</td></tr><tr><th>Exception</th></tr><tr><td><div class="stacktrace">org.openqa.selenium.ElementNotInteractableException: element not interactable
  (Session info: chrome=117.0.5938.63)
Build info: version: &apos;4.12.0&apos;, revision: &apos;249f2a7d1b*&apos;
System info: os.name: &apos;Windows 10&apos;, os.arch: &apos;amd64&apos;, os.version: &apos;10.0&apos;, java.version: &apos;17.0.2&apos;
Driver info: org.openqa.selenium.chrome.ChromeDriver
Command: [54ac5c93c3f764696d1cd5472e877a1e, clickElement {id=FFEA73C3AF749B44FDB3AF3E0417E7A0_element_5519}]
Capabilities {acceptInsecureCerts: false, browserName: chrome, browserVersion: 117.0.5938.63, chrome: {chromedriverVersion: 117.0.5938.62 (25a7172909a4..., userDataDir: C:\Users\user\AppData\Local...}, fedcm:accounts: true, goog:chromeOptions: {debuggerAddress: localhost:52889}, networkConnectionEnabled: false, pageLoadStrategy: normal, platformName: windows, proxy: Proxy(), se:cdp: ws://localhost:52889/devtoo..., se:cdpVersion: 117.0.5938.63, setWindowRect: true, strictFileInteractability: false, timeouts: {implicit: 0, pageLoad: 300000, script: 30000}, unhandledPromptBehavior: dismiss and notify, webauthn:extension:credBlob: true, webauthn:extension:largeBlob: true, webauthn:extension:minPinLength: true, webauthn:extension:prf: true, webauthn:virtualAuthenticators: true}
Element: [[ChromeDriver: chrome on windows (54ac5c93c3f764696d1cd5472e877a1e)] -&gt; xpath: //img[@class=&apos;logo&apos;]]
Session ID: 54ac5c93c3f764696d1cd5472e877a1e
	at org.openqa.selenium.remote.codec.w3c.W3CHttpResponseCodec.createException(W3CHttpResponseCodec.java:200)
	at org.openqa.selenium.remote.codec.w3c.W3CHttpResponseCodec.decode(W3CHttpResponseCodec.java:133)
	at org.openqa.selenium.remote.codec.w3c.W3CHttpResponseCodec.decode(W3CHttpResponseCodec.java:52)
	at org.openqa.selenium.remote.HttpCommandExecutor.execute(HttpCommandExecutor.java:191)
	at org.openqa.selenium.remote.service.DriverCommandExecutor.invokeExecute(DriverCommandExecutor.java:196)
	at org.openqa.selenium.remote.service.DriverCommandExecutor.execute(DriverCommandExecutor.java:171)
	at org.openqa.selenium.remote.RemoteWebDriver.execute(RemoteWebDriver.java:602)
	at org.openqa.selenium.remote.RemoteWebElement.execute(RemoteWebElement.java:224)
	at org.openqa.selenium.remote.RemoteWebElement.click(RemoteWebElement.java:77)
	at org.openqa.selenium.support.pagefactory.internal.LocatingElementHandler.invoke(LocatingElementHandler.java:51)
	at jdk.proxy2/jdk.proxy2.$Proxy19.click(Unknown Source)
	at com.providio.pageObjects.homePage.clickOnLogo(homePage.java:84)
	at com.providio.testcases.baseClass.afterMethod(baseClass.java:174)
	at java.base/java.util.ArrayList.forEach(ArrayList.java:1511)
... Removed 39 stack frames</div></td></tr></table><p class="totop"><a href="#summary">back to summary</a></p>
<h3 id="m5">com.GuestUserWith_GiftCard.tc__BundleProductForGuestUser_InGiftCard#afterMethod</h3><table class="result"><tr class="param"><th>Parameter #1</th></tr><tr class="param stripe"><td>[TestResult name=bundleProduct status=FAILURE method=tc__BundleProductForGuestUser_InGiftCard.bundleProduct()[pri:0, instance:com.GuestUserWith_GiftCard.tc__BundleProductForGuestUser_InGiftCard@65b1ccda] output={null}]</td></tr><tr><th>Exception</th></tr><tr><td><div class="stacktrace">org.openqa.selenium.ElementNotInteractableException: element not interactable
  (Session info: chrome=117.0.5938.63)
Build info: version: &apos;4.12.0&apos;, revision: &apos;249f2a7d1b*&apos;
System info: os.name: &apos;Windows 10&apos;, os.arch: &apos;amd64&apos;, os.version: &apos;10.0&apos;, java.version: &apos;17.0.2&apos;
Driver info: org.openqa.selenium.chrome.ChromeDriver
Command: [54ac5c93c3f764696d1cd5472e877a1e, clickElement {id=BC3F5745066646F4039E5E444BEAE0B3_element_698}]
Capabilities {acceptInsecureCerts: false, browserName: chrome, browserVersion: 117.0.5938.63, chrome: {chromedriverVersion: 117.0.5938.62 (25a7172909a4..., userDataDir: C:\Users\user\AppData\Local...}, fedcm:accounts: true, goog:chromeOptions: {debuggerAddress: localhost:52889}, networkConnectionEnabled: false, pageLoadStrategy: normal, platformName: windows, proxy: Proxy(), se:cdp: ws://localhost:52889/devtoo..., se:cdpVersion: 117.0.5938.63, setWindowRect: true, strictFileInteractability: false, timeouts: {implicit: 0, pageLoad: 300000, script: 30000}, unhandledPromptBehavior: dismiss and notify, webauthn:extension:credBlob: true, webauthn:extension:largeBlob: true, webauthn:extension:minPinLength: true, webauthn:extension:prf: true, webauthn:virtualAuthenticators: true}
Element: [[ChromeDriver: chrome on windows (54ac5c93c3f764696d1cd5472e877a1e)] -&gt; xpath: //img[@class=&apos;logo&apos;]]
Session ID: 54ac5c93c3f764696d1cd5472e877a1e
	at org.openqa.selenium.remote.codec.w3c.W3CHttpResponseCodec.createException(W3CHttpResponseCodec.java:200)
	at org.openqa.selenium.remote.codec.w3c.W3CHttpResponseCodec.decode(W3CHttpResponseCodec.java:133)
	at org.openqa.selenium.remote.codec.w3c.W3CHttpResponseCodec.decode(W3CHttpResponseCodec.java:52)
	at org.openqa.selenium.remote.HttpCommandExecutor.execute(HttpCommandExecutor.java:191)
	at org.openqa.selenium.remote.service.DriverCommandExecutor.invokeExecute(DriverCommandExecutor.java:196)
	at org.openqa.selenium.remote.service.DriverCommandExecutor.execute(DriverCommandExecutor.java:171)
	at org.openqa.selenium.remote.RemoteWebDriver.execute(RemoteWebDriver.java:602)
	at org.openqa.selenium.remote.RemoteWebElement.execute(RemoteWebElement.java:224)
	at org.openqa.selenium.remote.RemoteWebElement.click(RemoteWebElement.java:77)
	at org.openqa.selenium.support.pagefactory.internal.LocatingElementHandler.invoke(LocatingElementHandler.java:51)
	at jdk.proxy2/jdk.proxy2.$Proxy19.click(Unknown Source)
	at com.providio.pageObjects.homePage.clickOnLogo(homePage.java:84)
	at com.providio.testcases.baseClass.afterMethod(baseClass.java:174)
	at java.base/java.util.ArrayList.forEach(ArrayList.java:1511)
... Removed 41 stack frames</div></td></tr></table><p class="totop"><a href="#summary">back to summary</a></p>
<h3 id="m6">com.GuestUserWith_GiftCard.tc__ProductSetForGuestUser_InGiftCard#afterMethod</h3><table class="result"><tr class="param"><th>Parameter #1</th></tr><tr class="param stripe"><td>[TestResult name=productSet status=FAILURE method=tc__ProductSetForGuestUser_InGiftCard.productSet()[pri:0, instance:com.GuestUserWith_GiftCard.tc__ProductSetForGuestUser_InGiftCard@7bad8948] output={null}]</td></tr><tr><th>Exception</th></tr><tr><td><div class="stacktrace">org.openqa.selenium.ElementNotInteractableException: element not interactable
  (Session info: chrome=117.0.5938.63)
Build info: version: &apos;4.12.0&apos;, revision: &apos;249f2a7d1b*&apos;
System info: os.name: &apos;Windows 10&apos;, os.arch: &apos;amd64&apos;, os.version: &apos;10.0&apos;, java.version: &apos;17.0.2&apos;
Driver info: org.openqa.selenium.chrome.ChromeDriver
Command: [54ac5c93c3f764696d1cd5472e877a1e, clickElement {id=C09CD8DBAC6732E220D2B92E4F349C18_element_3704}]
Capabilities {acceptInsecureCerts: false, browserName: chrome, browserVersion: 117.0.5938.63, chrome: {chromedriverVersion: 117.0.5938.62 (25a7172909a4..., userDataDir: C:\Users\user\AppData\Local...}, fedcm:accounts: true, goog:chromeOptions: {debuggerAddress: localhost:52889}, networkConnectionEnabled: false, pageLoadStrategy: normal, platformName: windows, proxy: Proxy(), se:cdp: ws://localhost:52889/devtoo..., se:cdpVersion: 117.0.5938.63, setWindowRect: true, strictFileInteractability: false, timeouts: {implicit: 0, pageLoad: 300000, script: 30000}, unhandledPromptBehavior: dismiss and notify, webauthn:extension:credBlob: true, webauthn:extension:largeBlob: true, webauthn:extension:minPinLength: true, webauthn:extension:prf: true, webauthn:virtualAuthenticators: true}
Element: [[ChromeDriver: chrome on windows (54ac5c93c3f764696d1cd5472e877a1e)] -&gt; xpath: //img[@class=&apos;logo&apos;]]
Session ID: 54ac5c93c3f764696d1cd5472e877a1e
	at org.openqa.selenium.remote.codec.w3c.W3CHttpResponseCodec.createException(W3CHttpResponseCodec.java:200)
	at org.openqa.selenium.remote.codec.w3c.W3CHttpResponseCodec.decode(W3CHttpResponseCodec.java:133)
	at org.openqa.selenium.remote.codec.w3c.W3CHttpResponseCodec.decode(W3CHttpResponseCodec.java:52)
	at org.openqa.selenium.remote.HttpCommandExecutor.execute(HttpCommandExecutor.java:191)
	at org.openqa.selenium.remote.service.DriverCommandExecutor.invokeExecute(DriverCommandExecutor.java:196)
	at org.openqa.selenium.remote.service.DriverCommandExecutor.execute(DriverCommandExecutor.java:171)
	at org.openqa.selenium.remote.RemoteWebDriver.execute(RemoteWebDriver.java:602)
	at org.openqa.selenium.remote.RemoteWebElement.execute(RemoteWebElement.java:224)
	at org.openqa.selenium.remote.RemoteWebElement.click(RemoteWebElement.java:77)
	at org.openqa.selenium.support.pagefactory.internal.LocatingElementHandler.invoke(LocatingElementHandler.java:51)
	at jdk.proxy2/jdk.proxy2.$Proxy19.click(Unknown Source)
	at com.providio.pageObjects.homePage.clickOnLogo(homePage.java:84)
	at com.providio.testcases.baseClass.afterMethod(baseClass.java:174)
	at java.base/java.util.ArrayList.forEach(ArrayList.java:1511)
... Removed 39 stack frames</div></td></tr></table><p class="totop"><a href="#summary">back to summary</a></p>
<h3 id="m7">com.GuestUserWith_GiftCard.tc__SimpleProductsAndBundle_Gc_InGiftCard#afterMethod</h3><table class="result"><tr class="param"><th>Parameter #1</th></tr><tr class="param stripe"><td>[TestResult name=simpleProducts_Bundle_Gc status=FAILURE method=tc__SimpleProductsAndBundle_Gc_InGiftCard.simpleProducts_Bundle_Gc()[pri:0, instance:com.GuestUserWith_GiftCard.tc__SimpleProductsAndBundle_Gc_InGiftCard@67356ed0] output={null}]</td></tr><tr><th>Exception</th></tr><tr><td><div class="stacktrace">org.openqa.selenium.ElementNotInteractableException: element not interactable
  (Session info: chrome=117.0.5938.63)
Build info: version: &apos;4.12.0&apos;, revision: &apos;249f2a7d1b*&apos;
System info: os.name: &apos;Windows 10&apos;, os.arch: &apos;amd64&apos;, os.version: &apos;10.0&apos;, java.version: &apos;17.0.2&apos;
Driver info: org.openqa.selenium.chrome.ChromeDriver
Command: [54ac5c93c3f764696d1cd5472e877a1e, clickElement {id=FA5C5F54D10D5B581851FCB6C1B19F7E_element_5253}]
Capabilities {acceptInsecureCerts: false, browserName: chrome, browserVersion: 117.0.5938.63, chrome: {chromedriverVersion: 117.0.5938.62 (25a7172909a4..., userDataDir: C:\Users\user\AppData\Local...}, fedcm:accounts: true, goog:chromeOptions: {debuggerAddress: localhost:52889}, networkConnectionEnabled: false, pageLoadStrategy: normal, platformName: windows, proxy: Proxy(), se:cdp: ws://localhost:52889/devtoo..., se:cdpVersion: 117.0.5938.63, setWindowRect: true, strictFileInteractability: false, timeouts: {implicit: 0, pageLoad: 300000, script: 30000}, unhandledPromptBehavior: dismiss and notify, webauthn:extension:credBlob: true, webauthn:extension:largeBlob: true, webauthn:extension:minPinLength: true, webauthn:extension:prf: true, webauthn:virtualAuthenticators: true}
Element: [[ChromeDriver: chrome on windows (54ac5c93c3f764696d1cd5472e877a1e)] -&gt; xpath: //img[@class=&apos;logo&apos;]]
Session ID: 54ac5c93c3f764696d1cd5472e877a1e
	at org.openqa.selenium.remote.codec.w3c.W3CHttpResponseCodec.createException(W3CHttpResponseCodec.java:200)
	at org.openqa.selenium.remote.codec.w3c.W3CHttpResponseCodec.decode(W3CHttpResponseCodec.java:133)
	at org.openqa.selenium.remote.codec.w3c.W3CHttpResponseCodec.decode(W3CHttpResponseCodec.java:52)
	at org.openqa.selenium.remote.HttpCommandExecutor.execute(HttpCommandExecutor.java:191)
	at org.openqa.selenium.remote.service.DriverCommandExecutor.invokeExecute(DriverCommandExecutor.java:196)
	at org.openqa.selenium.remote.service.DriverCommandExecutor.execute(DriverCommandExecutor.java:171)
	at org.openqa.selenium.remote.RemoteWebDriver.execute(RemoteWebDriver.java:602)
	at org.openqa.selenium.remote.RemoteWebElement.execute(RemoteWebElement.java:224)
	at org.openqa.selenium.remote.RemoteWebElement.click(RemoteWebElement.java:77)
	at org.openqa.selenium.support.pagefactory.internal.LocatingElementHandler.invoke(LocatingElementHandler.java:51)
	at jdk.proxy2/jdk.proxy2.$Proxy19.click(Unknown Source)
	at com.providio.pageObjects.homePage.clickOnLogo(homePage.java:84)
	at com.providio.testcases.baseClass.afterMethod(baseClass.java:174)
	at java.base/java.util.ArrayList.forEach(ArrayList.java:1511)
... Removed 39 stack frames</div></td></tr></table><p class="totop"><a href="#summary">back to summary</a></p>
<h3 id="m8">com.GuestUserWith_CreditCard.tc__BundleProductForGuestUser_CC#bundleProduct</h3><table class="result"><tr><th>Exception</th></tr><tr><td><div class="stacktrace">org.openqa.selenium.ElementNotInteractableException: element not interactable
  (Session info: chrome=117.0.5938.63)
Build info: version: &apos;4.12.0&apos;, revision: &apos;249f2a7d1b*&apos;
System info: os.name: &apos;Windows 10&apos;, os.arch: &apos;amd64&apos;, os.version: &apos;10.0&apos;, java.version: &apos;17.0.2&apos;
Driver info: org.openqa.selenium.chrome.ChromeDriver
Command: [54ac5c93c3f764696d1cd5472e877a1e, sendKeysToElement {id=A73A33D6B6DDAF478DF9ADAA26534B24_element_5, value=[Ljava.lang.CharSequence;@227a99a1}]
Capabilities {acceptInsecureCerts: false, browserName: chrome, browserVersion: 117.0.5938.63, chrome: {chromedriverVersion: 117.0.5938.62 (25a7172909a4..., userDataDir: C:\Users\user\AppData\Local...}, fedcm:accounts: true, goog:chromeOptions: {debuggerAddress: localhost:52889}, networkConnectionEnabled: false, pageLoadStrategy: normal, platformName: windows, proxy: Proxy(), se:cdp: ws://localhost:52889/devtoo..., se:cdpVersion: 117.0.5938.63, setWindowRect: true, strictFileInteractability: false, timeouts: {implicit: 0, pageLoad: 300000, script: 30000}, unhandledPromptBehavior: dismiss and notify, webauthn:extension:credBlob: true, webauthn:extension:largeBlob: true, webauthn:extension:minPinLength: true, webauthn:extension:prf: true, webauthn:virtualAuthenticators: true}
Element: [[ChromeDriver: chrome on windows (54ac5c93c3f764696d1cd5472e877a1e)] -&gt; xpath: //input[@autocomplete=&apos;cc-number&apos; and @inputmode=&apos;numeric&apos;]]
Session ID: 54ac5c93c3f764696d1cd5472e877a1e
	at org.openqa.selenium.remote.codec.w3c.W3CHttpResponseCodec.createException(W3CHttpResponseCodec.java:200)
	at org.openqa.selenium.remote.codec.w3c.W3CHttpResponseCodec.decode(W3CHttpResponseCodec.java:133)
	at org.openqa.selenium.remote.codec.w3c.W3CHttpResponseCodec.decode(W3CHttpResponseCodec.java:52)
	at org.openqa.selenium.remote.HttpCommandExecutor.execute(HttpCommandExecutor.java:191)
	at org.openqa.selenium.remote.service.DriverCommandExecutor.invokeExecute(DriverCommandExecutor.java:196)
	at org.openqa.selenium.remote.service.DriverCommandExecutor.execute(DriverCommandExecutor.java:171)
	at org.openqa.selenium.remote.RemoteWebDriver.execute(RemoteWebDriver.java:602)
	at org.openqa.selenium.remote.RemoteWebElement.execute(RemoteWebElement.java:224)
	at org.openqa.selenium.remote.RemoteWebElement.sendKeys(RemoteWebElement.java:111)
	at org.openqa.selenium.support.pagefactory.internal.LocatingElementHandler.invoke(LocatingElementHandler.java:51)
	at jdk.proxy2/jdk.proxy2.$Proxy19.sendKeys(Unknown Source)
	at com.providio.pageObjects.paymentpPage.cardNum(paymentpPage.java:686)
	at com.providio.paymentProccess.tc__CreditCardPaymentProcess.stripePayment(tc__CreditCardPaymentProcess.java:221)
	at com.providio.paymentProccess.tc__CreditCardPaymentProcess.paymentByCreditCard(tc__CreditCardPaymentProcess.java:83)
	at com.GuestUserWith_CreditCard.tc__BundleProductForGuestUser_CC.bundleProduct(tc__BundleProductForGuestUser_CC.java:67)
	at java.base/java.util.ArrayList.forEach(ArrayList.java:1511)
... Removed 36 stack frames</div></td></tr></table><p class="totop"><a href="#summary">back to summary</a></p>
<h3 id="m9">com.GuestUserWith_CreditCard.tc__Bundle_GcAndAllPromotions_Guest_InCC#bundle_GcAndAllPromotions</h3><table class="result"><tr><th>Exception</th></tr><tr><td><div class="stacktrace">org.openqa.selenium.ElementClickInterceptedException: element click intercepted: Element &lt;a href=&quot;https://zzqi-002.dx.commercecloud.salesforce.com/on/demandware.store/Sites-RefArch-Site/en_US/Cart-Show&quot; class=&quot;btn  btn-block checkout-btn btn-outline-primary disabled&quot; role=&quot;button&quot;&gt;...&lt;/a&gt; is not clickable at point (1716, 773). Other element would receive the click: &lt;div class=&quot;mb-3 view-cart&quot;&gt;...&lt;/div&gt;
  (Session info: chrome=117.0.5938.63)
Build info: version: &apos;4.12.0&apos;, revision: &apos;249f2a7d1b*&apos;
System info: os.name: &apos;Windows 10&apos;, os.arch: &apos;amd64&apos;, os.version: &apos;10.0&apos;, java.version: &apos;17.0.2&apos;
Driver info: org.openqa.selenium.chrome.ChromeDriver
Command: [54ac5c93c3f764696d1cd5472e877a1e, clickElement {id=1632401CCD1D79425EE82833688B863E_element_1165}]
Capabilities {acceptInsecureCerts: false, browserName: chrome, browserVersion: 117.0.5938.63, chrome: {chromedriverVersion: 117.0.5938.62 (25a7172909a4..., userDataDir: C:\Users\user\AppData\Local...}, fedcm:accounts: true, goog:chromeOptions: {debuggerAddress: localhost:52889}, networkConnectionEnabled: false, pageLoadStrategy: normal, platformName: windows, proxy: Proxy(), se:cdp: ws://localhost:52889/devtoo..., se:cdpVersion: 117.0.5938.63, setWindowRect: true, strictFileInteractability: false, timeouts: {implicit: 0, pageLoad: 300000, script: 30000}, unhandledPromptBehavior: dismiss and notify, webauthn:extension:credBlob: true, webauthn:extension:largeBlob: true, webauthn:extension:minPinLength: true, webauthn:extension:prf: true, webauthn:virtualAuthenticators: true}
Element: [[ChromeDriver: chrome on windows (54ac5c93c3f764696d1cd5472e877a1e)] -&gt; xpath: //a[contains(@class,&apos;btn  btn-block &apos;)]]
Session ID: 54ac5c93c3f764696d1cd5472e877a1e
	at org.openqa.selenium.remote.codec.w3c.W3CHttpResponseCodec.createException(W3CHttpResponseCodec.java:200)
	at org.openqa.selenium.remote.codec.w3c.W3CHttpResponseCodec.decode(W3CHttpResponseCodec.java:133)
	at org.openqa.selenium.remote.codec.w3c.W3CHttpResponseCodec.decode(W3CHttpResponseCodec.java:52)
	at org.openqa.selenium.remote.HttpCommandExecutor.execute(HttpCommandExecutor.java:191)
	at org.openqa.selenium.remote.service.DriverCommandExecutor.invokeExecute(DriverCommandExecutor.java:196)
	at org.openqa.selenium.remote.service.DriverCommandExecutor.execute(DriverCommandExecutor.java:171)
	at org.openqa.selenium.remote.RemoteWebDriver.execute(RemoteWebDriver.java:602)
	at org.openqa.selenium.remote.RemoteWebElement.execute(RemoteWebElement.java:224)
	at org.openqa.selenium.remote.RemoteWebElement.click(RemoteWebElement.java:77)
	at org.openqa.selenium.support.pagefactory.internal.LocatingElementHandler.invoke(LocatingElementHandler.java:51)
	at jdk.proxy2/jdk.proxy2.$Proxy19.click(Unknown Source)
	at com.providio.pageObjects.miniCartPage.clickviewCartButton(miniCartPage.java:59)
	at com.providio.paymentProccess.tc__CheckOutProcess.checkoutprocess(tc__CheckOutProcess.java:49)
	at com.GuestUserWith_CreditCard.tc__Bundle_GcAndAllPromotions_Guest_InCC.bundle_GcAndAllPromotions(tc__Bundle_GcAndAllPromotions_Guest_InCC.java:79)
	at java.base/java.util.ArrayList.forEach(ArrayList.java:1511)
... Removed 36 stack frames</div></td></tr></table><p class="totop"><a href="#summary">back to summary</a></p>
<h3 id="m10">com.GuestUserWith_CreditCard.tc__BySearchingProduct_GuestUser_InCC#bySearchingProduct</h3><table class="result"><tr><th>Exception</th></tr><tr><td><div class="stacktrace">org.openqa.selenium.ElementClickInterceptedException: element click intercepted: Element &lt;a href=&quot;https://zzqi-002.dx.commercecloud.salesforce.com/on/demandware.store/Sites-RefArch-Site/en_US/Cart-Show&quot; class=&quot;btn  btn-block checkout-btn btn-outline-primary disabled&quot; role=&quot;button&quot;&gt;...&lt;/a&gt; is not clickable at point (1716, 773). Other element would receive the click: &lt;div class=&quot;mb-3 view-cart&quot;&gt;...&lt;/div&gt;
  (Session info: chrome=117.0.5938.63)
Build info: version: &apos;4.12.0&apos;, revision: &apos;249f2a7d1b*&apos;
System info: os.name: &apos;Windows 10&apos;, os.arch: &apos;amd64&apos;, os.version: &apos;10.0&apos;, java.version: &apos;17.0.2&apos;
Driver info: org.openqa.selenium.chrome.ChromeDriver
Command: [54ac5c93c3f764696d1cd5472e877a1e, clickElement {id=2225207A949DBE9339D6D74AD4FBA575_element_1923}]
Capabilities {acceptInsecureCerts: false, browserName: chrome, browserVersion: 117.0.5938.63, chrome: {chromedriverVersion: 117.0.5938.62 (25a7172909a4..., userDataDir: C:\Users\user\AppData\Local...}, fedcm:accounts: true, goog:chromeOptions: {debuggerAddress: localhost:52889}, networkConnectionEnabled: false, pageLoadStrategy: normal, platformName: windows, proxy: Proxy(), se:cdp: ws://localhost:52889/devtoo..., se:cdpVersion: 117.0.5938.63, setWindowRect: true, strictFileInteractability: false, timeouts: {implicit: 0, pageLoad: 300000, script: 30000}, unhandledPromptBehavior: dismiss and notify, webauthn:extension:credBlob: true, webauthn:extension:largeBlob: true, webauthn:extension:minPinLength: true, webauthn:extension:prf: true, webauthn:virtualAuthenticators: true}
Element: [[ChromeDriver: chrome on windows (54ac5c93c3f764696d1cd5472e877a1e)] -&gt; xpath: //a[contains(@class,&apos;btn  btn-block &apos;)]]
Session ID: 54ac5c93c3f764696d1cd5472e877a1e
	at org.openqa.selenium.remote.codec.w3c.W3CHttpResponseCodec.createException(W3CHttpResponseCodec.java:200)
	at org.openqa.selenium.remote.codec.w3c.W3CHttpResponseCodec.decode(W3CHttpResponseCodec.java:133)
	at org.openqa.selenium.remote.codec.w3c.W3CHttpResponseCodec.decode(W3CHttpResponseCodec.java:52)
	at org.openqa.selenium.remote.HttpCommandExecutor.execute(HttpCommandExecutor.java:191)
	at org.openqa.selenium.remote.service.DriverCommandExecutor.invokeExecute(DriverCommandExecutor.java:196)
	at org.openqa.selenium.remote.service.DriverCommandExecutor.execute(DriverCommandExecutor.java:171)
	at org.openqa.selenium.remote.RemoteWebDriver.execute(RemoteWebDriver.java:602)
	at org.openqa.selenium.remote.RemoteWebElement.execute(RemoteWebElement.java:224)
	at org.openqa.selenium.remote.RemoteWebElement.click(RemoteWebElement.java:77)
	at org.openqa.selenium.support.pagefactory.internal.LocatingElementHandler.invoke(LocatingElementHandler.java:51)
	at jdk.proxy2/jdk.proxy2.$Proxy19.click(Unknown Source)
	at com.providio.pageObjects.miniCartPage.clickviewCartButton(miniCartPage.java:59)
	at com.providio.paymentProccess.tc__CheckOutProcess.checkoutprocess(tc__CheckOutProcess.java:49)
	at com.GuestUserWith_CreditCard.tc__BySearchingProduct_GuestUser_InCC.bySearchingProduct(tc__BySearchingProduct_GuestUser_InCC.java:78)
	at java.base/java.util.ArrayList.forEach(ArrayList.java:1511)
... Removed 35 stack frames</div></td></tr></table><p class="totop"><a href="#summary">back to summary</a></p>
<h3 id="m11">com.GuestUserWith_CreditCard.tc__GuestUser_InCc#guestlogin</h3><table class="result"><tr><th>Exception</th></tr><tr><td><div class="stacktrace">org.openqa.selenium.ElementClickInterceptedException: element click intercepted: Element &lt;a href=&quot;https://zzqi-002.dx.commercecloud.salesforce.com/on/demandware.store/Sites-RefArch-Site/en_US/Cart-Show&quot; class=&quot;btn  btn-block checkout-btn btn-outline-primary disabled&quot; role=&quot;button&quot;&gt;...&lt;/a&gt; is not clickable at point (1716, 773). Other element would receive the click: &lt;div class=&quot;mb-3 view-cart&quot;&gt;...&lt;/div&gt;
  (Session info: chrome=117.0.5938.63)
Build info: version: &apos;4.12.0&apos;, revision: &apos;249f2a7d1b*&apos;
System info: os.name: &apos;Windows 10&apos;, os.arch: &apos;amd64&apos;, os.version: &apos;10.0&apos;, java.version: &apos;17.0.2&apos;
Driver info: org.openqa.selenium.chrome.ChromeDriver
Command: [54ac5c93c3f764696d1cd5472e877a1e, clickElement {id=98BC887CCA2E4A7EDD977831B3AEE2DE_element_2795}]
Capabilities {acceptInsecureCerts: false, browserName: chrome, browserVersion: 117.0.5938.63, chrome: {chromedriverVersion: 117.0.5938.62 (25a7172909a4..., userDataDir: C:\Users\user\AppData\Local...}, fedcm:accounts: true, goog:chromeOptions: {debuggerAddress: localhost:52889}, networkConnectionEnabled: false, pageLoadStrategy: normal, platformName: windows, proxy: Proxy(), se:cdp: ws://localhost:52889/devtoo..., se:cdpVersion: 117.0.5938.63, setWindowRect: true, strictFileInteractability: false, timeouts: {implicit: 0, pageLoad: 300000, script: 30000}, unhandledPromptBehavior: dismiss and notify, webauthn:extension:credBlob: true, webauthn:extension:largeBlob: true, webauthn:extension:minPinLength: true, webauthn:extension:prf: true, webauthn:virtualAuthenticators: true}
Element: [[ChromeDriver: chrome on windows (54ac5c93c3f764696d1cd5472e877a1e)] -&gt; xpath: //a[contains(@class,&apos;btn  btn-block &apos;)]]
Session ID: 54ac5c93c3f764696d1cd5472e877a1e
	at org.openqa.selenium.remote.codec.w3c.W3CHttpResponseCodec.createException(W3CHttpResponseCodec.java:200)
	at org.openqa.selenium.remote.codec.w3c.W3CHttpResponseCodec.decode(W3CHttpResponseCodec.java:133)
	at org.openqa.selenium.remote.codec.w3c.W3CHttpResponseCodec.decode(W3CHttpResponseCodec.java:52)
	at org.openqa.selenium.remote.HttpCommandExecutor.execute(HttpCommandExecutor.java:191)
	at org.openqa.selenium.remote.service.DriverCommandExecutor.invokeExecute(DriverCommandExecutor.java:196)
	at org.openqa.selenium.remote.service.DriverCommandExecutor.execute(DriverCommandExecutor.java:171)
	at org.openqa.selenium.remote.RemoteWebDriver.execute(RemoteWebDriver.java:602)
	at org.openqa.selenium.remote.RemoteWebElement.execute(RemoteWebElement.java:224)
	at org.openqa.selenium.remote.RemoteWebElement.click(RemoteWebElement.java:77)
	at org.openqa.selenium.support.pagefactory.internal.LocatingElementHandler.invoke(LocatingElementHandler.java:51)
	at jdk.proxy2/jdk.proxy2.$Proxy19.click(Unknown Source)
	at com.providio.pageObjects.miniCartPage.clickviewCartButton(miniCartPage.java:59)
	at com.providio.paymentProccess.tc__CheckOutProcess.checkoutprocess(tc__CheckOutProcess.java:49)
	at com.GuestUserWith_CreditCard.tc__GuestUser_InCc.guestlogin(tc__GuestUser_InCc.java:91)
	at java.base/java.util.ArrayList.forEach(ArrayList.java:1511)
... Removed 35 stack frames</div></td></tr></table><p class="totop"><a href="#summary">back to summary</a></p>
<h3 id="m12">com.GuestUserWith_CreditCard.tc__PdpPagewithGuestuser#PDPpage</h3><table class="result"><tr><th>Exception</th></tr><tr><td><div class="stacktrace">org.openqa.selenium.ElementClickInterceptedException: element click intercepted: Element is not clickable at point (100, 1738)
  (Session info: chrome=117.0.5938.63)
Build info: version: &apos;4.12.0&apos;, revision: &apos;249f2a7d1b*&apos;
System info: os.name: &apos;Windows 10&apos;, os.arch: &apos;amd64&apos;, os.version: &apos;10.0&apos;, java.version: &apos;17.0.2&apos;
Driver info: org.openqa.selenium.chrome.ChromeDriver
Command: [54ac5c93c3f764696d1cd5472e877a1e, clickElement {id=FE84BF87F4B3209D5716EBA59C8B9E63_element_3405}]
Capabilities {acceptInsecureCerts: false, browserName: chrome, browserVersion: 117.0.5938.63, chrome: {chromedriverVersion: 117.0.5938.62 (25a7172909a4..., userDataDir: C:\Users\user\AppData\Local...}, fedcm:accounts: true, goog:chromeOptions: {debuggerAddress: localhost:52889}, networkConnectionEnabled: false, pageLoadStrategy: normal, platformName: windows, proxy: Proxy(), se:cdp: ws://localhost:52889/devtoo..., se:cdpVersion: 117.0.5938.63, setWindowRect: true, strictFileInteractability: false, timeouts: {implicit: 0, pageLoad: 300000, script: 30000}, unhandledPromptBehavior: dismiss and notify, webauthn:extension:credBlob: true, webauthn:extension:largeBlob: true, webauthn:extension:minPinLength: true, webauthn:extension:prf: true, webauthn:virtualAuthenticators: true}
Element: [[ChromeDriver: chrome on windows (54ac5c93c3f764696d1cd5472e877a1e)] -&gt; xpath: //button[@class=&apos;slick-prev slick-arrow&apos;]]
Session ID: 54ac5c93c3f764696d1cd5472e877a1e
	at org.openqa.selenium.remote.codec.w3c.W3CHttpResponseCodec.createException(W3CHttpResponseCodec.java:200)
	at org.openqa.selenium.remote.codec.w3c.W3CHttpResponseCodec.decode(W3CHttpResponseCodec.java:133)
	at org.openqa.selenium.remote.codec.w3c.W3CHttpResponseCodec.decode(W3CHttpResponseCodec.java:52)
	at org.openqa.selenium.remote.HttpCommandExecutor.execute(HttpCommandExecutor.java:191)
	at org.openqa.selenium.remote.service.DriverCommandExecutor.invokeExecute(DriverCommandExecutor.java:196)
	at org.openqa.selenium.remote.service.DriverCommandExecutor.execute(DriverCommandExecutor.java:171)
	at org.openqa.selenium.remote.RemoteWebDriver.execute(RemoteWebDriver.java:602)
	at org.openqa.selenium.remote.RemoteWebElement.execute(RemoteWebElement.java:224)
	at org.openqa.selenium.remote.RemoteWebElement.click(RemoteWebElement.java:77)
	at org.openqa.selenium.support.pagefactory.internal.LocatingElementHandler.invoke(LocatingElementHandler.java:51)
	at jdk.proxy2/jdk.proxy2.$Proxy19.click(Unknown Source)
	at com.providio.pageObjects.productDescriptionPage.clickOnLeftCarousel(productDescriptionPage.java:84)
	at com.GuestUserWith_CreditCard.tc__PdpPagewithGuestuser.performActionsOnProductDescriptionPage(tc__PdpPagewithGuestuser.java:100)
	at com.GuestUserWith_CreditCard.tc__PdpPagewithGuestuser.PDPpage(tc__PdpPagewithGuestuser.java:43)
	at java.base/java.util.ArrayList.forEach(ArrayList.java:1511)
... Removed 35 stack frames</div></td></tr></table><p class="totop"><a href="#summary">back to summary</a></p>
<h3 id="m13">com.GuestUserWith_CreditCard.tc__PickUpStore_Guest_CC#paypalFromCheckoutPage</h3><table class="result"><tr><th>Exception</th></tr><tr><td><div class="stacktrace">org.openqa.selenium.ElementClickInterceptedException: element click intercepted: Element &lt;a href=&quot;https://zzqi-002.dx.commercecloud.salesforce.com/on/demandware.store/Sites-RefArch-Site/en_US/Cart-Show&quot; class=&quot;btn  btn-block checkout-btn btn-outline-primary disabled&quot; role=&quot;button&quot;&gt;...&lt;/a&gt; is not clickable at point (1716, 773). Other element would receive the click: &lt;div class=&quot;mb-3 view-cart&quot;&gt;...&lt;/div&gt;
  (Session info: chrome=117.0.5938.63)
Build info: version: &apos;4.12.0&apos;, revision: &apos;249f2a7d1b*&apos;
System info: os.name: &apos;Windows 10&apos;, os.arch: &apos;amd64&apos;, os.version: &apos;10.0&apos;, java.version: &apos;17.0.2&apos;
Driver info: org.openqa.selenium.chrome.ChromeDriver
Command: [54ac5c93c3f764696d1cd5472e877a1e, clickElement {id=D6A0059ABA52B8A73B76FB9A610EA984_element_3880}]
Capabilities {acceptInsecureCerts: false, browserName: chrome, browserVersion: 117.0.5938.63, chrome: {chromedriverVersion: 117.0.5938.62 (25a7172909a4..., userDataDir: C:\Users\user\AppData\Local...}, fedcm:accounts: true, goog:chromeOptions: {debuggerAddress: localhost:52889}, networkConnectionEnabled: false, pageLoadStrategy: normal, platformName: windows, proxy: Proxy(), se:cdp: ws://localhost:52889/devtoo..., se:cdpVersion: 117.0.5938.63, setWindowRect: true, strictFileInteractability: false, timeouts: {implicit: 0, pageLoad: 300000, script: 30000}, unhandledPromptBehavior: dismiss and notify, webauthn:extension:credBlob: true, webauthn:extension:largeBlob: true, webauthn:extension:minPinLength: true, webauthn:extension:prf: true, webauthn:virtualAuthenticators: true}
Element: [[ChromeDriver: chrome on windows (54ac5c93c3f764696d1cd5472e877a1e)] -&gt; xpath: //a[contains(@class,&apos;btn  btn-block &apos;)]]
Session ID: 54ac5c93c3f764696d1cd5472e877a1e
	at org.openqa.selenium.remote.codec.w3c.W3CHttpResponseCodec.createException(W3CHttpResponseCodec.java:200)
	at org.openqa.selenium.remote.codec.w3c.W3CHttpResponseCodec.decode(W3CHttpResponseCodec.java:133)
	at org.openqa.selenium.remote.codec.w3c.W3CHttpResponseCodec.decode(W3CHttpResponseCodec.java:52)
	at org.openqa.selenium.remote.HttpCommandExecutor.execute(HttpCommandExecutor.java:191)
	at org.openqa.selenium.remote.service.DriverCommandExecutor.invokeExecute(DriverCommandExecutor.java:196)
	at org.openqa.selenium.remote.service.DriverCommandExecutor.execute(DriverCommandExecutor.java:171)
	at org.openqa.selenium.remote.RemoteWebDriver.execute(RemoteWebDriver.java:602)
	at org.openqa.selenium.remote.RemoteWebElement.execute(RemoteWebElement.java:224)
	at org.openqa.selenium.remote.RemoteWebElement.click(RemoteWebElement.java:77)
	at org.openqa.selenium.support.pagefactory.internal.LocatingElementHandler.invoke(LocatingElementHandler.java:51)
	at jdk.proxy2/jdk.proxy2.$Proxy19.click(Unknown Source)
	at com.providio.pageObjects.miniCartPage.clickviewCartButton(miniCartPage.java:59)
	at com.providio.paymentProccess.tc__CheckOutProcess.checkoutprocess(tc__CheckOutProcess.java:49)
	at com.GuestUserWith_CreditCard.tc__PickUpStore_Guest_CC.paypalFromCheckoutPage(tc__PickUpStore_Guest_CC.java:54)
	at java.base/java.util.ArrayList.forEach(ArrayList.java:1511)
... Removed 35 stack frames</div></td></tr></table><p class="totop"><a href="#summary">back to summary</a></p>
<h3 id="m14">com.GuestUserWith_CreditCard.tc__ShippingAndBillingAddressDiffer_Guest_InCc#shippingAndBillingAddressDiffer_Guest</h3><table class="result"><tr><th>Exception</th></tr><tr><td><div class="stacktrace">org.openqa.selenium.ElementClickInterceptedException: element click intercepted: Element &lt;a href=&quot;https://zzqi-002.dx.commercecloud.salesforce.com/on/demandware.store/Sites-RefArch-Site/en_US/Cart-Show&quot; class=&quot;btn  btn-block checkout-btn btn-outline-primary disabled&quot; role=&quot;button&quot;&gt;...&lt;/a&gt; is not clickable at point (1716, 773). Other element would receive the click: &lt;div class=&quot;mb-3 view-cart&quot;&gt;...&lt;/div&gt;
  (Session info: chrome=117.0.5938.63)
Build info: version: &apos;4.12.0&apos;, revision: &apos;249f2a7d1b*&apos;
System info: os.name: &apos;Windows 10&apos;, os.arch: &apos;amd64&apos;, os.version: &apos;10.0&apos;, java.version: &apos;17.0.2&apos;
Driver info: org.openqa.selenium.chrome.ChromeDriver
Command: [54ac5c93c3f764696d1cd5472e877a1e, clickElement {id=D0F7A424311E606ACF4662C281723F88_element_4826}]
Capabilities {acceptInsecureCerts: false, browserName: chrome, browserVersion: 117.0.5938.63, chrome: {chromedriverVersion: 117.0.5938.62 (25a7172909a4..., userDataDir: C:\Users\user\AppData\Local...}, fedcm:accounts: true, goog:chromeOptions: {debuggerAddress: localhost:52889}, networkConnectionEnabled: false, pageLoadStrategy: normal, platformName: windows, proxy: Proxy(), se:cdp: ws://localhost:52889/devtoo..., se:cdpVersion: 117.0.5938.63, setWindowRect: true, strictFileInteractability: false, timeouts: {implicit: 0, pageLoad: 300000, script: 30000}, unhandledPromptBehavior: dismiss and notify, webauthn:extension:credBlob: true, webauthn:extension:largeBlob: true, webauthn:extension:minPinLength: true, webauthn:extension:prf: true, webauthn:virtualAuthenticators: true}
Element: [[ChromeDriver: chrome on windows (54ac5c93c3f764696d1cd5472e877a1e)] -&gt; xpath: //a[contains(@class,&apos;btn  btn-block &apos;)]]
Session ID: 54ac5c93c3f764696d1cd5472e877a1e
	at org.openqa.selenium.remote.codec.w3c.W3CHttpResponseCodec.createException(W3CHttpResponseCodec.java:200)
	at org.openqa.selenium.remote.codec.w3c.W3CHttpResponseCodec.decode(W3CHttpResponseCodec.java:133)
	at org.openqa.selenium.remote.codec.w3c.W3CHttpResponseCodec.decode(W3CHttpResponseCodec.java:52)
	at org.openqa.selenium.remote.HttpCommandExecutor.execute(HttpCommandExecutor.java:191)
	at org.openqa.selenium.remote.service.DriverCommandExecutor.invokeExecute(DriverCommandExecutor.java:196)
	at org.openqa.selenium.remote.service.DriverCommandExecutor.execute(DriverCommandExecutor.java:171)
	at org.openqa.selenium.remote.RemoteWebDriver.execute(RemoteWebDriver.java:602)
	at org.openqa.selenium.remote.RemoteWebElement.execute(RemoteWebElement.java:224)
	at org.openqa.selenium.remote.RemoteWebElement.click(RemoteWebElement.java:77)
	at org.openqa.selenium.support.pagefactory.internal.LocatingElementHandler.invoke(LocatingElementHandler.java:51)
	at jdk.proxy2/jdk.proxy2.$Proxy19.click(Unknown Source)
	at com.providio.pageObjects.miniCartPage.clickviewCartButton(miniCartPage.java:59)
	at com.providio.paymentProccess.tc__CheckOutProcess.checkoutprocess(tc__CheckOutProcess.java:49)
	at com.GuestUserWith_CreditCard.tc__ShippingAndBillingAddressDiffer_Guest_InCc.shippingAndBillingAddressDiffer_Guest(tc__ShippingAndBillingAddressDiffer_Guest_InCc.java:72)
	at java.base/java.util.ArrayList.forEach(ArrayList.java:1511)
... Removed 34 stack frames</div></td></tr></table><p class="totop"><a href="#summary">back to summary</a></p>
<h3 id="m15">com.GuestUserWith_CreditCard.tc__SimpleProductForGuestUser_InCC#simpleProduct</h3><table class="result"><tr><th>Exception</th></tr><tr><td><div class="stacktrace">org.openqa.selenium.ElementClickInterceptedException: element click intercepted: Element &lt;a href=&quot;https://zzqi-002.dx.commercecloud.salesforce.com/on/demandware.store/Sites-RefArch-Site/en_US/Cart-Show&quot; class=&quot;btn  btn-block checkout-btn btn-outline-primary disabled&quot; role=&quot;button&quot;&gt;...&lt;/a&gt; is not clickable at point (1716, 773). Other element would receive the click: &lt;div class=&quot;mb-3 view-cart&quot;&gt;...&lt;/div&gt;
  (Session info: chrome=117.0.5938.63)
Build info: version: &apos;4.12.0&apos;, revision: &apos;249f2a7d1b*&apos;
System info: os.name: &apos;Windows 10&apos;, os.arch: &apos;amd64&apos;, os.version: &apos;10.0&apos;, java.version: &apos;17.0.2&apos;
Driver info: org.openqa.selenium.chrome.ChromeDriver
Command: [54ac5c93c3f764696d1cd5472e877a1e, clickElement {id=A0070B6F1140F907DE5707D3C5864571_element_6145}]
Capabilities {acceptInsecureCerts: false, browserName: chrome, browserVersion: 117.0.5938.63, chrome: {chromedriverVersion: 117.0.5938.62 (25a7172909a4..., userDataDir: C:\Users\user\AppData\Local...}, fedcm:accounts: true, goog:chromeOptions: {debuggerAddress: localhost:52889}, networkConnectionEnabled: false, pageLoadStrategy: normal, platformName: windows, proxy: Proxy(), se:cdp: ws://localhost:52889/devtoo..., se:cdpVersion: 117.0.5938.63, setWindowRect: true, strictFileInteractability: false, timeouts: {implicit: 0, pageLoad: 300000, script: 30000}, unhandledPromptBehavior: dismiss and notify, webauthn:extension:credBlob: true, webauthn:extension:largeBlob: true, webauthn:extension:minPinLength: true, webauthn:extension:prf: true, webauthn:virtualAuthenticators: true}
Element: [[ChromeDriver: chrome on windows (54ac5c93c3f764696d1cd5472e877a1e)] -&gt; xpath: //a[contains(@class,&apos;btn  btn-block &apos;)]]
Session ID: 54ac5c93c3f764696d1cd5472e877a1e
	at org.openqa.selenium.remote.codec.w3c.W3CHttpResponseCodec.createException(W3CHttpResponseCodec.java:200)
	at org.openqa.selenium.remote.codec.w3c.W3CHttpResponseCodec.decode(W3CHttpResponseCodec.java:133)
	at org.openqa.selenium.remote.codec.w3c.W3CHttpResponseCodec.decode(W3CHttpResponseCodec.java:52)
	at org.openqa.selenium.remote.HttpCommandExecutor.execute(HttpCommandExecutor.java:191)
	at org.openqa.selenium.remote.service.DriverCommandExecutor.invokeExecute(DriverCommandExecutor.java:196)
	at org.openqa.selenium.remote.service.DriverCommandExecutor.execute(DriverCommandExecutor.java:171)
	at org.openqa.selenium.remote.RemoteWebDriver.execute(RemoteWebDriver.java:602)
	at org.openqa.selenium.remote.RemoteWebElement.execute(RemoteWebElement.java:224)
	at org.openqa.selenium.remote.RemoteWebElement.click(RemoteWebElement.java:77)
	at org.openqa.selenium.support.pagefactory.internal.LocatingElementHandler.invoke(LocatingElementHandler.java:51)
	at jdk.proxy2/jdk.proxy2.$Proxy19.click(Unknown Source)
	at com.providio.pageObjects.miniCartPage.clickviewCartButton(miniCartPage.java:59)
	at com.providio.paymentProccess.tc__CheckOutProcess.checkoutprocess(tc__CheckOutProcess.java:49)
	at com.GuestUserWith_CreditCard.tc__SimpleProductForGuestUser_InCC.simpleProduct(tc__SimpleProductForGuestUser_InCC.java:65)
	at java.base/java.util.ArrayList.forEach(ArrayList.java:1511)
... Removed 34 stack frames</div></td></tr></table><p class="totop"><a href="#summary">back to summary</a></p>
<h3 id="m16">com.GuestUserWith_CreditCard.tc__SimpleProductsAndBundle_Gc_InCC#simpleProducts_Bundle_Gc</h3><table class="result"><tr><th>Exception</th></tr><tr><td><div class="stacktrace">org.openqa.selenium.ElementClickInterceptedException: element click intercepted: Element &lt;a href=&quot;https://zzqi-002.dx.commercecloud.salesforce.com/on/demandware.store/Sites-RefArch-Site/en_US/Cart-Show&quot; class=&quot;btn  btn-block checkout-btn btn-outline-primary disabled&quot; role=&quot;button&quot;&gt;...&lt;/a&gt; is not clickable at point (1716, 773). Other element would receive the click: &lt;div class=&quot;mb-3 view-cart&quot;&gt;...&lt;/div&gt;
  (Session info: chrome=117.0.5938.63)
Build info: version: &apos;4.12.0&apos;, revision: &apos;249f2a7d1b*&apos;
System info: os.name: &apos;Windows 10&apos;, os.arch: &apos;amd64&apos;, os.version: &apos;10.0&apos;, java.version: &apos;17.0.2&apos;
Driver info: org.openqa.selenium.chrome.ChromeDriver
Command: [54ac5c93c3f764696d1cd5472e877a1e, clickElement {id=0B23F82D0D6F1AB2DD03E136BDDC75AF_element_6713}]
Capabilities {acceptInsecureCerts: false, browserName: chrome, browserVersion: 117.0.5938.63, chrome: {chromedriverVersion: 117.0.5938.62 (25a7172909a4..., userDataDir: C:\Users\user\AppData\Local...}, fedcm:accounts: true, goog:chromeOptions: {debuggerAddress: localhost:52889}, networkConnectionEnabled: false, pageLoadStrategy: normal, platformName: windows, proxy: Proxy(), se:cdp: ws://localhost:52889/devtoo..., se:cdpVersion: 117.0.5938.63, setWindowRect: true, strictFileInteractability: false, timeouts: {implicit: 0, pageLoad: 300000, script: 30000}, unhandledPromptBehavior: dismiss and notify, webauthn:extension:credBlob: true, webauthn:extension:largeBlob: true, webauthn:extension:minPinLength: true, webauthn:extension:prf: true, webauthn:virtualAuthenticators: true}
Element: [[ChromeDriver: chrome on windows (54ac5c93c3f764696d1cd5472e877a1e)] -&gt; xpath: //a[contains(@class,&apos;btn  btn-block &apos;)]]
Session ID: 54ac5c93c3f764696d1cd5472e877a1e
	at org.openqa.selenium.remote.codec.w3c.W3CHttpResponseCodec.createException(W3CHttpResponseCodec.java:200)
	at org.openqa.selenium.remote.codec.w3c.W3CHttpResponseCodec.decode(W3CHttpResponseCodec.java:133)
	at org.openqa.selenium.remote.codec.w3c.W3CHttpResponseCodec.decode(W3CHttpResponseCodec.java:52)
	at org.openqa.selenium.remote.HttpCommandExecutor.execute(HttpCommandExecutor.java:191)
	at org.openqa.selenium.remote.service.DriverCommandExecutor.invokeExecute(DriverCommandExecutor.java:196)
	at org.openqa.selenium.remote.service.DriverCommandExecutor.execute(DriverCommandExecutor.java:171)
	at org.openqa.selenium.remote.RemoteWebDriver.execute(RemoteWebDriver.java:602)
	at org.openqa.selenium.remote.RemoteWebElement.execute(RemoteWebElement.java:224)
	at org.openqa.selenium.remote.RemoteWebElement.click(RemoteWebElement.java:77)
	at org.openqa.selenium.support.pagefactory.internal.LocatingElementHandler.invoke(LocatingElementHandler.java:51)
	at jdk.proxy2/jdk.proxy2.$Proxy19.click(Unknown Source)
	at com.providio.pageObjects.miniCartPage.clickviewCartButton(miniCartPage.java:59)
	at com.providio.paymentProccess.tc__CheckOutProcess.checkoutprocess(tc__CheckOutProcess.java:49)
	at com.GuestUserWith_CreditCard.tc__SimpleProductsAndBundle_Gc_InCC.simpleProducts_Bundle_Gc(tc__SimpleProductsAndBundle_Gc_InCC.java:76)
	at java.base/java.util.ArrayList.forEach(ArrayList.java:1511)
... Removed 34 stack frames</div></td></tr></table><p class="totop"><a href="#summary">back to summary</a></p>
<h3 id="m17">com.GuestUserWith_CreditCard.tc__VariationProductForGuestUser_InCC#variationProduct</h3><table class="result"><tr><th>Exception</th></tr><tr><td><div class="stacktrace">org.openqa.selenium.ElementClickInterceptedException: element click intercepted: Element &lt;a href=&quot;https://zzqi-002.dx.commercecloud.salesforce.com/on/demandware.store/Sites-RefArch-Site/en_US/Cart-Show&quot; class=&quot;btn  btn-block checkout-btn btn-outline-primary disabled&quot; role=&quot;button&quot;&gt;...&lt;/a&gt; is not clickable at point (1716, 773). Other element would receive the click: &lt;div class=&quot;mb-3 view-cart&quot;&gt;...&lt;/div&gt;
  (Session info: chrome=117.0.5938.63)
Build info: version: &apos;4.12.0&apos;, revision: &apos;249f2a7d1b*&apos;
System info: os.name: &apos;Windows 10&apos;, os.arch: &apos;amd64&apos;, os.version: &apos;10.0&apos;, java.version: &apos;17.0.2&apos;
Driver info: org.openqa.selenium.chrome.ChromeDriver
Command: [54ac5c93c3f764696d1cd5472e877a1e, clickElement {id=BF1B8AA95ADA282C2CBE5138BF104F16_element_6971}]
Capabilities {acceptInsecureCerts: false, browserName: chrome, browserVersion: 117.0.5938.63, chrome: {chromedriverVersion: 117.0.5938.62 (25a7172909a4..., userDataDir: C:\Users\user\AppData\Local...}, fedcm:accounts: true, goog:chromeOptions: {debuggerAddress: localhost:52889}, networkConnectionEnabled: false, pageLoadStrategy: normal, platformName: windows, proxy: Proxy(), se:cdp: ws://localhost:52889/devtoo..., se:cdpVersion: 117.0.5938.63, setWindowRect: true, strictFileInteractability: false, timeouts: {implicit: 0, pageLoad: 300000, script: 30000}, unhandledPromptBehavior: dismiss and notify, webauthn:extension:credBlob: true, webauthn:extension:largeBlob: true, webauthn:extension:minPinLength: true, webauthn:extension:prf: true, webauthn:virtualAuthenticators: true}
Element: [[ChromeDriver: chrome on windows (54ac5c93c3f764696d1cd5472e877a1e)] -&gt; xpath: //a[contains(@class,&apos;btn  btn-block &apos;)]]
Session ID: 54ac5c93c3f764696d1cd5472e877a1e
	at org.openqa.selenium.remote.codec.w3c.W3CHttpResponseCodec.createException(W3CHttpResponseCodec.java:200)
	at org.openqa.selenium.remote.codec.w3c.W3CHttpResponseCodec.decode(W3CHttpResponseCodec.java:133)
	at org.openqa.selenium.remote.codec.w3c.W3CHttpResponseCodec.decode(W3CHttpResponseCodec.java:52)
	at org.openqa.selenium.remote.HttpCommandExecutor.execute(HttpCommandExecutor.java:191)
	at org.openqa.selenium.remote.service.DriverCommandExecutor.invokeExecute(DriverCommandExecutor.java:196)
	at org.openqa.selenium.remote.service.DriverCommandExecutor.execute(DriverCommandExecutor.java:171)
	at org.openqa.selenium.remote.RemoteWebDriver.execute(RemoteWebDriver.java:602)
	at org.openqa.selenium.remote.RemoteWebElement.execute(RemoteWebElement.java:224)
	at org.openqa.selenium.remote.RemoteWebElement.click(RemoteWebElement.java:77)
	at org.openqa.selenium.support.pagefactory.internal.LocatingElementHandler.invoke(LocatingElementHandler.java:51)
	at jdk.proxy2/jdk.proxy2.$Proxy19.click(Unknown Source)
	at com.providio.pageObjects.miniCartPage.clickviewCartButton(miniCartPage.java:59)
	at com.providio.paymentProccess.tc__CheckOutProcess.checkoutprocess(tc__CheckOutProcess.java:49)
	at com.GuestUserWith_CreditCard.tc__VariationProductForGuestUser_InCC.variationProduct(tc__VariationProductForGuestUser_InCC.java:66)
	at java.base/java.util.ArrayList.forEach(ArrayList.java:1511)
... Removed 34 stack frames</div></td></tr></table><p class="totop"><a href="#summary">back to summary</a></p>
<h3 id="m18">com.GuestUserWith_CreditCard.tc__simpleProductAndGc_InCC#simpleProduct_Gc</h3><table class="result"><tr><th>Exception</th></tr><tr><td><div class="stacktrace">org.openqa.selenium.ElementClickInterceptedException: element click intercepted: Element &lt;a href=&quot;https://zzqi-002.dx.commercecloud.salesforce.com/on/demandware.store/Sites-RefArch-Site/en_US/Cart-Show&quot; class=&quot;btn  btn-block checkout-btn btn-outline-primary disabled&quot; role=&quot;button&quot;&gt;...&lt;/a&gt; is not clickable at point (1716, 773). Other element would receive the click: &lt;div class=&quot;mb-3 view-cart&quot;&gt;...&lt;/div&gt;
  (Session info: chrome=117.0.5938.63)
Build info: version: &apos;4.12.0&apos;, revision: &apos;249f2a7d1b*&apos;
System info: os.name: &apos;Windows 10&apos;, os.arch: &apos;amd64&apos;, os.version: &apos;10.0&apos;, java.version: &apos;17.0.2&apos;
Driver info: org.openqa.selenium.chrome.ChromeDriver
Command: [54ac5c93c3f764696d1cd5472e877a1e, clickElement {id=4AAC57D79CAB962880BAD107687DD44B_element_5638}]
Capabilities {acceptInsecureCerts: false, browserName: chrome, browserVersion: 117.0.5938.63, chrome: {chromedriverVersion: 117.0.5938.62 (25a7172909a4..., userDataDir: C:\Users\user\AppData\Local...}, fedcm:accounts: true, goog:chromeOptions: {debuggerAddress: localhost:52889}, networkConnectionEnabled: false, pageLoadStrategy: normal, platformName: windows, proxy: Proxy(), se:cdp: ws://localhost:52889/devtoo..., se:cdpVersion: 117.0.5938.63, setWindowRect: true, strictFileInteractability: false, timeouts: {implicit: 0, pageLoad: 300000, script: 30000}, unhandledPromptBehavior: dismiss and notify, webauthn:extension:credBlob: true, webauthn:extension:largeBlob: true, webauthn:extension:minPinLength: true, webauthn:extension:prf: true, webauthn:virtualAuthenticators: true}
Element: [[ChromeDriver: chrome on windows (54ac5c93c3f764696d1cd5472e877a1e)] -&gt; xpath: //a[contains(@class,&apos;btn  btn-block &apos;)]]
Session ID: 54ac5c93c3f764696d1cd5472e877a1e
	at org.openqa.selenium.remote.codec.w3c.W3CHttpResponseCodec.createException(W3CHttpResponseCodec.java:200)
	at org.openqa.selenium.remote.codec.w3c.W3CHttpResponseCodec.decode(W3CHttpResponseCodec.java:133)
	at org.openqa.selenium.remote.codec.w3c.W3CHttpResponseCodec.decode(W3CHttpResponseCodec.java:52)
	at org.openqa.selenium.remote.HttpCommandExecutor.execute(HttpCommandExecutor.java:191)
	at org.openqa.selenium.remote.service.DriverCommandExecutor.invokeExecute(DriverCommandExecutor.java:196)
	at org.openqa.selenium.remote.service.DriverCommandExecutor.execute(DriverCommandExecutor.java:171)
	at org.openqa.selenium.remote.RemoteWebDriver.execute(RemoteWebDriver.java:602)
	at org.openqa.selenium.remote.RemoteWebElement.execute(RemoteWebElement.java:224)
	at org.openqa.selenium.remote.RemoteWebElement.click(RemoteWebElement.java:77)
	at org.openqa.selenium.support.pagefactory.internal.LocatingElementHandler.invoke(LocatingElementHandler.java:51)
	at jdk.proxy2/jdk.proxy2.$Proxy19.click(Unknown Source)
	at com.providio.pageObjects.miniCartPage.clickviewCartButton(miniCartPage.java:59)
	at com.providio.paymentProccess.tc__CheckOutProcess.checkoutprocess(tc__CheckOutProcess.java:49)
	at com.GuestUserWith_CreditCard.tc__simpleProductAndGc_InCC.simpleProduct_Gc(tc__simpleProductAndGc_InCC.java:74)
	at java.base/java.util.ArrayList.forEach(ArrayList.java:1511)
... Removed 34 stack frames</div></td></tr></table><p class="totop"><a href="#summary">back to summary</a></p>
<h3 id="m19">com.GuestUserWith_GcAndCC.tc__BundleProductForGuestUser_InGcAndCc#bundleProduct</h3><table class="result"><tr><th>Exception</th></tr><tr><td><div class="stacktrace">org.openqa.selenium.ElementClickInterceptedException: element click intercepted: Element &lt;a href=&quot;https://zzqi-002.dx.commercecloud.salesforce.com/on/demandware.store/Sites-RefArch-Site/en_US/Cart-Show&quot; class=&quot;btn  btn-block checkout-btn btn-outline-primary disabled&quot; role=&quot;button&quot;&gt;...&lt;/a&gt; is not clickable at point (1716, 773). Other element would receive the click: &lt;div class=&quot;mb-3 view-cart&quot;&gt;...&lt;/div&gt;
  (Session info: chrome=117.0.5938.63)
Build info: version: &apos;4.12.0&apos;, revision: &apos;249f2a7d1b*&apos;
System info: os.name: &apos;Windows 10&apos;, os.arch: &apos;amd64&apos;, os.version: &apos;10.0&apos;, java.version: &apos;17.0.2&apos;
Driver info: org.openqa.selenium.chrome.ChromeDriver
Command: [54ac5c93c3f764696d1cd5472e877a1e, clickElement {id=CE3032CABF29BFF4226E7D3636F1C054_element_899}]
Capabilities {acceptInsecureCerts: false, browserName: chrome, browserVersion: 117.0.5938.63, chrome: {chromedriverVersion: 117.0.5938.62 (25a7172909a4..., userDataDir: C:\Users\user\AppData\Local...}, fedcm:accounts: true, goog:chromeOptions: {debuggerAddress: localhost:52889}, networkConnectionEnabled: false, pageLoadStrategy: normal, platformName: windows, proxy: Proxy(), se:cdp: ws://localhost:52889/devtoo..., se:cdpVersion: 117.0.5938.63, setWindowRect: true, strictFileInteractability: false, timeouts: {implicit: 0, pageLoad: 300000, script: 30000}, unhandledPromptBehavior: dismiss and notify, webauthn:extension:credBlob: true, webauthn:extension:largeBlob: true, webauthn:extension:minPinLength: true, webauthn:extension:prf: true, webauthn:virtualAuthenticators: true}
Element: [[ChromeDriver: chrome on windows (54ac5c93c3f764696d1cd5472e877a1e)] -&gt; xpath: //a[contains(@class,&apos;btn  btn-block &apos;)]]
Session ID: 54ac5c93c3f764696d1cd5472e877a1e
	at org.openqa.selenium.remote.codec.w3c.W3CHttpResponseCodec.createException(W3CHttpResponseCodec.java:200)
	at org.openqa.selenium.remote.codec.w3c.W3CHttpResponseCodec.decode(W3CHttpResponseCodec.java:133)
	at org.openqa.selenium.remote.codec.w3c.W3CHttpResponseCodec.decode(W3CHttpResponseCodec.java:52)
	at org.openqa.selenium.remote.HttpCommandExecutor.execute(HttpCommandExecutor.java:191)
	at org.openqa.selenium.remote.service.DriverCommandExecutor.invokeExecute(DriverCommandExecutor.java:196)
	at org.openqa.selenium.remote.service.DriverCommandExecutor.execute(DriverCommandExecutor.java:171)
	at org.openqa.selenium.remote.RemoteWebDriver.execute(RemoteWebDriver.java:602)
	at org.openqa.selenium.remote.RemoteWebElement.execute(RemoteWebElement.java:224)
	at org.openqa.selenium.remote.RemoteWebElement.click(RemoteWebElement.java:77)
	at org.openqa.selenium.support.pagefactory.internal.LocatingElementHandler.invoke(LocatingElementHandler.java:51)
	at jdk.proxy2/jdk.proxy2.$Proxy19.click(Unknown Source)
	at com.providio.pageObjects.miniCartPage.clickviewCartButton(miniCartPage.java:59)
	at com.providio.paymentProccess.tc__CheckOutProcess.checkoutprocess(tc__CheckOutProcess.java:49)
	at com.GuestUserWith_GcAndCC.tc__BundleProductForGuestUser_InGcAndCc.bundleProduct(tc__BundleProductForGuestUser_InGcAndCc.java:69)
	at java.base/java.util.ArrayList.forEach(ArrayList.java:1511)
... Removed 36 stack frames</div></td></tr></table><p class="totop"><a href="#summary">back to summary</a></p>
<h3 id="m20">com.GuestUserWith_GcAndCC.tc__Bundle_GcAndAllPromotions_Guest_InGcAndCC#bundle_GcAndAllPromotions</h3><table class="result"><tr><th>Exception</th></tr><tr><td><div class="stacktrace">org.openqa.selenium.ElementClickInterceptedException: element click intercepted: Element &lt;a href=&quot;https://zzqi-002.dx.commercecloud.salesforce.com/on/demandware.store/Sites-RefArch-Site/en_US/Cart-Show&quot; class=&quot;btn  btn-block checkout-btn btn-outline-primary disabled&quot; role=&quot;button&quot;&gt;...&lt;/a&gt; is not clickable at point (1716, 773). Other element would receive the click: &lt;div class=&quot;mb-3 view-cart&quot;&gt;...&lt;/div&gt;
  (Session info: chrome=117.0.5938.63)
Build info: version: &apos;4.12.0&apos;, revision: &apos;249f2a7d1b*&apos;
System info: os.name: &apos;Windows 10&apos;, os.arch: &apos;amd64&apos;, os.version: &apos;10.0&apos;, java.version: &apos;17.0.2&apos;
Driver info: org.openqa.selenium.chrome.ChromeDriver
Command: [54ac5c93c3f764696d1cd5472e877a1e, clickElement {id=AEDAE8E050A1F17967E23DFB5B6DB7A4_element_1807}]
Capabilities {acceptInsecureCerts: false, browserName: chrome, browserVersion: 117.0.5938.63, chrome: {chromedriverVersion: 117.0.5938.62 (25a7172909a4..., userDataDir: C:\Users\user\AppData\Local...}, fedcm:accounts: true, goog:chromeOptions: {debuggerAddress: localhost:52889}, networkConnectionEnabled: false, pageLoadStrategy: normal, platformName: windows, proxy: Proxy(), se:cdp: ws://localhost:52889/devtoo..., se:cdpVersion: 117.0.5938.63, setWindowRect: true, strictFileInteractability: false, timeouts: {implicit: 0, pageLoad: 300000, script: 30000}, unhandledPromptBehavior: dismiss and notify, webauthn:extension:credBlob: true, webauthn:extension:largeBlob: true, webauthn:extension:minPinLength: true, webauthn:extension:prf: true, webauthn:virtualAuthenticators: true}
Element: [[ChromeDriver: chrome on windows (54ac5c93c3f764696d1cd5472e877a1e)] -&gt; xpath: //a[contains(@class,&apos;btn  btn-block &apos;)]]
Session ID: 54ac5c93c3f764696d1cd5472e877a1e
	at org.openqa.selenium.remote.codec.w3c.W3CHttpResponseCodec.createException(W3CHttpResponseCodec.java:200)
	at org.openqa.selenium.remote.codec.w3c.W3CHttpResponseCodec.decode(W3CHttpResponseCodec.java:133)
	at org.openqa.selenium.remote.codec.w3c.W3CHttpResponseCodec.decode(W3CHttpResponseCodec.java:52)
	at org.openqa.selenium.remote.HttpCommandExecutor.execute(HttpCommandExecutor.java:191)
	at org.openqa.selenium.remote.service.DriverCommandExecutor.invokeExecute(DriverCommandExecutor.java:196)
	at org.openqa.selenium.remote.service.DriverCommandExecutor.execute(DriverCommandExecutor.java:171)
	at org.openqa.selenium.remote.RemoteWebDriver.execute(RemoteWebDriver.java:602)
	at org.openqa.selenium.remote.RemoteWebElement.execute(RemoteWebElement.java:224)
	at org.openqa.selenium.remote.RemoteWebElement.click(RemoteWebElement.java:77)
	at org.openqa.selenium.support.pagefactory.internal.LocatingElementHandler.invoke(LocatingElementHandler.java:51)
	at jdk.proxy2/jdk.proxy2.$Proxy19.click(Unknown Source)
	at com.providio.pageObjects.miniCartPage.clickviewCartButton(miniCartPage.java:59)
	at com.providio.paymentProccess.tc__CheckOutProcess.checkoutprocess(tc__CheckOutProcess.java:49)
	at com.GuestUserWith_GcAndCC.tc__Bundle_GcAndAllPromotions_Guest_InGcAndCC.bundle_GcAndAllPromotions(tc__Bundle_GcAndAllPromotions_Guest_InGcAndCC.java:79)
	at java.base/java.util.ArrayList.forEach(ArrayList.java:1511)
... Removed 35 stack frames</div></td></tr></table><p class="totop"><a href="#summary">back to summary</a></p>
<h3 id="m21">com.GuestUserWith_GcAndCC.tc__OrderByGC_CC_GuestUser#paypalFromCheckoutPage</h3><table class="result"><tr><th>Exception</th></tr><tr><td><div class="stacktrace">org.openqa.selenium.ElementClickInterceptedException: element click intercepted: Element &lt;a href=&quot;https://zzqi-002.dx.commercecloud.salesforce.com/on/demandware.store/Sites-RefArch-Site/en_US/Cart-Show&quot; class=&quot;btn  btn-block checkout-btn btn-outline-primary disabled&quot; role=&quot;button&quot;&gt;...&lt;/a&gt; is not clickable at point (1716, 773). Other element would receive the click: &lt;div class=&quot;mb-3 view-cart&quot;&gt;...&lt;/div&gt;
  (Session info: chrome=117.0.5938.63)
Build info: version: &apos;4.12.0&apos;, revision: &apos;249f2a7d1b*&apos;
System info: os.name: &apos;Windows 10&apos;, os.arch: &apos;amd64&apos;, os.version: &apos;10.0&apos;, java.version: &apos;17.0.2&apos;
Driver info: org.openqa.selenium.chrome.ChromeDriver
Command: [54ac5c93c3f764696d1cd5472e877a1e, clickElement {id=DF42B6CB88E6F0B218B12E3CB08F5586_element_2643}]
Capabilities {acceptInsecureCerts: false, browserName: chrome, browserVersion: 117.0.5938.63, chrome: {chromedriverVersion: 117.0.5938.62 (25a7172909a4..., userDataDir: C:\Users\user\AppData\Local...}, fedcm:accounts: true, goog:chromeOptions: {debuggerAddress: localhost:52889}, networkConnectionEnabled: false, pageLoadStrategy: normal, platformName: windows, proxy: Proxy(), se:cdp: ws://localhost:52889/devtoo..., se:cdpVersion: 117.0.5938.63, setWindowRect: true, strictFileInteractability: false, timeouts: {implicit: 0, pageLoad: 300000, script: 30000}, unhandledPromptBehavior: dismiss and notify, webauthn:extension:credBlob: true, webauthn:extension:largeBlob: true, webauthn:extension:minPinLength: true, webauthn:extension:prf: true, webauthn:virtualAuthenticators: true}
Element: [[ChromeDriver: chrome on windows (54ac5c93c3f764696d1cd5472e877a1e)] -&gt; xpath: //a[contains(@class,&apos;btn  btn-block &apos;)]]
Session ID: 54ac5c93c3f764696d1cd5472e877a1e
	at org.openqa.selenium.remote.codec.w3c.W3CHttpResponseCodec.createException(W3CHttpResponseCodec.java:200)
	at org.openqa.selenium.remote.codec.w3c.W3CHttpResponseCodec.decode(W3CHttpResponseCodec.java:133)
	at org.openqa.selenium.remote.codec.w3c.W3CHttpResponseCodec.decode(W3CHttpResponseCodec.java:52)
	at org.openqa.selenium.remote.HttpCommandExecutor.execute(HttpCommandExecutor.java:191)
	at org.openqa.selenium.remote.service.DriverCommandExecutor.invokeExecute(DriverCommandExecutor.java:196)
	at org.openqa.selenium.remote.service.DriverCommandExecutor.execute(DriverCommandExecutor.java:171)
	at org.openqa.selenium.remote.RemoteWebDriver.execute(RemoteWebDriver.java:602)
	at org.openqa.selenium.remote.RemoteWebElement.execute(RemoteWebElement.java:224)
	at org.openqa.selenium.remote.RemoteWebElement.click(RemoteWebElement.java:77)
	at org.openqa.selenium.support.pagefactory.internal.LocatingElementHandler.invoke(LocatingElementHandler.java:51)
	at jdk.proxy2/jdk.proxy2.$Proxy19.click(Unknown Source)
	at com.providio.pageObjects.miniCartPage.clickviewCartButton(miniCartPage.java:59)
	at com.providio.paymentProccess.tc__CheckOutProcess.checkoutprocess(tc__CheckOutProcess.java:49)
	at com.GuestUserWith_GcAndCC.tc__OrderByGC_CC_GuestUser.paypalFromCheckoutPage(tc__OrderByGC_CC_GuestUser.java:25)
	at java.base/java.util.ArrayList.forEach(ArrayList.java:1511)
... Removed 35 stack frames</div></td></tr></table><p class="totop"><a href="#summary">back to summary</a></p>
<h3 id="m22">com.GuestUserWith_GcAndCC.tc__PickUpStore_Guest_InGcAndCC#paypalFromCheckoutPage</h3><table class="result"><tr><th>Exception</th></tr><tr><td><div class="stacktrace">org.openqa.selenium.ElementClickInterceptedException: element click intercepted: Element &lt;a href=&quot;https://zzqi-002.dx.commercecloud.salesforce.com/on/demandware.store/Sites-RefArch-Site/en_US/Cart-Show&quot; class=&quot;btn  btn-block checkout-btn btn-outline-primary disabled&quot; role=&quot;button&quot;&gt;...&lt;/a&gt; is not clickable at point (1716, 773). Other element would receive the click: &lt;div class=&quot;mb-3 view-cart&quot;&gt;...&lt;/div&gt;
  (Session info: chrome=117.0.5938.63)
Build info: version: &apos;4.12.0&apos;, revision: &apos;249f2a7d1b*&apos;
System info: os.name: &apos;Windows 10&apos;, os.arch: &apos;amd64&apos;, os.version: &apos;10.0&apos;, java.version: &apos;17.0.2&apos;
Driver info: org.openqa.selenium.chrome.ChromeDriver
Command: [54ac5c93c3f764696d1cd5472e877a1e, clickElement {id=A761E1201540CBFDD01976FC3F18B1A2_element_3333}]
Capabilities {acceptInsecureCerts: false, browserName: chrome, browserVersion: 117.0.5938.63, chrome: {chromedriverVersion: 117.0.5938.62 (25a7172909a4..., userDataDir: C:\Users\user\AppData\Local...}, fedcm:accounts: true, goog:chromeOptions: {debuggerAddress: localhost:52889}, networkConnectionEnabled: false, pageLoadStrategy: normal, platformName: windows, proxy: Proxy(), se:cdp: ws://localhost:52889/devtoo..., se:cdpVersion: 117.0.5938.63, setWindowRect: true, strictFileInteractability: false, timeouts: {implicit: 0, pageLoad: 300000, script: 30000}, unhandledPromptBehavior: dismiss and notify, webauthn:extension:credBlob: true, webauthn:extension:largeBlob: true, webauthn:extension:minPinLength: true, webauthn:extension:prf: true, webauthn:virtualAuthenticators: true}
Element: [[ChromeDriver: chrome on windows (54ac5c93c3f764696d1cd5472e877a1e)] -&gt; xpath: //a[contains(@class,&apos;btn  btn-block &apos;)]]
Session ID: 54ac5c93c3f764696d1cd5472e877a1e
	at org.openqa.selenium.remote.codec.w3c.W3CHttpResponseCodec.createException(W3CHttpResponseCodec.java:200)
	at org.openqa.selenium.remote.codec.w3c.W3CHttpResponseCodec.decode(W3CHttpResponseCodec.java:133)
	at org.openqa.selenium.remote.codec.w3c.W3CHttpResponseCodec.decode(W3CHttpResponseCodec.java:52)
	at org.openqa.selenium.remote.HttpCommandExecutor.execute(HttpCommandExecutor.java:191)
	at org.openqa.selenium.remote.service.DriverCommandExecutor.invokeExecute(DriverCommandExecutor.java:196)
	at org.openqa.selenium.remote.service.DriverCommandExecutor.execute(DriverCommandExecutor.java:171)
	at org.openqa.selenium.remote.RemoteWebDriver.execute(RemoteWebDriver.java:602)
	at org.openqa.selenium.remote.RemoteWebElement.execute(RemoteWebElement.java:224)
	at org.openqa.selenium.remote.RemoteWebElement.click(RemoteWebElement.java:77)
	at org.openqa.selenium.support.pagefactory.internal.LocatingElementHandler.invoke(LocatingElementHandler.java:51)
	at jdk.proxy2/jdk.proxy2.$Proxy19.click(Unknown Source)
	at com.providio.pageObjects.miniCartPage.clickviewCartButton(miniCartPage.java:59)
	at com.providio.paymentProccess.tc__CheckOutProcess.checkoutprocess(tc__CheckOutProcess.java:49)
	at com.GuestUserWith_GcAndCC.tc__PickUpStore_Guest_InGcAndCC.paypalFromCheckoutPage(tc__PickUpStore_Guest_InGcAndCC.java:50)
	at java.base/java.util.ArrayList.forEach(ArrayList.java:1511)
... Removed 35 stack frames</div></td></tr></table><p class="totop"><a href="#summary">back to summary</a></p>
<h3 id="m23">com.GuestUserWith_GcAndCC.tc__SimpleProductForGuestUser_InGcAndCC#simpleProduct</h3><table class="result"><tr><th>Exception</th></tr><tr><td><div class="stacktrace">org.openqa.selenium.ElementClickInterceptedException: element click intercepted: Element &lt;a href=&quot;https://zzqi-002.dx.commercecloud.salesforce.com/on/demandware.store/Sites-RefArch-Site/en_US/Cart-Show&quot; class=&quot;btn  btn-block checkout-btn btn-outline-primary disabled&quot; role=&quot;button&quot;&gt;...&lt;/a&gt; is not clickable at point (1716, 773). Other element would receive the click: &lt;div class=&quot;mb-3 view-cart&quot;&gt;...&lt;/div&gt;
  (Session info: chrome=117.0.5938.63)
Build info: version: &apos;4.12.0&apos;, revision: &apos;249f2a7d1b*&apos;
System info: os.name: &apos;Windows 10&apos;, os.arch: &apos;amd64&apos;, os.version: &apos;10.0&apos;, java.version: &apos;17.0.2&apos;
Driver info: org.openqa.selenium.chrome.ChromeDriver
Command: [54ac5c93c3f764696d1cd5472e877a1e, clickElement {id=20AD0250487FFEB702CC3ACFEFC87DCE_element_4556}]
Capabilities {acceptInsecureCerts: false, browserName: chrome, browserVersion: 117.0.5938.63, chrome: {chromedriverVersion: 117.0.5938.62 (25a7172909a4..., userDataDir: C:\Users\user\AppData\Local...}, fedcm:accounts: true, goog:chromeOptions: {debuggerAddress: localhost:52889}, networkConnectionEnabled: false, pageLoadStrategy: normal, platformName: windows, proxy: Proxy(), se:cdp: ws://localhost:52889/devtoo..., se:cdpVersion: 117.0.5938.63, setWindowRect: true, strictFileInteractability: false, timeouts: {implicit: 0, pageLoad: 300000, script: 30000}, unhandledPromptBehavior: dismiss and notify, webauthn:extension:credBlob: true, webauthn:extension:largeBlob: true, webauthn:extension:minPinLength: true, webauthn:extension:prf: true, webauthn:virtualAuthenticators: true}
Element: [[ChromeDriver: chrome on windows (54ac5c93c3f764696d1cd5472e877a1e)] -&gt; xpath: //a[contains(@class,&apos;btn  btn-block &apos;)]]
Session ID: 54ac5c93c3f764696d1cd5472e877a1e
	at org.openqa.selenium.remote.codec.w3c.W3CHttpResponseCodec.createException(W3CHttpResponseCodec.java:200)
	at org.openqa.selenium.remote.codec.w3c.W3CHttpResponseCodec.decode(W3CHttpResponseCodec.java:133)
	at org.openqa.selenium.remote.codec.w3c.W3CHttpResponseCodec.decode(W3CHttpResponseCodec.java:52)
	at org.openqa.selenium.remote.HttpCommandExecutor.execute(HttpCommandExecutor.java:191)
	at org.openqa.selenium.remote.service.DriverCommandExecutor.invokeExecute(DriverCommandExecutor.java:196)
	at org.openqa.selenium.remote.service.DriverCommandExecutor.execute(DriverCommandExecutor.java:171)
	at org.openqa.selenium.remote.RemoteWebDriver.execute(RemoteWebDriver.java:602)
	at org.openqa.selenium.remote.RemoteWebElement.execute(RemoteWebElement.java:224)
	at org.openqa.selenium.remote.RemoteWebElement.click(RemoteWebElement.java:77)
	at org.openqa.selenium.support.pagefactory.internal.LocatingElementHandler.invoke(LocatingElementHandler.java:51)
	at jdk.proxy2/jdk.proxy2.$Proxy19.click(Unknown Source)
	at com.providio.pageObjects.miniCartPage.clickviewCartButton(miniCartPage.java:59)
	at com.providio.paymentProccess.tc__CheckOutProcess.checkoutprocess(tc__CheckOutProcess.java:49)
	at com.GuestUserWith_GcAndCC.tc__SimpleProductForGuestUser_InGcAndCC.simpleProduct(tc__SimpleProductForGuestUser_InGcAndCC.java:66)
	at java.base/java.util.ArrayList.forEach(ArrayList.java:1511)
... Removed 34 stack frames</div></td></tr></table><p class="totop"><a href="#summary">back to summary</a></p>
<h3 id="m24">com.GuestUserWith_GcAndCC.tc__SimpleProducts_Bundle_Gc_InCcAndGc#simpleProducts_Bundle_Gc</h3><table class="result"><tr><th>Exception</th></tr><tr><td><div class="stacktrace">org.openqa.selenium.ElementClickInterceptedException: element click intercepted: Element &lt;a href=&quot;https://zzqi-002.dx.commercecloud.salesforce.com/on/demandware.store/Sites-RefArch-Site/en_US/Cart-Show&quot; class=&quot;btn  btn-block checkout-btn btn-outline-primary disabled&quot; role=&quot;button&quot;&gt;...&lt;/a&gt; is not clickable at point (1716, 773). Other element would receive the click: &lt;div class=&quot;mb-3 view-cart&quot;&gt;...&lt;/div&gt;
  (Session info: chrome=117.0.5938.63)
Build info: version: &apos;4.12.0&apos;, revision: &apos;249f2a7d1b*&apos;
System info: os.name: &apos;Windows 10&apos;, os.arch: &apos;amd64&apos;, os.version: &apos;10.0&apos;, java.version: &apos;17.0.2&apos;
Driver info: org.openqa.selenium.chrome.ChromeDriver
Command: [54ac5c93c3f764696d1cd5472e877a1e, clickElement {id=FFEA73C3AF749B44FDB3AF3E0417E7A0_element_5517}]
Capabilities {acceptInsecureCerts: false, browserName: chrome, browserVersion: 117.0.5938.63, chrome: {chromedriverVersion: 117.0.5938.62 (25a7172909a4..., userDataDir: C:\Users\user\AppData\Local...}, fedcm:accounts: true, goog:chromeOptions: {debuggerAddress: localhost:52889}, networkConnectionEnabled: false, pageLoadStrategy: normal, platformName: windows, proxy: Proxy(), se:cdp: ws://localhost:52889/devtoo..., se:cdpVersion: 117.0.5938.63, setWindowRect: true, strictFileInteractability: false, timeouts: {implicit: 0, pageLoad: 300000, script: 30000}, unhandledPromptBehavior: dismiss and notify, webauthn:extension:credBlob: true, webauthn:extension:largeBlob: true, webauthn:extension:minPinLength: true, webauthn:extension:prf: true, webauthn:virtualAuthenticators: true}
Element: [[ChromeDriver: chrome on windows (54ac5c93c3f764696d1cd5472e877a1e)] -&gt; xpath: //a[contains(@class,&apos;btn  btn-block &apos;)]]
Session ID: 54ac5c93c3f764696d1cd5472e877a1e
	at org.openqa.selenium.remote.codec.w3c.W3CHttpResponseCodec.createException(W3CHttpResponseCodec.java:200)
	at org.openqa.selenium.remote.codec.w3c.W3CHttpResponseCodec.decode(W3CHttpResponseCodec.java:133)
	at org.openqa.selenium.remote.codec.w3c.W3CHttpResponseCodec.decode(W3CHttpResponseCodec.java:52)
	at org.openqa.selenium.remote.HttpCommandExecutor.execute(HttpCommandExecutor.java:191)
	at org.openqa.selenium.remote.service.DriverCommandExecutor.invokeExecute(DriverCommandExecutor.java:196)
	at org.openqa.selenium.remote.service.DriverCommandExecutor.execute(DriverCommandExecutor.java:171)
	at org.openqa.selenium.remote.RemoteWebDriver.execute(RemoteWebDriver.java:602)
	at org.openqa.selenium.remote.RemoteWebElement.execute(RemoteWebElement.java:224)
	at org.openqa.selenium.remote.RemoteWebElement.click(RemoteWebElement.java:77)
	at org.openqa.selenium.support.pagefactory.internal.LocatingElementHandler.invoke(LocatingElementHandler.java:51)
	at jdk.proxy2/jdk.proxy2.$Proxy19.click(Unknown Source)
	at com.providio.pageObjects.miniCartPage.clickviewCartButton(miniCartPage.java:59)
	at com.providio.paymentProccess.tc__CheckOutProcess.checkoutprocess(tc__CheckOutProcess.java:49)
	at com.GuestUserWith_GcAndCC.tc__SimpleProducts_Bundle_Gc_InCcAndGc.simpleProducts_Bundle_Gc(tc__SimpleProducts_Bundle_Gc_InCcAndGc.java:78)
	at java.base/java.util.ArrayList.forEach(ArrayList.java:1511)
... Removed 34 stack frames</div></td></tr></table><p class="totop"><a href="#summary">back to summary</a></p>
<h3 id="m25">com.GuestUserWith_GcAndCC.tc__VariationProductForGuestUser_InGcAndCc#variationProduct</h3><table class="result"><tr><th>Exception</th></tr><tr><td><div class="stacktrace">org.openqa.selenium.ElementClickInterceptedException: element click intercepted: Element &lt;a href=&quot;https://zzqi-002.dx.commercecloud.salesforce.com/on/demandware.store/Sites-RefArch-Site/en_US/Cart-Show&quot; class=&quot;btn  btn-block checkout-btn btn-outline-primary disabled&quot; role=&quot;button&quot;&gt;...&lt;/a&gt; is not clickable at point (1716, 773). Other element would receive the click: &lt;div class=&quot;mb-3 view-cart&quot;&gt;...&lt;/div&gt;
  (Session info: chrome=117.0.5938.63)
Build info: version: &apos;4.12.0&apos;, revision: &apos;249f2a7d1b*&apos;
System info: os.name: &apos;Windows 10&apos;, os.arch: &apos;amd64&apos;, os.version: &apos;10.0&apos;, java.version: &apos;17.0.2&apos;
Driver info: org.openqa.selenium.chrome.ChromeDriver
Command: [54ac5c93c3f764696d1cd5472e877a1e, clickElement {id=864842CD4FFE06882E0754B4223EAD8D_element_6028}]
Capabilities {acceptInsecureCerts: false, browserName: chrome, browserVersion: 117.0.5938.63, chrome: {chromedriverVersion: 117.0.5938.62 (25a7172909a4..., userDataDir: C:\Users\user\AppData\Local...}, fedcm:accounts: true, goog:chromeOptions: {debuggerAddress: localhost:52889}, networkConnectionEnabled: false, pageLoadStrategy: normal, platformName: windows, proxy: Proxy(), se:cdp: ws://localhost:52889/devtoo..., se:cdpVersion: 117.0.5938.63, setWindowRect: true, strictFileInteractability: false, timeouts: {implicit: 0, pageLoad: 300000, script: 30000}, unhandledPromptBehavior: dismiss and notify, webauthn:extension:credBlob: true, webauthn:extension:largeBlob: true, webauthn:extension:minPinLength: true, webauthn:extension:prf: true, webauthn:virtualAuthenticators: true}
Element: [[ChromeDriver: chrome on windows (54ac5c93c3f764696d1cd5472e877a1e)] -&gt; xpath: //a[contains(@class,&apos;btn  btn-block &apos;)]]
Session ID: 54ac5c93c3f764696d1cd5472e877a1e
	at org.openqa.selenium.remote.codec.w3c.W3CHttpResponseCodec.createException(W3CHttpResponseCodec.java:200)
	at org.openqa.selenium.remote.codec.w3c.W3CHttpResponseCodec.decode(W3CHttpResponseCodec.java:133)
	at org.openqa.selenium.remote.codec.w3c.W3CHttpResponseCodec.decode(W3CHttpResponseCodec.java:52)
	at org.openqa.selenium.remote.HttpCommandExecutor.execute(HttpCommandExecutor.java:191)
	at org.openqa.selenium.remote.service.DriverCommandExecutor.invokeExecute(DriverCommandExecutor.java:196)
	at org.openqa.selenium.remote.service.DriverCommandExecutor.execute(DriverCommandExecutor.java:171)
	at org.openqa.selenium.remote.RemoteWebDriver.execute(RemoteWebDriver.java:602)
	at org.openqa.selenium.remote.RemoteWebElement.execute(RemoteWebElement.java:224)
	at org.openqa.selenium.remote.RemoteWebElement.click(RemoteWebElement.java:77)
	at org.openqa.selenium.support.pagefactory.internal.LocatingElementHandler.invoke(LocatingElementHandler.java:51)
	at jdk.proxy2/jdk.proxy2.$Proxy19.click(Unknown Source)
	at com.providio.pageObjects.miniCartPage.clickviewCartButton(miniCartPage.java:59)
	at com.providio.paymentProccess.tc__CheckOutProcess.checkoutprocess(tc__CheckOutProcess.java:49)
	at com.GuestUserWith_GcAndCC.tc__VariationProductForGuestUser_InGcAndCc.variationProduct(tc__VariationProductForGuestUser_InGcAndCc.java:70)
	at java.base/java.util.ArrayList.forEach(ArrayList.java:1511)
... Removed 34 stack frames</div></td></tr></table><p class="totop"><a href="#summary">back to summary</a></p>
<h3 id="m26">com.GuestUserWith_GcAndCC.tc__simpleProductAndGc_InCcAndGc#simpleProduct_Gc</h3><table class="result"><tr><th>Exception</th></tr><tr><td><div class="stacktrace">org.openqa.selenium.ElementClickInterceptedException: element click intercepted: Element &lt;a href=&quot;https://zzqi-002.dx.commercecloud.salesforce.com/on/demandware.store/Sites-RefArch-Site/en_US/Cart-Show&quot; class=&quot;btn  btn-block checkout-btn btn-outline-primary disabled&quot; role=&quot;button&quot;&gt;...&lt;/a&gt; is not clickable at point (1716, 773). Other element would receive the click: &lt;div class=&quot;mb-3 view-cart&quot;&gt;...&lt;/div&gt;
  (Session info: chrome=117.0.5938.63)
Build info: version: &apos;4.12.0&apos;, revision: &apos;249f2a7d1b*&apos;
System info: os.name: &apos;Windows 10&apos;, os.arch: &apos;amd64&apos;, os.version: &apos;10.0&apos;, java.version: &apos;17.0.2&apos;
Driver info: org.openqa.selenium.chrome.ChromeDriver
Command: [54ac5c93c3f764696d1cd5472e877a1e, clickElement {id=9ACA65C89D1A5DB4E800D3919459B45A_element_4334}]
Capabilities {acceptInsecureCerts: false, browserName: chrome, browserVersion: 117.0.5938.63, chrome: {chromedriverVersion: 117.0.5938.62 (25a7172909a4..., userDataDir: C:\Users\user\AppData\Local...}, fedcm:accounts: true, goog:chromeOptions: {debuggerAddress: localhost:52889}, networkConnectionEnabled: false, pageLoadStrategy: normal, platformName: windows, proxy: Proxy(), se:cdp: ws://localhost:52889/devtoo..., se:cdpVersion: 117.0.5938.63, setWindowRect: true, strictFileInteractability: false, timeouts: {implicit: 0, pageLoad: 300000, script: 30000}, unhandledPromptBehavior: dismiss and notify, webauthn:extension:credBlob: true, webauthn:extension:largeBlob: true, webauthn:extension:minPinLength: true, webauthn:extension:prf: true, webauthn:virtualAuthenticators: true}
Element: [[ChromeDriver: chrome on windows (54ac5c93c3f764696d1cd5472e877a1e)] -&gt; xpath: //a[contains(@class,&apos;btn  btn-block &apos;)]]
Session ID: 54ac5c93c3f764696d1cd5472e877a1e
	at org.openqa.selenium.remote.codec.w3c.W3CHttpResponseCodec.createException(W3CHttpResponseCodec.java:200)
	at org.openqa.selenium.remote.codec.w3c.W3CHttpResponseCodec.decode(W3CHttpResponseCodec.java:133)
	at org.openqa.selenium.remote.codec.w3c.W3CHttpResponseCodec.decode(W3CHttpResponseCodec.java:52)
	at org.openqa.selenium.remote.HttpCommandExecutor.execute(HttpCommandExecutor.java:191)
	at org.openqa.selenium.remote.service.DriverCommandExecutor.invokeExecute(DriverCommandExecutor.java:196)
	at org.openqa.selenium.remote.service.DriverCommandExecutor.execute(DriverCommandExecutor.java:171)
	at org.openqa.selenium.remote.RemoteWebDriver.execute(RemoteWebDriver.java:602)
	at org.openqa.selenium.remote.RemoteWebElement.execute(RemoteWebElement.java:224)
	at org.openqa.selenium.remote.RemoteWebElement.click(RemoteWebElement.java:77)
	at org.openqa.selenium.support.pagefactory.internal.LocatingElementHandler.invoke(LocatingElementHandler.java:51)
	at jdk.proxy2/jdk.proxy2.$Proxy19.click(Unknown Source)
	at com.providio.pageObjects.miniCartPage.clickviewCartButton(miniCartPage.java:59)
	at com.providio.paymentProccess.tc__CheckOutProcess.checkoutprocess(tc__CheckOutProcess.java:49)
	at com.GuestUserWith_GcAndCC.tc__simpleProductAndGc_InCcAndGc.simpleProduct_Gc(tc__simpleProductAndGc_InCcAndGc.java:74)
	at java.base/java.util.ArrayList.forEach(ArrayList.java:1511)
... Removed 34 stack frames</div></td></tr></table><p class="totop"><a href="#summary">back to summary</a></p>
<h3 id="m27">com.GuestUserWith_GiftCard.tc__BundleProductForGuestUser_InGiftCard#bundleProduct</h3><table class="result"><tr><th>Exception</th></tr><tr><td><div class="stacktrace">org.openqa.selenium.ElementClickInterceptedException: element click intercepted: Element &lt;a href=&quot;https://zzqi-002.dx.commercecloud.salesforce.com/on/demandware.store/Sites-RefArch-Site/en_US/Cart-Show&quot; class=&quot;btn  btn-block checkout-btn btn-outline-primary disabled&quot; role=&quot;button&quot;&gt;...&lt;/a&gt; is not clickable at point (1716, 773). Other element would receive the click: &lt;div class=&quot;mb-3 view-cart&quot;&gt;...&lt;/div&gt;
  (Session info: chrome=117.0.5938.63)
Build info: version: &apos;4.12.0&apos;, revision: &apos;249f2a7d1b*&apos;
System info: os.name: &apos;Windows 10&apos;, os.arch: &apos;amd64&apos;, os.version: &apos;10.0&apos;, java.version: &apos;17.0.2&apos;
Driver info: org.openqa.selenium.chrome.ChromeDriver
Command: [54ac5c93c3f764696d1cd5472e877a1e, clickElement {id=BC3F5745066646F4039E5E444BEAE0B3_element_696}]
Capabilities {acceptInsecureCerts: false, browserName: chrome, browserVersion: 117.0.5938.63, chrome: {chromedriverVersion: 117.0.5938.62 (25a7172909a4..., userDataDir: C:\Users\user\AppData\Local...}, fedcm:accounts: true, goog:chromeOptions: {debuggerAddress: localhost:52889}, networkConnectionEnabled: false, pageLoadStrategy: normal, platformName: windows, proxy: Proxy(), se:cdp: ws://localhost:52889/devtoo..., se:cdpVersion: 117.0.5938.63, setWindowRect: true, strictFileInteractability: false, timeouts: {implicit: 0, pageLoad: 300000, script: 30000}, unhandledPromptBehavior: dismiss and notify, webauthn:extension:credBlob: true, webauthn:extension:largeBlob: true, webauthn:extension:minPinLength: true, webauthn:extension:prf: true, webauthn:virtualAuthenticators: true}
Element: [[ChromeDriver: chrome on windows (54ac5c93c3f764696d1cd5472e877a1e)] -&gt; xpath: //a[contains(@class,&apos;btn  btn-block &apos;)]]
Session ID: 54ac5c93c3f764696d1cd5472e877a1e
	at org.openqa.selenium.remote.codec.w3c.W3CHttpResponseCodec.createException(W3CHttpResponseCodec.java:200)
	at org.openqa.selenium.remote.codec.w3c.W3CHttpResponseCodec.decode(W3CHttpResponseCodec.java:133)
	at org.openqa.selenium.remote.codec.w3c.W3CHttpResponseCodec.decode(W3CHttpResponseCodec.java:52)
	at org.openqa.selenium.remote.HttpCommandExecutor.execute(HttpCommandExecutor.java:191)
	at org.openqa.selenium.remote.service.DriverCommandExecutor.invokeExecute(DriverCommandExecutor.java:196)
	at org.openqa.selenium.remote.service.DriverCommandExecutor.execute(DriverCommandExecutor.java:171)
	at org.openqa.selenium.remote.RemoteWebDriver.execute(RemoteWebDriver.java:602)
	at org.openqa.selenium.remote.RemoteWebElement.execute(RemoteWebElement.java:224)
	at org.openqa.selenium.remote.RemoteWebElement.click(RemoteWebElement.java:77)
	at org.openqa.selenium.support.pagefactory.internal.LocatingElementHandler.invoke(LocatingElementHandler.java:51)
	at jdk.proxy2/jdk.proxy2.$Proxy19.click(Unknown Source)
	at com.providio.pageObjects.miniCartPage.clickviewCartButton(miniCartPage.java:59)
	at com.providio.paymentProccess.tc__CheckOutProcess.checkoutprocess(tc__CheckOutProcess.java:49)
	at com.GuestUserWith_GiftCard.tc__BundleProductForGuestUser_InGiftCard.bundleProduct(tc__BundleProductForGuestUser_InGiftCard.java:63)
	at java.base/java.util.ArrayList.forEach(ArrayList.java:1511)
... Removed 36 stack frames</div></td></tr></table><p class="totop"><a href="#summary">back to summary</a></p>
<h3 id="m28">com.GuestUserWith_GiftCard.tc__Bundle_GcAndAllPromotions_Guest_InGiftCard#bundle_GcAndAllPromotions</h3><table class="result"><tr><th>Exception</th></tr><tr><td><div class="stacktrace">org.openqa.selenium.ElementClickInterceptedException: element click intercepted: Element &lt;a href=&quot;https://zzqi-002.dx.commercecloud.salesforce.com/on/demandware.store/Sites-RefArch-Site/en_US/Cart-Show&quot; class=&quot;btn  btn-block checkout-btn btn-outline-primary disabled&quot; role=&quot;button&quot;&gt;...&lt;/a&gt; is not clickable at point (1716, 773). Other element would receive the click: &lt;div class=&quot;mb-3 view-cart&quot;&gt;...&lt;/div&gt;
  (Session info: chrome=117.0.5938.63)
Build info: version: &apos;4.12.0&apos;, revision: &apos;249f2a7d1b*&apos;
System info: os.name: &apos;Windows 10&apos;, os.arch: &apos;amd64&apos;, os.version: &apos;10.0&apos;, java.version: &apos;17.0.2&apos;
Driver info: org.openqa.selenium.chrome.ChromeDriver
Command: [54ac5c93c3f764696d1cd5472e877a1e, clickElement {id=72A4E460909383C3F5067F98740E9B25_element_1537}]
Capabilities {acceptInsecureCerts: false, browserName: chrome, browserVersion: 117.0.5938.63, chrome: {chromedriverVersion: 117.0.5938.62 (25a7172909a4..., userDataDir: C:\Users\user\AppData\Local...}, fedcm:accounts: true, goog:chromeOptions: {debuggerAddress: localhost:52889}, networkConnectionEnabled: false, pageLoadStrategy: normal, platformName: windows, proxy: Proxy(), se:cdp: ws://localhost:52889/devtoo..., se:cdpVersion: 117.0.5938.63, setWindowRect: true, strictFileInteractability: false, timeouts: {implicit: 0, pageLoad: 300000, script: 30000}, unhandledPromptBehavior: dismiss and notify, webauthn:extension:credBlob: true, webauthn:extension:largeBlob: true, webauthn:extension:minPinLength: true, webauthn:extension:prf: true, webauthn:virtualAuthenticators: true}
Element: [[ChromeDriver: chrome on windows (54ac5c93c3f764696d1cd5472e877a1e)] -&gt; xpath: //a[contains(@class,&apos;btn  btn-block &apos;)]]
Session ID: 54ac5c93c3f764696d1cd5472e877a1e
	at org.openqa.selenium.remote.codec.w3c.W3CHttpResponseCodec.createException(W3CHttpResponseCodec.java:200)
	at org.openqa.selenium.remote.codec.w3c.W3CHttpResponseCodec.decode(W3CHttpResponseCodec.java:133)
	at org.openqa.selenium.remote.codec.w3c.W3CHttpResponseCodec.decode(W3CHttpResponseCodec.java:52)
	at org.openqa.selenium.remote.HttpCommandExecutor.execute(HttpCommandExecutor.java:191)
	at org.openqa.selenium.remote.service.DriverCommandExecutor.invokeExecute(DriverCommandExecutor.java:196)
	at org.openqa.selenium.remote.service.DriverCommandExecutor.execute(DriverCommandExecutor.java:171)
	at org.openqa.selenium.remote.RemoteWebDriver.execute(RemoteWebDriver.java:602)
	at org.openqa.selenium.remote.RemoteWebElement.execute(RemoteWebElement.java:224)
	at org.openqa.selenium.remote.RemoteWebElement.click(RemoteWebElement.java:77)
	at org.openqa.selenium.support.pagefactory.internal.LocatingElementHandler.invoke(LocatingElementHandler.java:51)
	at jdk.proxy2/jdk.proxy2.$Proxy19.click(Unknown Source)
	at com.providio.pageObjects.miniCartPage.clickviewCartButton(miniCartPage.java:59)
	at com.providio.paymentProccess.tc__CheckOutProcess.checkoutprocess(tc__CheckOutProcess.java:49)
	at com.GuestUserWith_GiftCard.tc__Bundle_GcAndAllPromotions_Guest_InGiftCard.bundle_GcAndAllPromotions(tc__Bundle_GcAndAllPromotions_Guest_InGiftCard.java:79)
	at java.base/java.util.ArrayList.forEach(ArrayList.java:1511)
... Removed 35 stack frames</div></td></tr></table><p class="totop"><a href="#summary">back to summary</a></p>
<h3 id="m29">com.GuestUserWith_GiftCard.tc__OrderByGc_GuestUser#paymentByGiftCardInGuestUser</h3><table class="result"><tr><th>Exception</th></tr><tr><td><div class="stacktrace">org.openqa.selenium.ElementClickInterceptedException: element click intercepted: Element &lt;a href=&quot;https://zzqi-002.dx.commercecloud.salesforce.com/on/demandware.store/Sites-RefArch-Site/en_US/Cart-Show&quot; class=&quot;btn  btn-block checkout-btn btn-outline-primary disabled&quot; role=&quot;button&quot;&gt;...&lt;/a&gt; is not clickable at point (1716, 773). Other element would receive the click: &lt;div class=&quot;mb-3 view-cart&quot;&gt;...&lt;/div&gt;
  (Session info: chrome=117.0.5938.63)
Build info: version: &apos;4.12.0&apos;, revision: &apos;249f2a7d1b*&apos;
System info: os.name: &apos;Windows 10&apos;, os.arch: &apos;amd64&apos;, os.version: &apos;10.0&apos;, java.version: &apos;17.0.2&apos;
Driver info: org.openqa.selenium.chrome.ChromeDriver
Command: [54ac5c93c3f764696d1cd5472e877a1e, clickElement {id=4B3B7FA02EC48BCD63B2547C9E573B20_element_2480}]
Capabilities {acceptInsecureCerts: false, browserName: chrome, browserVersion: 117.0.5938.63, chrome: {chromedriverVersion: 117.0.5938.62 (25a7172909a4..., userDataDir: C:\Users\user\AppData\Local...}, fedcm:accounts: true, goog:chromeOptions: {debuggerAddress: localhost:52889}, networkConnectionEnabled: false, pageLoadStrategy: normal, platformName: windows, proxy: Proxy(), se:cdp: ws://localhost:52889/devtoo..., se:cdpVersion: 117.0.5938.63, setWindowRect: true, strictFileInteractability: false, timeouts: {implicit: 0, pageLoad: 300000, script: 30000}, unhandledPromptBehavior: dismiss and notify, webauthn:extension:credBlob: true, webauthn:extension:largeBlob: true, webauthn:extension:minPinLength: true, webauthn:extension:prf: true, webauthn:virtualAuthenticators: true}
Element: [[ChromeDriver: chrome on windows (54ac5c93c3f764696d1cd5472e877a1e)] -&gt; xpath: //a[contains(@class,&apos;btn  btn-block &apos;)]]
Session ID: 54ac5c93c3f764696d1cd5472e877a1e
	at org.openqa.selenium.remote.codec.w3c.W3CHttpResponseCodec.createException(W3CHttpResponseCodec.java:200)
	at org.openqa.selenium.remote.codec.w3c.W3CHttpResponseCodec.decode(W3CHttpResponseCodec.java:133)
	at org.openqa.selenium.remote.codec.w3c.W3CHttpResponseCodec.decode(W3CHttpResponseCodec.java:52)
	at org.openqa.selenium.remote.HttpCommandExecutor.execute(HttpCommandExecutor.java:191)
	at org.openqa.selenium.remote.service.DriverCommandExecutor.invokeExecute(DriverCommandExecutor.java:196)
	at org.openqa.selenium.remote.service.DriverCommandExecutor.execute(DriverCommandExecutor.java:171)
	at org.openqa.selenium.remote.RemoteWebDriver.execute(RemoteWebDriver.java:602)
	at org.openqa.selenium.remote.RemoteWebElement.execute(RemoteWebElement.java:224)
	at org.openqa.selenium.remote.RemoteWebElement.click(RemoteWebElement.java:77)
	at org.openqa.selenium.support.pagefactory.internal.LocatingElementHandler.invoke(LocatingElementHandler.java:51)
	at jdk.proxy2/jdk.proxy2.$Proxy19.click(Unknown Source)
	at com.providio.pageObjects.miniCartPage.clickviewCartButton(miniCartPage.java:59)
	at com.providio.paymentProccess.tc__CheckOutProcess.checkoutprocess(tc__CheckOutProcess.java:49)
	at com.GuestUserWith_GiftCard.tc__OrderByGc_GuestUser.paymentByGiftCardInGuestUser(tc__OrderByGc_GuestUser.java:24)
	at java.base/java.util.ArrayList.forEach(ArrayList.java:1511)
... Removed 35 stack frames</div></td></tr></table><p class="totop"><a href="#summary">back to summary</a></p>
<h3 id="m30">com.GuestUserWith_GiftCard.tc__PickUpStore_Guest_InGiftCard#paypalFromCheckoutPage</h3><table class="result"><tr><th>Exception</th></tr><tr><td><div class="stacktrace">org.openqa.selenium.ElementClickInterceptedException: element click intercepted: Element &lt;a href=&quot;https://zzqi-002.dx.commercecloud.salesforce.com/on/demandware.store/Sites-RefArch-Site/en_US/Cart-Show&quot; class=&quot;btn  btn-block checkout-btn btn-outline-primary disabled&quot; role=&quot;button&quot;&gt;...&lt;/a&gt; is not clickable at point (1716, 773). Other element would receive the click: &lt;div class=&quot;mb-3 view-cart&quot;&gt;...&lt;/div&gt;
  (Session info: chrome=117.0.5938.63)
Build info: version: &apos;4.12.0&apos;, revision: &apos;249f2a7d1b*&apos;
System info: os.name: &apos;Windows 10&apos;, os.arch: &apos;amd64&apos;, os.version: &apos;10.0&apos;, java.version: &apos;17.0.2&apos;
Driver info: org.openqa.selenium.chrome.ChromeDriver
Command: [54ac5c93c3f764696d1cd5472e877a1e, clickElement {id=DCE497898F5981DE1CA097AD76F886FF_element_3151}]
Capabilities {acceptInsecureCerts: false, browserName: chrome, browserVersion: 117.0.5938.63, chrome: {chromedriverVersion: 117.0.5938.62 (25a7172909a4..., userDataDir: C:\Users\user\AppData\Local...}, fedcm:accounts: true, goog:chromeOptions: {debuggerAddress: localhost:52889}, networkConnectionEnabled: false, pageLoadStrategy: normal, platformName: windows, proxy: Proxy(), se:cdp: ws://localhost:52889/devtoo..., se:cdpVersion: 117.0.5938.63, setWindowRect: true, strictFileInteractability: false, timeouts: {implicit: 0, pageLoad: 300000, script: 30000}, unhandledPromptBehavior: dismiss and notify, webauthn:extension:credBlob: true, webauthn:extension:largeBlob: true, webauthn:extension:minPinLength: true, webauthn:extension:prf: true, webauthn:virtualAuthenticators: true}
Element: [[ChromeDriver: chrome on windows (54ac5c93c3f764696d1cd5472e877a1e)] -&gt; xpath: //a[contains(@class,&apos;btn  btn-block &apos;)]]
Session ID: 54ac5c93c3f764696d1cd5472e877a1e
	at org.openqa.selenium.remote.codec.w3c.W3CHttpResponseCodec.createException(W3CHttpResponseCodec.java:200)
	at org.openqa.selenium.remote.codec.w3c.W3CHttpResponseCodec.decode(W3CHttpResponseCodec.java:133)
	at org.openqa.selenium.remote.codec.w3c.W3CHttpResponseCodec.decode(W3CHttpResponseCodec.java:52)
	at org.openqa.selenium.remote.HttpCommandExecutor.execute(HttpCommandExecutor.java:191)
	at org.openqa.selenium.remote.service.DriverCommandExecutor.invokeExecute(DriverCommandExecutor.java:196)
	at org.openqa.selenium.remote.service.DriverCommandExecutor.execute(DriverCommandExecutor.java:171)
	at org.openqa.selenium.remote.RemoteWebDriver.execute(RemoteWebDriver.java:602)
	at org.openqa.selenium.remote.RemoteWebElement.execute(RemoteWebElement.java:224)
	at org.openqa.selenium.remote.RemoteWebElement.click(RemoteWebElement.java:77)
	at org.openqa.selenium.support.pagefactory.internal.LocatingElementHandler.invoke(LocatingElementHandler.java:51)
	at jdk.proxy2/jdk.proxy2.$Proxy19.click(Unknown Source)
	at com.providio.pageObjects.miniCartPage.clickviewCartButton(miniCartPage.java:59)
	at com.providio.paymentProccess.tc__CheckOutProcess.checkoutprocess(tc__CheckOutProcess.java:49)
	at com.GuestUserWith_GiftCard.tc__PickUpStore_Guest_InGiftCard.paypalFromCheckoutPage(tc__PickUpStore_Guest_InGiftCard.java:50)
	at java.base/java.util.ArrayList.forEach(ArrayList.java:1511)
... Removed 35 stack frames</div></td></tr></table><p class="totop"><a href="#summary">back to summary</a></p>
<h3 id="m31">com.GuestUserWith_GiftCard.tc__ProductSetForGuestUser_InGiftCard#productSet</h3><table class="result"><tr><th>Exception</th></tr><tr><td><div class="stacktrace">org.openqa.selenium.ElementClickInterceptedException: element click intercepted: Element &lt;a href=&quot;https://zzqi-002.dx.commercecloud.salesforce.com/on/demandware.store/Sites-RefArch-Site/en_US/Cart-Show&quot; class=&quot;btn  btn-block checkout-btn btn-outline-primary disabled&quot; role=&quot;button&quot;&gt;...&lt;/a&gt; is not clickable at point (1716, 773). Other element would receive the click: &lt;div class=&quot;mb-3 view-cart&quot;&gt;...&lt;/div&gt;
  (Session info: chrome=117.0.5938.63)
Build info: version: &apos;4.12.0&apos;, revision: &apos;249f2a7d1b*&apos;
System info: os.name: &apos;Windows 10&apos;, os.arch: &apos;amd64&apos;, os.version: &apos;10.0&apos;, java.version: &apos;17.0.2&apos;
Driver info: org.openqa.selenium.chrome.ChromeDriver
Command: [54ac5c93c3f764696d1cd5472e877a1e, clickElement {id=C09CD8DBAC6732E220D2B92E4F349C18_element_3702}]
Capabilities {acceptInsecureCerts: false, browserName: chrome, browserVersion: 117.0.5938.63, chrome: {chromedriverVersion: 117.0.5938.62 (25a7172909a4..., userDataDir: C:\Users\user\AppData\Local...}, fedcm:accounts: true, goog:chromeOptions: {debuggerAddress: localhost:52889}, networkConnectionEnabled: false, pageLoadStrategy: normal, platformName: windows, proxy: Proxy(), se:cdp: ws://localhost:52889/devtoo..., se:cdpVersion: 117.0.5938.63, setWindowRect: true, strictFileInteractability: false, timeouts: {implicit: 0, pageLoad: 300000, script: 30000}, unhandledPromptBehavior: dismiss and notify, webauthn:extension:credBlob: true, webauthn:extension:largeBlob: true, webauthn:extension:minPinLength: true, webauthn:extension:prf: true, webauthn:virtualAuthenticators: true}
Element: [[ChromeDriver: chrome on windows (54ac5c93c3f764696d1cd5472e877a1e)] -&gt; xpath: //a[contains(@class,&apos;btn  btn-block &apos;)]]
Session ID: 54ac5c93c3f764696d1cd5472e877a1e
	at org.openqa.selenium.remote.codec.w3c.W3CHttpResponseCodec.createException(W3CHttpResponseCodec.java:200)
	at org.openqa.selenium.remote.codec.w3c.W3CHttpResponseCodec.decode(W3CHttpResponseCodec.java:133)
	at org.openqa.selenium.remote.codec.w3c.W3CHttpResponseCodec.decode(W3CHttpResponseCodec.java:52)
	at org.openqa.selenium.remote.HttpCommandExecutor.execute(HttpCommandExecutor.java:191)
	at org.openqa.selenium.remote.service.DriverCommandExecutor.invokeExecute(DriverCommandExecutor.java:196)
	at org.openqa.selenium.remote.service.DriverCommandExecutor.execute(DriverCommandExecutor.java:171)
	at org.openqa.selenium.remote.RemoteWebDriver.execute(RemoteWebDriver.java:602)
	at org.openqa.selenium.remote.RemoteWebElement.execute(RemoteWebElement.java:224)
	at org.openqa.selenium.remote.RemoteWebElement.click(RemoteWebElement.java:77)
	at org.openqa.selenium.support.pagefactory.internal.LocatingElementHandler.invoke(LocatingElementHandler.java:51)
	at jdk.proxy2/jdk.proxy2.$Proxy19.click(Unknown Source)
	at com.providio.pageObjects.miniCartPage.clickviewCartButton(miniCartPage.java:59)
	at com.providio.paymentProccess.tc__CheckOutProcess.checkoutprocess(tc__CheckOutProcess.java:49)
	at com.GuestUserWith_GiftCard.tc__ProductSetForGuestUser_InGiftCard.productSet(tc__ProductSetForGuestUser_InGiftCard.java:68)
	at java.base/java.util.ArrayList.forEach(ArrayList.java:1511)
... Removed 35 stack frames</div></td></tr></table><p class="totop"><a href="#summary">back to summary</a></p>
<h3 id="m32">com.GuestUserWith_GiftCard.tc__SimpleProductForGuestUser_InGiftCard#simpleProduct</h3><table class="result"><tr><th>Exception</th></tr><tr><td><div class="stacktrace">org.openqa.selenium.ElementClickInterceptedException: element click intercepted: Element &lt;a href=&quot;https://zzqi-002.dx.commercecloud.salesforce.com/on/demandware.store/Sites-RefArch-Site/en_US/Cart-Show&quot; class=&quot;btn  btn-block checkout-btn btn-outline-primary disabled&quot; role=&quot;button&quot;&gt;...&lt;/a&gt; is not clickable at point (1716, 773). Other element would receive the click: &lt;div class=&quot;mb-3 view-cart&quot;&gt;...&lt;/div&gt;
  (Session info: chrome=117.0.5938.63)
Build info: version: &apos;4.12.0&apos;, revision: &apos;249f2a7d1b*&apos;
System info: os.name: &apos;Windows 10&apos;, os.arch: &apos;amd64&apos;, os.version: &apos;10.0&apos;, java.version: &apos;17.0.2&apos;
Driver info: org.openqa.selenium.chrome.ChromeDriver
Command: [54ac5c93c3f764696d1cd5472e877a1e, clickElement {id=0CBB418B2C35729579F57D7E85D6E769_element_4446}]
Capabilities {acceptInsecureCerts: false, browserName: chrome, browserVersion: 117.0.5938.63, chrome: {chromedriverVersion: 117.0.5938.62 (25a7172909a4..., userDataDir: C:\Users\user\AppData\Local...}, fedcm:accounts: true, goog:chromeOptions: {debuggerAddress: localhost:52889}, networkConnectionEnabled: false, pageLoadStrategy: normal, platformName: windows, proxy: Proxy(), se:cdp: ws://localhost:52889/devtoo..., se:cdpVersion: 117.0.5938.63, setWindowRect: true, strictFileInteractability: false, timeouts: {implicit: 0, pageLoad: 300000, script: 30000}, unhandledPromptBehavior: dismiss and notify, webauthn:extension:credBlob: true, webauthn:extension:largeBlob: true, webauthn:extension:minPinLength: true, webauthn:extension:prf: true, webauthn:virtualAuthenticators: true}
Element: [[ChromeDriver: chrome on windows (54ac5c93c3f764696d1cd5472e877a1e)] -&gt; xpath: //a[contains(@class,&apos;btn  btn-block &apos;)]]
Session ID: 54ac5c93c3f764696d1cd5472e877a1e
	at org.openqa.selenium.remote.codec.w3c.W3CHttpResponseCodec.createException(W3CHttpResponseCodec.java:200)
	at org.openqa.selenium.remote.codec.w3c.W3CHttpResponseCodec.decode(W3CHttpResponseCodec.java:133)
	at org.openqa.selenium.remote.codec.w3c.W3CHttpResponseCodec.decode(W3CHttpResponseCodec.java:52)
	at org.openqa.selenium.remote.HttpCommandExecutor.execute(HttpCommandExecutor.java:191)
	at org.openqa.selenium.remote.service.DriverCommandExecutor.invokeExecute(DriverCommandExecutor.java:196)
	at org.openqa.selenium.remote.service.DriverCommandExecutor.execute(DriverCommandExecutor.java:171)
	at org.openqa.selenium.remote.RemoteWebDriver.execute(RemoteWebDriver.java:602)
	at org.openqa.selenium.remote.RemoteWebElement.execute(RemoteWebElement.java:224)
	at org.openqa.selenium.remote.RemoteWebElement.click(RemoteWebElement.java:77)
	at org.openqa.selenium.support.pagefactory.internal.LocatingElementHandler.invoke(LocatingElementHandler.java:51)
	at jdk.proxy2/jdk.proxy2.$Proxy19.click(Unknown Source)
	at com.providio.pageObjects.miniCartPage.clickviewCartButton(miniCartPage.java:59)
	at com.providio.paymentProccess.tc__CheckOutProcess.checkoutprocess(tc__CheckOutProcess.java:49)
	at com.GuestUserWith_GiftCard.tc__SimpleProductForGuestUser_InGiftCard.simpleProduct(tc__SimpleProductForGuestUser_InGiftCard.java:64)
	at java.base/java.util.ArrayList.forEach(ArrayList.java:1511)
... Removed 34 stack frames</div></td></tr></table><p class="totop"><a href="#summary">back to summary</a></p>
<h3 id="m33">com.GuestUserWith_GiftCard.tc__SimpleProductsAndBundle_Gc_InGiftCard#simpleProducts_Bundle_Gc</h3><table class="result"><tr><th>Exception</th></tr><tr><td><div class="stacktrace">org.openqa.selenium.ElementClickInterceptedException: element click intercepted: Element &lt;a href=&quot;https://zzqi-002.dx.commercecloud.salesforce.com/on/demandware.store/Sites-RefArch-Site/en_US/Cart-Show&quot; class=&quot;btn  btn-block checkout-btn btn-outline-primary disabled&quot; role=&quot;button&quot;&gt;...&lt;/a&gt; is not clickable at point (1716, 773). Other element would receive the click: &lt;div class=&quot;mb-3 view-cart&quot;&gt;...&lt;/div&gt;
  (Session info: chrome=117.0.5938.63)
Build info: version: &apos;4.12.0&apos;, revision: &apos;249f2a7d1b*&apos;
System info: os.name: &apos;Windows 10&apos;, os.arch: &apos;amd64&apos;, os.version: &apos;10.0&apos;, java.version: &apos;17.0.2&apos;
Driver info: org.openqa.selenium.chrome.ChromeDriver
Command: [54ac5c93c3f764696d1cd5472e877a1e, clickElement {id=FA5C5F54D10D5B581851FCB6C1B19F7E_element_5251}]
Capabilities {acceptInsecureCerts: false, browserName: chrome, browserVersion: 117.0.5938.63, chrome: {chromedriverVersion: 117.0.5938.62 (25a7172909a4..., userDataDir: C:\Users\user\AppData\Local...}, fedcm:accounts: true, goog:chromeOptions: {debuggerAddress: localhost:52889}, networkConnectionEnabled: false, pageLoadStrategy: normal, platformName: windows, proxy: Proxy(), se:cdp: ws://localhost:52889/devtoo..., se:cdpVersion: 117.0.5938.63, setWindowRect: true, strictFileInteractability: false, timeouts: {implicit: 0, pageLoad: 300000, script: 30000}, unhandledPromptBehavior: dismiss and notify, webauthn:extension:credBlob: true, webauthn:extension:largeBlob: true, webauthn:extension:minPinLength: true, webauthn:extension:prf: true, webauthn:virtualAuthenticators: true}
Element: [[ChromeDriver: chrome on windows (54ac5c93c3f764696d1cd5472e877a1e)] -&gt; xpath: //a[contains(@class,&apos;btn  btn-block &apos;)]]
Session ID: 54ac5c93c3f764696d1cd5472e877a1e
	at org.openqa.selenium.remote.codec.w3c.W3CHttpResponseCodec.createException(W3CHttpResponseCodec.java:200)
	at org.openqa.selenium.remote.codec.w3c.W3CHttpResponseCodec.decode(W3CHttpResponseCodec.java:133)
	at org.openqa.selenium.remote.codec.w3c.W3CHttpResponseCodec.decode(W3CHttpResponseCodec.java:52)
	at org.openqa.selenium.remote.HttpCommandExecutor.execute(HttpCommandExecutor.java:191)
	at org.openqa.selenium.remote.service.DriverCommandExecutor.invokeExecute(DriverCommandExecutor.java:196)
	at org.openqa.selenium.remote.service.DriverCommandExecutor.execute(DriverCommandExecutor.java:171)
	at org.openqa.selenium.remote.RemoteWebDriver.execute(RemoteWebDriver.java:602)
	at org.openqa.selenium.remote.RemoteWebElement.execute(RemoteWebElement.java:224)
	at org.openqa.selenium.remote.RemoteWebElement.click(RemoteWebElement.java:77)
	at org.openqa.selenium.support.pagefactory.internal.LocatingElementHandler.invoke(LocatingElementHandler.java:51)
	at jdk.proxy2/jdk.proxy2.$Proxy19.click(Unknown Source)
	at com.providio.pageObjects.miniCartPage.clickviewCartButton(miniCartPage.java:59)
	at com.providio.paymentProccess.tc__CheckOutProcess.checkoutprocess(tc__CheckOutProcess.java:49)
	at com.GuestUserWith_GiftCard.tc__SimpleProductsAndBundle_Gc_InGiftCard.simpleProducts_Bundle_Gc(tc__SimpleProductsAndBundle_Gc_InGiftCard.java:78)
	at java.base/java.util.ArrayList.forEach(ArrayList.java:1511)
... Removed 34 stack frames</div></td></tr></table><p class="totop"><a href="#summary">back to summary</a></p>
<h3 id="m34">com.GuestUserWith_GiftCard.tc__VariationProductForGuestUser_InGiftCard#variationProduct</h3><table class="result"><tr><th>Exception</th></tr><tr><td><div class="stacktrace">org.openqa.selenium.ElementClickInterceptedException: element click intercepted: Element &lt;a href=&quot;https://zzqi-002.dx.commercecloud.salesforce.com/on/demandware.store/Sites-RefArch-Site/en_US/Cart-Show&quot; class=&quot;btn  btn-block checkout-btn btn-outline-primary disabled&quot; role=&quot;button&quot;&gt;...&lt;/a&gt; is not clickable at point (1716, 773). Other element would receive the click: &lt;div class=&quot;mb-3 view-cart&quot;&gt;...&lt;/div&gt;
  (Session info: chrome=117.0.5938.63)
Build info: version: &apos;4.12.0&apos;, revision: &apos;249f2a7d1b*&apos;
System info: os.name: &apos;Windows 10&apos;, os.arch: &apos;amd64&apos;, os.version: &apos;10.0&apos;, java.version: &apos;17.0.2&apos;
Driver info: org.openqa.selenium.chrome.ChromeDriver
Command: [54ac5c93c3f764696d1cd5472e877a1e, clickElement {id=2DD53EF0F87FF8EF4B4E6E9237F46CB3_element_5884}]
Capabilities {acceptInsecureCerts: false, browserName: chrome, browserVersion: 117.0.5938.63, chrome: {chromedriverVersion: 117.0.5938.62 (25a7172909a4..., userDataDir: C:\Users\user\AppData\Local...}, fedcm:accounts: true, goog:chromeOptions: {debuggerAddress: localhost:52889}, networkConnectionEnabled: false, pageLoadStrategy: normal, platformName: windows, proxy: Proxy(), se:cdp: ws://localhost:52889/devtoo..., se:cdpVersion: 117.0.5938.63, setWindowRect: true, strictFileInteractability: false, timeouts: {implicit: 0, pageLoad: 300000, script: 30000}, unhandledPromptBehavior: dismiss and notify, webauthn:extension:credBlob: true, webauthn:extension:largeBlob: true, webauthn:extension:minPinLength: true, webauthn:extension:prf: true, webauthn:virtualAuthenticators: true}
Element: [[ChromeDriver: chrome on windows (54ac5c93c3f764696d1cd5472e877a1e)] -&gt; xpath: //a[contains(@class,&apos;btn  btn-block &apos;)]]
Session ID: 54ac5c93c3f764696d1cd5472e877a1e
	at org.openqa.selenium.remote.codec.w3c.W3CHttpResponseCodec.createException(W3CHttpResponseCodec.java:200)
	at org.openqa.selenium.remote.codec.w3c.W3CHttpResponseCodec.decode(W3CHttpResponseCodec.java:133)
	at org.openqa.selenium.remote.codec.w3c.W3CHttpResponseCodec.decode(W3CHttpResponseCodec.java:52)
	at org.openqa.selenium.remote.HttpCommandExecutor.execute(HttpCommandExecutor.java:191)
	at org.openqa.selenium.remote.service.DriverCommandExecutor.invokeExecute(DriverCommandExecutor.java:196)
	at org.openqa.selenium.remote.service.DriverCommandExecutor.execute(DriverCommandExecutor.java:171)
	at org.openqa.selenium.remote.RemoteWebDriver.execute(RemoteWebDriver.java:602)
	at org.openqa.selenium.remote.RemoteWebElement.execute(RemoteWebElement.java:224)
	at org.openqa.selenium.remote.RemoteWebElement.click(RemoteWebElement.java:77)
	at org.openqa.selenium.support.pagefactory.internal.LocatingElementHandler.invoke(LocatingElementHandler.java:51)
	at jdk.proxy2/jdk.proxy2.$Proxy19.click(Unknown Source)
	at com.providio.pageObjects.miniCartPage.clickviewCartButton(miniCartPage.java:59)
	at com.providio.paymentProccess.tc__CheckOutProcess.checkoutprocess(tc__CheckOutProcess.java:49)
	at com.GuestUserWith_GiftCard.tc__VariationProductForGuestUser_InGiftCard.variationProduct(tc__VariationProductForGuestUser_InGiftCard.java:69)
	at java.base/java.util.ArrayList.forEach(ArrayList.java:1511)
... Removed 34 stack frames</div></td></tr></table><p class="totop"><a href="#summary">back to summary</a></p>
<h3 id="m35">com.GuestUserWith_GiftCard.tc__simpleProductAndGc_InGiftCard#simpleProduct_Gc</h3><table class="result"><tr><th>Exception</th></tr><tr><td><div class="stacktrace">org.openqa.selenium.ElementClickInterceptedException: element click intercepted: Element &lt;a href=&quot;https://zzqi-002.dx.commercecloud.salesforce.com/on/demandware.store/Sites-RefArch-Site/en_US/Cart-Show&quot; class=&quot;btn  btn-block checkout-btn btn-outline-primary disabled&quot; role=&quot;button&quot;&gt;...&lt;/a&gt; is not clickable at point (1716, 773). Other element would receive the click: &lt;div class=&quot;mb-3 view-cart&quot;&gt;...&lt;/div&gt;
  (Session info: chrome=117.0.5938.63)
Build info: version: &apos;4.12.0&apos;, revision: &apos;249f2a7d1b*&apos;
System info: os.name: &apos;Windows 10&apos;, os.arch: &apos;amd64&apos;, os.version: &apos;10.0&apos;, java.version: &apos;17.0.2&apos;
Driver info: org.openqa.selenium.chrome.ChromeDriver
Command: [54ac5c93c3f764696d1cd5472e877a1e, clickElement {id=8529A31C8E4BD2B00E1AECF0DEF050EA_element_4195}]
Capabilities {acceptInsecureCerts: false, browserName: chrome, browserVersion: 117.0.5938.63, chrome: {chromedriverVersion: 117.0.5938.62 (25a7172909a4..., userDataDir: C:\Users\user\AppData\Local...}, fedcm:accounts: true, goog:chromeOptions: {debuggerAddress: localhost:52889}, networkConnectionEnabled: false, pageLoadStrategy: normal, platformName: windows, proxy: Proxy(), se:cdp: ws://localhost:52889/devtoo..., se:cdpVersion: 117.0.5938.63, setWindowRect: true, strictFileInteractability: false, timeouts: {implicit: 0, pageLoad: 300000, script: 30000}, unhandledPromptBehavior: dismiss and notify, webauthn:extension:credBlob: true, webauthn:extension:largeBlob: true, webauthn:extension:minPinLength: true, webauthn:extension:prf: true, webauthn:virtualAuthenticators: true}
Element: [[ChromeDriver: chrome on windows (54ac5c93c3f764696d1cd5472e877a1e)] -&gt; xpath: //a[contains(@class,&apos;btn  btn-block &apos;)]]
Session ID: 54ac5c93c3f764696d1cd5472e877a1e
	at org.openqa.selenium.remote.codec.w3c.W3CHttpResponseCodec.createException(W3CHttpResponseCodec.java:200)
	at org.openqa.selenium.remote.codec.w3c.W3CHttpResponseCodec.decode(W3CHttpResponseCodec.java:133)
	at org.openqa.selenium.remote.codec.w3c.W3CHttpResponseCodec.decode(W3CHttpResponseCodec.java:52)
	at org.openqa.selenium.remote.HttpCommandExecutor.execute(HttpCommandExecutor.java:191)
	at org.openqa.selenium.remote.service.DriverCommandExecutor.invokeExecute(DriverCommandExecutor.java:196)
	at org.openqa.selenium.remote.service.DriverCommandExecutor.execute(DriverCommandExecutor.java:171)
	at org.openqa.selenium.remote.RemoteWebDriver.execute(RemoteWebDriver.java:602)
	at org.openqa.selenium.remote.RemoteWebElement.execute(RemoteWebElement.java:224)
	at org.openqa.selenium.remote.RemoteWebElement.click(RemoteWebElement.java:77)
	at org.openqa.selenium.support.pagefactory.internal.LocatingElementHandler.invoke(LocatingElementHandler.java:51)
	at jdk.proxy2/jdk.proxy2.$Proxy19.click(Unknown Source)
	at com.providio.pageObjects.miniCartPage.clickviewCartButton(miniCartPage.java:59)
	at com.providio.paymentProccess.tc__CheckOutProcess.checkoutprocess(tc__CheckOutProcess.java:49)
	at com.GuestUserWith_GiftCard.tc__simpleProductAndGc_InGiftCard.simpleProduct_Gc(tc__simpleProductAndGc_InGiftCard.java:74)
	at java.base/java.util.ArrayList.forEach(ArrayList.java:1511)
... Removed 35 stack frames</div></td></tr></table><p class="totop"><a href="#summary">back to summary</a></p>
<h3 id="m36">com.GuestUserWith_Minicart_Paypal.tc__PaypalFromLoginPageGuestUser#PaypalFromLoginPage</h3><table class="result"><tr><th>Exception</th></tr><tr><td><div class="stacktrace">org.openqa.selenium.ElementClickInterceptedException: element click intercepted: Element &lt;a href=&quot;https://zzqi-002.dx.commercecloud.salesforce.com/on/demandware.store/Sites-RefArch-Site/en_US/Cart-Show&quot; class=&quot;btn  btn-block checkout-btn btn-outline-primary disabled&quot; role=&quot;button&quot;&gt;...&lt;/a&gt; is not clickable at point (1716, 773). Other element would receive the click: &lt;div class=&quot;mb-3 view-cart&quot;&gt;...&lt;/div&gt;
  (Session info: chrome=117.0.5938.63)
Build info: version: &apos;4.12.0&apos;, revision: &apos;249f2a7d1b*&apos;
System info: os.name: &apos;Windows 10&apos;, os.arch: &apos;amd64&apos;, os.version: &apos;10.0&apos;, java.version: &apos;17.0.2&apos;
Driver info: org.openqa.selenium.chrome.ChromeDriver
Command: [54ac5c93c3f764696d1cd5472e877a1e, clickElement {id=A429970AC13A9C9035AB19D19BBCFF5A_element_2924}]
Capabilities {acceptInsecureCerts: false, browserName: chrome, browserVersion: 117.0.5938.63, chrome: {chromedriverVersion: 117.0.5938.62 (25a7172909a4..., userDataDir: C:\Users\user\AppData\Local...}, fedcm:accounts: true, goog:chromeOptions: {debuggerAddress: localhost:52889}, networkConnectionEnabled: false, pageLoadStrategy: normal, platformName: windows, proxy: Proxy(), se:cdp: ws://localhost:52889/devtoo..., se:cdpVersion: 117.0.5938.63, setWindowRect: true, strictFileInteractability: false, timeouts: {implicit: 0, pageLoad: 300000, script: 30000}, unhandledPromptBehavior: dismiss and notify, webauthn:extension:credBlob: true, webauthn:extension:largeBlob: true, webauthn:extension:minPinLength: true, webauthn:extension:prf: true, webauthn:virtualAuthenticators: true}
Element: [[ChromeDriver: chrome on windows (54ac5c93c3f764696d1cd5472e877a1e)] -&gt; xpath: //a[contains(@class,&apos;btn  btn-block &apos;)]]
Session ID: 54ac5c93c3f764696d1cd5472e877a1e
	at org.openqa.selenium.remote.codec.w3c.W3CHttpResponseCodec.createException(W3CHttpResponseCodec.java:200)
	at org.openqa.selenium.remote.codec.w3c.W3CHttpResponseCodec.decode(W3CHttpResponseCodec.java:133)
	at org.openqa.selenium.remote.codec.w3c.W3CHttpResponseCodec.decode(W3CHttpResponseCodec.java:52)
	at org.openqa.selenium.remote.HttpCommandExecutor.execute(HttpCommandExecutor.java:191)
	at org.openqa.selenium.remote.service.DriverCommandExecutor.invokeExecute(DriverCommandExecutor.java:196)
	at org.openqa.selenium.remote.service.DriverCommandExecutor.execute(DriverCommandExecutor.java:171)
	at org.openqa.selenium.remote.RemoteWebDriver.execute(RemoteWebDriver.java:602)
	at org.openqa.selenium.remote.RemoteWebElement.execute(RemoteWebElement.java:224)
	at org.openqa.selenium.remote.RemoteWebElement.click(RemoteWebElement.java:77)
	at org.openqa.selenium.support.pagefactory.internal.LocatingElementHandler.invoke(LocatingElementHandler.java:51)
	at jdk.proxy2/jdk.proxy2.$Proxy19.click(Unknown Source)
	at com.providio.pageObjects.miniCartPage.clickviewCartButton(miniCartPage.java:59)
	at com.GuestUserWith_Minicart_Paypal.tc__PaypalFromLoginPageGuestUser.PaypalFromLoginPage(tc__PaypalFromLoginPageGuestUser.java:102)
	at java.base/java.util.ArrayList.forEach(ArrayList.java:1511)
... Removed 35 stack frames</div></td></tr></table><p class="totop"><a href="#summary">back to summary</a></p>
<h3 id="m37">com.GuestUserWith_Minicart_Paypal.tc__BundleProductForGuestUser_InMC_Paypal#bundleProduct</h3><table class="result"><tr><th class="invisible"/></tr></table><p class="totop"><a href="#summary">back to summary</a></p>
<h3 id="m38">com.GuestUserWith_Minicart_Paypal.tc__Bundle_GcAndAllPromotions_Guest_InMC_Paypal#bundle_GcAndAllPromotions</h3><table class="result"><tr><th class="invisible"/></tr></table><p class="totop"><a href="#summary">back to summary</a></p>
<h3 id="m39">com.GuestUserWith_Minicart_Paypal.tc__PaypalCheckout_MiniCart_GuestUser#paypalCheckout_MiniCart</h3><table class="result"><tr><th class="invisible"/></tr></table><p class="totop"><a href="#summary">back to summary</a></p>
<h3 id="m40">com.GuestUserWith_Minicart_Paypal.tc__PaypalFromPDPpage_GuestUser#paypalFromPDPpage</h3><table class="result"><tr><th class="invisible"/></tr></table><p class="totop"><a href="#summary">back to summary</a></p>
<h3 id="m41">com.GuestUserWith_Minicart_Paypal.tc__PickUpStore_Guest_InMC_Paypal#paypalFromCheckoutPage</h3><table class="result"><tr><th class="invisible"/></tr></table><p class="totop"><a href="#summary">back to summary</a></p>
<h3 id="m42">com.GuestUserWith_Minicart_Paypal.tc__SimpleProductForGuestUser_InMC_Paypal#simpleProduct</h3><table class="result"><tr><th class="invisible"/></tr></table><p class="totop"><a href="#summary">back to summary</a></p>
<h3 id="m43">com.GuestUserWith_Minicart_Paypal.tc__SimpleProductsAndBundle_Gc_InMC_Paypal#simpleProducts_Bundle_Gc</h3><table class="result"><tr><th class="invisible"/></tr></table><p class="totop"><a href="#summary">back to summary</a></p>
<h3 id="m44">com.GuestUserWith_Minicart_Paypal.tc__VariationProductForGuestUser_InMC_Paypal#variationProduct</h3><table class="result"><tr><th class="invisible"/></tr></table><p class="totop"><a href="#summary">back to summary</a></p>
<h3 id="m45">com.GuestUserWith_Minicart_Paypal.tc__simpleProductAndGc_InMC_Paypal#simpleProduct_Gc</h3><table class="result"><tr><th class="invisible"/></tr></table><p class="totop"><a href="#summary">back to summary</a></p>
</body>
</html>
