<!DOCTYPE html>

<html>
  <head>
  <meta charset='utf-8'>
  <title>TestNG reports</title>

    <link type="text/css" href="testng-reports1.css" rel="stylesheet" id="ultra" />
    <link type="text/css" href="testng-reports.css" rel="stylesheet" id="retro" disabled="false"/>
    <script type="text/javascript" src="jquery-3.6.0.min.js"></script>
    <script type="text/javascript" src="testng-reports.js"></script>
    <script type="text/javascript" src="https://www.google.com/jsapi"></script>
    <script type='text/javascript'>
      google.load('visualization', '1', {packages:['table']});
      google.setOnLoadCallback(drawTable);
      var suiteTableInitFunctions = new Array();
      var suiteTableData = new Array();
    </script>
    <!--
      <script type="text/javascript" src="jquery-ui/js/jquery-ui-1.8.16.custom.min.js"></script>
     -->
  </head>

  <body>    <div class="top-banner-root">
      <span class="top-banner-title-font">Test results</span>
      <button id="button" class="button">Switch Retro Theme</button> <!-- button -->
      <br/>
      <span class="top-banner-font-1">1 suite, 29 failed tests</span>
    </div> <!-- top-banner-root -->
    <div class="navigator-root">
      <div class="navigator-suite-header">
        <span>All suites</span>
        <a href="#" title="Collapse/expand all the suites" class="collapse-all-link">
          <img src="collapseall.gif" class="collapse-all-icon">
          </img> <!-- collapse-all-icon -->
        </a> <!-- collapse-all-link -->
      </div> <!-- navigator-suite-header -->
      <div class="suite">
        <div class="rounded-window">
          <div class="suite-header light-rounded-window-top">
            <a href="#" panel-name="suite-ProvidioTestcases" class="navigator-link">
              <span class="suite-name border-failed">ProvidioTestcases</span>
            </a> <!-- navigator-link -->
          </div> <!-- suite-header light-rounded-window-top -->
          <div class="navigator-suite-content">
            <div class="suite-section-title">
              <span>Info</span>
            </div> <!-- suite-section-title -->
            <div class="suite-section-content">
              <ul>
                <li>
                  <a href="#" panel-name="test-xml-ProvidioTestcases" class="navigator-link ">
                    <span>C:\Users\user\git\combinedScript\proVidioETG\Excutingalltestcases.xml</span>
                  </a> <!-- navigator-link  -->
                </li>
                <li>
                  <a href="#" panel-name="testlist-ProvidioTestcases" class="navigator-link ">
                    <span class="test-stats">1 test</span>
                  </a> <!-- navigator-link  -->
                </li>
                <li>
                  <a href="#" panel-name="group-ProvidioTestcases" class="navigator-link ">
                    <span>0 groups</span>
                  </a> <!-- navigator-link  -->
                </li>
                <li>
                  <a href="#" panel-name="times-ProvidioTestcases" class="navigator-link ">
                    <span>Times</span>
                  </a> <!-- navigator-link  -->
                </li>
                <li>
                  <a href="#" panel-name="reporter-ProvidioTestcases" class="navigator-link ">
                    <span>Reporter output</span>
                  </a> <!-- navigator-link  -->
                </li>
                <li>
                  <a href="#" panel-name="ignored-methods-ProvidioTestcases" class="navigator-link ">
                    <span>Ignored methods</span>
                  </a> <!-- navigator-link  -->
                </li>
                <li>
                  <a href="#" panel-name="chronological-ProvidioTestcases" class="navigator-link ">
                    <span>Chronological view</span>
                  </a> <!-- navigator-link  -->
                </li>
              </ul>
            </div> <!-- suite-section-content -->
            <div class="result-section">
              <div class="suite-section-title">
                <span>Results</span>
              </div> <!-- suite-section-title -->
              <div class="suite-section-content">
                <ul>
                  <li>
                    <span class="method-stats">38 methods, 29 failed,   9 passed</span>
                  </li>
                  <li>
                    <span class="method-list-title failed">Failed methods</span>
                    <span class="show-or-hide-methods failed">
                      <a href="#" panel-name="suite-ProvidioTestcases" class="hide-methods failed suite-ProvidioTestcases"> (hide)</a> <!-- hide-methods failed suite-ProvidioTestcases -->
                      <a href="#" panel-name="suite-ProvidioTestcases" class="show-methods failed suite-ProvidioTestcases"> (show)</a> <!-- show-methods failed suite-ProvidioTestcases -->
                    </span>
                    <div class="method-list-content failed suite-ProvidioTestcases">
                      <span>
                        <img src="failed.png" width="3%"/>
                        <a href="#" panel-name="suite-ProvidioTestcases" title="com.GuestUserWith_CreditCard.tc__PdpPagewithGuestuser" class="method navigator-link" hash-for-method="PDPpage">PDPpage</a> <!-- method navigator-link -->
                      </span>
                      <br/>
                      <span>
                        <img src="failed.png" width="3%"/>
                        <a href="#" panel-name="suite-ProvidioTestcases" title="com.GuestUserWith_Minicart_Paypal.tc__PaypalFromLoginPageGuestUser" class="method navigator-link" hash-for-method="PaypalFromLoginPage">PaypalFromLoginPage</a> <!-- method navigator-link -->
                      </span>
                      <br/>
                      <span>
                        <img src="failed.png" width="3%"/>
                        <a href="#" panel-name="suite-ProvidioTestcases" title="com.GuestUserWith_GiftCard.tc__BundleProductForGuestUser_InGiftCard" class="method navigator-link" hash-for-method="bundleProduct">bundleProduct</a> <!-- method navigator-link -->
                      </span>
                      <br/>
                      <span>
                        <img src="failed.png" width="3%"/>
                        <a href="#" panel-name="suite-ProvidioTestcases" title="com.GuestUserWith_CreditCard.tc__BundleProductForGuestUser_CC" class="method navigator-link" hash-for-method="bundleProduct">bundleProduct</a> <!-- method navigator-link -->
                      </span>
                      <br/>
                      <span>
                        <img src="failed.png" width="3%"/>
                        <a href="#" panel-name="suite-ProvidioTestcases" title="com.GuestUserWith_GcAndCC.tc__BundleProductForGuestUser_InGcAndCc" class="method navigator-link" hash-for-method="bundleProduct">bundleProduct</a> <!-- method navigator-link -->
                      </span>
                      <br/>
                      <span>
                        <img src="failed.png" width="3%"/>
                        <a href="#" panel-name="suite-ProvidioTestcases" title="com.GuestUserWith_GcAndCC.tc__Bundle_GcAndAllPromotions_Guest_InGcAndCC" class="method navigator-link" hash-for-method="bundle_GcAndAllPromotions">bundle_GcAndAllPromotions</a> <!-- method navigator-link -->
                      </span>
                      <br/>
                      <span>
                        <img src="failed.png" width="3%"/>
                        <a href="#" panel-name="suite-ProvidioTestcases" title="com.GuestUserWith_CreditCard.tc__Bundle_GcAndAllPromotions_Guest_InCC" class="method navigator-link" hash-for-method="bundle_GcAndAllPromotions">bundle_GcAndAllPromotions</a> <!-- method navigator-link -->
                      </span>
                      <br/>
                      <span>
                        <img src="failed.png" width="3%"/>
                        <a href="#" panel-name="suite-ProvidioTestcases" title="com.GuestUserWith_GiftCard.tc__Bundle_GcAndAllPromotions_Guest_InGiftCard" class="method navigator-link" hash-for-method="bundle_GcAndAllPromotions">bundle_GcAndAllPromotions</a> <!-- method navigator-link -->
                      </span>
                      <br/>
                      <span>
                        <img src="failed.png" width="3%"/>
                        <a href="#" panel-name="suite-ProvidioTestcases" title="com.GuestUserWith_CreditCard.tc__BySearchingProduct_GuestUser_InCC" class="method navigator-link" hash-for-method="bySearchingProduct">bySearchingProduct</a> <!-- method navigator-link -->
                      </span>
                      <br/>
                      <span>
                        <img src="failed.png" width="3%"/>
                        <a href="#" panel-name="suite-ProvidioTestcases" title="com.GuestUserWith_CreditCard.tc__GuestUser_InCc" class="method navigator-link" hash-for-method="guestlogin">guestlogin</a> <!-- method navigator-link -->
                      </span>
                      <br/>
                      <span>
                        <img src="failed.png" width="3%"/>
                        <a href="#" panel-name="suite-ProvidioTestcases" title="com.GuestUserWith_GiftCard.tc__OrderByGc_GuestUser" class="method navigator-link" hash-for-method="paymentByGiftCardInGuestUser">paymentByGiftCardInGuestUser</a> <!-- method navigator-link -->
                      </span>
                      <br/>
                      <span>
                        <img src="failed.png" width="3%"/>
                        <a href="#" panel-name="suite-ProvidioTestcases" title="com.GuestUserWith_GiftCard.tc__PickUpStore_Guest_InGiftCard" class="method navigator-link" hash-for-method="paypalFromCheckoutPage">paypalFromCheckoutPage</a> <!-- method navigator-link -->
                      </span>
                      <br/>
                      <span>
                        <img src="failed.png" width="3%"/>
                        <a href="#" panel-name="suite-ProvidioTestcases" title="com.GuestUserWith_GcAndCC.tc__PickUpStore_Guest_InGcAndCC" class="method navigator-link" hash-for-method="paypalFromCheckoutPage">paypalFromCheckoutPage</a> <!-- method navigator-link -->
                      </span>
                      <br/>
                      <span>
                        <img src="failed.png" width="3%"/>
                        <a href="#" panel-name="suite-ProvidioTestcases" title="com.GuestUserWith_CreditCard.tc__PickUpStore_Guest_CC" class="method navigator-link" hash-for-method="paypalFromCheckoutPage">paypalFromCheckoutPage</a> <!-- method navigator-link -->
                      </span>
                      <br/>
                      <span>
                        <img src="failed.png" width="3%"/>
                        <a href="#" panel-name="suite-ProvidioTestcases" title="com.GuestUserWith_GcAndCC.tc__OrderByGC_CC_GuestUser" class="method navigator-link" hash-for-method="paypalFromCheckoutPage">paypalFromCheckoutPage</a> <!-- method navigator-link -->
                      </span>
                      <br/>
                      <span>
                        <img src="failed.png" width="3%"/>
                        <a href="#" panel-name="suite-ProvidioTestcases" title="com.GuestUserWith_GiftCard.tc__ProductSetForGuestUser_InGiftCard" class="method navigator-link" hash-for-method="productSet">productSet</a> <!-- method navigator-link -->
                      </span>
                      <br/>
                      <span>
                        <img src="failed.png" width="3%"/>
                        <a href="#" panel-name="suite-ProvidioTestcases" title="com.GuestUserWith_CreditCard.tc__ShippingAndBillingAddressDiffer_Guest_InCc" class="method navigator-link" hash-for-method="shippingAndBillingAddressDiffer_Guest">shippingAndBillingAddressDiffer_Guest</a> <!-- method navigator-link -->
                      </span>
                      <br/>
                      <span>
                        <img src="failed.png" width="3%"/>
                        <a href="#" panel-name="suite-ProvidioTestcases" title="com.GuestUserWith_GiftCard.tc__SimpleProductForGuestUser_InGiftCard" class="method navigator-link" hash-for-method="simpleProduct">simpleProduct</a> <!-- method navigator-link -->
                      </span>
                      <br/>
                      <span>
                        <img src="failed.png" width="3%"/>
                        <a href="#" panel-name="suite-ProvidioTestcases" title="com.GuestUserWith_CreditCard.tc__SimpleProductForGuestUser_InCC" class="method navigator-link" hash-for-method="simpleProduct">simpleProduct</a> <!-- method navigator-link -->
                      </span>
                      <br/>
                      <span>
                        <img src="failed.png" width="3%"/>
                        <a href="#" panel-name="suite-ProvidioTestcases" title="com.GuestUserWith_GcAndCC.tc__SimpleProductForGuestUser_InGcAndCC" class="method navigator-link" hash-for-method="simpleProduct">simpleProduct</a> <!-- method navigator-link -->
                      </span>
                      <br/>
                      <span>
                        <img src="failed.png" width="3%"/>
                        <a href="#" panel-name="suite-ProvidioTestcases" title="com.GuestUserWith_GcAndCC.tc__simpleProductAndGc_InCcAndGc" class="method navigator-link" hash-for-method="simpleProduct_Gc">simpleProduct_Gc</a> <!-- method navigator-link -->
                      </span>
                      <br/>
                      <span>
                        <img src="failed.png" width="3%"/>
                        <a href="#" panel-name="suite-ProvidioTestcases" title="com.GuestUserWith_GiftCard.tc__simpleProductAndGc_InGiftCard" class="method navigator-link" hash-for-method="simpleProduct_Gc">simpleProduct_Gc</a> <!-- method navigator-link -->
                      </span>
                      <br/>
                      <span>
                        <img src="failed.png" width="3%"/>
                        <a href="#" panel-name="suite-ProvidioTestcases" title="com.GuestUserWith_CreditCard.tc__simpleProductAndGc_InCC" class="method navigator-link" hash-for-method="simpleProduct_Gc">simpleProduct_Gc</a> <!-- method navigator-link -->
                      </span>
                      <br/>
                      <span>
                        <img src="failed.png" width="3%"/>
                        <a href="#" panel-name="suite-ProvidioTestcases" title="com.GuestUserWith_GiftCard.tc__SimpleProductsAndBundle_Gc_InGiftCard" class="method navigator-link" hash-for-method="simpleProducts_Bundle_Gc">simpleProducts_Bundle_Gc</a> <!-- method navigator-link -->
                      </span>
                      <br/>
                      <span>
                        <img src="failed.png" width="3%"/>
                        <a href="#" panel-name="suite-ProvidioTestcases" title="com.GuestUserWith_GcAndCC.tc__SimpleProducts_Bundle_Gc_InCcAndGc" class="method navigator-link" hash-for-method="simpleProducts_Bundle_Gc">simpleProducts_Bundle_Gc</a> <!-- method navigator-link -->
                      </span>
                      <br/>
                      <span>
                        <img src="failed.png" width="3%"/>
                        <a href="#" panel-name="suite-ProvidioTestcases" title="com.GuestUserWith_CreditCard.tc__SimpleProductsAndBundle_Gc_InCC" class="method navigator-link" hash-for-method="simpleProducts_Bundle_Gc">simpleProducts_Bundle_Gc</a> <!-- method navigator-link -->
                      </span>
                      <br/>
                      <span>
                        <img src="failed.png" width="3%"/>
                        <a href="#" panel-name="suite-ProvidioTestcases" title="com.GuestUserWith_GiftCard.tc__VariationProductForGuestUser_InGiftCard" class="method navigator-link" hash-for-method="variationProduct">variationProduct</a> <!-- method navigator-link -->
                      </span>
                      <br/>
                      <span>
                        <img src="failed.png" width="3%"/>
                        <a href="#" panel-name="suite-ProvidioTestcases" title="com.GuestUserWith_CreditCard.tc__VariationProductForGuestUser_InCC" class="method navigator-link" hash-for-method="variationProduct">variationProduct</a> <!-- method navigator-link -->
                      </span>
                      <br/>
                      <span>
                        <img src="failed.png" width="3%"/>
                        <a href="#" panel-name="suite-ProvidioTestcases" title="com.GuestUserWith_GcAndCC.tc__VariationProductForGuestUser_InGcAndCc" class="method navigator-link" hash-for-method="variationProduct">variationProduct</a> <!-- method navigator-link -->
                      </span>
                      <br/>
                    </div> <!-- method-list-content failed suite-ProvidioTestcases -->
                  </li>
                  <li>
                    <span class="method-list-title passed">Passed methods</span>
                    <span class="show-or-hide-methods passed">
                      <a href="#" panel-name="suite-ProvidioTestcases" class="hide-methods passed suite-ProvidioTestcases"> (hide)</a> <!-- hide-methods passed suite-ProvidioTestcases -->
                      <a href="#" panel-name="suite-ProvidioTestcases" class="show-methods passed suite-ProvidioTestcases"> (show)</a> <!-- show-methods passed suite-ProvidioTestcases -->
                    </span>
                    <div class="method-list-content passed suite-ProvidioTestcases">
                      <span>
                        <img src="passed.png" width="3%"/>
                        <a href="#" panel-name="suite-ProvidioTestcases" title="com.GuestUserWith_Minicart_Paypal.tc__BundleProductForGuestUser_InMC_Paypal" class="method navigator-link" hash-for-method="bundleProduct">bundleProduct</a> <!-- method navigator-link -->
                      </span>
                      <br/>
                      <span>
                        <img src="passed.png" width="3%"/>
                        <a href="#" panel-name="suite-ProvidioTestcases" title="com.GuestUserWith_Minicart_Paypal.tc__Bundle_GcAndAllPromotions_Guest_InMC_Paypal" class="method navigator-link" hash-for-method="bundle_GcAndAllPromotions">bundle_GcAndAllPromotions</a> <!-- method navigator-link -->
                      </span>
                      <br/>
                      <span>
                        <img src="passed.png" width="3%"/>
                        <a href="#" panel-name="suite-ProvidioTestcases" title="com.GuestUserWith_Minicart_Paypal.tc__PaypalCheckout_MiniCart_GuestUser" class="method navigator-link" hash-for-method="paypalCheckout_MiniCart">paypalCheckout_MiniCart</a> <!-- method navigator-link -->
                      </span>
                      <br/>
                      <span>
                        <img src="passed.png" width="3%"/>
                        <a href="#" panel-name="suite-ProvidioTestcases" title="com.GuestUserWith_Minicart_Paypal.tc__PickUpStore_Guest_InMC_Paypal" class="method navigator-link" hash-for-method="paypalFromCheckoutPage">paypalFromCheckoutPage</a> <!-- method navigator-link -->
                      </span>
                      <br/>
                      <span>
                        <img src="passed.png" width="3%"/>
                        <a href="#" panel-name="suite-ProvidioTestcases" title="com.GuestUserWith_Minicart_Paypal.tc__PaypalFromPDPpage_GuestUser" class="method navigator-link" hash-for-method="paypalFromPDPpage">paypalFromPDPpage</a> <!-- method navigator-link -->
                      </span>
                      <br/>
                      <span>
                        <img src="passed.png" width="3%"/>
                        <a href="#" panel-name="suite-ProvidioTestcases" title="com.GuestUserWith_Minicart_Paypal.tc__SimpleProductForGuestUser_InMC_Paypal" class="method navigator-link" hash-for-method="simpleProduct">simpleProduct</a> <!-- method navigator-link -->
                      </span>
                      <br/>
                      <span>
                        <img src="passed.png" width="3%"/>
                        <a href="#" panel-name="suite-ProvidioTestcases" title="com.GuestUserWith_Minicart_Paypal.tc__simpleProductAndGc_InMC_Paypal" class="method navigator-link" hash-for-method="simpleProduct_Gc">simpleProduct_Gc</a> <!-- method navigator-link -->
                      </span>
                      <br/>
                      <span>
                        <img src="passed.png" width="3%"/>
                        <a href="#" panel-name="suite-ProvidioTestcases" title="com.GuestUserWith_Minicart_Paypal.tc__SimpleProductsAndBundle_Gc_InMC_Paypal" class="method navigator-link" hash-for-method="simpleProducts_Bundle_Gc">simpleProducts_Bundle_Gc</a> <!-- method navigator-link -->
                      </span>
                      <br/>
                      <span>
                        <img src="passed.png" width="3%"/>
                        <a href="#" panel-name="suite-ProvidioTestcases" title="com.GuestUserWith_Minicart_Paypal.tc__VariationProductForGuestUser_InMC_Paypal" class="method navigator-link" hash-for-method="variationProduct">variationProduct</a> <!-- method navigator-link -->
                      </span>
                      <br/>
                    </div> <!-- method-list-content passed suite-ProvidioTestcases -->
                  </li>
                </ul>
              </div> <!-- suite-section-content -->
            </div> <!-- result-section -->
          </div> <!-- navigator-suite-content -->
        </div> <!-- rounded-window -->
      </div> <!-- suite -->
    </div> <!-- navigator-root -->
    <div class="wrapper">
      <div class="main-panel-root">
        <div panel-name="suite-ProvidioTestcases" class="panel ProvidioTestcases">
          <div class="suite-ProvidioTestcases-class-failed">
            <div class="main-panel-header rounded-window-top">
              <img src="failed.png"/>
              <span class="class-name">com.GuestUserWith_GiftCard.tc__SimpleProductForGuestUser_InGiftCard</span>
            </div> <!-- main-panel-header rounded-window-top -->
            <div class="main-panel-content rounded-window-bottom">
              <div class="method">
                <div class="method-content">
                  <a name="simpleProduct">
                  </a> <!-- simpleProduct -->
                  <span class="method-name">simpleProduct</span>
                  <div class="stack-trace">org.openqa.selenium.ElementClickInterceptedException: element click intercepted: Element &lt;a href=&quot;https://zzqi-002.dx.commercecloud.salesforce.com/on/demandware.store/Sites-RefArch-Site/en_US/Cart-Show&quot; class=&quot;btn  btn-block checkout-btn btn-outline-primary disabled&quot; role=&quot;button&quot;&gt;...&lt;/a&gt; is not clickable at point (1716, 773). Other element would receive the click: &lt;div class=&quot;mb-3 view-cart&quot;&gt;...&lt;/div&gt;
  (Session info: chrome=117.0.5938.63)
Build info: version: &apos;4.12.0&apos;, revision: &apos;249f2a7d1b*&apos;
System info: os.name: &apos;Windows 10&apos;, os.arch: &apos;amd64&apos;, os.version: &apos;10.0&apos;, java.version: &apos;17.0.2&apos;
Driver info: org.openqa.selenium.chrome.ChromeDriver
Command: [54ac5c93c3f764696d1cd5472e877a1e, clickElement {id=0CBB418B2C35729579F57D7E85D6E769_element_4446}]
Capabilities {acceptInsecureCerts: false, browserName: chrome, browserVersion: 117.0.5938.63, chrome: {chromedriverVersion: 117.0.5938.62 (25a7172909a4..., userDataDir: C:\Users\user\AppData\Local...}, fedcm:accounts: true, goog:chromeOptions: {debuggerAddress: localhost:52889}, networkConnectionEnabled: false, pageLoadStrategy: normal, platformName: windows, proxy: Proxy(), se:cdp: ws://localhost:52889/devtoo..., se:cdpVersion: 117.0.5938.63, setWindowRect: true, strictFileInteractability: false, timeouts: {implicit: 0, pageLoad: 300000, script: 30000}, unhandledPromptBehavior: dismiss and notify, webauthn:extension:credBlob: true, webauthn:extension:largeBlob: true, webauthn:extension:minPinLength: true, webauthn:extension:prf: true, webauthn:virtualAuthenticators: true}
Element: [[ChromeDriver: chrome on windows (54ac5c93c3f764696d1cd5472e877a1e)] -&gt; xpath: //a[contains(@class,&apos;btn  btn-block &apos;)]]
Session ID: 54ac5c93c3f764696d1cd5472e877a1e
	at org.openqa.selenium.remote.codec.w3c.W3CHttpResponseCodec.createException(W3CHttpResponseCodec.java:200)
	at org.openqa.selenium.remote.codec.w3c.W3CHttpResponseCodec.decode(W3CHttpResponseCodec.java:133)
	at org.openqa.selenium.remote.codec.w3c.W3CHttpResponseCodec.decode(W3CHttpResponseCodec.java:52)
	at org.openqa.selenium.remote.HttpCommandExecutor.execute(HttpCommandExecutor.java:191)
	at org.openqa.selenium.remote.service.DriverCommandExecutor.invokeExecute(DriverCommandExecutor.java:196)
	at org.openqa.selenium.remote.service.DriverCommandExecutor.execute(DriverCommandExecutor.java:171)
	at org.openqa.selenium.remote.RemoteWebDriver.execute(RemoteWebDriver.java:602)
	at org.openqa.selenium.remote.RemoteWebElement.execute(RemoteWebElement.java:224)
	at org.openqa.selenium.remote.RemoteWebElement.click(RemoteWebElement.java:77)
	at org.openqa.selenium.support.pagefactory.internal.LocatingElementHandler.invoke(LocatingElementHandler.java:51)
	at jdk.proxy2/jdk.proxy2.$Proxy19.click(Unknown Source)
	at com.providio.pageObjects.miniCartPage.clickviewCartButton(miniCartPage.java:59)
	at com.providio.paymentProccess.tc__CheckOutProcess.checkoutprocess(tc__CheckOutProcess.java:49)
	at com.GuestUserWith_GiftCard.tc__SimpleProductForGuestUser_InGiftCard.simpleProduct(tc__SimpleProductForGuestUser_InGiftCard.java:64)
	at java.base/java.util.ArrayList.forEach(ArrayList.java:1511)
... Removed 34 stack frames
</div> <!-- stack-trace -->
                </div> <!-- method-content -->
              </div> <!-- method -->
            </div> <!-- main-panel-content rounded-window-bottom -->
          </div> <!-- suite-ProvidioTestcases-class-failed -->
          <div class="suite-ProvidioTestcases-class-failed">
            <div class="main-panel-header rounded-window-top">
              <img src="failed.png"/>
              <span class="class-name">com.GuestUserWith_CreditCard.tc__SimpleProductsAndBundle_Gc_InCC</span>
            </div> <!-- main-panel-header rounded-window-top -->
            <div class="main-panel-content rounded-window-bottom">
              <div class="method">
                <div class="method-content">
                  <a name="simpleProducts_Bundle_Gc">
                  </a> <!-- simpleProducts_Bundle_Gc -->
                  <span class="method-name">simpleProducts_Bundle_Gc</span>
                  <div class="stack-trace">org.openqa.selenium.ElementClickInterceptedException: element click intercepted: Element &lt;a href=&quot;https://zzqi-002.dx.commercecloud.salesforce.com/on/demandware.store/Sites-RefArch-Site/en_US/Cart-Show&quot; class=&quot;btn  btn-block checkout-btn btn-outline-primary disabled&quot; role=&quot;button&quot;&gt;...&lt;/a&gt; is not clickable at point (1716, 773). Other element would receive the click: &lt;div class=&quot;mb-3 view-cart&quot;&gt;...&lt;/div&gt;
  (Session info: chrome=117.0.5938.63)
Build info: version: &apos;4.12.0&apos;, revision: &apos;249f2a7d1b*&apos;
System info: os.name: &apos;Windows 10&apos;, os.arch: &apos;amd64&apos;, os.version: &apos;10.0&apos;, java.version: &apos;17.0.2&apos;
Driver info: org.openqa.selenium.chrome.ChromeDriver
Command: [54ac5c93c3f764696d1cd5472e877a1e, clickElement {id=0B23F82D0D6F1AB2DD03E136BDDC75AF_element_6713}]
Capabilities {acceptInsecureCerts: false, browserName: chrome, browserVersion: 117.0.5938.63, chrome: {chromedriverVersion: 117.0.5938.62 (25a7172909a4..., userDataDir: C:\Users\user\AppData\Local...}, fedcm:accounts: true, goog:chromeOptions: {debuggerAddress: localhost:52889}, networkConnectionEnabled: false, pageLoadStrategy: normal, platformName: windows, proxy: Proxy(), se:cdp: ws://localhost:52889/devtoo..., se:cdpVersion: 117.0.5938.63, setWindowRect: true, strictFileInteractability: false, timeouts: {implicit: 0, pageLoad: 300000, script: 30000}, unhandledPromptBehavior: dismiss and notify, webauthn:extension:credBlob: true, webauthn:extension:largeBlob: true, webauthn:extension:minPinLength: true, webauthn:extension:prf: true, webauthn:virtualAuthenticators: true}
Element: [[ChromeDriver: chrome on windows (54ac5c93c3f764696d1cd5472e877a1e)] -&gt; xpath: //a[contains(@class,&apos;btn  btn-block &apos;)]]
Session ID: 54ac5c93c3f764696d1cd5472e877a1e
	at org.openqa.selenium.remote.codec.w3c.W3CHttpResponseCodec.createException(W3CHttpResponseCodec.java:200)
	at org.openqa.selenium.remote.codec.w3c.W3CHttpResponseCodec.decode(W3CHttpResponseCodec.java:133)
	at org.openqa.selenium.remote.codec.w3c.W3CHttpResponseCodec.decode(W3CHttpResponseCodec.java:52)
	at org.openqa.selenium.remote.HttpCommandExecutor.execute(HttpCommandExecutor.java:191)
	at org.openqa.selenium.remote.service.DriverCommandExecutor.invokeExecute(DriverCommandExecutor.java:196)
	at org.openqa.selenium.remote.service.DriverCommandExecutor.execute(DriverCommandExecutor.java:171)
	at org.openqa.selenium.remote.RemoteWebDriver.execute(RemoteWebDriver.java:602)
	at org.openqa.selenium.remote.RemoteWebElement.execute(RemoteWebElement.java:224)
	at org.openqa.selenium.remote.RemoteWebElement.click(RemoteWebElement.java:77)
	at org.openqa.selenium.support.pagefactory.internal.LocatingElementHandler.invoke(LocatingElementHandler.java:51)
	at jdk.proxy2/jdk.proxy2.$Proxy19.click(Unknown Source)
	at com.providio.pageObjects.miniCartPage.clickviewCartButton(miniCartPage.java:59)
	at com.providio.paymentProccess.tc__CheckOutProcess.checkoutprocess(tc__CheckOutProcess.java:49)
	at com.GuestUserWith_CreditCard.tc__SimpleProductsAndBundle_Gc_InCC.simpleProducts_Bundle_Gc(tc__SimpleProductsAndBundle_Gc_InCC.java:76)
	at java.base/java.util.ArrayList.forEach(ArrayList.java:1511)
... Removed 34 stack frames
</div> <!-- stack-trace -->
                </div> <!-- method-content -->
              </div> <!-- method -->
            </div> <!-- main-panel-content rounded-window-bottom -->
          </div> <!-- suite-ProvidioTestcases-class-failed -->
          <div class="suite-ProvidioTestcases-class-failed">
            <div class="main-panel-header rounded-window-top">
              <img src="failed.png"/>
              <span class="class-name">com.GuestUserWith_CreditCard.tc__BySearchingProduct_GuestUser_InCC</span>
            </div> <!-- main-panel-header rounded-window-top -->
            <div class="main-panel-content rounded-window-bottom">
              <div class="method">
                <div class="method-content">
                  <a name="bySearchingProduct">
                  </a> <!-- bySearchingProduct -->
                  <span class="method-name">bySearchingProduct</span>
                  <div class="stack-trace">org.openqa.selenium.ElementClickInterceptedException: element click intercepted: Element &lt;a href=&quot;https://zzqi-002.dx.commercecloud.salesforce.com/on/demandware.store/Sites-RefArch-Site/en_US/Cart-Show&quot; class=&quot;btn  btn-block checkout-btn btn-outline-primary disabled&quot; role=&quot;button&quot;&gt;...&lt;/a&gt; is not clickable at point (1716, 773). Other element would receive the click: &lt;div class=&quot;mb-3 view-cart&quot;&gt;...&lt;/div&gt;
  (Session info: chrome=117.0.5938.63)
Build info: version: &apos;4.12.0&apos;, revision: &apos;249f2a7d1b*&apos;
System info: os.name: &apos;Windows 10&apos;, os.arch: &apos;amd64&apos;, os.version: &apos;10.0&apos;, java.version: &apos;17.0.2&apos;
Driver info: org.openqa.selenium.chrome.ChromeDriver
Command: [54ac5c93c3f764696d1cd5472e877a1e, clickElement {id=2225207A949DBE9339D6D74AD4FBA575_element_1923}]
Capabilities {acceptInsecureCerts: false, browserName: chrome, browserVersion: 117.0.5938.63, chrome: {chromedriverVersion: 117.0.5938.62 (25a7172909a4..., userDataDir: C:\Users\user\AppData\Local...}, fedcm:accounts: true, goog:chromeOptions: {debuggerAddress: localhost:52889}, networkConnectionEnabled: false, pageLoadStrategy: normal, platformName: windows, proxy: Proxy(), se:cdp: ws://localhost:52889/devtoo..., se:cdpVersion: 117.0.5938.63, setWindowRect: true, strictFileInteractability: false, timeouts: {implicit: 0, pageLoad: 300000, script: 30000}, unhandledPromptBehavior: dismiss and notify, webauthn:extension:credBlob: true, webauthn:extension:largeBlob: true, webauthn:extension:minPinLength: true, webauthn:extension:prf: true, webauthn:virtualAuthenticators: true}
Element: [[ChromeDriver: chrome on windows (54ac5c93c3f764696d1cd5472e877a1e)] -&gt; xpath: //a[contains(@class,&apos;btn  btn-block &apos;)]]
Session ID: 54ac5c93c3f764696d1cd5472e877a1e
	at org.openqa.selenium.remote.codec.w3c.W3CHttpResponseCodec.createException(W3CHttpResponseCodec.java:200)
	at org.openqa.selenium.remote.codec.w3c.W3CHttpResponseCodec.decode(W3CHttpResponseCodec.java:133)
	at org.openqa.selenium.remote.codec.w3c.W3CHttpResponseCodec.decode(W3CHttpResponseCodec.java:52)
	at org.openqa.selenium.remote.HttpCommandExecutor.execute(HttpCommandExecutor.java:191)
	at org.openqa.selenium.remote.service.DriverCommandExecutor.invokeExecute(DriverCommandExecutor.java:196)
	at org.openqa.selenium.remote.service.DriverCommandExecutor.execute(DriverCommandExecutor.java:171)
	at org.openqa.selenium.remote.RemoteWebDriver.execute(RemoteWebDriver.java:602)
	at org.openqa.selenium.remote.RemoteWebElement.execute(RemoteWebElement.java:224)
	at org.openqa.selenium.remote.RemoteWebElement.click(RemoteWebElement.java:77)
	at org.openqa.selenium.support.pagefactory.internal.LocatingElementHandler.invoke(LocatingElementHandler.java:51)
	at jdk.proxy2/jdk.proxy2.$Proxy19.click(Unknown Source)
	at com.providio.pageObjects.miniCartPage.clickviewCartButton(miniCartPage.java:59)
	at com.providio.paymentProccess.tc__CheckOutProcess.checkoutprocess(tc__CheckOutProcess.java:49)
	at com.GuestUserWith_CreditCard.tc__BySearchingProduct_GuestUser_InCC.bySearchingProduct(tc__BySearchingProduct_GuestUser_InCC.java:78)
	at java.base/java.util.ArrayList.forEach(ArrayList.java:1511)
... Removed 35 stack frames
</div> <!-- stack-trace -->
                </div> <!-- method-content -->
              </div> <!-- method -->
            </div> <!-- main-panel-content rounded-window-bottom -->
          </div> <!-- suite-ProvidioTestcases-class-failed -->
          <div class="suite-ProvidioTestcases-class-failed">
            <div class="main-panel-header rounded-window-top">
              <img src="failed.png"/>
              <span class="class-name">com.GuestUserWith_CreditCard.tc__BundleProductForGuestUser_CC</span>
            </div> <!-- main-panel-header rounded-window-top -->
            <div class="main-panel-content rounded-window-bottom">
              <div class="method">
                <div class="method-content">
                  <a name="bundleProduct">
                  </a> <!-- bundleProduct -->
                  <span class="method-name">bundleProduct</span>
                  <div class="stack-trace">org.openqa.selenium.ElementNotInteractableException: element not interactable
  (Session info: chrome=117.0.5938.63)
Build info: version: &apos;4.12.0&apos;, revision: &apos;249f2a7d1b*&apos;
System info: os.name: &apos;Windows 10&apos;, os.arch: &apos;amd64&apos;, os.version: &apos;10.0&apos;, java.version: &apos;17.0.2&apos;
Driver info: org.openqa.selenium.chrome.ChromeDriver
Command: [54ac5c93c3f764696d1cd5472e877a1e, sendKeysToElement {id=A73A33D6B6DDAF478DF9ADAA26534B24_element_5, value=[Ljava.lang.CharSequence;@227a99a1}]
Capabilities {acceptInsecureCerts: false, browserName: chrome, browserVersion: 117.0.5938.63, chrome: {chromedriverVersion: 117.0.5938.62 (25a7172909a4..., userDataDir: C:\Users\user\AppData\Local...}, fedcm:accounts: true, goog:chromeOptions: {debuggerAddress: localhost:52889}, networkConnectionEnabled: false, pageLoadStrategy: normal, platformName: windows, proxy: Proxy(), se:cdp: ws://localhost:52889/devtoo..., se:cdpVersion: 117.0.5938.63, setWindowRect: true, strictFileInteractability: false, timeouts: {implicit: 0, pageLoad: 300000, script: 30000}, unhandledPromptBehavior: dismiss and notify, webauthn:extension:credBlob: true, webauthn:extension:largeBlob: true, webauthn:extension:minPinLength: true, webauthn:extension:prf: true, webauthn:virtualAuthenticators: true}
Element: [[ChromeDriver: chrome on windows (54ac5c93c3f764696d1cd5472e877a1e)] -&gt; xpath: //input[@autocomplete=&apos;cc-number&apos; and @inputmode=&apos;numeric&apos;]]
Session ID: 54ac5c93c3f764696d1cd5472e877a1e
	at org.openqa.selenium.remote.codec.w3c.W3CHttpResponseCodec.createException(W3CHttpResponseCodec.java:200)
	at org.openqa.selenium.remote.codec.w3c.W3CHttpResponseCodec.decode(W3CHttpResponseCodec.java:133)
	at org.openqa.selenium.remote.codec.w3c.W3CHttpResponseCodec.decode(W3CHttpResponseCodec.java:52)
	at org.openqa.selenium.remote.HttpCommandExecutor.execute(HttpCommandExecutor.java:191)
	at org.openqa.selenium.remote.service.DriverCommandExecutor.invokeExecute(DriverCommandExecutor.java:196)
	at org.openqa.selenium.remote.service.DriverCommandExecutor.execute(DriverCommandExecutor.java:171)
	at org.openqa.selenium.remote.RemoteWebDriver.execute(RemoteWebDriver.java:602)
	at org.openqa.selenium.remote.RemoteWebElement.execute(RemoteWebElement.java:224)
	at org.openqa.selenium.remote.RemoteWebElement.sendKeys(RemoteWebElement.java:111)
	at org.openqa.selenium.support.pagefactory.internal.LocatingElementHandler.invoke(LocatingElementHandler.java:51)
	at jdk.proxy2/jdk.proxy2.$Proxy19.sendKeys(Unknown Source)
	at com.providio.pageObjects.paymentpPage.cardNum(paymentpPage.java:686)
	at com.providio.paymentProccess.tc__CreditCardPaymentProcess.stripePayment(tc__CreditCardPaymentProcess.java:221)
	at com.providio.paymentProccess.tc__CreditCardPaymentProcess.paymentByCreditCard(tc__CreditCardPaymentProcess.java:83)
	at com.GuestUserWith_CreditCard.tc__BundleProductForGuestUser_CC.bundleProduct(tc__BundleProductForGuestUser_CC.java:67)
	at java.base/java.util.ArrayList.forEach(ArrayList.java:1511)
... Removed 36 stack frames
</div> <!-- stack-trace -->
                </div> <!-- method-content -->
              </div> <!-- method -->
            </div> <!-- main-panel-content rounded-window-bottom -->
          </div> <!-- suite-ProvidioTestcases-class-failed -->
          <div class="suite-ProvidioTestcases-class-failed">
            <div class="main-panel-header rounded-window-top">
              <img src="failed.png"/>
              <span class="class-name">com.GuestUserWith_CreditCard.tc__simpleProductAndGc_InCC</span>
            </div> <!-- main-panel-header rounded-window-top -->
            <div class="main-panel-content rounded-window-bottom">
              <div class="method">
                <div class="method-content">
                  <a name="simpleProduct_Gc">
                  </a> <!-- simpleProduct_Gc -->
                  <span class="method-name">simpleProduct_Gc</span>
                  <div class="stack-trace">org.openqa.selenium.ElementClickInterceptedException: element click intercepted: Element &lt;a href=&quot;https://zzqi-002.dx.commercecloud.salesforce.com/on/demandware.store/Sites-RefArch-Site/en_US/Cart-Show&quot; class=&quot;btn  btn-block checkout-btn btn-outline-primary disabled&quot; role=&quot;button&quot;&gt;...&lt;/a&gt; is not clickable at point (1716, 773). Other element would receive the click: &lt;div class=&quot;mb-3 view-cart&quot;&gt;...&lt;/div&gt;
  (Session info: chrome=117.0.5938.63)
Build info: version: &apos;4.12.0&apos;, revision: &apos;249f2a7d1b*&apos;
System info: os.name: &apos;Windows 10&apos;, os.arch: &apos;amd64&apos;, os.version: &apos;10.0&apos;, java.version: &apos;17.0.2&apos;
Driver info: org.openqa.selenium.chrome.ChromeDriver
Command: [54ac5c93c3f764696d1cd5472e877a1e, clickElement {id=4AAC57D79CAB962880BAD107687DD44B_element_5638}]
Capabilities {acceptInsecureCerts: false, browserName: chrome, browserVersion: 117.0.5938.63, chrome: {chromedriverVersion: 117.0.5938.62 (25a7172909a4..., userDataDir: C:\Users\user\AppData\Local...}, fedcm:accounts: true, goog:chromeOptions: {debuggerAddress: localhost:52889}, networkConnectionEnabled: false, pageLoadStrategy: normal, platformName: windows, proxy: Proxy(), se:cdp: ws://localhost:52889/devtoo..., se:cdpVersion: 117.0.5938.63, setWindowRect: true, strictFileInteractability: false, timeouts: {implicit: 0, pageLoad: 300000, script: 30000}, unhandledPromptBehavior: dismiss and notify, webauthn:extension:credBlob: true, webauthn:extension:largeBlob: true, webauthn:extension:minPinLength: true, webauthn:extension:prf: true, webauthn:virtualAuthenticators: true}
Element: [[ChromeDriver: chrome on windows (54ac5c93c3f764696d1cd5472e877a1e)] -&gt; xpath: //a[contains(@class,&apos;btn  btn-block &apos;)]]
Session ID: 54ac5c93c3f764696d1cd5472e877a1e
	at org.openqa.selenium.remote.codec.w3c.W3CHttpResponseCodec.createException(W3CHttpResponseCodec.java:200)
	at org.openqa.selenium.remote.codec.w3c.W3CHttpResponseCodec.decode(W3CHttpResponseCodec.java:133)
	at org.openqa.selenium.remote.codec.w3c.W3CHttpResponseCodec.decode(W3CHttpResponseCodec.java:52)
	at org.openqa.selenium.remote.HttpCommandExecutor.execute(HttpCommandExecutor.java:191)
	at org.openqa.selenium.remote.service.DriverCommandExecutor.invokeExecute(DriverCommandExecutor.java:196)
	at org.openqa.selenium.remote.service.DriverCommandExecutor.execute(DriverCommandExecutor.java:171)
	at org.openqa.selenium.remote.RemoteWebDriver.execute(RemoteWebDriver.java:602)
	at org.openqa.selenium.remote.RemoteWebElement.execute(RemoteWebElement.java:224)
	at org.openqa.selenium.remote.RemoteWebElement.click(RemoteWebElement.java:77)
	at org.openqa.selenium.support.pagefactory.internal.LocatingElementHandler.invoke(LocatingElementHandler.java:51)
	at jdk.proxy2/jdk.proxy2.$Proxy19.click(Unknown Source)
	at com.providio.pageObjects.miniCartPage.clickviewCartButton(miniCartPage.java:59)
	at com.providio.paymentProccess.tc__CheckOutProcess.checkoutprocess(tc__CheckOutProcess.java:49)
	at com.GuestUserWith_CreditCard.tc__simpleProductAndGc_InCC.simpleProduct_Gc(tc__simpleProductAndGc_InCC.java:74)
	at java.base/java.util.ArrayList.forEach(ArrayList.java:1511)
... Removed 34 stack frames
</div> <!-- stack-trace -->
                </div> <!-- method-content -->
              </div> <!-- method -->
            </div> <!-- main-panel-content rounded-window-bottom -->
          </div> <!-- suite-ProvidioTestcases-class-failed -->
          <div class="suite-ProvidioTestcases-class-failed">
            <div class="main-panel-header rounded-window-top">
              <img src="failed.png"/>
              <span class="class-name">com.GuestUserWith_CreditCard.tc__ShippingAndBillingAddressDiffer_Guest_InCc</span>
            </div> <!-- main-panel-header rounded-window-top -->
            <div class="main-panel-content rounded-window-bottom">
              <div class="method">
                <div class="method-content">
                  <a name="shippingAndBillingAddressDiffer_Guest">
                  </a> <!-- shippingAndBillingAddressDiffer_Guest -->
                  <span class="method-name">shippingAndBillingAddressDiffer_Guest</span>
                  <div class="stack-trace">org.openqa.selenium.ElementClickInterceptedException: element click intercepted: Element &lt;a href=&quot;https://zzqi-002.dx.commercecloud.salesforce.com/on/demandware.store/Sites-RefArch-Site/en_US/Cart-Show&quot; class=&quot;btn  btn-block checkout-btn btn-outline-primary disabled&quot; role=&quot;button&quot;&gt;...&lt;/a&gt; is not clickable at point (1716, 773). Other element would receive the click: &lt;div class=&quot;mb-3 view-cart&quot;&gt;...&lt;/div&gt;
  (Session info: chrome=117.0.5938.63)
Build info: version: &apos;4.12.0&apos;, revision: &apos;249f2a7d1b*&apos;
System info: os.name: &apos;Windows 10&apos;, os.arch: &apos;amd64&apos;, os.version: &apos;10.0&apos;, java.version: &apos;17.0.2&apos;
Driver info: org.openqa.selenium.chrome.ChromeDriver
Command: [54ac5c93c3f764696d1cd5472e877a1e, clickElement {id=D0F7A424311E606ACF4662C281723F88_element_4826}]
Capabilities {acceptInsecureCerts: false, browserName: chrome, browserVersion: 117.0.5938.63, chrome: {chromedriverVersion: 117.0.5938.62 (25a7172909a4..., userDataDir: C:\Users\user\AppData\Local...}, fedcm:accounts: true, goog:chromeOptions: {debuggerAddress: localhost:52889}, networkConnectionEnabled: false, pageLoadStrategy: normal, platformName: windows, proxy: Proxy(), se:cdp: ws://localhost:52889/devtoo..., se:cdpVersion: 117.0.5938.63, setWindowRect: true, strictFileInteractability: false, timeouts: {implicit: 0, pageLoad: 300000, script: 30000}, unhandledPromptBehavior: dismiss and notify, webauthn:extension:credBlob: true, webauthn:extension:largeBlob: true, webauthn:extension:minPinLength: true, webauthn:extension:prf: true, webauthn:virtualAuthenticators: true}
Element: [[ChromeDriver: chrome on windows (54ac5c93c3f764696d1cd5472e877a1e)] -&gt; xpath: //a[contains(@class,&apos;btn  btn-block &apos;)]]
Session ID: 54ac5c93c3f764696d1cd5472e877a1e
	at org.openqa.selenium.remote.codec.w3c.W3CHttpResponseCodec.createException(W3CHttpResponseCodec.java:200)
	at org.openqa.selenium.remote.codec.w3c.W3CHttpResponseCodec.decode(W3CHttpResponseCodec.java:133)
	at org.openqa.selenium.remote.codec.w3c.W3CHttpResponseCodec.decode(W3CHttpResponseCodec.java:52)
	at org.openqa.selenium.remote.HttpCommandExecutor.execute(HttpCommandExecutor.java:191)
	at org.openqa.selenium.remote.service.DriverCommandExecutor.invokeExecute(DriverCommandExecutor.java:196)
	at org.openqa.selenium.remote.service.DriverCommandExecutor.execute(DriverCommandExecutor.java:171)
	at org.openqa.selenium.remote.RemoteWebDriver.execute(RemoteWebDriver.java:602)
	at org.openqa.selenium.remote.RemoteWebElement.execute(RemoteWebElement.java:224)
	at org.openqa.selenium.remote.RemoteWebElement.click(RemoteWebElement.java:77)
	at org.openqa.selenium.support.pagefactory.internal.LocatingElementHandler.invoke(LocatingElementHandler.java:51)
	at jdk.proxy2/jdk.proxy2.$Proxy19.click(Unknown Source)
	at com.providio.pageObjects.miniCartPage.clickviewCartButton(miniCartPage.java:59)
	at com.providio.paymentProccess.tc__CheckOutProcess.checkoutprocess(tc__CheckOutProcess.java:49)
	at com.GuestUserWith_CreditCard.tc__ShippingAndBillingAddressDiffer_Guest_InCc.shippingAndBillingAddressDiffer_Guest(tc__ShippingAndBillingAddressDiffer_Guest_InCc.java:72)
	at java.base/java.util.ArrayList.forEach(ArrayList.java:1511)
... Removed 34 stack frames
</div> <!-- stack-trace -->
                </div> <!-- method-content -->
              </div> <!-- method -->
            </div> <!-- main-panel-content rounded-window-bottom -->
          </div> <!-- suite-ProvidioTestcases-class-failed -->
          <div class="suite-ProvidioTestcases-class-failed">
            <div class="main-panel-header rounded-window-top">
              <img src="failed.png"/>
              <span class="class-name">com.GuestUserWith_GcAndCC.tc__SimpleProducts_Bundle_Gc_InCcAndGc</span>
            </div> <!-- main-panel-header rounded-window-top -->
            <div class="main-panel-content rounded-window-bottom">
              <div class="method">
                <div class="method-content">
                  <a name="simpleProducts_Bundle_Gc">
                  </a> <!-- simpleProducts_Bundle_Gc -->
                  <span class="method-name">simpleProducts_Bundle_Gc</span>
                  <div class="stack-trace">org.openqa.selenium.ElementClickInterceptedException: element click intercepted: Element &lt;a href=&quot;https://zzqi-002.dx.commercecloud.salesforce.com/on/demandware.store/Sites-RefArch-Site/en_US/Cart-Show&quot; class=&quot;btn  btn-block checkout-btn btn-outline-primary disabled&quot; role=&quot;button&quot;&gt;...&lt;/a&gt; is not clickable at point (1716, 773). Other element would receive the click: &lt;div class=&quot;mb-3 view-cart&quot;&gt;...&lt;/div&gt;
  (Session info: chrome=117.0.5938.63)
Build info: version: &apos;4.12.0&apos;, revision: &apos;249f2a7d1b*&apos;
System info: os.name: &apos;Windows 10&apos;, os.arch: &apos;amd64&apos;, os.version: &apos;10.0&apos;, java.version: &apos;17.0.2&apos;
Driver info: org.openqa.selenium.chrome.ChromeDriver
Command: [54ac5c93c3f764696d1cd5472e877a1e, clickElement {id=FFEA73C3AF749B44FDB3AF3E0417E7A0_element_5517}]
Capabilities {acceptInsecureCerts: false, browserName: chrome, browserVersion: 117.0.5938.63, chrome: {chromedriverVersion: 117.0.5938.62 (25a7172909a4..., userDataDir: C:\Users\user\AppData\Local...}, fedcm:accounts: true, goog:chromeOptions: {debuggerAddress: localhost:52889}, networkConnectionEnabled: false, pageLoadStrategy: normal, platformName: windows, proxy: Proxy(), se:cdp: ws://localhost:52889/devtoo..., se:cdpVersion: 117.0.5938.63, setWindowRect: true, strictFileInteractability: false, timeouts: {implicit: 0, pageLoad: 300000, script: 30000}, unhandledPromptBehavior: dismiss and notify, webauthn:extension:credBlob: true, webauthn:extension:largeBlob: true, webauthn:extension:minPinLength: true, webauthn:extension:prf: true, webauthn:virtualAuthenticators: true}
Element: [[ChromeDriver: chrome on windows (54ac5c93c3f764696d1cd5472e877a1e)] -&gt; xpath: //a[contains(@class,&apos;btn  btn-block &apos;)]]
Session ID: 54ac5c93c3f764696d1cd5472e877a1e
	at org.openqa.selenium.remote.codec.w3c.W3CHttpResponseCodec.createException(W3CHttpResponseCodec.java:200)
	at org.openqa.selenium.remote.codec.w3c.W3CHttpResponseCodec.decode(W3CHttpResponseCodec.java:133)
	at org.openqa.selenium.remote.codec.w3c.W3CHttpResponseCodec.decode(W3CHttpResponseCodec.java:52)
	at org.openqa.selenium.remote.HttpCommandExecutor.execute(HttpCommandExecutor.java:191)
	at org.openqa.selenium.remote.service.DriverCommandExecutor.invokeExecute(DriverCommandExecutor.java:196)
	at org.openqa.selenium.remote.service.DriverCommandExecutor.execute(DriverCommandExecutor.java:171)
	at org.openqa.selenium.remote.RemoteWebDriver.execute(RemoteWebDriver.java:602)
	at org.openqa.selenium.remote.RemoteWebElement.execute(RemoteWebElement.java:224)
	at org.openqa.selenium.remote.RemoteWebElement.click(RemoteWebElement.java:77)
	at org.openqa.selenium.support.pagefactory.internal.LocatingElementHandler.invoke(LocatingElementHandler.java:51)
	at jdk.proxy2/jdk.proxy2.$Proxy19.click(Unknown Source)
	at com.providio.pageObjects.miniCartPage.clickviewCartButton(miniCartPage.java:59)
	at com.providio.paymentProccess.tc__CheckOutProcess.checkoutprocess(tc__CheckOutProcess.java:49)
	at com.GuestUserWith_GcAndCC.tc__SimpleProducts_Bundle_Gc_InCcAndGc.simpleProducts_Bundle_Gc(tc__SimpleProducts_Bundle_Gc_InCcAndGc.java:78)
	at java.base/java.util.ArrayList.forEach(ArrayList.java:1511)
... Removed 34 stack frames
</div> <!-- stack-trace -->
                </div> <!-- method-content -->
              </div> <!-- method -->
            </div> <!-- main-panel-content rounded-window-bottom -->
          </div> <!-- suite-ProvidioTestcases-class-failed -->
          <div class="suite-ProvidioTestcases-class-failed">
            <div class="main-panel-header rounded-window-top">
              <img src="failed.png"/>
              <span class="class-name">com.GuestUserWith_GiftCard.tc__PickUpStore_Guest_InGiftCard</span>
            </div> <!-- main-panel-header rounded-window-top -->
            <div class="main-panel-content rounded-window-bottom">
              <div class="method">
                <div class="method-content">
                  <a name="paypalFromCheckoutPage">
                  </a> <!-- paypalFromCheckoutPage -->
                  <span class="method-name">paypalFromCheckoutPage</span>
                  <div class="stack-trace">org.openqa.selenium.ElementClickInterceptedException: element click intercepted: Element &lt;a href=&quot;https://zzqi-002.dx.commercecloud.salesforce.com/on/demandware.store/Sites-RefArch-Site/en_US/Cart-Show&quot; class=&quot;btn  btn-block checkout-btn btn-outline-primary disabled&quot; role=&quot;button&quot;&gt;...&lt;/a&gt; is not clickable at point (1716, 773). Other element would receive the click: &lt;div class=&quot;mb-3 view-cart&quot;&gt;...&lt;/div&gt;
  (Session info: chrome=117.0.5938.63)
Build info: version: &apos;4.12.0&apos;, revision: &apos;249f2a7d1b*&apos;
System info: os.name: &apos;Windows 10&apos;, os.arch: &apos;amd64&apos;, os.version: &apos;10.0&apos;, java.version: &apos;17.0.2&apos;
Driver info: org.openqa.selenium.chrome.ChromeDriver
Command: [54ac5c93c3f764696d1cd5472e877a1e, clickElement {id=DCE497898F5981DE1CA097AD76F886FF_element_3151}]
Capabilities {acceptInsecureCerts: false, browserName: chrome, browserVersion: 117.0.5938.63, chrome: {chromedriverVersion: 117.0.5938.62 (25a7172909a4..., userDataDir: C:\Users\user\AppData\Local...}, fedcm:accounts: true, goog:chromeOptions: {debuggerAddress: localhost:52889}, networkConnectionEnabled: false, pageLoadStrategy: normal, platformName: windows, proxy: Proxy(), se:cdp: ws://localhost:52889/devtoo..., se:cdpVersion: 117.0.5938.63, setWindowRect: true, strictFileInteractability: false, timeouts: {implicit: 0, pageLoad: 300000, script: 30000}, unhandledPromptBehavior: dismiss and notify, webauthn:extension:credBlob: true, webauthn:extension:largeBlob: true, webauthn:extension:minPinLength: true, webauthn:extension:prf: true, webauthn:virtualAuthenticators: true}
Element: [[ChromeDriver: chrome on windows (54ac5c93c3f764696d1cd5472e877a1e)] -&gt; xpath: //a[contains(@class,&apos;btn  btn-block &apos;)]]
Session ID: 54ac5c93c3f764696d1cd5472e877a1e
	at org.openqa.selenium.remote.codec.w3c.W3CHttpResponseCodec.createException(W3CHttpResponseCodec.java:200)
	at org.openqa.selenium.remote.codec.w3c.W3CHttpResponseCodec.decode(W3CHttpResponseCodec.java:133)
	at org.openqa.selenium.remote.codec.w3c.W3CHttpResponseCodec.decode(W3CHttpResponseCodec.java:52)
	at org.openqa.selenium.remote.HttpCommandExecutor.execute(HttpCommandExecutor.java:191)
	at org.openqa.selenium.remote.service.DriverCommandExecutor.invokeExecute(DriverCommandExecutor.java:196)
	at org.openqa.selenium.remote.service.DriverCommandExecutor.execute(DriverCommandExecutor.java:171)
	at org.openqa.selenium.remote.RemoteWebDriver.execute(RemoteWebDriver.java:602)
	at org.openqa.selenium.remote.RemoteWebElement.execute(RemoteWebElement.java:224)
	at org.openqa.selenium.remote.RemoteWebElement.click(RemoteWebElement.java:77)
	at org.openqa.selenium.support.pagefactory.internal.LocatingElementHandler.invoke(LocatingElementHandler.java:51)
	at jdk.proxy2/jdk.proxy2.$Proxy19.click(Unknown Source)
	at com.providio.pageObjects.miniCartPage.clickviewCartButton(miniCartPage.java:59)
	at com.providio.paymentProccess.tc__CheckOutProcess.checkoutprocess(tc__CheckOutProcess.java:49)
	at com.GuestUserWith_GiftCard.tc__PickUpStore_Guest_InGiftCard.paypalFromCheckoutPage(tc__PickUpStore_Guest_InGiftCard.java:50)
	at java.base/java.util.ArrayList.forEach(ArrayList.java:1511)
... Removed 35 stack frames
</div> <!-- stack-trace -->
                </div> <!-- method-content -->
              </div> <!-- method -->
            </div> <!-- main-panel-content rounded-window-bottom -->
          </div> <!-- suite-ProvidioTestcases-class-failed -->
          <div class="suite-ProvidioTestcases-class-failed">
            <div class="main-panel-header rounded-window-top">
              <img src="failed.png"/>
              <span class="class-name">com.GuestUserWith_GcAndCC.tc__simpleProductAndGc_InCcAndGc</span>
            </div> <!-- main-panel-header rounded-window-top -->
            <div class="main-panel-content rounded-window-bottom">
              <div class="method">
                <div class="method-content">
                  <a name="simpleProduct_Gc">
                  </a> <!-- simpleProduct_Gc -->
                  <span class="method-name">simpleProduct_Gc</span>
                  <div class="stack-trace">org.openqa.selenium.ElementClickInterceptedException: element click intercepted: Element &lt;a href=&quot;https://zzqi-002.dx.commercecloud.salesforce.com/on/demandware.store/Sites-RefArch-Site/en_US/Cart-Show&quot; class=&quot;btn  btn-block checkout-btn btn-outline-primary disabled&quot; role=&quot;button&quot;&gt;...&lt;/a&gt; is not clickable at point (1716, 773). Other element would receive the click: &lt;div class=&quot;mb-3 view-cart&quot;&gt;...&lt;/div&gt;
  (Session info: chrome=117.0.5938.63)
Build info: version: &apos;4.12.0&apos;, revision: &apos;249f2a7d1b*&apos;
System info: os.name: &apos;Windows 10&apos;, os.arch: &apos;amd64&apos;, os.version: &apos;10.0&apos;, java.version: &apos;17.0.2&apos;
Driver info: org.openqa.selenium.chrome.ChromeDriver
Command: [54ac5c93c3f764696d1cd5472e877a1e, clickElement {id=9ACA65C89D1A5DB4E800D3919459B45A_element_4334}]
Capabilities {acceptInsecureCerts: false, browserName: chrome, browserVersion: 117.0.5938.63, chrome: {chromedriverVersion: 117.0.5938.62 (25a7172909a4..., userDataDir: C:\Users\user\AppData\Local...}, fedcm:accounts: true, goog:chromeOptions: {debuggerAddress: localhost:52889}, networkConnectionEnabled: false, pageLoadStrategy: normal, platformName: windows, proxy: Proxy(), se:cdp: ws://localhost:52889/devtoo..., se:cdpVersion: 117.0.5938.63, setWindowRect: true, strictFileInteractability: false, timeouts: {implicit: 0, pageLoad: 300000, script: 30000}, unhandledPromptBehavior: dismiss and notify, webauthn:extension:credBlob: true, webauthn:extension:largeBlob: true, webauthn:extension:minPinLength: true, webauthn:extension:prf: true, webauthn:virtualAuthenticators: true}
Element: [[ChromeDriver: chrome on windows (54ac5c93c3f764696d1cd5472e877a1e)] -&gt; xpath: //a[contains(@class,&apos;btn  btn-block &apos;)]]
Session ID: 54ac5c93c3f764696d1cd5472e877a1e
	at org.openqa.selenium.remote.codec.w3c.W3CHttpResponseCodec.createException(W3CHttpResponseCodec.java:200)
	at org.openqa.selenium.remote.codec.w3c.W3CHttpResponseCodec.decode(W3CHttpResponseCodec.java:133)
	at org.openqa.selenium.remote.codec.w3c.W3CHttpResponseCodec.decode(W3CHttpResponseCodec.java:52)
	at org.openqa.selenium.remote.HttpCommandExecutor.execute(HttpCommandExecutor.java:191)
	at org.openqa.selenium.remote.service.DriverCommandExecutor.invokeExecute(DriverCommandExecutor.java:196)
	at org.openqa.selenium.remote.service.DriverCommandExecutor.execute(DriverCommandExecutor.java:171)
	at org.openqa.selenium.remote.RemoteWebDriver.execute(RemoteWebDriver.java:602)
	at org.openqa.selenium.remote.RemoteWebElement.execute(RemoteWebElement.java:224)
	at org.openqa.selenium.remote.RemoteWebElement.click(RemoteWebElement.java:77)
	at org.openqa.selenium.support.pagefactory.internal.LocatingElementHandler.invoke(LocatingElementHandler.java:51)
	at jdk.proxy2/jdk.proxy2.$Proxy19.click(Unknown Source)
	at com.providio.pageObjects.miniCartPage.clickviewCartButton(miniCartPage.java:59)
	at com.providio.paymentProccess.tc__CheckOutProcess.checkoutprocess(tc__CheckOutProcess.java:49)
	at com.GuestUserWith_GcAndCC.tc__simpleProductAndGc_InCcAndGc.simpleProduct_Gc(tc__simpleProductAndGc_InCcAndGc.java:74)
	at java.base/java.util.ArrayList.forEach(ArrayList.java:1511)
... Removed 34 stack frames
</div> <!-- stack-trace -->
                </div> <!-- method-content -->
              </div> <!-- method -->
            </div> <!-- main-panel-content rounded-window-bottom -->
          </div> <!-- suite-ProvidioTestcases-class-failed -->
          <div class="suite-ProvidioTestcases-class-failed">
            <div class="main-panel-header rounded-window-top">
              <img src="failed.png"/>
              <span class="class-name">com.GuestUserWith_GiftCard.tc__ProductSetForGuestUser_InGiftCard</span>
            </div> <!-- main-panel-header rounded-window-top -->
            <div class="main-panel-content rounded-window-bottom">
              <div class="method">
                <div class="method-content">
                  <a name="productSet">
                  </a> <!-- productSet -->
                  <span class="method-name">productSet</span>
                  <div class="stack-trace">org.openqa.selenium.ElementClickInterceptedException: element click intercepted: Element &lt;a href=&quot;https://zzqi-002.dx.commercecloud.salesforce.com/on/demandware.store/Sites-RefArch-Site/en_US/Cart-Show&quot; class=&quot;btn  btn-block checkout-btn btn-outline-primary disabled&quot; role=&quot;button&quot;&gt;...&lt;/a&gt; is not clickable at point (1716, 773). Other element would receive the click: &lt;div class=&quot;mb-3 view-cart&quot;&gt;...&lt;/div&gt;
  (Session info: chrome=117.0.5938.63)
Build info: version: &apos;4.12.0&apos;, revision: &apos;249f2a7d1b*&apos;
System info: os.name: &apos;Windows 10&apos;, os.arch: &apos;amd64&apos;, os.version: &apos;10.0&apos;, java.version: &apos;17.0.2&apos;
Driver info: org.openqa.selenium.chrome.ChromeDriver
Command: [54ac5c93c3f764696d1cd5472e877a1e, clickElement {id=C09CD8DBAC6732E220D2B92E4F349C18_element_3702}]
Capabilities {acceptInsecureCerts: false, browserName: chrome, browserVersion: 117.0.5938.63, chrome: {chromedriverVersion: 117.0.5938.62 (25a7172909a4..., userDataDir: C:\Users\user\AppData\Local...}, fedcm:accounts: true, goog:chromeOptions: {debuggerAddress: localhost:52889}, networkConnectionEnabled: false, pageLoadStrategy: normal, platformName: windows, proxy: Proxy(), se:cdp: ws://localhost:52889/devtoo..., se:cdpVersion: 117.0.5938.63, setWindowRect: true, strictFileInteractability: false, timeouts: {implicit: 0, pageLoad: 300000, script: 30000}, unhandledPromptBehavior: dismiss and notify, webauthn:extension:credBlob: true, webauthn:extension:largeBlob: true, webauthn:extension:minPinLength: true, webauthn:extension:prf: true, webauthn:virtualAuthenticators: true}
Element: [[ChromeDriver: chrome on windows (54ac5c93c3f764696d1cd5472e877a1e)] -&gt; xpath: //a[contains(@class,&apos;btn  btn-block &apos;)]]
Session ID: 54ac5c93c3f764696d1cd5472e877a1e
	at org.openqa.selenium.remote.codec.w3c.W3CHttpResponseCodec.createException(W3CHttpResponseCodec.java:200)
	at org.openqa.selenium.remote.codec.w3c.W3CHttpResponseCodec.decode(W3CHttpResponseCodec.java:133)
	at org.openqa.selenium.remote.codec.w3c.W3CHttpResponseCodec.decode(W3CHttpResponseCodec.java:52)
	at org.openqa.selenium.remote.HttpCommandExecutor.execute(HttpCommandExecutor.java:191)
	at org.openqa.selenium.remote.service.DriverCommandExecutor.invokeExecute(DriverCommandExecutor.java:196)
	at org.openqa.selenium.remote.service.DriverCommandExecutor.execute(DriverCommandExecutor.java:171)
	at org.openqa.selenium.remote.RemoteWebDriver.execute(RemoteWebDriver.java:602)
	at org.openqa.selenium.remote.RemoteWebElement.execute(RemoteWebElement.java:224)
	at org.openqa.selenium.remote.RemoteWebElement.click(RemoteWebElement.java:77)
	at org.openqa.selenium.support.pagefactory.internal.LocatingElementHandler.invoke(LocatingElementHandler.java:51)
	at jdk.proxy2/jdk.proxy2.$Proxy19.click(Unknown Source)
	at com.providio.pageObjects.miniCartPage.clickviewCartButton(miniCartPage.java:59)
	at com.providio.paymentProccess.tc__CheckOutProcess.checkoutprocess(tc__CheckOutProcess.java:49)
	at com.GuestUserWith_GiftCard.tc__ProductSetForGuestUser_InGiftCard.productSet(tc__ProductSetForGuestUser_InGiftCard.java:68)
	at java.base/java.util.ArrayList.forEach(ArrayList.java:1511)
... Removed 35 stack frames
</div> <!-- stack-trace -->
                </div> <!-- method-content -->
              </div> <!-- method -->
            </div> <!-- main-panel-content rounded-window-bottom -->
          </div> <!-- suite-ProvidioTestcases-class-failed -->
          <div class="suite-ProvidioTestcases-class-failed">
            <div class="main-panel-header rounded-window-top">
              <img src="failed.png"/>
              <span class="class-name">com.GuestUserWith_CreditCard.tc__PickUpStore_Guest_CC</span>
            </div> <!-- main-panel-header rounded-window-top -->
            <div class="main-panel-content rounded-window-bottom">
              <div class="method">
                <div class="method-content">
                  <a name="paypalFromCheckoutPage">
                  </a> <!-- paypalFromCheckoutPage -->
                  <span class="method-name">paypalFromCheckoutPage</span>
                  <div class="stack-trace">org.openqa.selenium.ElementClickInterceptedException: element click intercepted: Element &lt;a href=&quot;https://zzqi-002.dx.commercecloud.salesforce.com/on/demandware.store/Sites-RefArch-Site/en_US/Cart-Show&quot; class=&quot;btn  btn-block checkout-btn btn-outline-primary disabled&quot; role=&quot;button&quot;&gt;...&lt;/a&gt; is not clickable at point (1716, 773). Other element would receive the click: &lt;div class=&quot;mb-3 view-cart&quot;&gt;...&lt;/div&gt;
  (Session info: chrome=117.0.5938.63)
Build info: version: &apos;4.12.0&apos;, revision: &apos;249f2a7d1b*&apos;
System info: os.name: &apos;Windows 10&apos;, os.arch: &apos;amd64&apos;, os.version: &apos;10.0&apos;, java.version: &apos;17.0.2&apos;
Driver info: org.openqa.selenium.chrome.ChromeDriver
Command: [54ac5c93c3f764696d1cd5472e877a1e, clickElement {id=D6A0059ABA52B8A73B76FB9A610EA984_element_3880}]
Capabilities {acceptInsecureCerts: false, browserName: chrome, browserVersion: 117.0.5938.63, chrome: {chromedriverVersion: 117.0.5938.62 (25a7172909a4..., userDataDir: C:\Users\user\AppData\Local...}, fedcm:accounts: true, goog:chromeOptions: {debuggerAddress: localhost:52889}, networkConnectionEnabled: false, pageLoadStrategy: normal, platformName: windows, proxy: Proxy(), se:cdp: ws://localhost:52889/devtoo..., se:cdpVersion: 117.0.5938.63, setWindowRect: true, strictFileInteractability: false, timeouts: {implicit: 0, pageLoad: 300000, script: 30000}, unhandledPromptBehavior: dismiss and notify, webauthn:extension:credBlob: true, webauthn:extension:largeBlob: true, webauthn:extension:minPinLength: true, webauthn:extension:prf: true, webauthn:virtualAuthenticators: true}
Element: [[ChromeDriver: chrome on windows (54ac5c93c3f764696d1cd5472e877a1e)] -&gt; xpath: //a[contains(@class,&apos;btn  btn-block &apos;)]]
Session ID: 54ac5c93c3f764696d1cd5472e877a1e
	at org.openqa.selenium.remote.codec.w3c.W3CHttpResponseCodec.createException(W3CHttpResponseCodec.java:200)
	at org.openqa.selenium.remote.codec.w3c.W3CHttpResponseCodec.decode(W3CHttpResponseCodec.java:133)
	at org.openqa.selenium.remote.codec.w3c.W3CHttpResponseCodec.decode(W3CHttpResponseCodec.java:52)
	at org.openqa.selenium.remote.HttpCommandExecutor.execute(HttpCommandExecutor.java:191)
	at org.openqa.selenium.remote.service.DriverCommandExecutor.invokeExecute(DriverCommandExecutor.java:196)
	at org.openqa.selenium.remote.service.DriverCommandExecutor.execute(DriverCommandExecutor.java:171)
	at org.openqa.selenium.remote.RemoteWebDriver.execute(RemoteWebDriver.java:602)
	at org.openqa.selenium.remote.RemoteWebElement.execute(RemoteWebElement.java:224)
	at org.openqa.selenium.remote.RemoteWebElement.click(RemoteWebElement.java:77)
	at org.openqa.selenium.support.pagefactory.internal.LocatingElementHandler.invoke(LocatingElementHandler.java:51)
	at jdk.proxy2/jdk.proxy2.$Proxy19.click(Unknown Source)
	at com.providio.pageObjects.miniCartPage.clickviewCartButton(miniCartPage.java:59)
	at com.providio.paymentProccess.tc__CheckOutProcess.checkoutprocess(tc__CheckOutProcess.java:49)
	at com.GuestUserWith_CreditCard.tc__PickUpStore_Guest_CC.paypalFromCheckoutPage(tc__PickUpStore_Guest_CC.java:54)
	at java.base/java.util.ArrayList.forEach(ArrayList.java:1511)
... Removed 35 stack frames
</div> <!-- stack-trace -->
                </div> <!-- method-content -->
              </div> <!-- method -->
            </div> <!-- main-panel-content rounded-window-bottom -->
          </div> <!-- suite-ProvidioTestcases-class-failed -->
          <div class="suite-ProvidioTestcases-class-failed">
            <div class="main-panel-header rounded-window-top">
              <img src="failed.png"/>
              <span class="class-name">com.GuestUserWith_CreditCard.tc__PdpPagewithGuestuser</span>
            </div> <!-- main-panel-header rounded-window-top -->
            <div class="main-panel-content rounded-window-bottom">
              <div class="method">
                <div class="method-content">
                  <a name="PDPpage">
                  </a> <!-- PDPpage -->
                  <span class="method-name">PDPpage</span>
                  <div class="stack-trace">org.openqa.selenium.ElementClickInterceptedException: element click intercepted: Element is not clickable at point (100, 1738)
  (Session info: chrome=117.0.5938.63)
Build info: version: &apos;4.12.0&apos;, revision: &apos;249f2a7d1b*&apos;
System info: os.name: &apos;Windows 10&apos;, os.arch: &apos;amd64&apos;, os.version: &apos;10.0&apos;, java.version: &apos;17.0.2&apos;
Driver info: org.openqa.selenium.chrome.ChromeDriver
Command: [54ac5c93c3f764696d1cd5472e877a1e, clickElement {id=FE84BF87F4B3209D5716EBA59C8B9E63_element_3405}]
Capabilities {acceptInsecureCerts: false, browserName: chrome, browserVersion: 117.0.5938.63, chrome: {chromedriverVersion: 117.0.5938.62 (25a7172909a4..., userDataDir: C:\Users\user\AppData\Local...}, fedcm:accounts: true, goog:chromeOptions: {debuggerAddress: localhost:52889}, networkConnectionEnabled: false, pageLoadStrategy: normal, platformName: windows, proxy: Proxy(), se:cdp: ws://localhost:52889/devtoo..., se:cdpVersion: 117.0.5938.63, setWindowRect: true, strictFileInteractability: false, timeouts: {implicit: 0, pageLoad: 300000, script: 30000}, unhandledPromptBehavior: dismiss and notify, webauthn:extension:credBlob: true, webauthn:extension:largeBlob: true, webauthn:extension:minPinLength: true, webauthn:extension:prf: true, webauthn:virtualAuthenticators: true}
Element: [[ChromeDriver: chrome on windows (54ac5c93c3f764696d1cd5472e877a1e)] -&gt; xpath: //button[@class=&apos;slick-prev slick-arrow&apos;]]
Session ID: 54ac5c93c3f764696d1cd5472e877a1e
	at org.openqa.selenium.remote.codec.w3c.W3CHttpResponseCodec.createException(W3CHttpResponseCodec.java:200)
	at org.openqa.selenium.remote.codec.w3c.W3CHttpResponseCodec.decode(W3CHttpResponseCodec.java:133)
	at org.openqa.selenium.remote.codec.w3c.W3CHttpResponseCodec.decode(W3CHttpResponseCodec.java:52)
	at org.openqa.selenium.remote.HttpCommandExecutor.execute(HttpCommandExecutor.java:191)
	at org.openqa.selenium.remote.service.DriverCommandExecutor.invokeExecute(DriverCommandExecutor.java:196)
	at org.openqa.selenium.remote.service.DriverCommandExecutor.execute(DriverCommandExecutor.java:171)
	at org.openqa.selenium.remote.RemoteWebDriver.execute(RemoteWebDriver.java:602)
	at org.openqa.selenium.remote.RemoteWebElement.execute(RemoteWebElement.java:224)
	at org.openqa.selenium.remote.RemoteWebElement.click(RemoteWebElement.java:77)
	at org.openqa.selenium.support.pagefactory.internal.LocatingElementHandler.invoke(LocatingElementHandler.java:51)
	at jdk.proxy2/jdk.proxy2.$Proxy19.click(Unknown Source)
	at com.providio.pageObjects.productDescriptionPage.clickOnLeftCarousel(productDescriptionPage.java:84)
	at com.GuestUserWith_CreditCard.tc__PdpPagewithGuestuser.performActionsOnProductDescriptionPage(tc__PdpPagewithGuestuser.java:100)
	at com.GuestUserWith_CreditCard.tc__PdpPagewithGuestuser.PDPpage(tc__PdpPagewithGuestuser.java:43)
	at java.base/java.util.ArrayList.forEach(ArrayList.java:1511)
... Removed 35 stack frames
</div> <!-- stack-trace -->
                </div> <!-- method-content -->
              </div> <!-- method -->
            </div> <!-- main-panel-content rounded-window-bottom -->
          </div> <!-- suite-ProvidioTestcases-class-failed -->
          <div class="suite-ProvidioTestcases-class-failed">
            <div class="main-panel-header rounded-window-top">
              <img src="failed.png"/>
              <span class="class-name">com.GuestUserWith_GcAndCC.tc__Bundle_GcAndAllPromotions_Guest_InGcAndCC</span>
            </div> <!-- main-panel-header rounded-window-top -->
            <div class="main-panel-content rounded-window-bottom">
              <div class="method">
                <div class="method-content">
                  <a name="bundle_GcAndAllPromotions">
                  </a> <!-- bundle_GcAndAllPromotions -->
                  <span class="method-name">bundle_GcAndAllPromotions</span>
                  <div class="stack-trace">org.openqa.selenium.ElementClickInterceptedException: element click intercepted: Element &lt;a href=&quot;https://zzqi-002.dx.commercecloud.salesforce.com/on/demandware.store/Sites-RefArch-Site/en_US/Cart-Show&quot; class=&quot;btn  btn-block checkout-btn btn-outline-primary disabled&quot; role=&quot;button&quot;&gt;...&lt;/a&gt; is not clickable at point (1716, 773). Other element would receive the click: &lt;div class=&quot;mb-3 view-cart&quot;&gt;...&lt;/div&gt;
  (Session info: chrome=117.0.5938.63)
Build info: version: &apos;4.12.0&apos;, revision: &apos;249f2a7d1b*&apos;
System info: os.name: &apos;Windows 10&apos;, os.arch: &apos;amd64&apos;, os.version: &apos;10.0&apos;, java.version: &apos;17.0.2&apos;
Driver info: org.openqa.selenium.chrome.ChromeDriver
Command: [54ac5c93c3f764696d1cd5472e877a1e, clickElement {id=AEDAE8E050A1F17967E23DFB5B6DB7A4_element_1807}]
Capabilities {acceptInsecureCerts: false, browserName: chrome, browserVersion: 117.0.5938.63, chrome: {chromedriverVersion: 117.0.5938.62 (25a7172909a4..., userDataDir: C:\Users\user\AppData\Local...}, fedcm:accounts: true, goog:chromeOptions: {debuggerAddress: localhost:52889}, networkConnectionEnabled: false, pageLoadStrategy: normal, platformName: windows, proxy: Proxy(), se:cdp: ws://localhost:52889/devtoo..., se:cdpVersion: 117.0.5938.63, setWindowRect: true, strictFileInteractability: false, timeouts: {implicit: 0, pageLoad: 300000, script: 30000}, unhandledPromptBehavior: dismiss and notify, webauthn:extension:credBlob: true, webauthn:extension:largeBlob: true, webauthn:extension:minPinLength: true, webauthn:extension:prf: true, webauthn:virtualAuthenticators: true}
Element: [[ChromeDriver: chrome on windows (54ac5c93c3f764696d1cd5472e877a1e)] -&gt; xpath: //a[contains(@class,&apos;btn  btn-block &apos;)]]
Session ID: 54ac5c93c3f764696d1cd5472e877a1e
	at org.openqa.selenium.remote.codec.w3c.W3CHttpResponseCodec.createException(W3CHttpResponseCodec.java:200)
	at org.openqa.selenium.remote.codec.w3c.W3CHttpResponseCodec.decode(W3CHttpResponseCodec.java:133)
	at org.openqa.selenium.remote.codec.w3c.W3CHttpResponseCodec.decode(W3CHttpResponseCodec.java:52)
	at org.openqa.selenium.remote.HttpCommandExecutor.execute(HttpCommandExecutor.java:191)
	at org.openqa.selenium.remote.service.DriverCommandExecutor.invokeExecute(DriverCommandExecutor.java:196)
	at org.openqa.selenium.remote.service.DriverCommandExecutor.execute(DriverCommandExecutor.java:171)
	at org.openqa.selenium.remote.RemoteWebDriver.execute(RemoteWebDriver.java:602)
	at org.openqa.selenium.remote.RemoteWebElement.execute(RemoteWebElement.java:224)
	at org.openqa.selenium.remote.RemoteWebElement.click(RemoteWebElement.java:77)
	at org.openqa.selenium.support.pagefactory.internal.LocatingElementHandler.invoke(LocatingElementHandler.java:51)
	at jdk.proxy2/jdk.proxy2.$Proxy19.click(Unknown Source)
	at com.providio.pageObjects.miniCartPage.clickviewCartButton(miniCartPage.java:59)
	at com.providio.paymentProccess.tc__CheckOutProcess.checkoutprocess(tc__CheckOutProcess.java:49)
	at com.GuestUserWith_GcAndCC.tc__Bundle_GcAndAllPromotions_Guest_InGcAndCC.bundle_GcAndAllPromotions(tc__Bundle_GcAndAllPromotions_Guest_InGcAndCC.java:79)
	at java.base/java.util.ArrayList.forEach(ArrayList.java:1511)
... Removed 35 stack frames
</div> <!-- stack-trace -->
                </div> <!-- method-content -->
              </div> <!-- method -->
            </div> <!-- main-panel-content rounded-window-bottom -->
          </div> <!-- suite-ProvidioTestcases-class-failed -->
          <div class="suite-ProvidioTestcases-class-failed">
            <div class="main-panel-header rounded-window-top">
              <img src="failed.png"/>
              <span class="class-name">com.GuestUserWith_CreditCard.tc__Bundle_GcAndAllPromotions_Guest_InCC</span>
            </div> <!-- main-panel-header rounded-window-top -->
            <div class="main-panel-content rounded-window-bottom">
              <div class="method">
                <div class="method-content">
                  <a name="bundle_GcAndAllPromotions">
                  </a> <!-- bundle_GcAndAllPromotions -->
                  <span class="method-name">bundle_GcAndAllPromotions</span>
                  <div class="stack-trace">org.openqa.selenium.ElementClickInterceptedException: element click intercepted: Element &lt;a href=&quot;https://zzqi-002.dx.commercecloud.salesforce.com/on/demandware.store/Sites-RefArch-Site/en_US/Cart-Show&quot; class=&quot;btn  btn-block checkout-btn btn-outline-primary disabled&quot; role=&quot;button&quot;&gt;...&lt;/a&gt; is not clickable at point (1716, 773). Other element would receive the click: &lt;div class=&quot;mb-3 view-cart&quot;&gt;...&lt;/div&gt;
  (Session info: chrome=117.0.5938.63)
Build info: version: &apos;4.12.0&apos;, revision: &apos;249f2a7d1b*&apos;
System info: os.name: &apos;Windows 10&apos;, os.arch: &apos;amd64&apos;, os.version: &apos;10.0&apos;, java.version: &apos;17.0.2&apos;
Driver info: org.openqa.selenium.chrome.ChromeDriver
Command: [54ac5c93c3f764696d1cd5472e877a1e, clickElement {id=1632401CCD1D79425EE82833688B863E_element_1165}]
Capabilities {acceptInsecureCerts: false, browserName: chrome, browserVersion: 117.0.5938.63, chrome: {chromedriverVersion: 117.0.5938.62 (25a7172909a4..., userDataDir: C:\Users\user\AppData\Local...}, fedcm:accounts: true, goog:chromeOptions: {debuggerAddress: localhost:52889}, networkConnectionEnabled: false, pageLoadStrategy: normal, platformName: windows, proxy: Proxy(), se:cdp: ws://localhost:52889/devtoo..., se:cdpVersion: 117.0.5938.63, setWindowRect: true, strictFileInteractability: false, timeouts: {implicit: 0, pageLoad: 300000, script: 30000}, unhandledPromptBehavior: dismiss and notify, webauthn:extension:credBlob: true, webauthn:extension:largeBlob: true, webauthn:extension:minPinLength: true, webauthn:extension:prf: true, webauthn:virtualAuthenticators: true}
Element: [[ChromeDriver: chrome on windows (54ac5c93c3f764696d1cd5472e877a1e)] -&gt; xpath: //a[contains(@class,&apos;btn  btn-block &apos;)]]
Session ID: 54ac5c93c3f764696d1cd5472e877a1e
	at org.openqa.selenium.remote.codec.w3c.W3CHttpResponseCodec.createException(W3CHttpResponseCodec.java:200)
	at org.openqa.selenium.remote.codec.w3c.W3CHttpResponseCodec.decode(W3CHttpResponseCodec.java:133)
	at org.openqa.selenium.remote.codec.w3c.W3CHttpResponseCodec.decode(W3CHttpResponseCodec.java:52)
	at org.openqa.selenium.remote.HttpCommandExecutor.execute(HttpCommandExecutor.java:191)
	at org.openqa.selenium.remote.service.DriverCommandExecutor.invokeExecute(DriverCommandExecutor.java:196)
	at org.openqa.selenium.remote.service.DriverCommandExecutor.execute(DriverCommandExecutor.java:171)
	at org.openqa.selenium.remote.RemoteWebDriver.execute(RemoteWebDriver.java:602)
	at org.openqa.selenium.remote.RemoteWebElement.execute(RemoteWebElement.java:224)
	at org.openqa.selenium.remote.RemoteWebElement.click(RemoteWebElement.java:77)
	at org.openqa.selenium.support.pagefactory.internal.LocatingElementHandler.invoke(LocatingElementHandler.java:51)
	at jdk.proxy2/jdk.proxy2.$Proxy19.click(Unknown Source)
	at com.providio.pageObjects.miniCartPage.clickviewCartButton(miniCartPage.java:59)
	at com.providio.paymentProccess.tc__CheckOutProcess.checkoutprocess(tc__CheckOutProcess.java:49)
	at com.GuestUserWith_CreditCard.tc__Bundle_GcAndAllPromotions_Guest_InCC.bundle_GcAndAllPromotions(tc__Bundle_GcAndAllPromotions_Guest_InCC.java:79)
	at java.base/java.util.ArrayList.forEach(ArrayList.java:1511)
... Removed 36 stack frames
</div> <!-- stack-trace -->
                </div> <!-- method-content -->
              </div> <!-- method -->
            </div> <!-- main-panel-content rounded-window-bottom -->
          </div> <!-- suite-ProvidioTestcases-class-failed -->
          <div class="suite-ProvidioTestcases-class-failed">
            <div class="main-panel-header rounded-window-top">
              <img src="failed.png"/>
              <span class="class-name">com.GuestUserWith_CreditCard.tc__VariationProductForGuestUser_InCC</span>
            </div> <!-- main-panel-header rounded-window-top -->
            <div class="main-panel-content rounded-window-bottom">
              <div class="method">
                <div class="method-content">
                  <a name="variationProduct">
                  </a> <!-- variationProduct -->
                  <span class="method-name">variationProduct</span>
                  <div class="stack-trace">org.openqa.selenium.ElementClickInterceptedException: element click intercepted: Element &lt;a href=&quot;https://zzqi-002.dx.commercecloud.salesforce.com/on/demandware.store/Sites-RefArch-Site/en_US/Cart-Show&quot; class=&quot;btn  btn-block checkout-btn btn-outline-primary disabled&quot; role=&quot;button&quot;&gt;...&lt;/a&gt; is not clickable at point (1716, 773). Other element would receive the click: &lt;div class=&quot;mb-3 view-cart&quot;&gt;...&lt;/div&gt;
  (Session info: chrome=117.0.5938.63)
Build info: version: &apos;4.12.0&apos;, revision: &apos;249f2a7d1b*&apos;
System info: os.name: &apos;Windows 10&apos;, os.arch: &apos;amd64&apos;, os.version: &apos;10.0&apos;, java.version: &apos;17.0.2&apos;
Driver info: org.openqa.selenium.chrome.ChromeDriver
Command: [54ac5c93c3f764696d1cd5472e877a1e, clickElement {id=BF1B8AA95ADA282C2CBE5138BF104F16_element_6971}]
Capabilities {acceptInsecureCerts: false, browserName: chrome, browserVersion: 117.0.5938.63, chrome: {chromedriverVersion: 117.0.5938.62 (25a7172909a4..., userDataDir: C:\Users\user\AppData\Local...}, fedcm:accounts: true, goog:chromeOptions: {debuggerAddress: localhost:52889}, networkConnectionEnabled: false, pageLoadStrategy: normal, platformName: windows, proxy: Proxy(), se:cdp: ws://localhost:52889/devtoo..., se:cdpVersion: 117.0.5938.63, setWindowRect: true, strictFileInteractability: false, timeouts: {implicit: 0, pageLoad: 300000, script: 30000}, unhandledPromptBehavior: dismiss and notify, webauthn:extension:credBlob: true, webauthn:extension:largeBlob: true, webauthn:extension:minPinLength: true, webauthn:extension:prf: true, webauthn:virtualAuthenticators: true}
Element: [[ChromeDriver: chrome on windows (54ac5c93c3f764696d1cd5472e877a1e)] -&gt; xpath: //a[contains(@class,&apos;btn  btn-block &apos;)]]
Session ID: 54ac5c93c3f764696d1cd5472e877a1e
	at org.openqa.selenium.remote.codec.w3c.W3CHttpResponseCodec.createException(W3CHttpResponseCodec.java:200)
	at org.openqa.selenium.remote.codec.w3c.W3CHttpResponseCodec.decode(W3CHttpResponseCodec.java:133)
	at org.openqa.selenium.remote.codec.w3c.W3CHttpResponseCodec.decode(W3CHttpResponseCodec.java:52)
	at org.openqa.selenium.remote.HttpCommandExecutor.execute(HttpCommandExecutor.java:191)
	at org.openqa.selenium.remote.service.DriverCommandExecutor.invokeExecute(DriverCommandExecutor.java:196)
	at org.openqa.selenium.remote.service.DriverCommandExecutor.execute(DriverCommandExecutor.java:171)
	at org.openqa.selenium.remote.RemoteWebDriver.execute(RemoteWebDriver.java:602)
	at org.openqa.selenium.remote.RemoteWebElement.execute(RemoteWebElement.java:224)
	at org.openqa.selenium.remote.RemoteWebElement.click(RemoteWebElement.java:77)
	at org.openqa.selenium.support.pagefactory.internal.LocatingElementHandler.invoke(LocatingElementHandler.java:51)
	at jdk.proxy2/jdk.proxy2.$Proxy19.click(Unknown Source)
	at com.providio.pageObjects.miniCartPage.clickviewCartButton(miniCartPage.java:59)
	at com.providio.paymentProccess.tc__CheckOutProcess.checkoutprocess(tc__CheckOutProcess.java:49)
	at com.GuestUserWith_CreditCard.tc__VariationProductForGuestUser_InCC.variationProduct(tc__VariationProductForGuestUser_InCC.java:66)
	at java.base/java.util.ArrayList.forEach(ArrayList.java:1511)
... Removed 34 stack frames
</div> <!-- stack-trace -->
                </div> <!-- method-content -->
              </div> <!-- method -->
            </div> <!-- main-panel-content rounded-window-bottom -->
          </div> <!-- suite-ProvidioTestcases-class-failed -->
          <div class="suite-ProvidioTestcases-class-failed">
            <div class="main-panel-header rounded-window-top">
              <img src="failed.png"/>
              <span class="class-name">com.GuestUserWith_GcAndCC.tc__OrderByGC_CC_GuestUser</span>
            </div> <!-- main-panel-header rounded-window-top -->
            <div class="main-panel-content rounded-window-bottom">
              <div class="method">
                <div class="method-content">
                  <a name="paypalFromCheckoutPage">
                  </a> <!-- paypalFromCheckoutPage -->
                  <span class="method-name">paypalFromCheckoutPage</span>
                  <div class="stack-trace">org.openqa.selenium.ElementClickInterceptedException: element click intercepted: Element &lt;a href=&quot;https://zzqi-002.dx.commercecloud.salesforce.com/on/demandware.store/Sites-RefArch-Site/en_US/Cart-Show&quot; class=&quot;btn  btn-block checkout-btn btn-outline-primary disabled&quot; role=&quot;button&quot;&gt;...&lt;/a&gt; is not clickable at point (1716, 773). Other element would receive the click: &lt;div class=&quot;mb-3 view-cart&quot;&gt;...&lt;/div&gt;
  (Session info: chrome=117.0.5938.63)
Build info: version: &apos;4.12.0&apos;, revision: &apos;249f2a7d1b*&apos;
System info: os.name: &apos;Windows 10&apos;, os.arch: &apos;amd64&apos;, os.version: &apos;10.0&apos;, java.version: &apos;17.0.2&apos;
Driver info: org.openqa.selenium.chrome.ChromeDriver
Command: [54ac5c93c3f764696d1cd5472e877a1e, clickElement {id=DF42B6CB88E6F0B218B12E3CB08F5586_element_2643}]
Capabilities {acceptInsecureCerts: false, browserName: chrome, browserVersion: 117.0.5938.63, chrome: {chromedriverVersion: 117.0.5938.62 (25a7172909a4..., userDataDir: C:\Users\user\AppData\Local...}, fedcm:accounts: true, goog:chromeOptions: {debuggerAddress: localhost:52889}, networkConnectionEnabled: false, pageLoadStrategy: normal, platformName: windows, proxy: Proxy(), se:cdp: ws://localhost:52889/devtoo..., se:cdpVersion: 117.0.5938.63, setWindowRect: true, strictFileInteractability: false, timeouts: {implicit: 0, pageLoad: 300000, script: 30000}, unhandledPromptBehavior: dismiss and notify, webauthn:extension:credBlob: true, webauthn:extension:largeBlob: true, webauthn:extension:minPinLength: true, webauthn:extension:prf: true, webauthn:virtualAuthenticators: true}
Element: [[ChromeDriver: chrome on windows (54ac5c93c3f764696d1cd5472e877a1e)] -&gt; xpath: //a[contains(@class,&apos;btn  btn-block &apos;)]]
Session ID: 54ac5c93c3f764696d1cd5472e877a1e
	at org.openqa.selenium.remote.codec.w3c.W3CHttpResponseCodec.createException(W3CHttpResponseCodec.java:200)
	at org.openqa.selenium.remote.codec.w3c.W3CHttpResponseCodec.decode(W3CHttpResponseCodec.java:133)
	at org.openqa.selenium.remote.codec.w3c.W3CHttpResponseCodec.decode(W3CHttpResponseCodec.java:52)
	at org.openqa.selenium.remote.HttpCommandExecutor.execute(HttpCommandExecutor.java:191)
	at org.openqa.selenium.remote.service.DriverCommandExecutor.invokeExecute(DriverCommandExecutor.java:196)
	at org.openqa.selenium.remote.service.DriverCommandExecutor.execute(DriverCommandExecutor.java:171)
	at org.openqa.selenium.remote.RemoteWebDriver.execute(RemoteWebDriver.java:602)
	at org.openqa.selenium.remote.RemoteWebElement.execute(RemoteWebElement.java:224)
	at org.openqa.selenium.remote.RemoteWebElement.click(RemoteWebElement.java:77)
	at org.openqa.selenium.support.pagefactory.internal.LocatingElementHandler.invoke(LocatingElementHandler.java:51)
	at jdk.proxy2/jdk.proxy2.$Proxy19.click(Unknown Source)
	at com.providio.pageObjects.miniCartPage.clickviewCartButton(miniCartPage.java:59)
	at com.providio.paymentProccess.tc__CheckOutProcess.checkoutprocess(tc__CheckOutProcess.java:49)
	at com.GuestUserWith_GcAndCC.tc__OrderByGC_CC_GuestUser.paypalFromCheckoutPage(tc__OrderByGC_CC_GuestUser.java:25)
	at java.base/java.util.ArrayList.forEach(ArrayList.java:1511)
... Removed 35 stack frames
</div> <!-- stack-trace -->
                </div> <!-- method-content -->
              </div> <!-- method -->
            </div> <!-- main-panel-content rounded-window-bottom -->
          </div> <!-- suite-ProvidioTestcases-class-failed -->
          <div class="suite-ProvidioTestcases-class-failed">
            <div class="main-panel-header rounded-window-top">
              <img src="failed.png"/>
              <span class="class-name">com.GuestUserWith_GiftCard.tc__Bundle_GcAndAllPromotions_Guest_InGiftCard</span>
            </div> <!-- main-panel-header rounded-window-top -->
            <div class="main-panel-content rounded-window-bottom">
              <div class="method">
                <div class="method-content">
                  <a name="bundle_GcAndAllPromotions">
                  </a> <!-- bundle_GcAndAllPromotions -->
                  <span class="method-name">bundle_GcAndAllPromotions</span>
                  <div class="stack-trace">org.openqa.selenium.ElementClickInterceptedException: element click intercepted: Element &lt;a href=&quot;https://zzqi-002.dx.commercecloud.salesforce.com/on/demandware.store/Sites-RefArch-Site/en_US/Cart-Show&quot; class=&quot;btn  btn-block checkout-btn btn-outline-primary disabled&quot; role=&quot;button&quot;&gt;...&lt;/a&gt; is not clickable at point (1716, 773). Other element would receive the click: &lt;div class=&quot;mb-3 view-cart&quot;&gt;...&lt;/div&gt;
  (Session info: chrome=117.0.5938.63)
Build info: version: &apos;4.12.0&apos;, revision: &apos;249f2a7d1b*&apos;
System info: os.name: &apos;Windows 10&apos;, os.arch: &apos;amd64&apos;, os.version: &apos;10.0&apos;, java.version: &apos;17.0.2&apos;
Driver info: org.openqa.selenium.chrome.ChromeDriver
Command: [54ac5c93c3f764696d1cd5472e877a1e, clickElement {id=72A4E460909383C3F5067F98740E9B25_element_1537}]
Capabilities {acceptInsecureCerts: false, browserName: chrome, browserVersion: 117.0.5938.63, chrome: {chromedriverVersion: 117.0.5938.62 (25a7172909a4..., userDataDir: C:\Users\user\AppData\Local...}, fedcm:accounts: true, goog:chromeOptions: {debuggerAddress: localhost:52889}, networkConnectionEnabled: false, pageLoadStrategy: normal, platformName: windows, proxy: Proxy(), se:cdp: ws://localhost:52889/devtoo..., se:cdpVersion: 117.0.5938.63, setWindowRect: true, strictFileInteractability: false, timeouts: {implicit: 0, pageLoad: 300000, script: 30000}, unhandledPromptBehavior: dismiss and notify, webauthn:extension:credBlob: true, webauthn:extension:largeBlob: true, webauthn:extension:minPinLength: true, webauthn:extension:prf: true, webauthn:virtualAuthenticators: true}
Element: [[ChromeDriver: chrome on windows (54ac5c93c3f764696d1cd5472e877a1e)] -&gt; xpath: //a[contains(@class,&apos;btn  btn-block &apos;)]]
Session ID: 54ac5c93c3f764696d1cd5472e877a1e
	at org.openqa.selenium.remote.codec.w3c.W3CHttpResponseCodec.createException(W3CHttpResponseCodec.java:200)
	at org.openqa.selenium.remote.codec.w3c.W3CHttpResponseCodec.decode(W3CHttpResponseCodec.java:133)
	at org.openqa.selenium.remote.codec.w3c.W3CHttpResponseCodec.decode(W3CHttpResponseCodec.java:52)
	at org.openqa.selenium.remote.HttpCommandExecutor.execute(HttpCommandExecutor.java:191)
	at org.openqa.selenium.remote.service.DriverCommandExecutor.invokeExecute(DriverCommandExecutor.java:196)
	at org.openqa.selenium.remote.service.DriverCommandExecutor.execute(DriverCommandExecutor.java:171)
	at org.openqa.selenium.remote.RemoteWebDriver.execute(RemoteWebDriver.java:602)
	at org.openqa.selenium.remote.RemoteWebElement.execute(RemoteWebElement.java:224)
	at org.openqa.selenium.remote.RemoteWebElement.click(RemoteWebElement.java:77)
	at org.openqa.selenium.support.pagefactory.internal.LocatingElementHandler.invoke(LocatingElementHandler.java:51)
	at jdk.proxy2/jdk.proxy2.$Proxy19.click(Unknown Source)
	at com.providio.pageObjects.miniCartPage.clickviewCartButton(miniCartPage.java:59)
	at com.providio.paymentProccess.tc__CheckOutProcess.checkoutprocess(tc__CheckOutProcess.java:49)
	at com.GuestUserWith_GiftCard.tc__Bundle_GcAndAllPromotions_Guest_InGiftCard.bundle_GcAndAllPromotions(tc__Bundle_GcAndAllPromotions_Guest_InGiftCard.java:79)
	at java.base/java.util.ArrayList.forEach(ArrayList.java:1511)
... Removed 35 stack frames
</div> <!-- stack-trace -->
                </div> <!-- method-content -->
              </div> <!-- method -->
            </div> <!-- main-panel-content rounded-window-bottom -->
          </div> <!-- suite-ProvidioTestcases-class-failed -->
          <div class="suite-ProvidioTestcases-class-failed">
            <div class="main-panel-header rounded-window-top">
              <img src="failed.png"/>
              <span class="class-name">com.GuestUserWith_CreditCard.tc__SimpleProductForGuestUser_InCC</span>
            </div> <!-- main-panel-header rounded-window-top -->
            <div class="main-panel-content rounded-window-bottom">
              <div class="method">
                <div class="method-content">
                  <a name="simpleProduct">
                  </a> <!-- simpleProduct -->
                  <span class="method-name">simpleProduct</span>
                  <div class="stack-trace">org.openqa.selenium.ElementClickInterceptedException: element click intercepted: Element &lt;a href=&quot;https://zzqi-002.dx.commercecloud.salesforce.com/on/demandware.store/Sites-RefArch-Site/en_US/Cart-Show&quot; class=&quot;btn  btn-block checkout-btn btn-outline-primary disabled&quot; role=&quot;button&quot;&gt;...&lt;/a&gt; is not clickable at point (1716, 773). Other element would receive the click: &lt;div class=&quot;mb-3 view-cart&quot;&gt;...&lt;/div&gt;
  (Session info: chrome=117.0.5938.63)
Build info: version: &apos;4.12.0&apos;, revision: &apos;249f2a7d1b*&apos;
System info: os.name: &apos;Windows 10&apos;, os.arch: &apos;amd64&apos;, os.version: &apos;10.0&apos;, java.version: &apos;17.0.2&apos;
Driver info: org.openqa.selenium.chrome.ChromeDriver
Command: [54ac5c93c3f764696d1cd5472e877a1e, clickElement {id=A0070B6F1140F907DE5707D3C5864571_element_6145}]
Capabilities {acceptInsecureCerts: false, browserName: chrome, browserVersion: 117.0.5938.63, chrome: {chromedriverVersion: 117.0.5938.62 (25a7172909a4..., userDataDir: C:\Users\user\AppData\Local...}, fedcm:accounts: true, goog:chromeOptions: {debuggerAddress: localhost:52889}, networkConnectionEnabled: false, pageLoadStrategy: normal, platformName: windows, proxy: Proxy(), se:cdp: ws://localhost:52889/devtoo..., se:cdpVersion: 117.0.5938.63, setWindowRect: true, strictFileInteractability: false, timeouts: {implicit: 0, pageLoad: 300000, script: 30000}, unhandledPromptBehavior: dismiss and notify, webauthn:extension:credBlob: true, webauthn:extension:largeBlob: true, webauthn:extension:minPinLength: true, webauthn:extension:prf: true, webauthn:virtualAuthenticators: true}
Element: [[ChromeDriver: chrome on windows (54ac5c93c3f764696d1cd5472e877a1e)] -&gt; xpath: //a[contains(@class,&apos;btn  btn-block &apos;)]]
Session ID: 54ac5c93c3f764696d1cd5472e877a1e
	at org.openqa.selenium.remote.codec.w3c.W3CHttpResponseCodec.createException(W3CHttpResponseCodec.java:200)
	at org.openqa.selenium.remote.codec.w3c.W3CHttpResponseCodec.decode(W3CHttpResponseCodec.java:133)
	at org.openqa.selenium.remote.codec.w3c.W3CHttpResponseCodec.decode(W3CHttpResponseCodec.java:52)
	at org.openqa.selenium.remote.HttpCommandExecutor.execute(HttpCommandExecutor.java:191)
	at org.openqa.selenium.remote.service.DriverCommandExecutor.invokeExecute(DriverCommandExecutor.java:196)
	at org.openqa.selenium.remote.service.DriverCommandExecutor.execute(DriverCommandExecutor.java:171)
	at org.openqa.selenium.remote.RemoteWebDriver.execute(RemoteWebDriver.java:602)
	at org.openqa.selenium.remote.RemoteWebElement.execute(RemoteWebElement.java:224)
	at org.openqa.selenium.remote.RemoteWebElement.click(RemoteWebElement.java:77)
	at org.openqa.selenium.support.pagefactory.internal.LocatingElementHandler.invoke(LocatingElementHandler.java:51)
	at jdk.proxy2/jdk.proxy2.$Proxy19.click(Unknown Source)
	at com.providio.pageObjects.miniCartPage.clickviewCartButton(miniCartPage.java:59)
	at com.providio.paymentProccess.tc__CheckOutProcess.checkoutprocess(tc__CheckOutProcess.java:49)
	at com.GuestUserWith_CreditCard.tc__SimpleProductForGuestUser_InCC.simpleProduct(tc__SimpleProductForGuestUser_InCC.java:65)
	at java.base/java.util.ArrayList.forEach(ArrayList.java:1511)
... Removed 34 stack frames
</div> <!-- stack-trace -->
                </div> <!-- method-content -->
              </div> <!-- method -->
            </div> <!-- main-panel-content rounded-window-bottom -->
          </div> <!-- suite-ProvidioTestcases-class-failed -->
          <div class="suite-ProvidioTestcases-class-failed">
            <div class="main-panel-header rounded-window-top">
              <img src="failed.png"/>
              <span class="class-name">com.GuestUserWith_GiftCard.tc__OrderByGc_GuestUser</span>
            </div> <!-- main-panel-header rounded-window-top -->
            <div class="main-panel-content rounded-window-bottom">
              <div class="method">
                <div class="method-content">
                  <a name="paymentByGiftCardInGuestUser">
                  </a> <!-- paymentByGiftCardInGuestUser -->
                  <span class="method-name">paymentByGiftCardInGuestUser</span>
                  <div class="stack-trace">org.openqa.selenium.ElementClickInterceptedException: element click intercepted: Element &lt;a href=&quot;https://zzqi-002.dx.commercecloud.salesforce.com/on/demandware.store/Sites-RefArch-Site/en_US/Cart-Show&quot; class=&quot;btn  btn-block checkout-btn btn-outline-primary disabled&quot; role=&quot;button&quot;&gt;...&lt;/a&gt; is not clickable at point (1716, 773). Other element would receive the click: &lt;div class=&quot;mb-3 view-cart&quot;&gt;...&lt;/div&gt;
  (Session info: chrome=117.0.5938.63)
Build info: version: &apos;4.12.0&apos;, revision: &apos;249f2a7d1b*&apos;
System info: os.name: &apos;Windows 10&apos;, os.arch: &apos;amd64&apos;, os.version: &apos;10.0&apos;, java.version: &apos;17.0.2&apos;
Driver info: org.openqa.selenium.chrome.ChromeDriver
Command: [54ac5c93c3f764696d1cd5472e877a1e, clickElement {id=4B3B7FA02EC48BCD63B2547C9E573B20_element_2480}]
Capabilities {acceptInsecureCerts: false, browserName: chrome, browserVersion: 117.0.5938.63, chrome: {chromedriverVersion: 117.0.5938.62 (25a7172909a4..., userDataDir: C:\Users\user\AppData\Local...}, fedcm:accounts: true, goog:chromeOptions: {debuggerAddress: localhost:52889}, networkConnectionEnabled: false, pageLoadStrategy: normal, platformName: windows, proxy: Proxy(), se:cdp: ws://localhost:52889/devtoo..., se:cdpVersion: 117.0.5938.63, setWindowRect: true, strictFileInteractability: false, timeouts: {implicit: 0, pageLoad: 300000, script: 30000}, unhandledPromptBehavior: dismiss and notify, webauthn:extension:credBlob: true, webauthn:extension:largeBlob: true, webauthn:extension:minPinLength: true, webauthn:extension:prf: true, webauthn:virtualAuthenticators: true}
Element: [[ChromeDriver: chrome on windows (54ac5c93c3f764696d1cd5472e877a1e)] -&gt; xpath: //a[contains(@class,&apos;btn  btn-block &apos;)]]
Session ID: 54ac5c93c3f764696d1cd5472e877a1e
	at org.openqa.selenium.remote.codec.w3c.W3CHttpResponseCodec.createException(W3CHttpResponseCodec.java:200)
	at org.openqa.selenium.remote.codec.w3c.W3CHttpResponseCodec.decode(W3CHttpResponseCodec.java:133)
	at org.openqa.selenium.remote.codec.w3c.W3CHttpResponseCodec.decode(W3CHttpResponseCodec.java:52)
	at org.openqa.selenium.remote.HttpCommandExecutor.execute(HttpCommandExecutor.java:191)
	at org.openqa.selenium.remote.service.DriverCommandExecutor.invokeExecute(DriverCommandExecutor.java:196)
	at org.openqa.selenium.remote.service.DriverCommandExecutor.execute(DriverCommandExecutor.java:171)
	at org.openqa.selenium.remote.RemoteWebDriver.execute(RemoteWebDriver.java:602)
	at org.openqa.selenium.remote.RemoteWebElement.execute(RemoteWebElement.java:224)
	at org.openqa.selenium.remote.RemoteWebElement.click(RemoteWebElement.java:77)
	at org.openqa.selenium.support.pagefactory.internal.LocatingElementHandler.invoke(LocatingElementHandler.java:51)
	at jdk.proxy2/jdk.proxy2.$Proxy19.click(Unknown Source)
	at com.providio.pageObjects.miniCartPage.clickviewCartButton(miniCartPage.java:59)
	at com.providio.paymentProccess.tc__CheckOutProcess.checkoutprocess(tc__CheckOutProcess.java:49)
	at com.GuestUserWith_GiftCard.tc__OrderByGc_GuestUser.paymentByGiftCardInGuestUser(tc__OrderByGc_GuestUser.java:24)
	at java.base/java.util.ArrayList.forEach(ArrayList.java:1511)
... Removed 35 stack frames
</div> <!-- stack-trace -->
                </div> <!-- method-content -->
              </div> <!-- method -->
            </div> <!-- main-panel-content rounded-window-bottom -->
          </div> <!-- suite-ProvidioTestcases-class-failed -->
          <div class="suite-ProvidioTestcases-class-failed">
            <div class="main-panel-header rounded-window-top">
              <img src="failed.png"/>
              <span class="class-name">com.GuestUserWith_GiftCard.tc__BundleProductForGuestUser_InGiftCard</span>
            </div> <!-- main-panel-header rounded-window-top -->
            <div class="main-panel-content rounded-window-bottom">
              <div class="method">
                <div class="method-content">
                  <a name="bundleProduct">
                  </a> <!-- bundleProduct -->
                  <span class="method-name">bundleProduct</span>
                  <div class="stack-trace">org.openqa.selenium.ElementClickInterceptedException: element click intercepted: Element &lt;a href=&quot;https://zzqi-002.dx.commercecloud.salesforce.com/on/demandware.store/Sites-RefArch-Site/en_US/Cart-Show&quot; class=&quot;btn  btn-block checkout-btn btn-outline-primary disabled&quot; role=&quot;button&quot;&gt;...&lt;/a&gt; is not clickable at point (1716, 773). Other element would receive the click: &lt;div class=&quot;mb-3 view-cart&quot;&gt;...&lt;/div&gt;
  (Session info: chrome=117.0.5938.63)
Build info: version: &apos;4.12.0&apos;, revision: &apos;249f2a7d1b*&apos;
System info: os.name: &apos;Windows 10&apos;, os.arch: &apos;amd64&apos;, os.version: &apos;10.0&apos;, java.version: &apos;17.0.2&apos;
Driver info: org.openqa.selenium.chrome.ChromeDriver
Command: [54ac5c93c3f764696d1cd5472e877a1e, clickElement {id=BC3F5745066646F4039E5E444BEAE0B3_element_696}]
Capabilities {acceptInsecureCerts: false, browserName: chrome, browserVersion: 117.0.5938.63, chrome: {chromedriverVersion: 117.0.5938.62 (25a7172909a4..., userDataDir: C:\Users\user\AppData\Local...}, fedcm:accounts: true, goog:chromeOptions: {debuggerAddress: localhost:52889}, networkConnectionEnabled: false, pageLoadStrategy: normal, platformName: windows, proxy: Proxy(), se:cdp: ws://localhost:52889/devtoo..., se:cdpVersion: 117.0.5938.63, setWindowRect: true, strictFileInteractability: false, timeouts: {implicit: 0, pageLoad: 300000, script: 30000}, unhandledPromptBehavior: dismiss and notify, webauthn:extension:credBlob: true, webauthn:extension:largeBlob: true, webauthn:extension:minPinLength: true, webauthn:extension:prf: true, webauthn:virtualAuthenticators: true}
Element: [[ChromeDriver: chrome on windows (54ac5c93c3f764696d1cd5472e877a1e)] -&gt; xpath: //a[contains(@class,&apos;btn  btn-block &apos;)]]
Session ID: 54ac5c93c3f764696d1cd5472e877a1e
	at org.openqa.selenium.remote.codec.w3c.W3CHttpResponseCodec.createException(W3CHttpResponseCodec.java:200)
	at org.openqa.selenium.remote.codec.w3c.W3CHttpResponseCodec.decode(W3CHttpResponseCodec.java:133)
	at org.openqa.selenium.remote.codec.w3c.W3CHttpResponseCodec.decode(W3CHttpResponseCodec.java:52)
	at org.openqa.selenium.remote.HttpCommandExecutor.execute(HttpCommandExecutor.java:191)
	at org.openqa.selenium.remote.service.DriverCommandExecutor.invokeExecute(DriverCommandExecutor.java:196)
	at org.openqa.selenium.remote.service.DriverCommandExecutor.execute(DriverCommandExecutor.java:171)
	at org.openqa.selenium.remote.RemoteWebDriver.execute(RemoteWebDriver.java:602)
	at org.openqa.selenium.remote.RemoteWebElement.execute(RemoteWebElement.java:224)
	at org.openqa.selenium.remote.RemoteWebElement.click(RemoteWebElement.java:77)
	at org.openqa.selenium.support.pagefactory.internal.LocatingElementHandler.invoke(LocatingElementHandler.java:51)
	at jdk.proxy2/jdk.proxy2.$Proxy19.click(Unknown Source)
	at com.providio.pageObjects.miniCartPage.clickviewCartButton(miniCartPage.java:59)
	at com.providio.paymentProccess.tc__CheckOutProcess.checkoutprocess(tc__CheckOutProcess.java:49)
	at com.GuestUserWith_GiftCard.tc__BundleProductForGuestUser_InGiftCard.bundleProduct(tc__BundleProductForGuestUser_InGiftCard.java:63)
	at java.base/java.util.ArrayList.forEach(ArrayList.java:1511)
... Removed 36 stack frames
</div> <!-- stack-trace -->
                </div> <!-- method-content -->
              </div> <!-- method -->
            </div> <!-- main-panel-content rounded-window-bottom -->
          </div> <!-- suite-ProvidioTestcases-class-failed -->
          <div class="suite-ProvidioTestcases-class-failed">
            <div class="main-panel-header rounded-window-top">
              <img src="failed.png"/>
              <span class="class-name">com.GuestUserWith_CreditCard.tc__GuestUser_InCc</span>
            </div> <!-- main-panel-header rounded-window-top -->
            <div class="main-panel-content rounded-window-bottom">
              <div class="method">
                <div class="method-content">
                  <a name="guestlogin">
                  </a> <!-- guestlogin -->
                  <span class="method-name">guestlogin</span>
                  <div class="stack-trace">org.openqa.selenium.ElementClickInterceptedException: element click intercepted: Element &lt;a href=&quot;https://zzqi-002.dx.commercecloud.salesforce.com/on/demandware.store/Sites-RefArch-Site/en_US/Cart-Show&quot; class=&quot;btn  btn-block checkout-btn btn-outline-primary disabled&quot; role=&quot;button&quot;&gt;...&lt;/a&gt; is not clickable at point (1716, 773). Other element would receive the click: &lt;div class=&quot;mb-3 view-cart&quot;&gt;...&lt;/div&gt;
  (Session info: chrome=117.0.5938.63)
Build info: version: &apos;4.12.0&apos;, revision: &apos;249f2a7d1b*&apos;
System info: os.name: &apos;Windows 10&apos;, os.arch: &apos;amd64&apos;, os.version: &apos;10.0&apos;, java.version: &apos;17.0.2&apos;
Driver info: org.openqa.selenium.chrome.ChromeDriver
Command: [54ac5c93c3f764696d1cd5472e877a1e, clickElement {id=98BC887CCA2E4A7EDD977831B3AEE2DE_element_2795}]
Capabilities {acceptInsecureCerts: false, browserName: chrome, browserVersion: 117.0.5938.63, chrome: {chromedriverVersion: 117.0.5938.62 (25a7172909a4..., userDataDir: C:\Users\user\AppData\Local...}, fedcm:accounts: true, goog:chromeOptions: {debuggerAddress: localhost:52889}, networkConnectionEnabled: false, pageLoadStrategy: normal, platformName: windows, proxy: Proxy(), se:cdp: ws://localhost:52889/devtoo..., se:cdpVersion: 117.0.5938.63, setWindowRect: true, strictFileInteractability: false, timeouts: {implicit: 0, pageLoad: 300000, script: 30000}, unhandledPromptBehavior: dismiss and notify, webauthn:extension:credBlob: true, webauthn:extension:largeBlob: true, webauthn:extension:minPinLength: true, webauthn:extension:prf: true, webauthn:virtualAuthenticators: true}
Element: [[ChromeDriver: chrome on windows (54ac5c93c3f764696d1cd5472e877a1e)] -&gt; xpath: //a[contains(@class,&apos;btn  btn-block &apos;)]]
Session ID: 54ac5c93c3f764696d1cd5472e877a1e
	at org.openqa.selenium.remote.codec.w3c.W3CHttpResponseCodec.createException(W3CHttpResponseCodec.java:200)
	at org.openqa.selenium.remote.codec.w3c.W3CHttpResponseCodec.decode(W3CHttpResponseCodec.java:133)
	at org.openqa.selenium.remote.codec.w3c.W3CHttpResponseCodec.decode(W3CHttpResponseCodec.java:52)
	at org.openqa.selenium.remote.HttpCommandExecutor.execute(HttpCommandExecutor.java:191)
	at org.openqa.selenium.remote.service.DriverCommandExecutor.invokeExecute(DriverCommandExecutor.java:196)
	at org.openqa.selenium.remote.service.DriverCommandExecutor.execute(DriverCommandExecutor.java:171)
	at org.openqa.selenium.remote.RemoteWebDriver.execute(RemoteWebDriver.java:602)
	at org.openqa.selenium.remote.RemoteWebElement.execute(RemoteWebElement.java:224)
	at org.openqa.selenium.remote.RemoteWebElement.click(RemoteWebElement.java:77)
	at org.openqa.selenium.support.pagefactory.internal.LocatingElementHandler.invoke(LocatingElementHandler.java:51)
	at jdk.proxy2/jdk.proxy2.$Proxy19.click(Unknown Source)
	at com.providio.pageObjects.miniCartPage.clickviewCartButton(miniCartPage.java:59)
	at com.providio.paymentProccess.tc__CheckOutProcess.checkoutprocess(tc__CheckOutProcess.java:49)
	at com.GuestUserWith_CreditCard.tc__GuestUser_InCc.guestlogin(tc__GuestUser_InCc.java:91)
	at java.base/java.util.ArrayList.forEach(ArrayList.java:1511)
... Removed 35 stack frames
</div> <!-- stack-trace -->
                </div> <!-- method-content -->
              </div> <!-- method -->
            </div> <!-- main-panel-content rounded-window-bottom -->
          </div> <!-- suite-ProvidioTestcases-class-failed -->
          <div class="suite-ProvidioTestcases-class-failed">
            <div class="main-panel-header rounded-window-top">
              <img src="failed.png"/>
              <span class="class-name">com.GuestUserWith_GiftCard.tc__VariationProductForGuestUser_InGiftCard</span>
            </div> <!-- main-panel-header rounded-window-top -->
            <div class="main-panel-content rounded-window-bottom">
              <div class="method">
                <div class="method-content">
                  <a name="variationProduct">
                  </a> <!-- variationProduct -->
                  <span class="method-name">variationProduct</span>
                  <div class="stack-trace">org.openqa.selenium.ElementClickInterceptedException: element click intercepted: Element &lt;a href=&quot;https://zzqi-002.dx.commercecloud.salesforce.com/on/demandware.store/Sites-RefArch-Site/en_US/Cart-Show&quot; class=&quot;btn  btn-block checkout-btn btn-outline-primary disabled&quot; role=&quot;button&quot;&gt;...&lt;/a&gt; is not clickable at point (1716, 773). Other element would receive the click: &lt;div class=&quot;mb-3 view-cart&quot;&gt;...&lt;/div&gt;
  (Session info: chrome=117.0.5938.63)
Build info: version: &apos;4.12.0&apos;, revision: &apos;249f2a7d1b*&apos;
System info: os.name: &apos;Windows 10&apos;, os.arch: &apos;amd64&apos;, os.version: &apos;10.0&apos;, java.version: &apos;17.0.2&apos;
Driver info: org.openqa.selenium.chrome.ChromeDriver
Command: [54ac5c93c3f764696d1cd5472e877a1e, clickElement {id=2DD53EF0F87FF8EF4B4E6E9237F46CB3_element_5884}]
Capabilities {acceptInsecureCerts: false, browserName: chrome, browserVersion: 117.0.5938.63, chrome: {chromedriverVersion: 117.0.5938.62 (25a7172909a4..., userDataDir: C:\Users\user\AppData\Local...}, fedcm:accounts: true, goog:chromeOptions: {debuggerAddress: localhost:52889}, networkConnectionEnabled: false, pageLoadStrategy: normal, platformName: windows, proxy: Proxy(), se:cdp: ws://localhost:52889/devtoo..., se:cdpVersion: 117.0.5938.63, setWindowRect: true, strictFileInteractability: false, timeouts: {implicit: 0, pageLoad: 300000, script: 30000}, unhandledPromptBehavior: dismiss and notify, webauthn:extension:credBlob: true, webauthn:extension:largeBlob: true, webauthn:extension:minPinLength: true, webauthn:extension:prf: true, webauthn:virtualAuthenticators: true}
Element: [[ChromeDriver: chrome on windows (54ac5c93c3f764696d1cd5472e877a1e)] -&gt; xpath: //a[contains(@class,&apos;btn  btn-block &apos;)]]
Session ID: 54ac5c93c3f764696d1cd5472e877a1e
	at org.openqa.selenium.remote.codec.w3c.W3CHttpResponseCodec.createException(W3CHttpResponseCodec.java:200)
	at org.openqa.selenium.remote.codec.w3c.W3CHttpResponseCodec.decode(W3CHttpResponseCodec.java:133)
	at org.openqa.selenium.remote.codec.w3c.W3CHttpResponseCodec.decode(W3CHttpResponseCodec.java:52)
	at org.openqa.selenium.remote.HttpCommandExecutor.execute(HttpCommandExecutor.java:191)
	at org.openqa.selenium.remote.service.DriverCommandExecutor.invokeExecute(DriverCommandExecutor.java:196)
	at org.openqa.selenium.remote.service.DriverCommandExecutor.execute(DriverCommandExecutor.java:171)
	at org.openqa.selenium.remote.RemoteWebDriver.execute(RemoteWebDriver.java:602)
	at org.openqa.selenium.remote.RemoteWebElement.execute(RemoteWebElement.java:224)
	at org.openqa.selenium.remote.RemoteWebElement.click(RemoteWebElement.java:77)
	at org.openqa.selenium.support.pagefactory.internal.LocatingElementHandler.invoke(LocatingElementHandler.java:51)
	at jdk.proxy2/jdk.proxy2.$Proxy19.click(Unknown Source)
	at com.providio.pageObjects.miniCartPage.clickviewCartButton(miniCartPage.java:59)
	at com.providio.paymentProccess.tc__CheckOutProcess.checkoutprocess(tc__CheckOutProcess.java:49)
	at com.GuestUserWith_GiftCard.tc__VariationProductForGuestUser_InGiftCard.variationProduct(tc__VariationProductForGuestUser_InGiftCard.java:69)
	at java.base/java.util.ArrayList.forEach(ArrayList.java:1511)
... Removed 34 stack frames
</div> <!-- stack-trace -->
                </div> <!-- method-content -->
              </div> <!-- method -->
            </div> <!-- main-panel-content rounded-window-bottom -->
          </div> <!-- suite-ProvidioTestcases-class-failed -->
          <div class="suite-ProvidioTestcases-class-failed">
            <div class="main-panel-header rounded-window-top">
              <img src="failed.png"/>
              <span class="class-name">com.GuestUserWith_GcAndCC.tc__VariationProductForGuestUser_InGcAndCc</span>
            </div> <!-- main-panel-header rounded-window-top -->
            <div class="main-panel-content rounded-window-bottom">
              <div class="method">
                <div class="method-content">
                  <a name="variationProduct">
                  </a> <!-- variationProduct -->
                  <span class="method-name">variationProduct</span>
                  <div class="stack-trace">org.openqa.selenium.ElementClickInterceptedException: element click intercepted: Element &lt;a href=&quot;https://zzqi-002.dx.commercecloud.salesforce.com/on/demandware.store/Sites-RefArch-Site/en_US/Cart-Show&quot; class=&quot;btn  btn-block checkout-btn btn-outline-primary disabled&quot; role=&quot;button&quot;&gt;...&lt;/a&gt; is not clickable at point (1716, 773). Other element would receive the click: &lt;div class=&quot;mb-3 view-cart&quot;&gt;...&lt;/div&gt;
  (Session info: chrome=117.0.5938.63)
Build info: version: &apos;4.12.0&apos;, revision: &apos;249f2a7d1b*&apos;
System info: os.name: &apos;Windows 10&apos;, os.arch: &apos;amd64&apos;, os.version: &apos;10.0&apos;, java.version: &apos;17.0.2&apos;
Driver info: org.openqa.selenium.chrome.ChromeDriver
Command: [54ac5c93c3f764696d1cd5472e877a1e, clickElement {id=864842CD4FFE06882E0754B4223EAD8D_element_6028}]
Capabilities {acceptInsecureCerts: false, browserName: chrome, browserVersion: 117.0.5938.63, chrome: {chromedriverVersion: 117.0.5938.62 (25a7172909a4..., userDataDir: C:\Users\user\AppData\Local...}, fedcm:accounts: true, goog:chromeOptions: {debuggerAddress: localhost:52889}, networkConnectionEnabled: false, pageLoadStrategy: normal, platformName: windows, proxy: Proxy(), se:cdp: ws://localhost:52889/devtoo..., se:cdpVersion: 117.0.5938.63, setWindowRect: true, strictFileInteractability: false, timeouts: {implicit: 0, pageLoad: 300000, script: 30000}, unhandledPromptBehavior: dismiss and notify, webauthn:extension:credBlob: true, webauthn:extension:largeBlob: true, webauthn:extension:minPinLength: true, webauthn:extension:prf: true, webauthn:virtualAuthenticators: true}
Element: [[ChromeDriver: chrome on windows (54ac5c93c3f764696d1cd5472e877a1e)] -&gt; xpath: //a[contains(@class,&apos;btn  btn-block &apos;)]]
Session ID: 54ac5c93c3f764696d1cd5472e877a1e
	at org.openqa.selenium.remote.codec.w3c.W3CHttpResponseCodec.createException(W3CHttpResponseCodec.java:200)
	at org.openqa.selenium.remote.codec.w3c.W3CHttpResponseCodec.decode(W3CHttpResponseCodec.java:133)
	at org.openqa.selenium.remote.codec.w3c.W3CHttpResponseCodec.decode(W3CHttpResponseCodec.java:52)
	at org.openqa.selenium.remote.HttpCommandExecutor.execute(HttpCommandExecutor.java:191)
	at org.openqa.selenium.remote.service.DriverCommandExecutor.invokeExecute(DriverCommandExecutor.java:196)
	at org.openqa.selenium.remote.service.DriverCommandExecutor.execute(DriverCommandExecutor.java:171)
	at org.openqa.selenium.remote.RemoteWebDriver.execute(RemoteWebDriver.java:602)
	at org.openqa.selenium.remote.RemoteWebElement.execute(RemoteWebElement.java:224)
	at org.openqa.selenium.remote.RemoteWebElement.click(RemoteWebElement.java:77)
	at org.openqa.selenium.support.pagefactory.internal.LocatingElementHandler.invoke(LocatingElementHandler.java:51)
	at jdk.proxy2/jdk.proxy2.$Proxy19.click(Unknown Source)
	at com.providio.pageObjects.miniCartPage.clickviewCartButton(miniCartPage.java:59)
	at com.providio.paymentProccess.tc__CheckOutProcess.checkoutprocess(tc__CheckOutProcess.java:49)
	at com.GuestUserWith_GcAndCC.tc__VariationProductForGuestUser_InGcAndCc.variationProduct(tc__VariationProductForGuestUser_InGcAndCc.java:70)
	at java.base/java.util.ArrayList.forEach(ArrayList.java:1511)
... Removed 34 stack frames
</div> <!-- stack-trace -->
                </div> <!-- method-content -->
              </div> <!-- method -->
            </div> <!-- main-panel-content rounded-window-bottom -->
          </div> <!-- suite-ProvidioTestcases-class-failed -->
          <div class="suite-ProvidioTestcases-class-failed">
            <div class="main-panel-header rounded-window-top">
              <img src="failed.png"/>
              <span class="class-name">com.GuestUserWith_GcAndCC.tc__BundleProductForGuestUser_InGcAndCc</span>
            </div> <!-- main-panel-header rounded-window-top -->
            <div class="main-panel-content rounded-window-bottom">
              <div class="method">
                <div class="method-content">
                  <a name="bundleProduct">
                  </a> <!-- bundleProduct -->
                  <span class="method-name">bundleProduct</span>
                  <div class="stack-trace">org.openqa.selenium.ElementClickInterceptedException: element click intercepted: Element &lt;a href=&quot;https://zzqi-002.dx.commercecloud.salesforce.com/on/demandware.store/Sites-RefArch-Site/en_US/Cart-Show&quot; class=&quot;btn  btn-block checkout-btn btn-outline-primary disabled&quot; role=&quot;button&quot;&gt;...&lt;/a&gt; is not clickable at point (1716, 773). Other element would receive the click: &lt;div class=&quot;mb-3 view-cart&quot;&gt;...&lt;/div&gt;
  (Session info: chrome=117.0.5938.63)
Build info: version: &apos;4.12.0&apos;, revision: &apos;249f2a7d1b*&apos;
System info: os.name: &apos;Windows 10&apos;, os.arch: &apos;amd64&apos;, os.version: &apos;10.0&apos;, java.version: &apos;17.0.2&apos;
Driver info: org.openqa.selenium.chrome.ChromeDriver
Command: [54ac5c93c3f764696d1cd5472e877a1e, clickElement {id=CE3032CABF29BFF4226E7D3636F1C054_element_899}]
Capabilities {acceptInsecureCerts: false, browserName: chrome, browserVersion: 117.0.5938.63, chrome: {chromedriverVersion: 117.0.5938.62 (25a7172909a4..., userDataDir: C:\Users\user\AppData\Local...}, fedcm:accounts: true, goog:chromeOptions: {debuggerAddress: localhost:52889}, networkConnectionEnabled: false, pageLoadStrategy: normal, platformName: windows, proxy: Proxy(), se:cdp: ws://localhost:52889/devtoo..., se:cdpVersion: 117.0.5938.63, setWindowRect: true, strictFileInteractability: false, timeouts: {implicit: 0, pageLoad: 300000, script: 30000}, unhandledPromptBehavior: dismiss and notify, webauthn:extension:credBlob: true, webauthn:extension:largeBlob: true, webauthn:extension:minPinLength: true, webauthn:extension:prf: true, webauthn:virtualAuthenticators: true}
Element: [[ChromeDriver: chrome on windows (54ac5c93c3f764696d1cd5472e877a1e)] -&gt; xpath: //a[contains(@class,&apos;btn  btn-block &apos;)]]
Session ID: 54ac5c93c3f764696d1cd5472e877a1e
	at org.openqa.selenium.remote.codec.w3c.W3CHttpResponseCodec.createException(W3CHttpResponseCodec.java:200)
	at org.openqa.selenium.remote.codec.w3c.W3CHttpResponseCodec.decode(W3CHttpResponseCodec.java:133)
	at org.openqa.selenium.remote.codec.w3c.W3CHttpResponseCodec.decode(W3CHttpResponseCodec.java:52)
	at org.openqa.selenium.remote.HttpCommandExecutor.execute(HttpCommandExecutor.java:191)
	at org.openqa.selenium.remote.service.DriverCommandExecutor.invokeExecute(DriverCommandExecutor.java:196)
	at org.openqa.selenium.remote.service.DriverCommandExecutor.execute(DriverCommandExecutor.java:171)
	at org.openqa.selenium.remote.RemoteWebDriver.execute(RemoteWebDriver.java:602)
	at org.openqa.selenium.remote.RemoteWebElement.execute(RemoteWebElement.java:224)
	at org.openqa.selenium.remote.RemoteWebElement.click(RemoteWebElement.java:77)
	at org.openqa.selenium.support.pagefactory.internal.LocatingElementHandler.invoke(LocatingElementHandler.java:51)
	at jdk.proxy2/jdk.proxy2.$Proxy19.click(Unknown Source)
	at com.providio.pageObjects.miniCartPage.clickviewCartButton(miniCartPage.java:59)
	at com.providio.paymentProccess.tc__CheckOutProcess.checkoutprocess(tc__CheckOutProcess.java:49)
	at com.GuestUserWith_GcAndCC.tc__BundleProductForGuestUser_InGcAndCc.bundleProduct(tc__BundleProductForGuestUser_InGcAndCc.java:69)
	at java.base/java.util.ArrayList.forEach(ArrayList.java:1511)
... Removed 36 stack frames
</div> <!-- stack-trace -->
                </div> <!-- method-content -->
              </div> <!-- method -->
            </div> <!-- main-panel-content rounded-window-bottom -->
          </div> <!-- suite-ProvidioTestcases-class-failed -->
          <div class="suite-ProvidioTestcases-class-failed">
            <div class="main-panel-header rounded-window-top">
              <img src="failed.png"/>
              <span class="class-name">com.GuestUserWith_GcAndCC.tc__SimpleProductForGuestUser_InGcAndCC</span>
            </div> <!-- main-panel-header rounded-window-top -->
            <div class="main-panel-content rounded-window-bottom">
              <div class="method">
                <div class="method-content">
                  <a name="simpleProduct">
                  </a> <!-- simpleProduct -->
                  <span class="method-name">simpleProduct</span>
                  <div class="stack-trace">org.openqa.selenium.ElementClickInterceptedException: element click intercepted: Element &lt;a href=&quot;https://zzqi-002.dx.commercecloud.salesforce.com/on/demandware.store/Sites-RefArch-Site/en_US/Cart-Show&quot; class=&quot;btn  btn-block checkout-btn btn-outline-primary disabled&quot; role=&quot;button&quot;&gt;...&lt;/a&gt; is not clickable at point (1716, 773). Other element would receive the click: &lt;div class=&quot;mb-3 view-cart&quot;&gt;...&lt;/div&gt;
  (Session info: chrome=117.0.5938.63)
Build info: version: &apos;4.12.0&apos;, revision: &apos;249f2a7d1b*&apos;
System info: os.name: &apos;Windows 10&apos;, os.arch: &apos;amd64&apos;, os.version: &apos;10.0&apos;, java.version: &apos;17.0.2&apos;
Driver info: org.openqa.selenium.chrome.ChromeDriver
Command: [54ac5c93c3f764696d1cd5472e877a1e, clickElement {id=20AD0250487FFEB702CC3ACFEFC87DCE_element_4556}]
Capabilities {acceptInsecureCerts: false, browserName: chrome, browserVersion: 117.0.5938.63, chrome: {chromedriverVersion: 117.0.5938.62 (25a7172909a4..., userDataDir: C:\Users\user\AppData\Local...}, fedcm:accounts: true, goog:chromeOptions: {debuggerAddress: localhost:52889}, networkConnectionEnabled: false, pageLoadStrategy: normal, platformName: windows, proxy: Proxy(), se:cdp: ws://localhost:52889/devtoo..., se:cdpVersion: 117.0.5938.63, setWindowRect: true, strictFileInteractability: false, timeouts: {implicit: 0, pageLoad: 300000, script: 30000}, unhandledPromptBehavior: dismiss and notify, webauthn:extension:credBlob: true, webauthn:extension:largeBlob: true, webauthn:extension:minPinLength: true, webauthn:extension:prf: true, webauthn:virtualAuthenticators: true}
Element: [[ChromeDriver: chrome on windows (54ac5c93c3f764696d1cd5472e877a1e)] -&gt; xpath: //a[contains(@class,&apos;btn  btn-block &apos;)]]
Session ID: 54ac5c93c3f764696d1cd5472e877a1e
	at org.openqa.selenium.remote.codec.w3c.W3CHttpResponseCodec.createException(W3CHttpResponseCodec.java:200)
	at org.openqa.selenium.remote.codec.w3c.W3CHttpResponseCodec.decode(W3CHttpResponseCodec.java:133)
	at org.openqa.selenium.remote.codec.w3c.W3CHttpResponseCodec.decode(W3CHttpResponseCodec.java:52)
	at org.openqa.selenium.remote.HttpCommandExecutor.execute(HttpCommandExecutor.java:191)
	at org.openqa.selenium.remote.service.DriverCommandExecutor.invokeExecute(DriverCommandExecutor.java:196)
	at org.openqa.selenium.remote.service.DriverCommandExecutor.execute(DriverCommandExecutor.java:171)
	at org.openqa.selenium.remote.RemoteWebDriver.execute(RemoteWebDriver.java:602)
	at org.openqa.selenium.remote.RemoteWebElement.execute(RemoteWebElement.java:224)
	at org.openqa.selenium.remote.RemoteWebElement.click(RemoteWebElement.java:77)
	at org.openqa.selenium.support.pagefactory.internal.LocatingElementHandler.invoke(LocatingElementHandler.java:51)
	at jdk.proxy2/jdk.proxy2.$Proxy19.click(Unknown Source)
	at com.providio.pageObjects.miniCartPage.clickviewCartButton(miniCartPage.java:59)
	at com.providio.paymentProccess.tc__CheckOutProcess.checkoutprocess(tc__CheckOutProcess.java:49)
	at com.GuestUserWith_GcAndCC.tc__SimpleProductForGuestUser_InGcAndCC.simpleProduct(tc__SimpleProductForGuestUser_InGcAndCC.java:66)
	at java.base/java.util.ArrayList.forEach(ArrayList.java:1511)
... Removed 34 stack frames
</div> <!-- stack-trace -->
                </div> <!-- method-content -->
              </div> <!-- method -->
            </div> <!-- main-panel-content rounded-window-bottom -->
          </div> <!-- suite-ProvidioTestcases-class-failed -->
          <div class="suite-ProvidioTestcases-class-failed">
            <div class="main-panel-header rounded-window-top">
              <img src="failed.png"/>
              <span class="class-name">com.GuestUserWith_Minicart_Paypal.tc__PaypalFromLoginPageGuestUser</span>
            </div> <!-- main-panel-header rounded-window-top -->
            <div class="main-panel-content rounded-window-bottom">
              <div class="method">
                <div class="method-content">
                  <a name="PaypalFromLoginPage">
                  </a> <!-- PaypalFromLoginPage -->
                  <span class="method-name">PaypalFromLoginPage</span>
                  <div class="stack-trace">org.openqa.selenium.ElementClickInterceptedException: element click intercepted: Element &lt;a href=&quot;https://zzqi-002.dx.commercecloud.salesforce.com/on/demandware.store/Sites-RefArch-Site/en_US/Cart-Show&quot; class=&quot;btn  btn-block checkout-btn btn-outline-primary disabled&quot; role=&quot;button&quot;&gt;...&lt;/a&gt; is not clickable at point (1716, 773). Other element would receive the click: &lt;div class=&quot;mb-3 view-cart&quot;&gt;...&lt;/div&gt;
  (Session info: chrome=117.0.5938.63)
Build info: version: &apos;4.12.0&apos;, revision: &apos;249f2a7d1b*&apos;
System info: os.name: &apos;Windows 10&apos;, os.arch: &apos;amd64&apos;, os.version: &apos;10.0&apos;, java.version: &apos;17.0.2&apos;
Driver info: org.openqa.selenium.chrome.ChromeDriver
Command: [54ac5c93c3f764696d1cd5472e877a1e, clickElement {id=A429970AC13A9C9035AB19D19BBCFF5A_element_2924}]
Capabilities {acceptInsecureCerts: false, browserName: chrome, browserVersion: 117.0.5938.63, chrome: {chromedriverVersion: 117.0.5938.62 (25a7172909a4..., userDataDir: C:\Users\user\AppData\Local...}, fedcm:accounts: true, goog:chromeOptions: {debuggerAddress: localhost:52889}, networkConnectionEnabled: false, pageLoadStrategy: normal, platformName: windows, proxy: Proxy(), se:cdp: ws://localhost:52889/devtoo..., se:cdpVersion: 117.0.5938.63, setWindowRect: true, strictFileInteractability: false, timeouts: {implicit: 0, pageLoad: 300000, script: 30000}, unhandledPromptBehavior: dismiss and notify, webauthn:extension:credBlob: true, webauthn:extension:largeBlob: true, webauthn:extension:minPinLength: true, webauthn:extension:prf: true, webauthn:virtualAuthenticators: true}
Element: [[ChromeDriver: chrome on windows (54ac5c93c3f764696d1cd5472e877a1e)] -&gt; xpath: //a[contains(@class,&apos;btn  btn-block &apos;)]]
Session ID: 54ac5c93c3f764696d1cd5472e877a1e
	at org.openqa.selenium.remote.codec.w3c.W3CHttpResponseCodec.createException(W3CHttpResponseCodec.java:200)
	at org.openqa.selenium.remote.codec.w3c.W3CHttpResponseCodec.decode(W3CHttpResponseCodec.java:133)
	at org.openqa.selenium.remote.codec.w3c.W3CHttpResponseCodec.decode(W3CHttpResponseCodec.java:52)
	at org.openqa.selenium.remote.HttpCommandExecutor.execute(HttpCommandExecutor.java:191)
	at org.openqa.selenium.remote.service.DriverCommandExecutor.invokeExecute(DriverCommandExecutor.java:196)
	at org.openqa.selenium.remote.service.DriverCommandExecutor.execute(DriverCommandExecutor.java:171)
	at org.openqa.selenium.remote.RemoteWebDriver.execute(RemoteWebDriver.java:602)
	at org.openqa.selenium.remote.RemoteWebElement.execute(RemoteWebElement.java:224)
	at org.openqa.selenium.remote.RemoteWebElement.click(RemoteWebElement.java:77)
	at org.openqa.selenium.support.pagefactory.internal.LocatingElementHandler.invoke(LocatingElementHandler.java:51)
	at jdk.proxy2/jdk.proxy2.$Proxy19.click(Unknown Source)
	at com.providio.pageObjects.miniCartPage.clickviewCartButton(miniCartPage.java:59)
	at com.GuestUserWith_Minicart_Paypal.tc__PaypalFromLoginPageGuestUser.PaypalFromLoginPage(tc__PaypalFromLoginPageGuestUser.java:102)
	at java.base/java.util.ArrayList.forEach(ArrayList.java:1511)
... Removed 35 stack frames
</div> <!-- stack-trace -->
                </div> <!-- method-content -->
              </div> <!-- method -->
            </div> <!-- main-panel-content rounded-window-bottom -->
          </div> <!-- suite-ProvidioTestcases-class-failed -->
          <div class="suite-ProvidioTestcases-class-failed">
            <div class="main-panel-header rounded-window-top">
              <img src="failed.png"/>
              <span class="class-name">com.GuestUserWith_GiftCard.tc__simpleProductAndGc_InGiftCard</span>
            </div> <!-- main-panel-header rounded-window-top -->
            <div class="main-panel-content rounded-window-bottom">
              <div class="method">
                <div class="method-content">
                  <a name="simpleProduct_Gc">
                  </a> <!-- simpleProduct_Gc -->
                  <span class="method-name">simpleProduct_Gc</span>
                  <div class="stack-trace">org.openqa.selenium.ElementClickInterceptedException: element click intercepted: Element &lt;a href=&quot;https://zzqi-002.dx.commercecloud.salesforce.com/on/demandware.store/Sites-RefArch-Site/en_US/Cart-Show&quot; class=&quot;btn  btn-block checkout-btn btn-outline-primary disabled&quot; role=&quot;button&quot;&gt;...&lt;/a&gt; is not clickable at point (1716, 773). Other element would receive the click: &lt;div class=&quot;mb-3 view-cart&quot;&gt;...&lt;/div&gt;
  (Session info: chrome=117.0.5938.63)
Build info: version: &apos;4.12.0&apos;, revision: &apos;249f2a7d1b*&apos;
System info: os.name: &apos;Windows 10&apos;, os.arch: &apos;amd64&apos;, os.version: &apos;10.0&apos;, java.version: &apos;17.0.2&apos;
Driver info: org.openqa.selenium.chrome.ChromeDriver
Command: [54ac5c93c3f764696d1cd5472e877a1e, clickElement {id=8529A31C8E4BD2B00E1AECF0DEF050EA_element_4195}]
Capabilities {acceptInsecureCerts: false, browserName: chrome, browserVersion: 117.0.5938.63, chrome: {chromedriverVersion: 117.0.5938.62 (25a7172909a4..., userDataDir: C:\Users\user\AppData\Local...}, fedcm:accounts: true, goog:chromeOptions: {debuggerAddress: localhost:52889}, networkConnectionEnabled: false, pageLoadStrategy: normal, platformName: windows, proxy: Proxy(), se:cdp: ws://localhost:52889/devtoo..., se:cdpVersion: 117.0.5938.63, setWindowRect: true, strictFileInteractability: false, timeouts: {implicit: 0, pageLoad: 300000, script: 30000}, unhandledPromptBehavior: dismiss and notify, webauthn:extension:credBlob: true, webauthn:extension:largeBlob: true, webauthn:extension:minPinLength: true, webauthn:extension:prf: true, webauthn:virtualAuthenticators: true}
Element: [[ChromeDriver: chrome on windows (54ac5c93c3f764696d1cd5472e877a1e)] -&gt; xpath: //a[contains(@class,&apos;btn  btn-block &apos;)]]
Session ID: 54ac5c93c3f764696d1cd5472e877a1e
	at org.openqa.selenium.remote.codec.w3c.W3CHttpResponseCodec.createException(W3CHttpResponseCodec.java:200)
	at org.openqa.selenium.remote.codec.w3c.W3CHttpResponseCodec.decode(W3CHttpResponseCodec.java:133)
	at org.openqa.selenium.remote.codec.w3c.W3CHttpResponseCodec.decode(W3CHttpResponseCodec.java:52)
	at org.openqa.selenium.remote.HttpCommandExecutor.execute(HttpCommandExecutor.java:191)
	at org.openqa.selenium.remote.service.DriverCommandExecutor.invokeExecute(DriverCommandExecutor.java:196)
	at org.openqa.selenium.remote.service.DriverCommandExecutor.execute(DriverCommandExecutor.java:171)
	at org.openqa.selenium.remote.RemoteWebDriver.execute(RemoteWebDriver.java:602)
	at org.openqa.selenium.remote.RemoteWebElement.execute(RemoteWebElement.java:224)
	at org.openqa.selenium.remote.RemoteWebElement.click(RemoteWebElement.java:77)
	at org.openqa.selenium.support.pagefactory.internal.LocatingElementHandler.invoke(LocatingElementHandler.java:51)
	at jdk.proxy2/jdk.proxy2.$Proxy19.click(Unknown Source)
	at com.providio.pageObjects.miniCartPage.clickviewCartButton(miniCartPage.java:59)
	at com.providio.paymentProccess.tc__CheckOutProcess.checkoutprocess(tc__CheckOutProcess.java:49)
	at com.GuestUserWith_GiftCard.tc__simpleProductAndGc_InGiftCard.simpleProduct_Gc(tc__simpleProductAndGc_InGiftCard.java:74)
	at java.base/java.util.ArrayList.forEach(ArrayList.java:1511)
... Removed 35 stack frames
</div> <!-- stack-trace -->
                </div> <!-- method-content -->
              </div> <!-- method -->
            </div> <!-- main-panel-content rounded-window-bottom -->
          </div> <!-- suite-ProvidioTestcases-class-failed -->
          <div class="suite-ProvidioTestcases-class-failed">
            <div class="main-panel-header rounded-window-top">
              <img src="failed.png"/>
              <span class="class-name">com.GuestUserWith_GcAndCC.tc__PickUpStore_Guest_InGcAndCC</span>
            </div> <!-- main-panel-header rounded-window-top -->
            <div class="main-panel-content rounded-window-bottom">
              <div class="method">
                <div class="method-content">
                  <a name="paypalFromCheckoutPage">
                  </a> <!-- paypalFromCheckoutPage -->
                  <span class="method-name">paypalFromCheckoutPage</span>
                  <div class="stack-trace">org.openqa.selenium.ElementClickInterceptedException: element click intercepted: Element &lt;a href=&quot;https://zzqi-002.dx.commercecloud.salesforce.com/on/demandware.store/Sites-RefArch-Site/en_US/Cart-Show&quot; class=&quot;btn  btn-block checkout-btn btn-outline-primary disabled&quot; role=&quot;button&quot;&gt;...&lt;/a&gt; is not clickable at point (1716, 773). Other element would receive the click: &lt;div class=&quot;mb-3 view-cart&quot;&gt;...&lt;/div&gt;
  (Session info: chrome=117.0.5938.63)
Build info: version: &apos;4.12.0&apos;, revision: &apos;249f2a7d1b*&apos;
System info: os.name: &apos;Windows 10&apos;, os.arch: &apos;amd64&apos;, os.version: &apos;10.0&apos;, java.version: &apos;17.0.2&apos;
Driver info: org.openqa.selenium.chrome.ChromeDriver
Command: [54ac5c93c3f764696d1cd5472e877a1e, clickElement {id=A761E1201540CBFDD01976FC3F18B1A2_element_3333}]
Capabilities {acceptInsecureCerts: false, browserName: chrome, browserVersion: 117.0.5938.63, chrome: {chromedriverVersion: 117.0.5938.62 (25a7172909a4..., userDataDir: C:\Users\user\AppData\Local...}, fedcm:accounts: true, goog:chromeOptions: {debuggerAddress: localhost:52889}, networkConnectionEnabled: false, pageLoadStrategy: normal, platformName: windows, proxy: Proxy(), se:cdp: ws://localhost:52889/devtoo..., se:cdpVersion: 117.0.5938.63, setWindowRect: true, strictFileInteractability: false, timeouts: {implicit: 0, pageLoad: 300000, script: 30000}, unhandledPromptBehavior: dismiss and notify, webauthn:extension:credBlob: true, webauthn:extension:largeBlob: true, webauthn:extension:minPinLength: true, webauthn:extension:prf: true, webauthn:virtualAuthenticators: true}
Element: [[ChromeDriver: chrome on windows (54ac5c93c3f764696d1cd5472e877a1e)] -&gt; xpath: //a[contains(@class,&apos;btn  btn-block &apos;)]]
Session ID: 54ac5c93c3f764696d1cd5472e877a1e
	at org.openqa.selenium.remote.codec.w3c.W3CHttpResponseCodec.createException(W3CHttpResponseCodec.java:200)
	at org.openqa.selenium.remote.codec.w3c.W3CHttpResponseCodec.decode(W3CHttpResponseCodec.java:133)
	at org.openqa.selenium.remote.codec.w3c.W3CHttpResponseCodec.decode(W3CHttpResponseCodec.java:52)
	at org.openqa.selenium.remote.HttpCommandExecutor.execute(HttpCommandExecutor.java:191)
	at org.openqa.selenium.remote.service.DriverCommandExecutor.invokeExecute(DriverCommandExecutor.java:196)
	at org.openqa.selenium.remote.service.DriverCommandExecutor.execute(DriverCommandExecutor.java:171)
	at org.openqa.selenium.remote.RemoteWebDriver.execute(RemoteWebDriver.java:602)
	at org.openqa.selenium.remote.RemoteWebElement.execute(RemoteWebElement.java:224)
	at org.openqa.selenium.remote.RemoteWebElement.click(RemoteWebElement.java:77)
	at org.openqa.selenium.support.pagefactory.internal.LocatingElementHandler.invoke(LocatingElementHandler.java:51)
	at jdk.proxy2/jdk.proxy2.$Proxy19.click(Unknown Source)
	at com.providio.pageObjects.miniCartPage.clickviewCartButton(miniCartPage.java:59)
	at com.providio.paymentProccess.tc__CheckOutProcess.checkoutprocess(tc__CheckOutProcess.java:49)
	at com.GuestUserWith_GcAndCC.tc__PickUpStore_Guest_InGcAndCC.paypalFromCheckoutPage(tc__PickUpStore_Guest_InGcAndCC.java:50)
	at java.base/java.util.ArrayList.forEach(ArrayList.java:1511)
... Removed 35 stack frames
</div> <!-- stack-trace -->
                </div> <!-- method-content -->
              </div> <!-- method -->
            </div> <!-- main-panel-content rounded-window-bottom -->
          </div> <!-- suite-ProvidioTestcases-class-failed -->
          <div class="suite-ProvidioTestcases-class-failed">
            <div class="main-panel-header rounded-window-top">
              <img src="failed.png"/>
              <span class="class-name">com.GuestUserWith_GiftCard.tc__SimpleProductsAndBundle_Gc_InGiftCard</span>
            </div> <!-- main-panel-header rounded-window-top -->
            <div class="main-panel-content rounded-window-bottom">
              <div class="method">
                <div class="method-content">
                  <a name="simpleProducts_Bundle_Gc">
                  </a> <!-- simpleProducts_Bundle_Gc -->
                  <span class="method-name">simpleProducts_Bundle_Gc</span>
                  <div class="stack-trace">org.openqa.selenium.ElementClickInterceptedException: element click intercepted: Element &lt;a href=&quot;https://zzqi-002.dx.commercecloud.salesforce.com/on/demandware.store/Sites-RefArch-Site/en_US/Cart-Show&quot; class=&quot;btn  btn-block checkout-btn btn-outline-primary disabled&quot; role=&quot;button&quot;&gt;...&lt;/a&gt; is not clickable at point (1716, 773). Other element would receive the click: &lt;div class=&quot;mb-3 view-cart&quot;&gt;...&lt;/div&gt;
  (Session info: chrome=117.0.5938.63)
Build info: version: &apos;4.12.0&apos;, revision: &apos;249f2a7d1b*&apos;
System info: os.name: &apos;Windows 10&apos;, os.arch: &apos;amd64&apos;, os.version: &apos;10.0&apos;, java.version: &apos;17.0.2&apos;
Driver info: org.openqa.selenium.chrome.ChromeDriver
Command: [54ac5c93c3f764696d1cd5472e877a1e, clickElement {id=FA5C5F54D10D5B581851FCB6C1B19F7E_element_5251}]
Capabilities {acceptInsecureCerts: false, browserName: chrome, browserVersion: 117.0.5938.63, chrome: {chromedriverVersion: 117.0.5938.62 (25a7172909a4..., userDataDir: C:\Users\user\AppData\Local...}, fedcm:accounts: true, goog:chromeOptions: {debuggerAddress: localhost:52889}, networkConnectionEnabled: false, pageLoadStrategy: normal, platformName: windows, proxy: Proxy(), se:cdp: ws://localhost:52889/devtoo..., se:cdpVersion: 117.0.5938.63, setWindowRect: true, strictFileInteractability: false, timeouts: {implicit: 0, pageLoad: 300000, script: 30000}, unhandledPromptBehavior: dismiss and notify, webauthn:extension:credBlob: true, webauthn:extension:largeBlob: true, webauthn:extension:minPinLength: true, webauthn:extension:prf: true, webauthn:virtualAuthenticators: true}
Element: [[ChromeDriver: chrome on windows (54ac5c93c3f764696d1cd5472e877a1e)] -&gt; xpath: //a[contains(@class,&apos;btn  btn-block &apos;)]]
Session ID: 54ac5c93c3f764696d1cd5472e877a1e
	at org.openqa.selenium.remote.codec.w3c.W3CHttpResponseCodec.createException(W3CHttpResponseCodec.java:200)
	at org.openqa.selenium.remote.codec.w3c.W3CHttpResponseCodec.decode(W3CHttpResponseCodec.java:133)
	at org.openqa.selenium.remote.codec.w3c.W3CHttpResponseCodec.decode(W3CHttpResponseCodec.java:52)
	at org.openqa.selenium.remote.HttpCommandExecutor.execute(HttpCommandExecutor.java:191)
	at org.openqa.selenium.remote.service.DriverCommandExecutor.invokeExecute(DriverCommandExecutor.java:196)
	at org.openqa.selenium.remote.service.DriverCommandExecutor.execute(DriverCommandExecutor.java:171)
	at org.openqa.selenium.remote.RemoteWebDriver.execute(RemoteWebDriver.java:602)
	at org.openqa.selenium.remote.RemoteWebElement.execute(RemoteWebElement.java:224)
	at org.openqa.selenium.remote.RemoteWebElement.click(RemoteWebElement.java:77)
	at org.openqa.selenium.support.pagefactory.internal.LocatingElementHandler.invoke(LocatingElementHandler.java:51)
	at jdk.proxy2/jdk.proxy2.$Proxy19.click(Unknown Source)
	at com.providio.pageObjects.miniCartPage.clickviewCartButton(miniCartPage.java:59)
	at com.providio.paymentProccess.tc__CheckOutProcess.checkoutprocess(tc__CheckOutProcess.java:49)
	at com.GuestUserWith_GiftCard.tc__SimpleProductsAndBundle_Gc_InGiftCard.simpleProducts_Bundle_Gc(tc__SimpleProductsAndBundle_Gc_InGiftCard.java:78)
	at java.base/java.util.ArrayList.forEach(ArrayList.java:1511)
... Removed 34 stack frames
</div> <!-- stack-trace -->
                </div> <!-- method-content -->
              </div> <!-- method -->
            </div> <!-- main-panel-content rounded-window-bottom -->
          </div> <!-- suite-ProvidioTestcases-class-failed -->
          <div class="suite-ProvidioTestcases-class-passed">
            <div class="main-panel-header rounded-window-top">
              <img src="passed.png"/>
              <span class="class-name">com.GuestUserWith_Minicart_Paypal.tc__simpleProductAndGc_InMC_Paypal</span>
            </div> <!-- main-panel-header rounded-window-top -->
            <div class="main-panel-content rounded-window-bottom">
              <div class="method">
                <div class="method-content">
                  <a name="simpleProduct_Gc">
                  </a> <!-- simpleProduct_Gc -->
                  <span class="method-name">simpleProduct_Gc</span>
                </div> <!-- method-content -->
              </div> <!-- method -->
            </div> <!-- main-panel-content rounded-window-bottom -->
          </div> <!-- suite-ProvidioTestcases-class-passed -->
          <div class="suite-ProvidioTestcases-class-passed">
            <div class="main-panel-header rounded-window-top">
              <img src="passed.png"/>
              <span class="class-name">com.GuestUserWith_Minicart_Paypal.tc__BundleProductForGuestUser_InMC_Paypal</span>
            </div> <!-- main-panel-header rounded-window-top -->
            <div class="main-panel-content rounded-window-bottom">
              <div class="method">
                <div class="method-content">
                  <a name="bundleProduct">
                  </a> <!-- bundleProduct -->
                  <span class="method-name">bundleProduct</span>
                </div> <!-- method-content -->
              </div> <!-- method -->
            </div> <!-- main-panel-content rounded-window-bottom -->
          </div> <!-- suite-ProvidioTestcases-class-passed -->
          <div class="suite-ProvidioTestcases-class-passed">
            <div class="main-panel-header rounded-window-top">
              <img src="passed.png"/>
              <span class="class-name">com.GuestUserWith_Minicart_Paypal.tc__PickUpStore_Guest_InMC_Paypal</span>
            </div> <!-- main-panel-header rounded-window-top -->
            <div class="main-panel-content rounded-window-bottom">
              <div class="method">
                <div class="method-content">
                  <a name="paypalFromCheckoutPage">
                  </a> <!-- paypalFromCheckoutPage -->
                  <span class="method-name">paypalFromCheckoutPage</span>
                </div> <!-- method-content -->
              </div> <!-- method -->
            </div> <!-- main-panel-content rounded-window-bottom -->
          </div> <!-- suite-ProvidioTestcases-class-passed -->
          <div class="suite-ProvidioTestcases-class-passed">
            <div class="main-panel-header rounded-window-top">
              <img src="passed.png"/>
              <span class="class-name">com.GuestUserWith_Minicart_Paypal.tc__SimpleProductForGuestUser_InMC_Paypal</span>
            </div> <!-- main-panel-header rounded-window-top -->
            <div class="main-panel-content rounded-window-bottom">
              <div class="method">
                <div class="method-content">
                  <a name="simpleProduct">
                  </a> <!-- simpleProduct -->
                  <span class="method-name">simpleProduct</span>
                </div> <!-- method-content -->
              </div> <!-- method -->
            </div> <!-- main-panel-content rounded-window-bottom -->
          </div> <!-- suite-ProvidioTestcases-class-passed -->
          <div class="suite-ProvidioTestcases-class-passed">
            <div class="main-panel-header rounded-window-top">
              <img src="passed.png"/>
              <span class="class-name">com.GuestUserWith_Minicart_Paypal.tc__VariationProductForGuestUser_InMC_Paypal</span>
            </div> <!-- main-panel-header rounded-window-top -->
            <div class="main-panel-content rounded-window-bottom">
              <div class="method">
                <div class="method-content">
                  <a name="variationProduct">
                  </a> <!-- variationProduct -->
                  <span class="method-name">variationProduct</span>
                </div> <!-- method-content -->
              </div> <!-- method -->
            </div> <!-- main-panel-content rounded-window-bottom -->
          </div> <!-- suite-ProvidioTestcases-class-passed -->
          <div class="suite-ProvidioTestcases-class-passed">
            <div class="main-panel-header rounded-window-top">
              <img src="passed.png"/>
              <span class="class-name">com.GuestUserWith_Minicart_Paypal.tc__PaypalCheckout_MiniCart_GuestUser</span>
            </div> <!-- main-panel-header rounded-window-top -->
            <div class="main-panel-content rounded-window-bottom">
              <div class="method">
                <div class="method-content">
                  <a name="paypalCheckout_MiniCart">
                  </a> <!-- paypalCheckout_MiniCart -->
                  <span class="method-name">paypalCheckout_MiniCart</span>
                </div> <!-- method-content -->
              </div> <!-- method -->
            </div> <!-- main-panel-content rounded-window-bottom -->
          </div> <!-- suite-ProvidioTestcases-class-passed -->
          <div class="suite-ProvidioTestcases-class-passed">
            <div class="main-panel-header rounded-window-top">
              <img src="passed.png"/>
              <span class="class-name">com.GuestUserWith_Minicart_Paypal.tc__Bundle_GcAndAllPromotions_Guest_InMC_Paypal</span>
            </div> <!-- main-panel-header rounded-window-top -->
            <div class="main-panel-content rounded-window-bottom">
              <div class="method">
                <div class="method-content">
                  <a name="bundle_GcAndAllPromotions">
                  </a> <!-- bundle_GcAndAllPromotions -->
                  <span class="method-name">bundle_GcAndAllPromotions</span>
                </div> <!-- method-content -->
              </div> <!-- method -->
            </div> <!-- main-panel-content rounded-window-bottom -->
          </div> <!-- suite-ProvidioTestcases-class-passed -->
          <div class="suite-ProvidioTestcases-class-passed">
            <div class="main-panel-header rounded-window-top">
              <img src="passed.png"/>
              <span class="class-name">com.GuestUserWith_Minicart_Paypal.tc__PaypalFromPDPpage_GuestUser</span>
            </div> <!-- main-panel-header rounded-window-top -->
            <div class="main-panel-content rounded-window-bottom">
              <div class="method">
                <div class="method-content">
                  <a name="paypalFromPDPpage">
                  </a> <!-- paypalFromPDPpage -->
                  <span class="method-name">paypalFromPDPpage</span>
                </div> <!-- method-content -->
              </div> <!-- method -->
            </div> <!-- main-panel-content rounded-window-bottom -->
          </div> <!-- suite-ProvidioTestcases-class-passed -->
          <div class="suite-ProvidioTestcases-class-passed">
            <div class="main-panel-header rounded-window-top">
              <img src="passed.png"/>
              <span class="class-name">com.GuestUserWith_Minicart_Paypal.tc__SimpleProductsAndBundle_Gc_InMC_Paypal</span>
            </div> <!-- main-panel-header rounded-window-top -->
            <div class="main-panel-content rounded-window-bottom">
              <div class="method">
                <div class="method-content">
                  <a name="simpleProducts_Bundle_Gc">
                  </a> <!-- simpleProducts_Bundle_Gc -->
                  <span class="method-name">simpleProducts_Bundle_Gc</span>
                </div> <!-- method-content -->
              </div> <!-- method -->
            </div> <!-- main-panel-content rounded-window-bottom -->
          </div> <!-- suite-ProvidioTestcases-class-passed -->
        </div> <!-- panel ProvidioTestcases -->
        <div panel-name="test-xml-ProvidioTestcases" class="panel">
          <div class="main-panel-header rounded-window-top">
            <span class="header-content">C:\Users\user\git\combinedScript\proVidioETG\Excutingalltestcases.xml</span>
          </div> <!-- main-panel-header rounded-window-top -->
          <div class="main-panel-content rounded-window-bottom">
            <pre>
&lt;?xml version=&quot;1.0&quot; encoding=&quot;UTF-8&quot;?&gt;
&lt;!DOCTYPE suite SYSTEM &quot;https://testng.org/testng-1.0.dtd&quot;&gt;
&lt;suite name=&quot;ProvidioTestcases&quot; guice-stage=&quot;DEVELOPMENT&quot;&gt;
  &lt;test thread-count=&quot;5&quot; name=&quot;Automation&quot;&gt;
    &lt;packages&gt;
      &lt;package name=&quot;com.GuestUserWith_CreditCard&quot;/&gt;
      &lt;package name=&quot;com.GuestUserWith_Minicart_Paypal&quot;/&gt;
      &lt;package name=&quot;com.GuestUserWith_GiftCard&quot;/&gt;
      &lt;package name=&quot;com.GuestUserWith_GcAndCC&quot;/&gt;
    &lt;/packages&gt;
    &lt;classes&gt;
      &lt;class name=&quot;com.GuestUserWith_CreditCard.tc__BundleProductForGuestUser_CC&quot;/&gt;
      &lt;class name=&quot;com.GuestUserWith_CreditCard.tc__Bundle_GcAndAllPromotions_Guest_InCC&quot;/&gt;
      &lt;class name=&quot;com.GuestUserWith_CreditCard.tc__BySearchingProduct_GuestUser_InCC&quot;/&gt;
      &lt;class name=&quot;com.GuestUserWith_CreditCard.tc__GuestUser_InCc&quot;/&gt;
      &lt;class name=&quot;com.GuestUserWith_CreditCard.tc__PdpPagewithGuestuser&quot;/&gt;
      &lt;class name=&quot;com.GuestUserWith_CreditCard.tc__PickUpStore_Guest_CC&quot;/&gt;
      &lt;class name=&quot;com.GuestUserWith_CreditCard.tc__ProductSetForGuestUser_InCC&quot;/&gt;
      &lt;class name=&quot;com.GuestUserWith_CreditCard.tc__ShippingAndBillingAddressDiffer_Guest_InCc&quot;/&gt;
      &lt;class name=&quot;com.GuestUserWith_CreditCard.tc__simpleProductAndGc_InCC&quot;/&gt;
      &lt;class name=&quot;com.GuestUserWith_CreditCard.tc__SimpleProductForGuestUser_InCC&quot;/&gt;
      &lt;class name=&quot;com.GuestUserWith_CreditCard.tc__SimpleProductsAndBundle_Gc_InCC&quot;/&gt;
      &lt;class name=&quot;com.GuestUserWith_CreditCard.tc__VariationProductForGuestUser_InCC&quot;/&gt;
      &lt;class name=&quot;com.GuestUserWith_Minicart_Paypal.tc__BundleProductForGuestUser_InMC_Paypal&quot;/&gt;
      &lt;class name=&quot;com.GuestUserWith_Minicart_Paypal.tc__Bundle_GcAndAllPromotions_Guest_InMC_Paypal&quot;/&gt;
      &lt;class name=&quot;com.GuestUserWith_Minicart_Paypal.tc__PaypalCheckout_MiniCart_GuestUser&quot;/&gt;
      &lt;class name=&quot;com.GuestUserWith_Minicart_Paypal.tc__PaypalFromLoginPageGuestUser&quot;/&gt;
      &lt;class name=&quot;com.GuestUserWith_Minicart_Paypal.tc__PaypalFromPDPpage_GuestUser&quot;/&gt;
      &lt;class name=&quot;com.GuestUserWith_Minicart_Paypal.tc__PickUpStore_Guest_InMC_Paypal&quot;/&gt;
      &lt;class name=&quot;com.GuestUserWith_Minicart_Paypal.tc__ProductSetForGuestUser_InMC_Paypal&quot;/&gt;
      &lt;class name=&quot;com.GuestUserWith_Minicart_Paypal.tc__simpleProductAndGc_InMC_Paypal&quot;/&gt;
      &lt;class name=&quot;com.GuestUserWith_Minicart_Paypal.tc__SimpleProductForGuestUser_InMC_Paypal&quot;/&gt;
      &lt;class name=&quot;com.GuestUserWith_Minicart_Paypal.tc__SimpleProductsAndBundle_Gc_InMC_Paypal&quot;/&gt;
      &lt;class name=&quot;com.GuestUserWith_Minicart_Paypal.tc__VariationProductForGuestUser_InMC_Paypal&quot;/&gt;
      &lt;class name=&quot;com.GuestUserWith_GiftCard.tc__BundleProductForGuestUser_InGiftCard&quot;/&gt;
      &lt;class name=&quot;com.GuestUserWith_GiftCard.tc__Bundle_GcAndAllPromotions_Guest_InGiftCard&quot;/&gt;
      &lt;class name=&quot;com.GuestUserWith_GiftCard.tc__OrderByGc_GuestUser&quot;/&gt;
      &lt;class name=&quot;com.GuestUserWith_GiftCard.tc__PickUpStore_Guest_InGiftCard&quot;/&gt;
      &lt;class name=&quot;com.GuestUserWith_GiftCard.tc__ProductSetForGuestUser_InGiftCard&quot;/&gt;
      &lt;class name=&quot;com.GuestUserWith_GiftCard.tc__simpleProductAndGc_InGiftCard&quot;/&gt;
      &lt;class name=&quot;com.GuestUserWith_GiftCard.tc__SimpleProductForGuestUser_InGiftCard&quot;/&gt;
      &lt;class name=&quot;com.GuestUserWith_GiftCard.tc__SimpleProductsAndBundle_Gc_InGiftCard&quot;/&gt;
      &lt;class name=&quot;com.GuestUserWith_GiftCard.tc__VariationProductForGuestUser_InGiftCard&quot;/&gt;
      &lt;class name=&quot;com.GuestUserWith_GcAndCC.tc__BundleProductForGuestUser_InGcAndCc&quot;/&gt;
      &lt;class name=&quot;com.GuestUserWith_GcAndCC.tc__Bundle_GcAndAllPromotions_Guest_InGcAndCC&quot;/&gt;
      &lt;class name=&quot;com.GuestUserWith_GcAndCC.tc__OrderByGC_CC_GuestUser&quot;/&gt;
      &lt;class name=&quot;com.GuestUserWith_GcAndCC.tc__PickUpStore_Guest_InGcAndCC&quot;/&gt;
      &lt;class name=&quot;com.GuestUserWith_GcAndCC.tc__ProductSetForGuestUser_InGcAndCc&quot;/&gt;
      &lt;class name=&quot;com.GuestUserWith_GcAndCC.tc__simpleProductAndGc_InCcAndGc&quot;/&gt;
      &lt;class name=&quot;com.GuestUserWith_GcAndCC.tc__SimpleProductForGuestUser_InGcAndCC&quot;/&gt;
      &lt;class name=&quot;com.GuestUserWith_GcAndCC.tc__SimpleProducts_Bundle_Gc_InCcAndGc&quot;/&gt;
      &lt;class name=&quot;com.GuestUserWith_GcAndCC.tc__VariationProductForGuestUser_InGcAndCc&quot;/&gt;
    &lt;/classes&gt;
  &lt;/test&gt; &lt;!-- Automation --&gt;
&lt;/suite&gt; &lt;!-- ProvidioTestcases --&gt;
            </pre>
          </div> <!-- main-panel-content rounded-window-bottom -->
        </div> <!-- panel -->
        <div panel-name="testlist-ProvidioTestcases" class="panel">
          <div class="main-panel-header rounded-window-top">
            <span class="header-content">Tests for ProvidioTestcases</span>
          </div> <!-- main-panel-header rounded-window-top -->
          <div class="main-panel-content rounded-window-bottom">
            <ul>
              <li>
                <span class="test-name">Automation (41 classes)</span>
              </li>
            </ul>
          </div> <!-- main-panel-content rounded-window-bottom -->
        </div> <!-- panel -->
        <div panel-name="group-ProvidioTestcases" class="panel">
          <div class="main-panel-header rounded-window-top">
            <span class="header-content">Groups for ProvidioTestcases</span>
          </div> <!-- main-panel-header rounded-window-top -->
          <div class="main-panel-content rounded-window-bottom">
          </div> <!-- main-panel-content rounded-window-bottom -->
        </div> <!-- panel -->
        <div panel-name="times-ProvidioTestcases" class="panel">
          <div class="main-panel-header rounded-window-top">
            <span class="header-content">Times for ProvidioTestcases</span>
          </div> <!-- main-panel-header rounded-window-top -->
          <div class="main-panel-content rounded-window-bottom">
            <div class="times-div">
              <script type="text/javascript">
suiteTableInitFunctions.push('tableData_ProvidioTestcases');
function tableData_ProvidioTestcases() {
var data = new google.visualization.DataTable();
data.addColumn('number', 'Number');
data.addColumn('string', 'Method');
data.addColumn('string', 'Class');
data.addColumn('number', 'Time (ms)');
data.addRows(38);
data.setCell(0, 0, 0)
data.setCell(0, 1, 'bundleProduct')
data.setCell(0, 2, 'com.GuestUserWith_CreditCard.tc__BundleProductForGuestUser_CC')
data.setCell(0, 3, 132330);
data.setCell(1, 0, 1)
data.setCell(1, 1, 'paymentByGiftCardInGuestUser')
data.setCell(1, 2, 'com.GuestUserWith_GiftCard.tc__OrderByGc_GuestUser')
data.setCell(1, 3, 127435);
data.setCell(2, 0, 2)
data.setCell(2, 1, 'bundle_GcAndAllPromotions')
data.setCell(2, 2, 'com.GuestUserWith_CreditCard.tc__Bundle_GcAndAllPromotions_Guest_InCC')
data.setCell(2, 3, 104130);
data.setCell(3, 0, 3)
data.setCell(3, 1, 'simpleProducts_Bundle_Gc')
data.setCell(3, 2, 'com.GuestUserWith_Minicart_Paypal.tc__SimpleProductsAndBundle_Gc_InMC_Paypal')
data.setCell(3, 3, 95355);
data.setCell(4, 0, 4)
data.setCell(4, 1, 'simpleProducts_Bundle_Gc')
data.setCell(4, 2, 'com.GuestUserWith_CreditCard.tc__SimpleProductsAndBundle_Gc_InCC')
data.setCell(4, 3, 93180);
data.setCell(5, 0, 5)
data.setCell(5, 1, 'bundle_GcAndAllPromotions')
data.setCell(5, 2, 'com.GuestUserWith_GcAndCC.tc__Bundle_GcAndAllPromotions_Guest_InGcAndCC')
data.setCell(5, 3, 91526);
data.setCell(6, 0, 6)
data.setCell(6, 1, 'simpleProducts_Bundle_Gc')
data.setCell(6, 2, 'com.GuestUserWith_GcAndCC.tc__SimpleProducts_Bundle_Gc_InCcAndGc')
data.setCell(6, 3, 91518);
data.setCell(7, 0, 7)
data.setCell(7, 1, 'simpleProducts_Bundle_Gc')
data.setCell(7, 2, 'com.GuestUserWith_GiftCard.tc__SimpleProductsAndBundle_Gc_InGiftCard')
data.setCell(7, 3, 90523);
data.setCell(8, 0, 8)
data.setCell(8, 1, 'bundleProduct')
data.setCell(8, 2, 'com.GuestUserWith_Minicart_Paypal.tc__BundleProductForGuestUser_InMC_Paypal')
data.setCell(8, 3, 89842);
data.setCell(9, 0, 9)
data.setCell(9, 1, 'bundle_GcAndAllPromotions')
data.setCell(9, 2, 'com.GuestUserWith_GiftCard.tc__Bundle_GcAndAllPromotions_Guest_InGiftCard')
data.setCell(9, 3, 89703);
data.setCell(10, 0, 10)
data.setCell(10, 1, 'bundleProduct')
data.setCell(10, 2, 'com.GuestUserWith_GiftCard.tc__BundleProductForGuestUser_InGiftCard')
data.setCell(10, 3, 86393);
data.setCell(11, 0, 11)
data.setCell(11, 1, 'shippingAndBillingAddressDiffer_Guest')
data.setCell(11, 2, 'com.GuestUserWith_CreditCard.tc__ShippingAndBillingAddressDiffer_Guest_InCc')
data.setCell(11, 3, 83056);
data.setCell(12, 0, 12)
data.setCell(12, 1, 'bundleProduct')
data.setCell(12, 2, 'com.GuestUserWith_GcAndCC.tc__BundleProductForGuestUser_InGcAndCc')
data.setCell(12, 3, 80648);
data.setCell(13, 0, 13)
data.setCell(13, 1, 'paypalCheckout_MiniCart')
data.setCell(13, 2, 'com.GuestUserWith_Minicart_Paypal.tc__PaypalCheckout_MiniCart_GuestUser')
data.setCell(13, 3, 66675);
data.setCell(14, 0, 14)
data.setCell(14, 1, 'paypalFromCheckoutPage')
data.setCell(14, 2, 'com.GuestUserWith_GcAndCC.tc__OrderByGC_CC_GuestUser')
data.setCell(14, 3, 65894);
data.setCell(15, 0, 15)
data.setCell(15, 1, 'variationProduct')
data.setCell(15, 2, 'com.GuestUserWith_Minicart_Paypal.tc__VariationProductForGuestUser_InMC_Paypal')
data.setCell(15, 3, 65168);
data.setCell(16, 0, 16)
data.setCell(16, 1, 'paypalFromCheckoutPage')
data.setCell(16, 2, 'com.GuestUserWith_GiftCard.tc__PickUpStore_Guest_InGiftCard')
data.setCell(16, 3, 62783);
data.setCell(17, 0, 17)
data.setCell(17, 1, 'paypalFromCheckoutPage')
data.setCell(17, 2, 'com.GuestUserWith_Minicart_Paypal.tc__PickUpStore_Guest_InMC_Paypal')
data.setCell(17, 3, 61355);
data.setCell(18, 0, 18)
data.setCell(18, 1, 'variationProduct')
data.setCell(18, 2, 'com.GuestUserWith_CreditCard.tc__VariationProductForGuestUser_InCC')
data.setCell(18, 3, 60624);
data.setCell(19, 0, 19)
data.setCell(19, 1, 'guestlogin')
data.setCell(19, 2, 'com.GuestUserWith_CreditCard.tc__GuestUser_InCc')
data.setCell(19, 3, 60372);
data.setCell(20, 0, 20)
data.setCell(20, 1, 'variationProduct')
data.setCell(20, 2, 'com.GuestUserWith_GcAndCC.tc__VariationProductForGuestUser_InGcAndCc')
data.setCell(20, 3, 60073);
data.setCell(21, 0, 21)
data.setCell(21, 1, 'variationProduct')
data.setCell(21, 2, 'com.GuestUserWith_GiftCard.tc__VariationProductForGuestUser_InGiftCard')
data.setCell(21, 3, 59777);
data.setCell(22, 0, 22)
data.setCell(22, 1, 'paypalFromCheckoutPage')
data.setCell(22, 2, 'com.GuestUserWith_GcAndCC.tc__PickUpStore_Guest_InGcAndCC')
data.setCell(22, 3, 56867);
data.setCell(23, 0, 23)
data.setCell(23, 1, 'paypalFromCheckoutPage')
data.setCell(23, 2, 'com.GuestUserWith_CreditCard.tc__PickUpStore_Guest_CC')
data.setCell(23, 3, 56866);
data.setCell(24, 0, 24)
data.setCell(24, 1, 'bundle_GcAndAllPromotions')
data.setCell(24, 2, 'com.GuestUserWith_Minicart_Paypal.tc__Bundle_GcAndAllPromotions_Guest_InMC_Paypal')
data.setCell(24, 3, 54370);
data.setCell(25, 0, 25)
data.setCell(25, 1, 'simpleProduct_Gc')
data.setCell(25, 2, 'com.GuestUserWith_Minicart_Paypal.tc__simpleProductAndGc_InMC_Paypal')
data.setCell(25, 3, 52189);
data.setCell(26, 0, 26)
data.setCell(26, 1, 'productSet')
data.setCell(26, 2, 'com.GuestUserWith_GiftCard.tc__ProductSetForGuestUser_InGiftCard')
data.setCell(26, 3, 51057);
data.setCell(27, 0, 27)
data.setCell(27, 1, 'PaypalFromLoginPage')
data.setCell(27, 2, 'com.GuestUserWith_Minicart_Paypal.tc__PaypalFromLoginPageGuestUser')
data.setCell(27, 3, 50644);
data.setCell(28, 0, 28)
data.setCell(28, 1, 'simpleProduct_Gc')
data.setCell(28, 2, 'com.GuestUserWith_GiftCard.tc__simpleProductAndGc_InGiftCard')
data.setCell(28, 3, 48206);
data.setCell(29, 0, 29)
data.setCell(29, 1, 'simpleProduct_Gc')
data.setCell(29, 2, 'com.GuestUserWith_GcAndCC.tc__simpleProductAndGc_InCcAndGc')
data.setCell(29, 3, 48054);
data.setCell(30, 0, 30)
data.setCell(30, 1, 'simpleProduct_Gc')
data.setCell(30, 2, 'com.GuestUserWith_CreditCard.tc__simpleProductAndGc_InCC')
data.setCell(30, 3, 47632);
data.setCell(31, 0, 31)
data.setCell(31, 1, 'bySearchingProduct')
data.setCell(31, 2, 'com.GuestUserWith_CreditCard.tc__BySearchingProduct_GuestUser_InCC')
data.setCell(31, 3, 47337);
data.setCell(32, 0, 32)
data.setCell(32, 1, 'simpleProduct')
data.setCell(32, 2, 'com.GuestUserWith_Minicart_Paypal.tc__SimpleProductForGuestUser_InMC_Paypal')
data.setCell(32, 3, 46073);
data.setCell(33, 0, 33)
data.setCell(33, 1, 'simpleProduct')
data.setCell(33, 2, 'com.GuestUserWith_CreditCard.tc__SimpleProductForGuestUser_InCC')
data.setCell(33, 3, 42432);
data.setCell(34, 0, 34)
data.setCell(34, 1, 'simpleProduct')
data.setCell(34, 2, 'com.GuestUserWith_GiftCard.tc__SimpleProductForGuestUser_InGiftCard')
data.setCell(34, 3, 41853);
data.setCell(35, 0, 35)
data.setCell(35, 1, 'simpleProduct')
data.setCell(35, 2, 'com.GuestUserWith_GcAndCC.tc__SimpleProductForGuestUser_InGcAndCC')
data.setCell(35, 3, 41538);
data.setCell(36, 0, 36)
data.setCell(36, 1, 'paypalFromPDPpage')
data.setCell(36, 2, 'com.GuestUserWith_Minicart_Paypal.tc__PaypalFromPDPpage_GuestUser')
data.setCell(36, 3, 25514);
data.setCell(37, 0, 37)
data.setCell(37, 1, 'PDPpage')
data.setCell(37, 2, 'com.GuestUserWith_CreditCard.tc__PdpPagewithGuestuser')
data.setCell(37, 3, 13154);
window.suiteTableData['ProvidioTestcases']= { tableData: data, tableDiv: 'times-div-ProvidioTestcases'}
return data;
}
              </script>
              <span class="suite-total-time">Total running time: 42 minutes</span>
              <div id="times-div-ProvidioTestcases">
              </div> <!-- times-div-ProvidioTestcases -->
            </div> <!-- times-div -->
          </div> <!-- main-panel-content rounded-window-bottom -->
        </div> <!-- panel -->
        <div panel-name="reporter-ProvidioTestcases" class="panel">
          <div class="main-panel-header rounded-window-top">
            <span class="header-content">Reporter output for ProvidioTestcases</span>
          </div> <!-- main-panel-header rounded-window-top -->
          <div class="main-panel-content rounded-window-bottom">
          </div> <!-- main-panel-content rounded-window-bottom -->
        </div> <!-- panel -->
        <div panel-name="ignored-methods-ProvidioTestcases" class="panel">
          <div class="main-panel-header rounded-window-top">
            <span class="header-content">80 ignored methods</span>
          </div> <!-- main-panel-header rounded-window-top -->
          <div class="main-panel-content rounded-window-bottom">
            <div class="ignored-class-div">
              <span class="ignored-class-name">com.GuestUserWith_GiftCard.tc__SimpleProductForGuestUser_InGiftCard</span>
              <div class="ignored-methods-div">
                <span class="ignored-method-name">setUpforReport</span>
                <br/>
                <span class="ignored-method-name">tearDown</span>
                <br/>
              </div> <!-- ignored-methods-div -->
            </div> <!-- ignored-class-div -->
            <div class="ignored-class-div">
              <span class="ignored-class-name">com.GuestUserWith_CreditCard.tc__SimpleProductsAndBundle_Gc_InCC</span>
              <div class="ignored-methods-div">
                <span class="ignored-method-name">setUpforReport</span>
                <br/>
                <span class="ignored-method-name">tearDown</span>
                <br/>
              </div> <!-- ignored-methods-div -->
            </div> <!-- ignored-class-div -->
            <div class="ignored-class-div">
              <span class="ignored-class-name">com.GuestUserWith_Minicart_Paypal.tc__VariationProductForGuestUser_InMC_Paypal</span>
              <div class="ignored-methods-div">
                <span class="ignored-method-name">setUpforReport</span>
                <br/>
                <span class="ignored-method-name">tearDown</span>
                <br/>
              </div> <!-- ignored-methods-div -->
            </div> <!-- ignored-class-div -->
            <div class="ignored-class-div">
              <span class="ignored-class-name">com.GuestUserWith_CreditCard.tc__BySearchingProduct_GuestUser_InCC</span>
              <div class="ignored-methods-div">
                <span class="ignored-method-name">tearDown</span>
                <br/>
                <span class="ignored-method-name">setUpforReport</span>
                <br/>
              </div> <!-- ignored-methods-div -->
            </div> <!-- ignored-class-div -->
            <div class="ignored-class-div">
              <span class="ignored-class-name">com.GuestUserWith_CreditCard.tc__simpleProductAndGc_InCC</span>
              <div class="ignored-methods-div">
                <span class="ignored-method-name">setUpforReport</span>
                <br/>
                <span class="ignored-method-name">tearDown</span>
                <br/>
              </div> <!-- ignored-methods-div -->
            </div> <!-- ignored-class-div -->
            <div class="ignored-class-div">
              <span class="ignored-class-name">com.GuestUserWith_CreditCard.tc__ShippingAndBillingAddressDiffer_Guest_InCc</span>
              <div class="ignored-methods-div">
                <span class="ignored-method-name">tearDown</span>
                <br/>
                <span class="ignored-method-name">setUpforReport</span>
                <br/>
              </div> <!-- ignored-methods-div -->
            </div> <!-- ignored-class-div -->
            <div class="ignored-class-div">
              <span class="ignored-class-name">com.GuestUserWith_Minicart_Paypal.tc__SimpleProductForGuestUser_InMC_Paypal</span>
              <div class="ignored-methods-div">
                <span class="ignored-method-name">tearDown</span>
                <br/>
                <span class="ignored-method-name">setUpforReport</span>
                <br/>
              </div> <!-- ignored-methods-div -->
            </div> <!-- ignored-class-div -->
            <div class="ignored-class-div">
              <span class="ignored-class-name">com.GuestUserWith_GcAndCC.tc__SimpleProducts_Bundle_Gc_InCcAndGc</span>
              <div class="ignored-methods-div">
                <span class="ignored-method-name">tearDown</span>
                <br/>
                <span class="ignored-method-name">setUpforReport</span>
                <br/>
              </div> <!-- ignored-methods-div -->
            </div> <!-- ignored-class-div -->
            <div class="ignored-class-div">
              <span class="ignored-class-name">com.GuestUserWith_GiftCard.tc__PickUpStore_Guest_InGiftCard</span>
              <div class="ignored-methods-div">
                <span class="ignored-method-name">setUpforReport</span>
                <br/>
                <span class="ignored-method-name">tearDown</span>
                <br/>
              </div> <!-- ignored-methods-div -->
            </div> <!-- ignored-class-div -->
            <div class="ignored-class-div">
              <span class="ignored-class-name">com.GuestUserWith_GcAndCC.tc__ProductSetForGuestUser_InGcAndCc</span>
              <div class="ignored-methods-div">
                <span class="ignored-method-name">setUpforReport</span>
                <br/>
                <span class="ignored-method-name">tearDown</span>
                <br/>
              </div> <!-- ignored-methods-div -->
            </div> <!-- ignored-class-div -->
            <div class="ignored-class-div">
              <span class="ignored-class-name">com.GuestUserWith_GcAndCC.tc__simpleProductAndGc_InCcAndGc</span>
              <div class="ignored-methods-div">
                <span class="ignored-method-name">tearDown</span>
                <br/>
                <span class="ignored-method-name">setUpforReport</span>
                <br/>
              </div> <!-- ignored-methods-div -->
            </div> <!-- ignored-class-div -->
            <div class="ignored-class-div">
              <span class="ignored-class-name">com.GuestUserWith_GiftCard.tc__ProductSetForGuestUser_InGiftCard</span>
              <div class="ignored-methods-div">
                <span class="ignored-method-name">tearDown</span>
                <br/>
                <span class="ignored-method-name">setUpforReport</span>
                <br/>
              </div> <!-- ignored-methods-div -->
            </div> <!-- ignored-class-div -->
            <div class="ignored-class-div">
              <span class="ignored-class-name">com.GuestUserWith_CreditCard.tc__PickUpStore_Guest_CC</span>
              <div class="ignored-methods-div">
                <span class="ignored-method-name">setUpforReport</span>
                <br/>
                <span class="ignored-method-name">tearDown</span>
                <br/>
              </div> <!-- ignored-methods-div -->
            </div> <!-- ignored-class-div -->
            <div class="ignored-class-div">
              <span class="ignored-class-name">com.GuestUserWith_Minicart_Paypal.tc__SimpleProductsAndBundle_Gc_InMC_Paypal</span>
              <div class="ignored-methods-div">
                <span class="ignored-method-name">setUpforReport</span>
                <br/>
                <span class="ignored-method-name">tearDown</span>
                <br/>
              </div> <!-- ignored-methods-div -->
            </div> <!-- ignored-class-div -->
            <div class="ignored-class-div">
              <span class="ignored-class-name">com.GuestUserWith_GcAndCC.tc__Bundle_GcAndAllPromotions_Guest_InGcAndCC</span>
              <div class="ignored-methods-div">
                <span class="ignored-method-name">setUpforReport</span>
                <br/>
                <span class="ignored-method-name">tearDown</span>
                <br/>
              </div> <!-- ignored-methods-div -->
            </div> <!-- ignored-class-div -->
            <div class="ignored-class-div">
              <span class="ignored-class-name">com.GuestUserWith_CreditCard.tc__PdpPagewithGuestuser</span>
              <div class="ignored-methods-div">
                <span class="ignored-method-name">tearDown</span>
                <br/>
                <span class="ignored-method-name">setUpforReport</span>
                <br/>
              </div> <!-- ignored-methods-div -->
            </div> <!-- ignored-class-div -->
            <div class="ignored-class-div">
              <span class="ignored-class-name">com.GuestUserWith_CreditCard.tc__Bundle_GcAndAllPromotions_Guest_InCC</span>
              <div class="ignored-methods-div">
                <span class="ignored-method-name">setUpforReport</span>
                <br/>
                <span class="ignored-method-name">tearDown</span>
                <br/>
              </div> <!-- ignored-methods-div -->
            </div> <!-- ignored-class-div -->
            <div class="ignored-class-div">
              <span class="ignored-class-name">com.GuestUserWith_Minicart_Paypal.tc__BundleProductForGuestUser_InMC_Paypal</span>
              <div class="ignored-methods-div">
                <span class="ignored-method-name">tearDown</span>
                <br/>
                <span class="ignored-method-name">setUpforReport</span>
                <br/>
              </div> <!-- ignored-methods-div -->
            </div> <!-- ignored-class-div -->
            <div class="ignored-class-div">
              <span class="ignored-class-name">com.GuestUserWith_CreditCard.tc__VariationProductForGuestUser_InCC</span>
              <div class="ignored-methods-div">
                <span class="ignored-method-name">setUpforReport</span>
                <br/>
                <span class="ignored-method-name">tearDown</span>
                <br/>
              </div> <!-- ignored-methods-div -->
            </div> <!-- ignored-class-div -->
            <div class="ignored-class-div">
              <span class="ignored-class-name">com.GuestUserWith_GcAndCC.tc__OrderByGC_CC_GuestUser</span>
              <div class="ignored-methods-div">
                <span class="ignored-method-name">tearDown</span>
                <br/>
                <span class="ignored-method-name">setUpforReport</span>
                <br/>
              </div> <!-- ignored-methods-div -->
            </div> <!-- ignored-class-div -->
            <div class="ignored-class-div">
              <span class="ignored-class-name">com.GuestUserWith_GiftCard.tc__Bundle_GcAndAllPromotions_Guest_InGiftCard</span>
              <div class="ignored-methods-div">
                <span class="ignored-method-name">setUpforReport</span>
                <br/>
                <span class="ignored-method-name">tearDown</span>
                <br/>
              </div> <!-- ignored-methods-div -->
            </div> <!-- ignored-class-div -->
            <div class="ignored-class-div">
              <span class="ignored-class-name">com.GuestUserWith_CreditCard.tc__SimpleProductForGuestUser_InCC</span>
              <div class="ignored-methods-div">
                <span class="ignored-method-name">tearDown</span>
                <br/>
                <span class="ignored-method-name">setUpforReport</span>
                <br/>
              </div> <!-- ignored-methods-div -->
            </div> <!-- ignored-class-div -->
            <div class="ignored-class-div">
              <span class="ignored-class-name">com.GuestUserWith_Minicart_Paypal.tc__Bundle_GcAndAllPromotions_Guest_InMC_Paypal</span>
              <div class="ignored-methods-div">
                <span class="ignored-method-name">setUpforReport</span>
                <br/>
                <span class="ignored-method-name">tearDown</span>
                <br/>
              </div> <!-- ignored-methods-div -->
            </div> <!-- ignored-class-div -->
            <div class="ignored-class-div">
              <span class="ignored-class-name">com.GuestUserWith_GiftCard.tc__OrderByGc_GuestUser</span>
              <div class="ignored-methods-div">
                <span class="ignored-method-name">setUpforReport</span>
                <br/>
                <span class="ignored-method-name">tearDown</span>
                <br/>
              </div> <!-- ignored-methods-div -->
            </div> <!-- ignored-class-div -->
            <div class="ignored-class-div">
              <span class="ignored-class-name">com.GuestUserWith_Minicart_Paypal.tc__simpleProductAndGc_InMC_Paypal</span>
              <div class="ignored-methods-div">
                <span class="ignored-method-name">setUpforReport</span>
                <br/>
                <span class="ignored-method-name">tearDown</span>
                <br/>
              </div> <!-- ignored-methods-div -->
            </div> <!-- ignored-class-div -->
            <div class="ignored-class-div">
              <span class="ignored-class-name">com.GuestUserWith_GiftCard.tc__BundleProductForGuestUser_InGiftCard</span>
              <div class="ignored-methods-div">
                <span class="ignored-method-name">tearDown</span>
                <br/>
                <span class="ignored-method-name">setUpforReport</span>
                <br/>
              </div> <!-- ignored-methods-div -->
            </div> <!-- ignored-class-div -->
            <div class="ignored-class-div">
              <span class="ignored-class-name">com.GuestUserWith_Minicart_Paypal.tc__ProductSetForGuestUser_InMC_Paypal</span>
              <div class="ignored-methods-div">
                <span class="ignored-method-name">setUpforReport</span>
                <br/>
                <span class="ignored-method-name">tearDown</span>
                <br/>
              </div> <!-- ignored-methods-div -->
            </div> <!-- ignored-class-div -->
            <div class="ignored-class-div">
              <span class="ignored-class-name">com.GuestUserWith_CreditCard.tc__GuestUser_InCc</span>
              <div class="ignored-methods-div">
                <span class="ignored-method-name">setUpforReport</span>
                <br/>
                <span class="ignored-method-name">tearDown</span>
                <br/>
              </div> <!-- ignored-methods-div -->
            </div> <!-- ignored-class-div -->
            <div class="ignored-class-div">
              <span class="ignored-class-name">com.GuestUserWith_Minicart_Paypal.tc__PickUpStore_Guest_InMC_Paypal</span>
              <div class="ignored-methods-div">
                <span class="ignored-method-name">tearDown</span>
                <br/>
                <span class="ignored-method-name">setUpforReport</span>
                <br/>
              </div> <!-- ignored-methods-div -->
            </div> <!-- ignored-class-div -->
            <div class="ignored-class-div">
              <span class="ignored-class-name">com.GuestUserWith_GiftCard.tc__VariationProductForGuestUser_InGiftCard</span>
              <div class="ignored-methods-div">
                <span class="ignored-method-name">setUpforReport</span>
                <br/>
                <span class="ignored-method-name">tearDown</span>
                <br/>
              </div> <!-- ignored-methods-div -->
            </div> <!-- ignored-class-div -->
            <div class="ignored-class-div">
              <span class="ignored-class-name">com.GuestUserWith_GcAndCC.tc__VariationProductForGuestUser_InGcAndCc</span>
              <div class="ignored-methods-div">
                <span class="ignored-method-name">setUpforReport</span>
                <br/>
                <span class="ignored-method-name">tearDown</span>
                <br/>
              </div> <!-- ignored-methods-div -->
            </div> <!-- ignored-class-div -->
            <div class="ignored-class-div">
              <span class="ignored-class-name">com.GuestUserWith_Minicart_Paypal.tc__PaypalCheckout_MiniCart_GuestUser</span>
              <div class="ignored-methods-div">
                <span class="ignored-method-name">setUpforReport</span>
                <br/>
                <span class="ignored-method-name">tearDown</span>
                <br/>
              </div> <!-- ignored-methods-div -->
            </div> <!-- ignored-class-div -->
            <div class="ignored-class-div">
              <span class="ignored-class-name">com.GuestUserWith_GcAndCC.tc__BundleProductForGuestUser_InGcAndCc</span>
              <div class="ignored-methods-div">
                <span class="ignored-method-name">tearDown</span>
                <br/>
                <span class="ignored-method-name">setUpforReport</span>
                <br/>
              </div> <!-- ignored-methods-div -->
            </div> <!-- ignored-class-div -->
            <div class="ignored-class-div">
              <span class="ignored-class-name">com.GuestUserWith_CreditCard.tc__ProductSetForGuestUser_InCC</span>
              <div class="ignored-methods-div">
                <span class="ignored-method-name">setUpforReport</span>
                <br/>
                <span class="ignored-method-name">tearDown</span>
                <br/>
              </div> <!-- ignored-methods-div -->
            </div> <!-- ignored-class-div -->
            <div class="ignored-class-div">
              <span class="ignored-class-name">com.GuestUserWith_GcAndCC.tc__SimpleProductForGuestUser_InGcAndCC</span>
              <div class="ignored-methods-div">
                <span class="ignored-method-name">tearDown</span>
                <br/>
                <span class="ignored-method-name">setUpforReport</span>
                <br/>
              </div> <!-- ignored-methods-div -->
            </div> <!-- ignored-class-div -->
            <div class="ignored-class-div">
              <span class="ignored-class-name">com.GuestUserWith_Minicart_Paypal.tc__PaypalFromLoginPageGuestUser</span>
              <div class="ignored-methods-div">
                <span class="ignored-method-name">tearDown</span>
                <br/>
                <span class="ignored-method-name">setUpforReport</span>
                <br/>
              </div> <!-- ignored-methods-div -->
            </div> <!-- ignored-class-div -->
            <div class="ignored-class-div">
              <span class="ignored-class-name">com.GuestUserWith_Minicart_Paypal.tc__PaypalFromPDPpage_GuestUser</span>
              <div class="ignored-methods-div">
                <span class="ignored-method-name">tearDown</span>
                <br/>
                <span class="ignored-method-name">setUpforReport</span>
                <br/>
              </div> <!-- ignored-methods-div -->
            </div> <!-- ignored-class-div -->
            <div class="ignored-class-div">
              <span class="ignored-class-name">com.GuestUserWith_GiftCard.tc__simpleProductAndGc_InGiftCard</span>
              <div class="ignored-methods-div">
                <span class="ignored-method-name">tearDown</span>
                <br/>
                <span class="ignored-method-name">setUpforReport</span>
                <br/>
              </div> <!-- ignored-methods-div -->
            </div> <!-- ignored-class-div -->
            <div class="ignored-class-div">
              <span class="ignored-class-name">com.GuestUserWith_GcAndCC.tc__PickUpStore_Guest_InGcAndCC</span>
              <div class="ignored-methods-div">
                <span class="ignored-method-name">tearDown</span>
                <br/>
                <span class="ignored-method-name">setUpforReport</span>
                <br/>
              </div> <!-- ignored-methods-div -->
            </div> <!-- ignored-class-div -->
            <div class="ignored-class-div">
              <span class="ignored-class-name">com.GuestUserWith_GiftCard.tc__SimpleProductsAndBundle_Gc_InGiftCard</span>
              <div class="ignored-methods-div">
                <span class="ignored-method-name">tearDown</span>
                <br/>
                <span class="ignored-method-name">setUpforReport</span>
                <br/>
              </div> <!-- ignored-methods-div -->
            </div> <!-- ignored-class-div -->
          </div> <!-- main-panel-content rounded-window-bottom -->
        </div> <!-- panel -->
        <div panel-name="chronological-ProvidioTestcases" class="panel">
          <div class="main-panel-header rounded-window-top">
            <span class="header-content">Methods in chronological order</span>
          </div> <!-- main-panel-header rounded-window-top -->
          <div class="main-panel-content rounded-window-bottom">
            <div class="chronological-class">
              <div class="chronological-class-name">com.GuestUserWith_CreditCard.tc__BundleProductForGuestUser_CC</div> <!-- chronological-class-name -->
              <div class="configuration-suite before">
                <span class="method-name">setUpforReport</span>
                <span class="method-start">0 ms</span>
              </div> <!-- configuration-suite before -->
              <div class="configuration-class before">
                <span class="method-name">setUp</span>
                <span class="method-start">4019 ms</span>
              </div> <!-- configuration-class before -->
              <div class="test-method">
                <img src="failed.png">
                </img>
                <span class="method-name">bundleProduct</span>
                <span class="method-start">6080 ms</span>
              </div> <!-- test-method -->
              <div class="configuration-method after">
                <img src="failed.png">
                </img>
                <span class="method-name">afterMethod([TestResult name=bundleProduct status=FAILURE method=tc__BundleProductForGuestUser_CC.bundleProduct(...)</span>
                <span class="method-start">138414 ms</span>
              </div> <!-- configuration-method after -->
            </div> <!-- chronological-class -->
            <div class="chronological-class">
              <div class="chronological-class-name">com.GuestUserWith_Minicart_Paypal.tc__BundleProductForGuestUser_InMC_Paypal</div> <!-- chronological-class-name -->
              <div class="configuration-class before">
                <span class="method-name">setUp</span>
                <span class="method-start">143662 ms</span>
              </div> <!-- configuration-class before -->
              <div class="test-method">
                <span class="method-name">bundleProduct</span>
                <span class="method-start">145671 ms</span>
              </div> <!-- test-method -->
              <div class="configuration-method after">
                <span class="method-name">afterMethod([TestResult name=bundleProduct status=SUCCESS method=tc__BundleProductForGuestUser_InMC_Paypal.bundl...)</span>
                <span class="method-start">235514 ms</span>
              </div> <!-- configuration-method after -->
            </div> <!-- chronological-class -->
            <div class="chronological-class">
              <div class="chronological-class-name">com.GuestUserWith_GiftCard.tc__BundleProductForGuestUser_InGiftCard</div> <!-- chronological-class-name -->
              <div class="configuration-class before">
                <span class="method-name">setUp</span>
                <span class="method-start">235549 ms</span>
              </div> <!-- configuration-class before -->
              <div class="test-method">
                <img src="failed.png">
                </img>
                <span class="method-name">bundleProduct</span>
                <span class="method-start">237578 ms</span>
              </div> <!-- test-method -->
              <div class="configuration-method after">
                <img src="failed.png">
                </img>
                <span class="method-name">afterMethod([TestResult name=bundleProduct status=FAILURE method=tc__BundleProductForGuestUser_InGiftCard.bundle...)</span>
                <span class="method-start">323973 ms</span>
              </div> <!-- configuration-method after -->
            </div> <!-- chronological-class -->
            <div class="chronological-class">
              <div class="chronological-class-name">com.GuestUserWith_GcAndCC.tc__BundleProductForGuestUser_InGcAndCc</div> <!-- chronological-class-name -->
              <div class="configuration-class before">
                <span class="method-name">setUp</span>
                <span class="method-start">329352 ms</span>
              </div> <!-- configuration-class before -->
              <div class="test-method">
                <img src="failed.png">
                </img>
                <span class="method-name">bundleProduct</span>
                <span class="method-start">331360 ms</span>
              </div> <!-- test-method -->
              <div class="configuration-method after">
                <img src="failed.png">
                </img>
                <span class="method-name">afterMethod([TestResult name=bundleProduct status=FAILURE method=tc__BundleProductForGuestUser_InGcAndCc.bundleP...)</span>
                <span class="method-start">412013 ms</span>
              </div> <!-- configuration-method after -->
            </div> <!-- chronological-class -->
            <div class="chronological-class">
              <div class="chronological-class-name">com.GuestUserWith_CreditCard.tc__Bundle_GcAndAllPromotions_Guest_InCC</div> <!-- chronological-class-name -->
              <div class="configuration-class before">
                <span class="method-name">setUp</span>
                <span class="method-start">417428 ms</span>
              </div> <!-- configuration-class before -->
              <div class="test-method">
                <img src="failed.png">
                </img>
                <span class="method-name">bundle_GcAndAllPromotions</span>
                <span class="method-start">419441 ms</span>
              </div> <!-- test-method -->
              <div class="configuration-method after">
                <span class="method-name">afterMethod([TestResult name=bundle_GcAndAllPromotions status=FAILURE method=tc__Bundle_GcAndAllPromotions_Guest...)</span>
                <span class="method-start">523574 ms</span>
              </div> <!-- configuration-method after -->
            </div> <!-- chronological-class -->
            <div class="chronological-class">
              <div class="chronological-class-name">com.GuestUserWith_Minicart_Paypal.tc__Bundle_GcAndAllPromotions_Guest_InMC_Paypal</div> <!-- chronological-class-name -->
              <div class="configuration-class before">
                <span class="method-name">setUp</span>
                <span class="method-start">535176 ms</span>
              </div> <!-- configuration-class before -->
              <div class="test-method">
                <span class="method-name">bundle_GcAndAllPromotions</span>
                <span class="method-start">537192 ms</span>
              </div> <!-- test-method -->
              <div class="configuration-method after">
                <span class="method-name">afterMethod([TestResult name=bundle_GcAndAllPromotions status=SUCCESS method=tc__Bundle_GcAndAllPromotions_Guest...)</span>
                <span class="method-start">591563 ms</span>
              </div> <!-- configuration-method after -->
            </div> <!-- chronological-class -->
            <div class="chronological-class">
              <div class="chronological-class-name">com.GuestUserWith_GiftCard.tc__Bundle_GcAndAllPromotions_Guest_InGiftCard</div> <!-- chronological-class-name -->
              <div class="configuration-class before">
                <span class="method-name">setUp</span>
                <span class="method-start">591576 ms</span>
              </div> <!-- configuration-class before -->
              <div class="test-method">
                <img src="failed.png">
                </img>
                <span class="method-name">bundle_GcAndAllPromotions</span>
                <span class="method-start">593587 ms</span>
              </div> <!-- test-method -->
              <div class="configuration-method after">
                <span class="method-name">afterMethod([TestResult name=bundle_GcAndAllPromotions status=FAILURE method=tc__Bundle_GcAndAllPromotions_Guest...)</span>
                <span class="method-start">683291 ms</span>
              </div> <!-- configuration-method after -->
            </div> <!-- chronological-class -->
            <div class="chronological-class">
              <div class="chronological-class-name">com.GuestUserWith_GcAndCC.tc__Bundle_GcAndAllPromotions_Guest_InGcAndCC</div> <!-- chronological-class-name -->
              <div class="configuration-class before">
                <span class="method-name">setUp</span>
                <span class="method-start">694144 ms</span>
              </div> <!-- configuration-class before -->
              <div class="test-method">
                <img src="failed.png">
                </img>
                <span class="method-name">bundle_GcAndAllPromotions</span>
                <span class="method-start">696161 ms</span>
              </div> <!-- test-method -->
              <div class="configuration-method after">
                <span class="method-name">afterMethod([TestResult name=bundle_GcAndAllPromotions status=FAILURE method=tc__Bundle_GcAndAllPromotions_Guest...)</span>
                <span class="method-start">787690 ms</span>
              </div> <!-- configuration-method after -->
            </div> <!-- chronological-class -->
            <div class="chronological-class">
              <div class="chronological-class-name">com.GuestUserWith_CreditCard.tc__BySearchingProduct_GuestUser_InCC</div> <!-- chronological-class-name -->
              <div class="configuration-class before">
                <span class="method-name">setUp</span>
                <span class="method-start">798703 ms</span>
              </div> <!-- configuration-class before -->
              <div class="test-method">
                <img src="failed.png">
                </img>
                <span class="method-name">bySearchingProduct</span>
                <span class="method-start">800714 ms</span>
              </div> <!-- test-method -->
              <div class="configuration-method after">
                <span class="method-name">afterMethod([TestResult name=bySearchingProduct status=FAILURE method=tc__BySearchingProduct_GuestUser_InCC.bySe...)</span>
                <span class="method-start">848052 ms</span>
              </div> <!-- configuration-method after -->
            </div> <!-- chronological-class -->
            <div class="chronological-class">
              <div class="chronological-class-name">com.GuestUserWith_Minicart_Paypal.tc__PaypalCheckout_MiniCart_GuestUser</div> <!-- chronological-class-name -->
              <div class="configuration-class before">
                <span class="method-name">setUp</span>
                <span class="method-start">858741 ms</span>
              </div> <!-- configuration-class before -->
              <div class="test-method">
                <span class="method-name">paypalCheckout_MiniCart</span>
                <span class="method-start">860758 ms</span>
              </div> <!-- test-method -->
              <div class="configuration-method after">
                <span class="method-name">afterMethod([TestResult name=paypalCheckout_MiniCart status=SUCCESS method=tc__PaypalCheckout_MiniCart_GuestUser...)</span>
                <span class="method-start">927434 ms</span>
              </div> <!-- configuration-method after -->
            </div> <!-- chronological-class -->
            <div class="chronological-class">
              <div class="chronological-class-name">com.GuestUserWith_GiftCard.tc__OrderByGc_GuestUser</div> <!-- chronological-class-name -->
              <div class="configuration-class before">
                <span class="method-name">setUp</span>
                <span class="method-start">927439 ms</span>
              </div> <!-- configuration-class before -->
              <div class="test-method">
                <img src="failed.png">
                </img>
                <span class="method-name">paymentByGiftCardInGuestUser</span>
                <span class="method-start">929453 ms</span>
              </div> <!-- test-method -->
              <div class="configuration-method after">
                <span class="method-name">afterMethod([TestResult name=paymentByGiftCardInGuestUser status=FAILURE method=tc__OrderByGc_GuestUser.paymentB...)</span>
                <span class="method-start">1056890 ms</span>
              </div> <!-- configuration-method after -->
            </div> <!-- chronological-class -->
            <div class="chronological-class">
              <div class="chronological-class-name">com.GuestUserWith_GcAndCC.tc__OrderByGC_CC_GuestUser</div> <!-- chronological-class-name -->
              <div class="configuration-class before">
                <span class="method-name">setUp</span>
                <span class="method-start">1068809 ms</span>
              </div> <!-- configuration-class before -->
              <div class="test-method">
                <img src="failed.png">
                </img>
                <span class="method-name">paypalFromCheckoutPage</span>
                <span class="method-start">1070818 ms</span>
              </div> <!-- test-method -->
              <div class="configuration-method after">
                <span class="method-name">afterMethod([TestResult name=paypalFromCheckoutPage status=FAILURE method=tc__OrderByGC_CC_GuestUser.paypalFromC...)</span>
                <span class="method-start">1136715 ms</span>
              </div> <!-- configuration-method after -->
            </div> <!-- chronological-class -->
            <div class="chronological-class">
              <div class="chronological-class-name">com.GuestUserWith_CreditCard.tc__GuestUser_InCc</div> <!-- chronological-class-name -->
              <div class="configuration-class before">
                <span class="method-name">setUp</span>
                <span class="method-start">1147813 ms</span>
              </div> <!-- configuration-class before -->
              <div class="test-method">
                <img src="failed.png">
                </img>
                <span class="method-name">guestlogin</span>
                <span class="method-start">1149836 ms</span>
              </div> <!-- test-method -->
              <div class="configuration-method after">
                <span class="method-name">afterMethod([TestResult name=guestlogin status=FAILURE method=tc__GuestUser_InCc.guestlogin()[pri:0, instance:co...)</span>
                <span class="method-start">1210210 ms</span>
              </div> <!-- configuration-method after -->
            </div> <!-- chronological-class -->
            <div class="chronological-class">
              <div class="chronological-class-name">com.GuestUserWith_Minicart_Paypal.tc__PaypalFromLoginPageGuestUser</div> <!-- chronological-class-name -->
              <div class="configuration-class before">
                <span class="method-name">setUp</span>
                <span class="method-start">1221571 ms</span>
              </div> <!-- configuration-class before -->
              <div class="test-method">
                <img src="failed.png">
                </img>
                <span class="method-name">PaypalFromLoginPage</span>
                <span class="method-start">1223595 ms</span>
              </div> <!-- test-method -->
              <div class="configuration-method after">
                <span class="method-name">afterMethod([TestResult name=PaypalFromLoginPage status=FAILURE method=tc__PaypalFromLoginPageGuestUser.PaypalFr...)</span>
                <span class="method-start">1274240 ms</span>
              </div> <!-- configuration-method after -->
            </div> <!-- chronological-class -->
            <div class="chronological-class">
              <div class="chronological-class-name">com.GuestUserWith_GiftCard.tc__PickUpStore_Guest_InGiftCard</div> <!-- chronological-class-name -->
              <div class="configuration-class before">
                <span class="method-name">setUp</span>
                <span class="method-start">1284672 ms</span>
              </div> <!-- configuration-class before -->
              <div class="test-method">
                <img src="failed.png">
                </img>
                <span class="method-name">paypalFromCheckoutPage</span>
                <span class="method-start">1286680 ms</span>
              </div> <!-- test-method -->
              <div class="configuration-method after">
                <span class="method-name">afterMethod([TestResult name=paypalFromCheckoutPage status=FAILURE method=tc__PickUpStore_Guest_InGiftCard.paypa...)</span>
                <span class="method-start">1349464 ms</span>
              </div> <!-- configuration-method after -->
            </div> <!-- chronological-class -->
            <div class="chronological-class">
              <div class="chronological-class-name">com.GuestUserWith_GcAndCC.tc__PickUpStore_Guest_InGcAndCC</div> <!-- chronological-class-name -->
              <div class="configuration-class before">
                <span class="method-name">setUp</span>
                <span class="method-start">1360032 ms</span>
              </div> <!-- configuration-class before -->
              <div class="test-method">
                <img src="failed.png">
                </img>
                <span class="method-name">paypalFromCheckoutPage</span>
                <span class="method-start">1362056 ms</span>
              </div> <!-- test-method -->
              <div class="configuration-method after">
                <span class="method-name">afterMethod([TestResult name=paypalFromCheckoutPage status=FAILURE method=tc__PickUpStore_Guest_InGcAndCC.paypal...)</span>
                <span class="method-start">1418924 ms</span>
              </div> <!-- configuration-method after -->
            </div> <!-- chronological-class -->
            <div class="chronological-class">
              <div class="chronological-class-name">com.GuestUserWith_CreditCard.tc__PdpPagewithGuestuser</div> <!-- chronological-class-name -->
              <div class="configuration-class before">
                <span class="method-name">setUp</span>
                <span class="method-start">1429736 ms</span>
              </div> <!-- configuration-class before -->
              <div class="test-method">
                <img src="failed.png">
                </img>
                <span class="method-name">PDPpage</span>
                <span class="method-start">1431759 ms</span>
              </div> <!-- test-method -->
              <div class="configuration-method after">
                <img src="failed.png">
                </img>
                <span class="method-name">afterMethod([TestResult name=PDPpage status=FAILURE method=tc__PdpPagewithGuestuser.PDPpage()[pri:0, instance:co...)</span>
                <span class="method-start">1444920 ms</span>
              </div> <!-- configuration-method after -->
            </div> <!-- chronological-class -->
            <div class="chronological-class">
              <div class="chronological-class-name">com.GuestUserWith_Minicart_Paypal.tc__PaypalFromPDPpage_GuestUser</div> <!-- chronological-class-name -->
              <div class="configuration-class before">
                <span class="method-name">setUp</span>
                <span class="method-start">1450181 ms</span>
              </div> <!-- configuration-class before -->
              <div class="test-method">
                <span class="method-name">paypalFromPDPpage</span>
                <span class="method-start">1452184 ms</span>
              </div> <!-- test-method -->
              <div class="configuration-method after">
                <span class="method-name">afterMethod([TestResult name=paypalFromPDPpage status=SUCCESS method=tc__PaypalFromPDPpage_GuestUser.paypalFromP...)</span>
                <span class="method-start">1477699 ms</span>
              </div> <!-- configuration-method after -->
            </div> <!-- chronological-class -->
            <div class="chronological-class">
              <div class="chronological-class-name">com.GuestUserWith_GiftCard.tc__ProductSetForGuestUser_InGiftCard</div> <!-- chronological-class-name -->
              <div class="configuration-class before">
                <span class="method-name">setUp</span>
                <span class="method-start">1477711 ms</span>
              </div> <!-- configuration-class before -->
              <div class="test-method">
                <img src="failed.png">
                </img>
                <span class="method-name">productSet</span>
                <span class="method-start">1479728 ms</span>
              </div> <!-- test-method -->
              <div class="configuration-method after">
                <img src="failed.png">
                </img>
                <span class="method-name">afterMethod([TestResult name=productSet status=FAILURE method=tc__ProductSetForGuestUser_InGiftCard.productSet()...)</span>
                <span class="method-start">1530788 ms</span>
              </div> <!-- configuration-method after -->
            </div> <!-- chronological-class -->
            <div class="chronological-class">
              <div class="chronological-class-name">com.GuestUserWith_CreditCard.tc__PickUpStore_Guest_CC</div> <!-- chronological-class-name -->
              <div class="configuration-class before">
                <span class="method-name">setUp</span>
                <span class="method-start">1536043 ms</span>
              </div> <!-- configuration-class before -->
              <div class="test-method">
                <img src="failed.png">
                </img>
                <span class="method-name">paypalFromCheckoutPage</span>
                <span class="method-start">1538048 ms</span>
              </div> <!-- test-method -->
              <div class="configuration-method after">
                <span class="method-name">afterMethod([TestResult name=paypalFromCheckoutPage status=FAILURE method=tc__PickUpStore_Guest_CC.paypalFromChe...)</span>
                <span class="method-start">1594923 ms</span>
              </div> <!-- configuration-method after -->
            </div> <!-- chronological-class -->
            <div class="chronological-class">
              <div class="chronological-class-name">com.GuestUserWith_Minicart_Paypal.tc__PickUpStore_Guest_InMC_Paypal</div> <!-- chronological-class-name -->
              <div class="configuration-class before">
                <span class="method-name">setUp</span>
                <span class="method-start">1605701 ms</span>
              </div> <!-- configuration-class before -->
              <div class="test-method">
                <span class="method-name">paypalFromCheckoutPage</span>
                <span class="method-start">1607707 ms</span>
              </div> <!-- test-method -->
              <div class="configuration-method after">
                <span class="method-name">afterMethod([TestResult name=paypalFromCheckoutPage status=SUCCESS method=tc__PickUpStore_Guest_InMC_Paypal.payp...)</span>
                <span class="method-start">1669064 ms</span>
              </div> <!-- configuration-method after -->
            </div> <!-- chronological-class -->
            <div class="chronological-class">
              <div class="chronological-class-name">com.GuestUserWith_GiftCard.tc__simpleProductAndGc_InGiftCard</div> <!-- chronological-class-name -->
              <div class="configuration-class before">
                <span class="method-name">setUp</span>
                <span class="method-start">1669082 ms</span>
              </div> <!-- configuration-class before -->
              <div class="test-method">
                <img src="failed.png">
                </img>
                <span class="method-name">simpleProduct_Gc</span>
                <span class="method-start">1671094 ms</span>
              </div> <!-- test-method -->
              <div class="configuration-method after">
                <span class="method-name">afterMethod([TestResult name=simpleProduct_Gc status=FAILURE method=tc__simpleProductAndGc_InGiftCard.simpleProd...)</span>
                <span class="method-start">1719301 ms</span>
              </div> <!-- configuration-method after -->
            </div> <!-- chronological-class -->
            <div class="chronological-class">
              <div class="chronological-class-name">com.GuestUserWith_GcAndCC.tc__simpleProductAndGc_InCcAndGc</div> <!-- chronological-class-name -->
              <div class="configuration-class before">
                <span class="method-name">setUp</span>
                <span class="method-start">1729966 ms</span>
              </div> <!-- configuration-class before -->
              <div class="test-method">
                <img src="failed.png">
                </img>
                <span class="method-name">simpleProduct_Gc</span>
                <span class="method-start">1731973 ms</span>
              </div> <!-- test-method -->
              <div class="configuration-method after">
                <span class="method-name">afterMethod([TestResult name=simpleProduct_Gc status=FAILURE method=tc__simpleProductAndGc_InCcAndGc.simpleProdu...)</span>
                <span class="method-start">1780028 ms</span>
              </div> <!-- configuration-method after -->
            </div> <!-- chronological-class -->
            <div class="chronological-class">
              <div class="chronological-class-name">com.GuestUserWith_GiftCard.tc__SimpleProductForGuestUser_InGiftCard</div> <!-- chronological-class-name -->
              <div class="configuration-class before">
                <span class="method-name">setUp</span>
                <span class="method-start">1790927 ms</span>
              </div> <!-- configuration-class before -->
              <div class="test-method">
                <img src="failed.png">
                </img>
                <span class="method-name">simpleProduct</span>
                <span class="method-start">1792935 ms</span>
              </div> <!-- test-method -->
              <div class="configuration-method after">
                <span class="method-name">afterMethod([TestResult name=simpleProduct status=FAILURE method=tc__SimpleProductForGuestUser_InGiftCard.simple...)</span>
                <span class="method-start">1834791 ms</span>
              </div> <!-- configuration-method after -->
            </div> <!-- chronological-class -->
            <div class="chronological-class">
              <div class="chronological-class-name">com.GuestUserWith_GcAndCC.tc__SimpleProductForGuestUser_InGcAndCC</div> <!-- chronological-class-name -->
              <div class="configuration-class before">
                <span class="method-name">setUp</span>
                <span class="method-start">1845758 ms</span>
              </div> <!-- configuration-class before -->
              <div class="test-method">
                <img src="failed.png">
                </img>
                <span class="method-name">simpleProduct</span>
                <span class="method-start">1847771 ms</span>
              </div> <!-- test-method -->
              <div class="configuration-method after">
                <span class="method-name">afterMethod([TestResult name=simpleProduct status=FAILURE method=tc__SimpleProductForGuestUser_InGcAndCC.simpleP...)</span>
                <span class="method-start">1889311 ms</span>
              </div> <!-- configuration-method after -->
            </div> <!-- chronological-class -->
            <div class="chronological-class">
              <div class="chronological-class-name">com.GuestUserWith_CreditCard.tc__ShippingAndBillingAddressDiffer_Guest_InCc</div> <!-- chronological-class-name -->
              <div class="configuration-class before">
                <span class="method-name">setUp</span>
                <span class="method-start">1900095 ms</span>
              </div> <!-- configuration-class before -->
              <div class="test-method">
                <img src="failed.png">
                </img>
                <span class="method-name">shippingAndBillingAddressDiffer_Guest</span>
                <span class="method-start">1902109 ms</span>
              </div> <!-- test-method -->
              <div class="configuration-method after">
                <span class="method-name">afterMethod([TestResult name=shippingAndBillingAddressDiffer_Guest status=FAILURE method=tc__ShippingAndBillingA...)</span>
                <span class="method-start">1985170 ms</span>
              </div> <!-- configuration-method after -->
            </div> <!-- chronological-class -->
            <div class="chronological-class">
              <div class="chronological-class-name">com.GuestUserWith_Minicart_Paypal.tc__simpleProductAndGc_InMC_Paypal</div> <!-- chronological-class-name -->
              <div class="configuration-class before">
                <span class="method-name">setUp</span>
                <span class="method-start">1996109 ms</span>
              </div> <!-- configuration-class before -->
              <div class="test-method">
                <span class="method-name">simpleProduct_Gc</span>
                <span class="method-start">1998114 ms</span>
              </div> <!-- test-method -->
              <div class="configuration-method after">
                <span class="method-name">afterMethod([TestResult name=simpleProduct_Gc status=SUCCESS method=tc__simpleProductAndGc_InMC_Paypal.simplePro...)</span>
                <span class="method-start">2050306 ms</span>
              </div> <!-- configuration-method after -->
            </div> <!-- chronological-class -->
            <div class="chronological-class">
              <div class="chronological-class-name">com.GuestUserWith_GiftCard.tc__SimpleProductsAndBundle_Gc_InGiftCard</div> <!-- chronological-class-name -->
              <div class="configuration-class before">
                <span class="method-name">setUp</span>
                <span class="method-start">2050317 ms</span>
              </div> <!-- configuration-class before -->
              <div class="test-method">
                <img src="failed.png">
                </img>
                <span class="method-name">simpleProducts_Bundle_Gc</span>
                <span class="method-start">2052326 ms</span>
              </div> <!-- test-method -->
              <div class="configuration-method after">
                <img src="failed.png">
                </img>
                <span class="method-name">afterMethod([TestResult name=simpleProducts_Bundle_Gc status=FAILURE method=tc__SimpleProductsAndBundle_Gc_InGif...)</span>
                <span class="method-start">2142850 ms</span>
              </div> <!-- configuration-method after -->
            </div> <!-- chronological-class -->
            <div class="chronological-class">
              <div class="chronological-class-name">com.GuestUserWith_GcAndCC.tc__SimpleProducts_Bundle_Gc_InCcAndGc</div> <!-- chronological-class-name -->
              <div class="configuration-class before">
                <span class="method-name">setUp</span>
                <span class="method-start">2148138 ms</span>
              </div> <!-- configuration-class before -->
              <div class="test-method">
                <img src="failed.png">
                </img>
                <span class="method-name">simpleProducts_Bundle_Gc</span>
                <span class="method-start">2150168 ms</span>
              </div> <!-- test-method -->
              <div class="configuration-method after">
                <img src="failed.png">
                </img>
                <span class="method-name">afterMethod([TestResult name=simpleProducts_Bundle_Gc status=FAILURE method=tc__SimpleProducts_Bundle_Gc_InCcAnd...)</span>
                <span class="method-start">2241689 ms</span>
              </div> <!-- configuration-method after -->
            </div> <!-- chronological-class -->
            <div class="chronological-class">
              <div class="chronological-class-name">com.GuestUserWith_CreditCard.tc__simpleProductAndGc_InCC</div> <!-- chronological-class-name -->
              <div class="configuration-class before">
                <span class="method-name">setUp</span>
                <span class="method-start">2246973 ms</span>
              </div> <!-- configuration-class before -->
              <div class="test-method">
                <img src="failed.png">
                </img>
                <span class="method-name">simpleProduct_Gc</span>
                <span class="method-start">2248991 ms</span>
              </div> <!-- test-method -->
              <div class="configuration-method after">
                <span class="method-name">afterMethod([TestResult name=simpleProduct_Gc status=FAILURE method=tc__simpleProductAndGc_InCC.simpleProduct_Gc...)</span>
                <span class="method-start">2296624 ms</span>
              </div> <!-- configuration-method after -->
            </div> <!-- chronological-class -->
            <div class="chronological-class">
              <div class="chronological-class-name">com.GuestUserWith_Minicart_Paypal.tc__SimpleProductForGuestUser_InMC_Paypal</div> <!-- chronological-class-name -->
              <div class="configuration-class before">
                <span class="method-name">setUp</span>
                <span class="method-start">2308741 ms</span>
              </div> <!-- configuration-class before -->
              <div class="test-method">
                <span class="method-name">simpleProduct</span>
                <span class="method-start">2310754 ms</span>
              </div> <!-- test-method -->
              <div class="configuration-method after">
                <span class="method-name">afterMethod([TestResult name=simpleProduct status=SUCCESS method=tc__SimpleProductForGuestUser_InMC_Paypal.simpl...)</span>
                <span class="method-start">2356827 ms</span>
              </div> <!-- configuration-method after -->
            </div> <!-- chronological-class -->
            <div class="chronological-class">
              <div class="chronological-class-name">com.GuestUserWith_GiftCard.tc__VariationProductForGuestUser_InGiftCard</div> <!-- chronological-class-name -->
              <div class="configuration-class before">
                <span class="method-name">setUp</span>
                <span class="method-start">2356832 ms</span>
              </div> <!-- configuration-class before -->
              <div class="test-method">
                <img src="failed.png">
                </img>
                <span class="method-name">variationProduct</span>
                <span class="method-start">2358835 ms</span>
              </div> <!-- test-method -->
              <div class="configuration-method after">
                <span class="method-name">afterMethod([TestResult name=variationProduct status=FAILURE method=tc__VariationProductForGuestUser_InGiftCard....)</span>
                <span class="method-start">2418614 ms</span>
              </div> <!-- configuration-method after -->
            </div> <!-- chronological-class -->
            <div class="chronological-class">
              <div class="chronological-class-name">com.GuestUserWith_GcAndCC.tc__VariationProductForGuestUser_InGcAndCc</div> <!-- chronological-class-name -->
              <div class="configuration-class before">
                <span class="method-name">setUp</span>
                <span class="method-start">2429779 ms</span>
              </div> <!-- configuration-class before -->
              <div class="test-method">
                <img src="failed.png">
                </img>
                <span class="method-name">variationProduct</span>
                <span class="method-start">2431792 ms</span>
              </div> <!-- test-method -->
              <div class="configuration-method after">
                <span class="method-name">afterMethod([TestResult name=variationProduct status=FAILURE method=tc__VariationProductForGuestUser_InGcAndCc.v...)</span>
                <span class="method-start">2491868 ms</span>
              </div> <!-- configuration-method after -->
            </div> <!-- chronological-class -->
            <div class="chronological-class">
              <div class="chronological-class-name">com.GuestUserWith_CreditCard.tc__SimpleProductForGuestUser_InCC</div> <!-- chronological-class-name -->
              <div class="configuration-class before">
                <span class="method-name">setUp</span>
                <span class="method-start">2503292 ms</span>
              </div> <!-- configuration-class before -->
              <div class="test-method">
                <img src="failed.png">
                </img>
                <span class="method-name">simpleProduct</span>
                <span class="method-start">2505306 ms</span>
              </div> <!-- test-method -->
              <div class="configuration-method after">
                <span class="method-name">afterMethod([TestResult name=simpleProduct status=FAILURE method=tc__SimpleProductForGuestUser_InCC.simpleProduc...)</span>
                <span class="method-start">2547740 ms</span>
              </div> <!-- configuration-method after -->
            </div> <!-- chronological-class -->
            <div class="chronological-class">
              <div class="chronological-class-name">com.GuestUserWith_Minicart_Paypal.tc__SimpleProductsAndBundle_Gc_InMC_Paypal</div> <!-- chronological-class-name -->
              <div class="configuration-class before">
                <span class="method-name">setUp</span>
                <span class="method-start">2559244 ms</span>
              </div> <!-- configuration-class before -->
              <div class="test-method">
                <span class="method-name">simpleProducts_Bundle_Gc</span>
                <span class="method-start">2561259 ms</span>
              </div> <!-- test-method -->
              <div class="configuration-method after">
                <span class="method-name">afterMethod([TestResult name=simpleProducts_Bundle_Gc status=SUCCESS method=tc__SimpleProductsAndBundle_Gc_InMC_...)</span>
                <span class="method-start">2656615 ms</span>
              </div> <!-- configuration-method after -->
            </div> <!-- chronological-class -->
            <div class="chronological-class">
              <div class="chronological-class-name">com.GuestUserWith_CreditCard.tc__SimpleProductsAndBundle_Gc_InCC</div> <!-- chronological-class-name -->
              <div class="configuration-class before">
                <span class="method-name">setUp</span>
                <span class="method-start">2656623 ms</span>
              </div> <!-- configuration-class before -->
              <div class="test-method">
                <img src="failed.png">
                </img>
                <span class="method-name">simpleProducts_Bundle_Gc</span>
                <span class="method-start">2658642 ms</span>
              </div> <!-- test-method -->
              <div class="configuration-method after">
                <img src="failed.png">
                </img>
                <span class="method-name">afterMethod([TestResult name=simpleProducts_Bundle_Gc status=FAILURE method=tc__SimpleProductsAndBundle_Gc_InCC....)</span>
                <span class="method-start">2751822 ms</span>
              </div> <!-- configuration-method after -->
            </div> <!-- chronological-class -->
            <div class="chronological-class">
              <div class="chronological-class-name">com.GuestUserWith_Minicart_Paypal.tc__VariationProductForGuestUser_InMC_Paypal</div> <!-- chronological-class-name -->
              <div class="configuration-class before">
                <span class="method-name">setUp</span>
                <span class="method-start">2757210 ms</span>
              </div> <!-- configuration-class before -->
              <div class="test-method">
                <span class="method-name">variationProduct</span>
                <span class="method-start">2759222 ms</span>
              </div> <!-- test-method -->
              <div class="configuration-method after">
                <span class="method-name">afterMethod([TestResult name=variationProduct status=SUCCESS method=tc__VariationProductForGuestUser_InMC_Paypal...)</span>
                <span class="method-start">2824391 ms</span>
              </div> <!-- configuration-method after -->
            </div> <!-- chronological-class -->
            <div class="chronological-class">
              <div class="chronological-class-name">com.GuestUserWith_CreditCard.tc__VariationProductForGuestUser_InCC</div> <!-- chronological-class-name -->
              <div class="configuration-class before">
                <span class="method-name">setUp</span>
                <span class="method-start">2824396 ms</span>
              </div> <!-- configuration-class before -->
              <div class="test-method">
                <img src="failed.png">
                </img>
                <span class="method-name">variationProduct</span>
                <span class="method-start">2826413 ms</span>
              </div> <!-- test-method -->
              <div class="configuration-method after">
                <span class="method-name">afterMethod([TestResult name=variationProduct status=FAILURE method=tc__VariationProductForGuestUser_InCC.variat...)</span>
                <span class="method-start">2887038 ms</span>
              </div> <!-- configuration-method after -->
            </div> <!-- chronological-class -->
            <div class="chronological-class">
              <div class="chronological-class-name">com.GuestUserWith_CreditCard.tc__BundleProductForGuestUser_CC</div> <!-- chronological-class-name -->
              <div class="configuration-suite after">
                <span class="method-name">tearDown</span>
                <span class="method-start">2899725 ms</span>
              </div> <!-- configuration-suite after -->
          </div> <!-- main-panel-content rounded-window-bottom -->
        </div> <!-- panel -->
      </div> <!-- main-panel-root -->
    </div> <!-- wrapper -->
  </body>
<script type="text/javascript" src="testng-reports2.js"></script>
</html>
